{"type":"operationStart","subtype":"profile","data":{"_id":"CpyqVH8xNRF2GSEg","timestamp":"2024-01-12T16:06:05.372Z","state":"queued","mode":"standard","creationDate":"2024-01-12T16:06:05.375Z","modificationDate":"2024-01-12T16:06:05.375Z","shortid":"zHy0Zan","$entitySet":"profiles"},"doDiffs":false,"timestamp":1705075565374,"id":"4iwchzge3uoe7jt","previousOperationId":null,"operationId":"8hw8qjut8llic5g"}
{"type":"log","level":"info","message":"Render request 30 queued for execution and waiting for available worker","previousOperationId":"8hw8qjut8llic5g","timestamp":1705075565374,"id":"i2yu351xx6j9mzb"}
{"type":"operationStart","subtype":"render","name":"reports-main","previousOperationId":"8hw8qjut8llic5g","timestamp":1705075565384,"id":"nn8u7i07hqo5d9x","previousEventId":"4iwchzge3uoe7jt","operationId":"ozive9jzw0hk7u0"}
{"type":"log","timestamp":1705075565384,"level":"info","message":"Starting rendering request 30","meta":{"rootId":"11wc4kq0rfm8i3b","id":"11wc4kq0rfm8i3b"},"id":"bzp74mwvtabg592","previousOperationId":"ozive9jzw0hk7u0"}
{"type":"log","timestamp":1705075565384,"level":"info","message":"Rendering template { name: reports-main, recipe: chrome-pdf, engine: handlebars, preview: true }","meta":{"rootId":"11wc4kq0rfm8i3b","id":"11wc4kq0rfm8i3b"},"id":"p2ovsb6tcwr9jdi","previousOperationId":"ozive9jzw0hk7u0"}
{"type":"log","timestamp":1705075565385,"level":"debug","message":"Data item not defined for this template.","meta":{"rootId":"11wc4kq0rfm8i3b","id":"11wc4kq0rfm8i3b"},"id":"6l0m6bf7jtvkpgt","previousOperationId":"ozive9jzw0hk7u0"}
{"type":"log","timestamp":1705075565387,"level":"debug","message":"Executing script reports-script (beforeRender)","meta":{"rootId":"11wc4kq0rfm8i3b","id":"11wc4kq0rfm8i3b"},"id":"18p81h6wmz4pkew","previousOperationId":"ozive9jzw0hk7u0"}
{"type":"operationStart","subtype":"scriptsBeforeRender","name":"scripts beforeRender","timestamp":1705075565417,"id":"2i1e5f5lueonkb0","previousEventId":"nn8u7i07hqo5d9x","operationId":"y653iepqp3wu0e1","previousOperationId":"ozive9jzw0hk7u0"}
{"type":"operationStart","subtype":"script","name":"scripts reports-script","previousOperationId":"y653iepqp3wu0e1","timestamp":1705075565417,"id":"h311nlaak4ve2ks","previousEventId":"2i1e5f5lueonkb0","operationId":"4kqwda6vrb3adk6"}
{"type":"log","timestamp":1705075565430,"level":"debug","message":"(console:log) [\n  {\n    id: 1,\n    number: 2,\n    firstStop: 'C',\n    lastStop: 'D',\n    createdAt: '2023-12-01T17:35:52.000Z',\n    updatedAt: '2023-12-12T20:01:36.000Z'\n  },\n  {\n    id: 2,\n    number: 66,\n    firstStop: 'TF',\n    lastStop: 'VG',\n    createdAt: '2023-12-01T19:20:40.000Z',\n    updatedAt: '2023-12-01T19:20:40.000Z'\n  },\n  {\n    id: 3,\n    number: 69,\n    firstStop: 'Si',\n    lastStop: 'No',\n    createdAt: '2023-12-04T17:13:35.000Z',\n    updatedAt: '2023-12-04T17:13:35.000Z'\n  },\n  {\n    id: 4,\n    number: 22,\n    firstStop: 'FG',\n    lastStop: 'DF',\n    createdAt: '2023-12-08T18:39:03.000Z',\n    updatedAt: '2023-12-08T18:39:03.000Z'\n  },\n  {\n    id: 5,\n    number: 1,\n    firstStop: 'A',\n    lastStop: 'B',\n    createdAt: '2023-12-12T19:54:23.000Z',\n    updatedAt: '2023-12-12T19:54:23.000Z'\n  }\n]","meta":{"userLevel":true,"rootId":"11wc4kq0rfm8i3b","id":"11wc4kq0rfm8i3b"},"id":"pm02m4ppksafvw8","previousOperationId":"4kqwda6vrb3adk6"}
{"type":"log","timestamp":1705075565437,"level":"debug","message":"(console:log) [\n  {\n    id: 20,\n    Location: '11',\n    idLine: 3,\n    filename: 'image-1705074935530.jpg',\n    createdAt: '2024-01-12T15:55:35.000Z',\n    updatedAt: '2024-01-12T15:55:35.000Z'\n  },\n  {\n    id: 21,\n    Location: '22',\n    idLine: 3,\n    filename: 'image-1705074941717.jpg',\n    createdAt: '2024-01-12T15:55:41.000Z',\n    updatedAt: '2024-01-12T15:55:41.000Z'\n  },\n  {\n    id: 22,\n    Location: '33',\n    idLine: 3,\n    filename: 'image-1705074960193.jpg',\n    createdAt: '2024-01-12T15:56:00.000Z',\n    updatedAt: '2024-01-12T15:56:00.000Z'\n  }\n]","meta":{"userLevel":true,"rootId":"11wc4kq0rfm8i3b","id":"11wc4kq0rfm8i3b"},"id":"yuvyeh3iyv51exm","previousOperationId":"4kqwda6vrb3adk6"}
{"type":"operationEnd","operationId":"4kqwda6vrb3adk6","timestamp":1705075565438,"id":"mzfytd8y7h845cw","previousEventId":"nn8u7i07hqo5d9x","previousOperationId":"ozive9jzw0hk7u0"}
{"type":"operationEnd","operationId":"y653iepqp3wu0e1","timestamp":1705075565438,"id":"330ozjol17llnuc","previousEventId":"mzfytd8y7h845cw","previousOperationId":"ozive9jzw0hk7u0"}
{"type":"log","timestamp":1705075565438,"level":"debug","message":"Base url not specified, skipping its injection.","meta":{"rootId":"11wc4kq0rfm8i3b","id":"11wc4kq0rfm8i3b"},"id":"hfimrn0v425pzkk","previousOperationId":"y653iepqp3wu0e1"}
{"type":"operationStart","subtype":"engine","name":"handlebars","timestamp":1705075565438,"id":"0ji2emebh81b296","previousEventId":"330ozjol17llnuc","operationId":"cukqvzhrvi430z0","previousOperationId":"y653iepqp3wu0e1"}
{"type":"log","timestamp":1705075565438,"level":"debug","message":"Rendering engine handlebars","meta":{"rootId":"11wc4kq0rfm8i3b","id":"11wc4kq0rfm8i3b"},"id":"yaw3oyx4twxltnh","previousOperationId":"cukqvzhrvi430z0"}
{"type":"operationEnd","operationId":"cukqvzhrvi430z0","timestamp":1705075565454,"id":"5bl284zl2v1p15c","previousEventId":"0ji2emebh81b296","previousOperationId":"cukqvzhrvi430z0"}
{"type":"operationStart","subtype":"recipe","name":"chrome-pdf","timestamp":1705075565455,"id":"nt0fp7bvmmbjltr","previousEventId":"5bl284zl2v1p15c","operationId":"l3vq7c6qr4abob0","previousOperationId":"cukqvzhrvi430z0"}
{"type":"log","timestamp":1705075565455,"level":"debug","message":"Executing recipe chrome-pdf","meta":{"rootId":"11wc4kq0rfm8i3b","id":"11wc4kq0rfm8i3b"},"id":"mlw5n8uhwc112ih","previousOperationId":"l3vq7c6qr4abob0"}
{"type":"log","timestamp":1705075565459,"level":"debug","message":"Converting with chrome HeadlessChrome/117.0.5938.149 using chrome-pool strategy","meta":{"rootId":"11wc4kq0rfm8i3b","id":"11wc4kq0rfm8i3b"},"id":"sigyg9fpjn953ne","previousOperationId":"l3vq7c6qr4abob0"}
{"type":"log","timestamp":1705075565568,"level":"debug","message":"Page request: GET (document) file:///C:/Users/ratha/AppData/Local/Temp/jsreport/autocleanup/adc41448-2e22-4e78-b991-780864fca65c-chrome-pdf.html","meta":{"rootId":"11wc4kq0rfm8i3b","id":"11wc4kq0rfm8i3b"},"id":"p1h7367cwjbpz89","previousOperationId":"l3vq7c6qr4abob0"}
{"type":"log","timestamp":1705075565580,"level":"debug","message":"Page request finished: GET (document) 200 file:///C:/Users/ratha/AppData/Local/Temp/jsreport/autocleanup/adc41448-2e22-4e78-b991-780864fca65c-chrome-pdf.html","meta":{"rootId":"11wc4kq0rfm8i3b","id":"11wc4kq0rfm8i3b"},"id":"xmj1ktw0sdqrxwk","previousOperationId":"l3vq7c6qr4abob0"}
{"type":"log","timestamp":1705075565588,"level":"debug","message":"Running chrome with params {\"printBackground\":true,\"timeout\":59914,\"margin\":{}}","meta":{"rootId":"11wc4kq0rfm8i3b","id":"11wc4kq0rfm8i3b"},"id":"5k9ysmv77qw3eea","previousOperationId":"l3vq7c6qr4abob0"}
{"type":"operationEnd","operationId":"l3vq7c6qr4abob0","timestamp":1705075565626,"id":"uheop4avq354fy2","previousEventId":"nt0fp7bvmmbjltr","previousOperationId":"l3vq7c6qr4abob0"}
{"type":"log","timestamp":1705075565626,"level":"debug","message":"Skipping storing report.","meta":{"rootId":"11wc4kq0rfm8i3b","id":"11wc4kq0rfm8i3b"},"id":"fzbu2r570gp0ab8","previousOperationId":"l3vq7c6qr4abob0"}
{"type":"log","timestamp":1705075565626,"level":"info","message":"Rendering request 30 finished in 254 ms","meta":{"rootId":"11wc4kq0rfm8i3b","id":"11wc4kq0rfm8i3b"},"id":"gfndded782pbx5j","previousOperationId":"l3vq7c6qr4abob0"}
{"type":"operationEnd","subtype":"render","operationId":"ozive9jzw0hk7u0","timestamp":1705075565626,"id":"ihl1jdx2uenjwft","previousEventId":"uheop4avq354fy2","previousOperationId":"l3vq7c6qr4abob0"}
{"type":"operationEnd","doDiffs":false,"previousEventId":"4iwchzge3uoe7jt","previousOperationId":"8hw8qjut8llic5g","operationId":"8hw8qjut8llic5g","timestamp":1705075565631,"id":"z6dzics9skbeuer"}
