{"type":"operationStart","subtype":"profile","data":{"_id":"pd7UvChn88Emcsdn","timestamp":"2024-01-11T15:16:19.198Z","state":"queued","mode":"standard","creationDate":"2024-01-11T15:16:19.221Z","modificationDate":"2024-01-11T15:16:19.221Z","shortid":"5_Cn7qU","$entitySet":"profiles"},"doDiffs":false,"timestamp":1704986179218,"id":"lkaweozoky6h1d0","previousOperationId":null,"operationId":"rp53c2myw09hjsz"}
{"type":"log","level":"info","message":"Render request 2 queued for execution and waiting for available worker","previousOperationId":"rp53c2myw09hjsz","timestamp":1704986179219,"id":"ro5g0w7t9qtbfxd"}
{"type":"operationStart","subtype":"render","name":"reports-main","previousOperationId":"rp53c2myw09hjsz","timestamp":1704986179246,"id":"jm3stpjv2tx97w0","previousEventId":"lkaweozoky6h1d0","operationId":"45cuay6uolufmd1"}
{"type":"log","timestamp":1704986179249,"level":"info","message":"Starting rendering request 2","meta":{"rootId":"1djk50ff8cecjsp","id":"1djk50ff8cecjsp"},"id":"dk71xucos23z0fb","previousOperationId":"45cuay6uolufmd1"}
{"type":"log","timestamp":1704986179251,"level":"info","message":"Rendering template { name: reports-main, recipe: chrome-pdf, engine: handlebars, preview: true }","meta":{"rootId":"1djk50ff8cecjsp","id":"1djk50ff8cecjsp"},"id":"x0ursfpruc5fqqg","previousOperationId":"45cuay6uolufmd1"}
{"type":"log","timestamp":1704986179256,"level":"debug","message":"Inline data specified.","meta":{"rootId":"1djk50ff8cecjsp","id":"1djk50ff8cecjsp"},"id":"wx0fffo1katayp7","previousOperationId":"45cuay6uolufmd1"}
{"type":"log","timestamp":1704986179260,"level":"debug","message":"Base url not specified, skipping its injection.","meta":{"rootId":"1djk50ff8cecjsp","id":"1djk50ff8cecjsp"},"id":"tzqt58o0ky43dgq","previousOperationId":"45cuay6uolufmd1"}
{"type":"operationStart","subtype":"engine","name":"handlebars","timestamp":1704986179261,"id":"xcnsdk9sioek2r6","previousEventId":"jm3stpjv2tx97w0","operationId":"6x4hl7rnlw1nkpc","previousOperationId":"45cuay6uolufmd1"}
{"type":"log","timestamp":1704986179261,"level":"debug","message":"Rendering engine handlebars","meta":{"rootId":"1djk50ff8cecjsp","id":"1djk50ff8cecjsp"},"id":"6e3xz9um4qqn65a","previousOperationId":"6x4hl7rnlw1nkpc"}
{"type":"operationEnd","operationId":"6x4hl7rnlw1nkpc","timestamp":1704986180490,"id":"3op54p9gfr0mc8c","previousEventId":"xcnsdk9sioek2r6","previousOperationId":"6x4hl7rnlw1nkpc"}
{"type":"operationStart","subtype":"recipe","name":"chrome-pdf","timestamp":1704986180491,"id":"tcpgeenmzmlzvlq","previousEventId":"3op54p9gfr0mc8c","operationId":"aiakii5yf5gzg4n","previousOperationId":"6x4hl7rnlw1nkpc"}
{"type":"log","timestamp":1704986180491,"level":"debug","message":"Executing recipe chrome-pdf","meta":{"rootId":"1djk50ff8cecjsp","id":"1djk50ff8cecjsp"},"id":"9czisp06sth8i2i","previousOperationId":"aiakii5yf5gzg4n"}
{"type":"log","timestamp":1704986181741,"level":"debug","message":"Converting with chrome HeadlessChrome/117.0.5938.149 using chrome-pool strategy","meta":{"rootId":"1djk50ff8cecjsp","id":"1djk50ff8cecjsp"},"id":"09lzxoo6z5937pt","previousOperationId":"aiakii5yf5gzg4n"}
{"type":"log","timestamp":1704986182042,"level":"debug","message":"Page request: GET (document) file:///C:/Users/ratha/AppData/Local/Temp/jsreport/autocleanup/ac3f0c9c-9d00-47cd-a55e-aa49c7c768d7-chrome-pdf.html","meta":{"rootId":"1djk50ff8cecjsp","id":"1djk50ff8cecjsp"},"id":"s49tgxzbkwfmazn","previousOperationId":"aiakii5yf5gzg4n"}
{"type":"log","timestamp":1704986182063,"level":"debug","message":"Page request finished: GET (document) 200 file:///C:/Users/ratha/AppData/Local/Temp/jsreport/autocleanup/ac3f0c9c-9d00-47cd-a55e-aa49c7c768d7-chrome-pdf.html","meta":{"rootId":"1djk50ff8cecjsp","id":"1djk50ff8cecjsp"},"id":"axuv49s18yxay7h","previousOperationId":"aiakii5yf5gzg4n"}
{"type":"log","timestamp":1704986182082,"level":"debug","message":"Running chrome with params {\"printBackground\":true,\"timeout\":57784,\"margin\":{}}","meta":{"rootId":"1djk50ff8cecjsp","id":"1djk50ff8cecjsp"},"id":"ui25rka199mhuz6","previousOperationId":"aiakii5yf5gzg4n"}
{"type":"operationEnd","operationId":"aiakii5yf5gzg4n","timestamp":1704986182145,"id":"m74ocmibhp8h6fz","previousEventId":"tcpgeenmzmlzvlq","previousOperationId":"aiakii5yf5gzg4n"}
{"type":"log","timestamp":1704986182147,"level":"debug","message":"Skipping storing report.","meta":{"rootId":"1djk50ff8cecjsp","id":"1djk50ff8cecjsp"},"id":"fw12wihj5fitmou","previousOperationId":"aiakii5yf5gzg4n"}
{"type":"log","timestamp":1704986182148,"level":"info","message":"Rendering request 2 finished in 2950 ms","meta":{"rootId":"1djk50ff8cecjsp","id":"1djk50ff8cecjsp"},"id":"0xybazj9tv29xwa","previousOperationId":"aiakii5yf5gzg4n"}
{"type":"operationEnd","subtype":"render","operationId":"45cuay6uolufmd1","timestamp":1704986182148,"id":"l1sckmlzuan5kde","previousEventId":"m74ocmibhp8h6fz","previousOperationId":"aiakii5yf5gzg4n"}
{"type":"operationEnd","doDiffs":false,"previousEventId":"lkaweozoky6h1d0","previousOperationId":"rp53c2myw09hjsz","operationId":"rp53c2myw09hjsz","timestamp":1704986182161,"id":"cj8kn9bi8l25smo"}
