{"type":"operationStart","subtype":"profile","data":{"_id":"kJZ6NKblNsfa3H8h","timestamp":"2024-01-15T18:16:16.256Z","state":"queued","mode":"standard","creationDate":"2024-01-15T18:16:16.258Z","modificationDate":"2024-01-15T18:16:16.258Z","shortid":"rZ_HDTr","$entitySet":"profiles"},"doDiffs":false,"timestamp":1705342576257,"id":"b0wfekbj0z7tial","previousOperationId":null,"operationId":"124hc6pj52dcxb0"}
{"type":"log","level":"info","message":"Render request 7 queued for execution and waiting for available worker","previousOperationId":"124hc6pj52dcxb0","timestamp":1705342576258,"id":"acachmm69xg07dt"}
{"type":"operationStart","subtype":"render","name":"reports-main","previousOperationId":"124hc6pj52dcxb0","timestamp":1705342576269,"id":"nw0rjvg48xi1x7c","previousEventId":"b0wfekbj0z7tial","operationId":"txobfxr07sar75t"}
{"type":"log","timestamp":1705342576269,"level":"info","message":"Starting rendering request 7","meta":{"rootId":"1vfnb2n0wzzqw9u","id":"1vfnb2n0wzzqw9u"},"id":"tb6un8lhxotqwsi","previousOperationId":"txobfxr07sar75t"}
{"type":"log","timestamp":1705342576269,"level":"info","message":"Rendering template { name: reports-main, recipe: chrome-pdf, engine: handlebars, preview: true }","meta":{"rootId":"1vfnb2n0wzzqw9u","id":"1vfnb2n0wzzqw9u"},"id":"0v7ewf6bvmjr4yb","previousOperationId":"txobfxr07sar75t"}
{"type":"log","timestamp":1705342576271,"level":"debug","message":"Data item not defined for this template.","meta":{"rootId":"1vfnb2n0wzzqw9u","id":"1vfnb2n0wzzqw9u"},"id":"3u2i9cc0dbhmlpl","previousOperationId":"txobfxr07sar75t"}
{"type":"log","timestamp":1705342576273,"level":"debug","message":"Executing script reports-script (beforeRender)","meta":{"rootId":"1vfnb2n0wzzqw9u","id":"1vfnb2n0wzzqw9u"},"id":"tguvdogb849py46","previousOperationId":"txobfxr07sar75t"}
{"type":"operationStart","subtype":"scriptsBeforeRender","name":"scripts beforeRender","timestamp":1705342576291,"id":"wpqhm58qvma2v1x","previousEventId":"nw0rjvg48xi1x7c","operationId":"xvgiqhwmw9b19id","previousOperationId":"txobfxr07sar75t"}
{"type":"operationStart","subtype":"script","name":"scripts reports-script","previousOperationId":"xvgiqhwmw9b19id","timestamp":1705342576291,"id":"i62f0js1nq8wb5z","previousEventId":"wpqhm58qvma2v1x","operationId":"a9a4dkkhe2agfv7"}
{"type":"log","timestamp":1705342576305,"level":"debug","message":"(console:log) [\n  {\n    id: 1,\n    number: 2,\n    firstStop: 'C',\n    lastStop: 'D',\n    createdAt: '2023-12-01T17:35:52.000Z',\n    updatedAt: '2023-12-12T20:01:36.000Z'\n  },\n  {\n    id: 2,\n    number: 66,\n    firstStop: 'TF',\n    lastStop: 'VG',\n    createdAt: '2023-12-01T19:20:40.000Z',\n    updatedAt: '2023-12-01T19:20:40.000Z'\n  },\n  {\n    id: 3,\n    number: 69,\n    firstStop: 'Si',\n    lastStop: 'No',\n    createdAt: '2023-12-04T17:13:35.000Z',\n    updatedAt: '2023-12-04T17:13:35.000Z'\n  },\n  {\n    id: 4,\n    number: 22,\n    firstStop: 'FG',\n    lastStop: 'DF',\n    createdAt: '2023-12-08T18:39:03.000Z',\n    updatedAt: '2023-12-08T18:39:03.000Z'\n  },\n  {\n    id: 5,\n    number: 1,\n    firstStop: 'A',\n    lastStop: 'B',\n    createdAt: '2023-12-12T19:54:23.000Z',\n    updatedAt: '2023-12-12T19:54:23.000Z'\n  }\n]","meta":{"userLevel":true,"rootId":"1vfnb2n0wzzqw9u","id":"1vfnb2n0wzzqw9u"},"id":"tpvfcleznhu0vgx","previousOperationId":"a9a4dkkhe2agfv7"}
{"type":"log","timestamp":1705342576315,"level":"debug","message":"(console:log) [\n  {\n    id: 14,\n    Location: 'ss',\n    idLine: 1,\n    filename: 'image-1701457483207.jpg',\n    createdAt: '2023-12-01T19:04:43.000Z',\n    updatedAt: '2023-12-01T19:04:43.000Z'\n  },\n  {\n    id: 17,\n    Location: 'Si',\n    idLine: 1,\n    filename: 'image-1702411966104.jpg',\n    createdAt: '2023-12-12T20:12:46.000Z',\n    updatedAt: '2023-12-12T20:12:46.000Z'\n  }\n]","meta":{"userLevel":true,"rootId":"1vfnb2n0wzzqw9u","id":"1vfnb2n0wzzqw9u"},"id":"h6oxpo073ac9epw","previousOperationId":"a9a4dkkhe2agfv7"}
{"type":"operationEnd","operationId":"a9a4dkkhe2agfv7","timestamp":1705342576316,"id":"qxjd8a1ahssodfg","previousEventId":"nw0rjvg48xi1x7c","previousOperationId":"txobfxr07sar75t"}
{"type":"operationEnd","operationId":"xvgiqhwmw9b19id","timestamp":1705342576316,"id":"4n3ovy62tbpzuqo","previousEventId":"qxjd8a1ahssodfg","previousOperationId":"txobfxr07sar75t"}
{"type":"log","timestamp":1705342576316,"level":"debug","message":"Base url not specified, skipping its injection.","meta":{"rootId":"1vfnb2n0wzzqw9u","id":"1vfnb2n0wzzqw9u"},"id":"gfl7swm7gpcv78d","previousOperationId":"xvgiqhwmw9b19id"}
{"type":"operationStart","subtype":"engine","name":"handlebars","timestamp":1705342576316,"id":"sn0fiqljvzsec9d","previousEventId":"4n3ovy62tbpzuqo","operationId":"bo69ttbf5qpftyk","previousOperationId":"xvgiqhwmw9b19id"}
{"type":"log","timestamp":1705342576316,"level":"debug","message":"Rendering engine handlebars","meta":{"rootId":"1vfnb2n0wzzqw9u","id":"1vfnb2n0wzzqw9u"},"id":"q1vl71esalg4k89","previousOperationId":"bo69ttbf5qpftyk"}
{"type":"operationEnd","operationId":"bo69ttbf5qpftyk","timestamp":1705342576340,"id":"dt29jf839ktk8cz","previousEventId":"sn0fiqljvzsec9d","previousOperationId":"bo69ttbf5qpftyk"}
{"type":"operationStart","subtype":"recipe","name":"chrome-pdf","timestamp":1705342576340,"id":"ep3ld8mh78nnpq5","previousEventId":"dt29jf839ktk8cz","operationId":"28l9aw68webzczt","previousOperationId":"bo69ttbf5qpftyk"}
{"type":"log","timestamp":1705342576340,"level":"debug","message":"Executing recipe chrome-pdf","meta":{"rootId":"1vfnb2n0wzzqw9u","id":"1vfnb2n0wzzqw9u"},"id":"fp9nxvgyys8wpxr","previousOperationId":"28l9aw68webzczt"}
{"type":"log","timestamp":1705342576343,"level":"debug","message":"Converting with chrome HeadlessChrome/117.0.5938.149 using chrome-pool strategy","meta":{"rootId":"1vfnb2n0wzzqw9u","id":"1vfnb2n0wzzqw9u"},"id":"qfx7duauqvj97ya","previousOperationId":"28l9aw68webzczt"}
{"type":"log","timestamp":1705342576505,"level":"debug","message":"Page request: GET (document) file:///C:/Users/ratha/AppData/Local/Temp/jsreport/autocleanup/b1e5c268-4f8d-49f5-ad3d-9a0f5ccd8a3d-chrome-pdf.html","meta":{"rootId":"1vfnb2n0wzzqw9u","id":"1vfnb2n0wzzqw9u"},"id":"78lyfllh1ccekag","previousOperationId":"28l9aw68webzczt"}
{"type":"log","timestamp":1705342576519,"level":"debug","message":"Page request finished: GET (document) 200 file:///C:/Users/ratha/AppData/Local/Temp/jsreport/autocleanup/b1e5c268-4f8d-49f5-ad3d-9a0f5ccd8a3d-chrome-pdf.html","meta":{"rootId":"1vfnb2n0wzzqw9u","id":"1vfnb2n0wzzqw9u"},"id":"6qkd6khpwvmho95","previousOperationId":"28l9aw68webzczt"}
{"type":"log","timestamp":1705342576545,"level":"debug","message":"Running chrome with params {\"printBackground\":true,\"timeout\":59914,\"margin\":{}}","meta":{"rootId":"1vfnb2n0wzzqw9u","id":"1vfnb2n0wzzqw9u"},"id":"uolz6uh4t5lyovz","previousOperationId":"28l9aw68webzczt"}
{"type":"operationEnd","operationId":"28l9aw68webzczt","timestamp":1705342576624,"id":"kh6tpc569douv7h","previousEventId":"ep3ld8mh78nnpq5","previousOperationId":"28l9aw68webzczt"}
{"type":"log","timestamp":1705342576624,"level":"debug","message":"Skipping storing report.","meta":{"rootId":"1vfnb2n0wzzqw9u","id":"1vfnb2n0wzzqw9u"},"id":"e8jw8aqh00ds8rc","previousOperationId":"28l9aw68webzczt"}
{"type":"log","timestamp":1705342576624,"level":"info","message":"Rendering request 7 finished in 368 ms","meta":{"rootId":"1vfnb2n0wzzqw9u","id":"1vfnb2n0wzzqw9u"},"id":"j6pgz9i0bw63fek","previousOperationId":"28l9aw68webzczt"}
{"type":"operationEnd","subtype":"render","operationId":"txobfxr07sar75t","timestamp":1705342576624,"id":"lhupd0x64pwjylc","previousEventId":"kh6tpc569douv7h","previousOperationId":"28l9aw68webzczt"}
{"type":"operationEnd","doDiffs":false,"previousEventId":"b0wfekbj0z7tial","previousOperationId":"124hc6pj52dcxb0","operationId":"124hc6pj52dcxb0","timestamp":1705342576632,"id":"dc2e3eez50rt6q8"}
