{"type":"operationStart","subtype":"profile","data":{"_id":"FJAFyvU9llxhFkE6","timestamp":"2024-01-15T18:10:00.936Z","state":"queued","mode":"standard","creationDate":"2024-01-15T18:10:00.939Z","modificationDate":"2024-01-15T18:10:00.939Z","shortid":"xzGtIZC","$entitySet":"profiles"},"doDiffs":false,"timestamp":1705342200938,"id":"iweyerqpgro518g","previousOperationId":null,"operationId":"jholkw1t3nx5345"}
{"type":"log","level":"info","message":"Render request 4 queued for execution and waiting for available worker","previousOperationId":"jholkw1t3nx5345","timestamp":1705342200938,"id":"83q9cdxct0n1ia7"}
{"type":"operationStart","subtype":"render","name":"reports-main","previousOperationId":"jholkw1t3nx5345","timestamp":1705342200957,"id":"0j7isbgqdq5bwf0","previousEventId":"iweyerqpgro518g","operationId":"1hgrehegqcbekxe"}
{"type":"log","timestamp":1705342200961,"level":"info","message":"Starting rendering request 4","meta":{"rootId":"353ce8uxvs3a3eh","id":"353ce8uxvs3a3eh"},"id":"30xzenbajs1r26g","previousOperationId":"1hgrehegqcbekxe"}
{"type":"log","timestamp":1705342200965,"level":"info","message":"Rendering template { name: reports-main, recipe: chrome-pdf, engine: handlebars, preview: true }","meta":{"rootId":"353ce8uxvs3a3eh","id":"353ce8uxvs3a3eh"},"id":"wgiu64h9nxhrnm0","previousOperationId":"1hgrehegqcbekxe"}
{"type":"log","timestamp":1705342200971,"level":"debug","message":"Data item not defined for this template.","meta":{"rootId":"353ce8uxvs3a3eh","id":"353ce8uxvs3a3eh"},"id":"y1vosopnkbf2ll2","previousOperationId":"1hgrehegqcbekxe"}
{"type":"log","timestamp":1705342200976,"level":"debug","message":"Executing script reports-script (beforeRender)","meta":{"rootId":"353ce8uxvs3a3eh","id":"353ce8uxvs3a3eh"},"id":"jmb7akvwksgzk6z","previousOperationId":"1hgrehegqcbekxe"}
{"type":"operationStart","subtype":"scriptsBeforeRender","name":"scripts beforeRender","timestamp":1705342201012,"id":"opgqezysyc6yvtq","previousEventId":"0j7isbgqdq5bwf0","operationId":"qxgkn49trq0xgva","previousOperationId":"1hgrehegqcbekxe"}
{"type":"operationStart","subtype":"script","name":"scripts reports-script","previousOperationId":"qxgkn49trq0xgva","timestamp":1705342201012,"id":"w053c0dyfcuqeum","previousEventId":"opgqezysyc6yvtq","operationId":"lnv94lxv7l0lhk9"}
{"type":"log","timestamp":1705342201038,"level":"debug","message":"(console:log) [\n  {\n    id: 1,\n    number: 2,\n    firstStop: 'C',\n    lastStop: 'D',\n    createdAt: '2023-12-01T17:35:52.000Z',\n    updatedAt: '2023-12-12T20:01:36.000Z'\n  },\n  {\n    id: 2,\n    number: 66,\n    firstStop: 'TF',\n    lastStop: 'VG',\n    createdAt: '2023-12-01T19:20:40.000Z',\n    updatedAt: '2023-12-01T19:20:40.000Z'\n  },\n  {\n    id: 3,\n    number: 69,\n    firstStop: 'Si',\n    lastStop: 'No',\n    createdAt: '2023-12-04T17:13:35.000Z',\n    updatedAt: '2023-12-04T17:13:35.000Z'\n  },\n  {\n    id: 4,\n    number: 22,\n    firstStop: 'FG',\n    lastStop: 'DF',\n    createdAt: '2023-12-08T18:39:03.000Z',\n    updatedAt: '2023-12-08T18:39:03.000Z'\n  },\n  {\n    id: 5,\n    number: 1,\n    firstStop: 'A',\n    lastStop: 'B',\n    createdAt: '2023-12-12T19:54:23.000Z',\n    updatedAt: '2023-12-12T19:54:23.000Z'\n  }\n]","meta":{"userLevel":true,"rootId":"353ce8uxvs3a3eh","id":"353ce8uxvs3a3eh"},"id":"plthifdyd8hfli3","previousOperationId":"lnv94lxv7l0lhk9"}
{"type":"log","timestamp":1705342201054,"level":"debug","message":"(console:log) [\n  {\n    id: 14,\n    Location: 'ss',\n    idLine: 1,\n    filename: 'image-1701457483207.jpg',\n    createdAt: '2023-12-01T19:04:43.000Z',\n    updatedAt: '2023-12-01T19:04:43.000Z'\n  },\n  {\n    id: 17,\n    Location: 'Si',\n    idLine: 1,\n    filename: 'image-1702411966104.jpg',\n    createdAt: '2023-12-12T20:12:46.000Z',\n    updatedAt: '2023-12-12T20:12:46.000Z'\n  }\n]","meta":{"userLevel":true,"rootId":"353ce8uxvs3a3eh","id":"353ce8uxvs3a3eh"},"id":"snnzg4piszqarga","previousOperationId":"lnv94lxv7l0lhk9"}
{"type":"operationEnd","operationId":"lnv94lxv7l0lhk9","timestamp":1705342201055,"id":"sjtl04z3fxx8jbo","previousEventId":"0j7isbgqdq5bwf0","previousOperationId":"1hgrehegqcbekxe"}
{"type":"operationEnd","operationId":"qxgkn49trq0xgva","timestamp":1705342201055,"id":"7wdgh1sg62gcb5q","previousEventId":"sjtl04z3fxx8jbo","previousOperationId":"1hgrehegqcbekxe"}
{"type":"log","timestamp":1705342201055,"level":"debug","message":"Base url not specified, skipping its injection.","meta":{"rootId":"353ce8uxvs3a3eh","id":"353ce8uxvs3a3eh"},"id":"cqfmytao1xal5ot","previousOperationId":"qxgkn49trq0xgva"}
{"type":"operationStart","subtype":"engine","name":"handlebars","timestamp":1705342201055,"id":"lpr9g4ne7ornhnm","previousEventId":"7wdgh1sg62gcb5q","operationId":"mjbnrjgmut02pqk","previousOperationId":"qxgkn49trq0xgva"}
{"type":"log","timestamp":1705342201055,"level":"debug","message":"Rendering engine handlebars","meta":{"rootId":"353ce8uxvs3a3eh","id":"353ce8uxvs3a3eh"},"id":"km7ri39yhuf71qi","previousOperationId":"mjbnrjgmut02pqk"}
{"type":"operationEnd","operationId":"mjbnrjgmut02pqk","timestamp":1705342201123,"id":"t7z95av3vxy79xr","previousEventId":"lpr9g4ne7ornhnm","previousOperationId":"mjbnrjgmut02pqk"}
{"type":"operationStart","subtype":"recipe","name":"chrome-pdf","timestamp":1705342201124,"id":"sbbndow5325dxxc","previousEventId":"t7z95av3vxy79xr","operationId":"vhke7szsch6nlan","previousOperationId":"mjbnrjgmut02pqk"}
{"type":"log","timestamp":1705342201124,"level":"debug","message":"Executing recipe chrome-pdf","meta":{"rootId":"353ce8uxvs3a3eh","id":"353ce8uxvs3a3eh"},"id":"xp7irge5cevfi4h","previousOperationId":"vhke7szsch6nlan"}
{"type":"log","timestamp":1705342201135,"level":"debug","message":"Converting with chrome HeadlessChrome/117.0.5938.149 using chrome-pool strategy","meta":{"rootId":"353ce8uxvs3a3eh","id":"353ce8uxvs3a3eh"},"id":"ece3lr7zo1ckt9w","previousOperationId":"vhke7szsch6nlan"}
{"type":"log","timestamp":1705342201355,"level":"debug","message":"Page request: GET (document) file:///C:/Users/ratha/AppData/Local/Temp/jsreport/autocleanup/c66ccc78-5510-49e5-951d-c1209e34c1c4-chrome-pdf.html","meta":{"rootId":"353ce8uxvs3a3eh","id":"353ce8uxvs3a3eh"},"id":"jbrw1xpmn1lpx6v","previousOperationId":"vhke7szsch6nlan"}
{"type":"log","timestamp":1705342201377,"level":"debug","message":"Page request finished: GET (document) 200 file:///C:/Users/ratha/AppData/Local/Temp/jsreport/autocleanup/c66ccc78-5510-49e5-951d-c1209e34c1c4-chrome-pdf.html","meta":{"rootId":"353ce8uxvs3a3eh","id":"353ce8uxvs3a3eh"},"id":"c2caa00tyqxsx7a","previousOperationId":"vhke7szsch6nlan"}
{"type":"log","timestamp":1705342201380,"level":"warn","message":"Page error: \"undefined\" is not valid JSON\nJSON.parse (<anonymous>) , stack: SyntaxError: \"undefined\" is not valid JSON\nJSON.parse (<anonymous>)\n    at <anonymous> (file:///C:/Users/ratha/AppData/Local/Temp/jsreport/autocleanup/c66ccc78-5510-49e5-951d-c1209e34c1c4-chrome-pdf.html:57:29)","meta":{"rootId":"353ce8uxvs3a3eh","id":"353ce8uxvs3a3eh"},"id":"h2kin1lhhjaz85c","previousOperationId":"vhke7szsch6nlan"}
{"type":"log","timestamp":1705342201402,"level":"debug","message":"Running chrome with params {\"printBackground\":true,\"timeout\":59806,\"margin\":{}}","meta":{"rootId":"353ce8uxvs3a3eh","id":"353ce8uxvs3a3eh"},"id":"szowsc3cjpxmk0u","previousOperationId":"vhke7szsch6nlan"}
{"type":"operationEnd","operationId":"vhke7szsch6nlan","timestamp":1705342201510,"id":"5x45c0m9i5vhhzv","previousEventId":"sbbndow5325dxxc","previousOperationId":"vhke7szsch6nlan"}
{"type":"log","timestamp":1705342201510,"level":"debug","message":"Skipping storing report.","meta":{"rootId":"353ce8uxvs3a3eh","id":"353ce8uxvs3a3eh"},"id":"flqa3485q1ay8ka","previousOperationId":"vhke7szsch6nlan"}
{"type":"log","timestamp":1705342201510,"level":"info","message":"Rendering request 4 finished in 574 ms","meta":{"rootId":"353ce8uxvs3a3eh","id":"353ce8uxvs3a3eh"},"id":"yypnx14s9ndn2qg","previousOperationId":"vhke7szsch6nlan"}
{"type":"operationEnd","subtype":"render","operationId":"1hgrehegqcbekxe","timestamp":1705342201510,"id":"y13skzy52kztgot","previousEventId":"5x45c0m9i5vhhzv","previousOperationId":"vhke7szsch6nlan"}
{"type":"operationEnd","doDiffs":false,"previousEventId":"iweyerqpgro518g","previousOperationId":"jholkw1t3nx5345","operationId":"jholkw1t3nx5345","timestamp":1705342201518,"id":"jvbit9hulb69rde"}
