{"type":"operationStart","subtype":"profile","data":{"_id":"opceKX9ursuNv2m6","timestamp":"2024-01-15T18:17:43.893Z","state":"queued","mode":"standard","creationDate":"2024-01-15T18:17:43.895Z","modificationDate":"2024-01-15T18:17:43.895Z","shortid":"t6-Prcu","$entitySet":"profiles"},"doDiffs":false,"timestamp":1705342663894,"id":"ywevzc4k4kuozcm","previousOperationId":null,"operationId":"7ag8o364u9i3in4"}
{"type":"log","level":"info","message":"Render request 9 queued for execution and waiting for available worker","previousOperationId":"7ag8o364u9i3in4","timestamp":1705342663894,"id":"s2wouf4y2ss7yej"}
{"type":"operationStart","subtype":"render","name":"reports-main","previousOperationId":"7ag8o364u9i3in4","timestamp":1705342663912,"id":"vovbf52te45ii9q","previousEventId":"ywevzc4k4kuozcm","operationId":"lvz26lzjnlvrl30"}
{"type":"log","timestamp":1705342663912,"level":"info","message":"Starting rendering request 9","meta":{"rootId":"47w6b9roeb0r1ie","id":"47w6b9roeb0r1ie"},"id":"fz3nfdl7eu6q2ci","previousOperationId":"lvz26lzjnlvrl30"}
{"type":"log","timestamp":1705342663913,"level":"info","message":"Rendering template { name: reports-main, recipe: chrome-pdf, engine: handlebars, preview: true }","meta":{"rootId":"47w6b9roeb0r1ie","id":"47w6b9roeb0r1ie"},"id":"0bui1ncuj56ngz4","previousOperationId":"lvz26lzjnlvrl30"}
{"type":"log","timestamp":1705342663914,"level":"debug","message":"Data item not defined for this template.","meta":{"rootId":"47w6b9roeb0r1ie","id":"47w6b9roeb0r1ie"},"id":"v958jktoctvjdjh","previousOperationId":"lvz26lzjnlvrl30"}
{"type":"log","timestamp":1705342663918,"level":"debug","message":"Executing script reports-script (beforeRender)","meta":{"rootId":"47w6b9roeb0r1ie","id":"47w6b9roeb0r1ie"},"id":"vr9ll1likke7bc8","previousOperationId":"lvz26lzjnlvrl30"}
{"type":"operationStart","subtype":"scriptsBeforeRender","name":"scripts beforeRender","timestamp":1705342663941,"id":"5xrq9g8hq12zsdn","previousEventId":"vovbf52te45ii9q","operationId":"66pe5s7gih2vcch","previousOperationId":"lvz26lzjnlvrl30"}
{"type":"operationStart","subtype":"script","name":"scripts reports-script","previousOperationId":"66pe5s7gih2vcch","timestamp":1705342663941,"id":"le2ez3gpst5cefm","previousEventId":"5xrq9g8hq12zsdn","operationId":"jj727d8iyf7zai4"}
{"type":"log","timestamp":1705342663954,"level":"debug","message":"(console:log) [\n  {\n    id: 1,\n    number: 2,\n    firstStop: 'C',\n    lastStop: 'D',\n    createdAt: '2023-12-01T17:35:52.000Z',\n    updatedAt: '2023-12-12T20:01:36.000Z'\n  },\n  {\n    id: 2,\n    number: 66,\n    firstStop: 'TF',\n    lastStop: 'VG',\n    createdAt: '2023-12-01T19:20:40.000Z',\n    updatedAt: '2023-12-01T19:20:40.000Z'\n  },\n  {\n    id: 3,\n    number: 69,\n    firstStop: 'Si',\n    lastStop: 'No',\n    createdAt: '2023-12-04T17:13:35.000Z',\n    updatedAt: '2023-12-04T17:13:35.000Z'\n  },\n  {\n    id: 4,\n    number: 22,\n    firstStop: 'FG',\n    lastStop: 'DF',\n    createdAt: '2023-12-08T18:39:03.000Z',\n    updatedAt: '2023-12-08T18:39:03.000Z'\n  },\n  {\n    id: 5,\n    number: 1,\n    firstStop: 'A',\n    lastStop: 'B',\n    createdAt: '2023-12-12T19:54:23.000Z',\n    updatedAt: '2023-12-12T19:54:23.000Z'\n  }\n]","meta":{"userLevel":true,"rootId":"47w6b9roeb0r1ie","id":"47w6b9roeb0r1ie"},"id":"4egdvkdds0fyk63","previousOperationId":"jj727d8iyf7zai4"}
{"type":"log","timestamp":1705342663962,"level":"debug","message":"(console:log) [\n  {\n    id: 14,\n    Location: 'ss',\n    idLine: 1,\n    filename: 'image-1701457483207.jpg',\n    createdAt: '2023-12-01T19:04:43.000Z',\n    updatedAt: '2023-12-01T19:04:43.000Z'\n  },\n  {\n    id: 17,\n    Location: 'Si',\n    idLine: 1,\n    filename: 'image-1702411966104.jpg',\n    createdAt: '2023-12-12T20:12:46.000Z',\n    updatedAt: '2023-12-12T20:12:46.000Z'\n  }\n]","meta":{"userLevel":true,"rootId":"47w6b9roeb0r1ie","id":"47w6b9roeb0r1ie"},"id":"km2a54f3xcugnns","previousOperationId":"jj727d8iyf7zai4"}
{"type":"operationEnd","operationId":"jj727d8iyf7zai4","timestamp":1705342663962,"id":"8bna49oakhtg1bm","previousEventId":"vovbf52te45ii9q","previousOperationId":"lvz26lzjnlvrl30"}
{"type":"operationEnd","operationId":"66pe5s7gih2vcch","timestamp":1705342663962,"id":"kyy60ly0enclij5","previousEventId":"8bna49oakhtg1bm","previousOperationId":"lvz26lzjnlvrl30"}
{"type":"log","timestamp":1705342663962,"level":"debug","message":"Base url not specified, skipping its injection.","meta":{"rootId":"47w6b9roeb0r1ie","id":"47w6b9roeb0r1ie"},"id":"ywkndk8fd0ltrlq","previousOperationId":"66pe5s7gih2vcch"}
{"type":"operationStart","subtype":"engine","name":"handlebars","timestamp":1705342663962,"id":"dqtha9zesbyfdw3","previousEventId":"kyy60ly0enclij5","operationId":"ihk2c57plp40zdd","previousOperationId":"66pe5s7gih2vcch"}
{"type":"log","timestamp":1705342663962,"level":"debug","message":"Rendering engine handlebars","meta":{"rootId":"47w6b9roeb0r1ie","id":"47w6b9roeb0r1ie"},"id":"42hlsqefgrpwx42","previousOperationId":"ihk2c57plp40zdd"}
{"type":"operationEnd","operationId":"ihk2c57plp40zdd","timestamp":1705342663977,"id":"2hp7vv0q5hk6xbe","previousEventId":"dqtha9zesbyfdw3","previousOperationId":"ihk2c57plp40zdd"}
{"type":"operationStart","subtype":"recipe","name":"chrome-pdf","timestamp":1705342663977,"id":"m08capoplof8kzx","previousEventId":"2hp7vv0q5hk6xbe","operationId":"ydbwawd0m53amh5","previousOperationId":"ihk2c57plp40zdd"}
{"type":"log","timestamp":1705342663977,"level":"debug","message":"Executing recipe chrome-pdf","meta":{"rootId":"47w6b9roeb0r1ie","id":"47w6b9roeb0r1ie"},"id":"q0g0jfjgg3oyyqm","previousOperationId":"ydbwawd0m53amh5"}
{"type":"log","timestamp":1705342663979,"level":"debug","message":"Converting with chrome HeadlessChrome/117.0.5938.149 using chrome-pool strategy","meta":{"rootId":"47w6b9roeb0r1ie","id":"47w6b9roeb0r1ie"},"id":"xpsvlll1pfw9oei","previousOperationId":"ydbwawd0m53amh5"}
{"type":"log","timestamp":1705342664101,"level":"debug","message":"Page request: GET (document) file:///C:/Users/ratha/AppData/Local/Temp/jsreport/autocleanup/3525f378-0846-484e-9f2d-1c53b6088b49-chrome-pdf.html","meta":{"rootId":"47w6b9roeb0r1ie","id":"47w6b9roeb0r1ie"},"id":"h871a8osoxbt68x","previousOperationId":"ydbwawd0m53amh5"}
{"type":"log","timestamp":1705342664110,"level":"debug","message":"Page request finished: GET (document) 200 file:///C:/Users/ratha/AppData/Local/Temp/jsreport/autocleanup/3525f378-0846-484e-9f2d-1c53b6088b49-chrome-pdf.html","meta":{"rootId":"47w6b9roeb0r1ie","id":"47w6b9roeb0r1ie"},"id":"vaic7zv0efq66ec","previousOperationId":"ydbwawd0m53amh5"}
{"type":"log","timestamp":1705342664126,"level":"debug","message":"Running chrome with params {\"printBackground\":true,\"timeout\":59915,\"margin\":{}}","meta":{"rootId":"47w6b9roeb0r1ie","id":"47w6b9roeb0r1ie"},"id":"8gykiafkkgrf6uc","previousOperationId":"ydbwawd0m53amh5"}
{"type":"operationEnd","operationId":"ydbwawd0m53amh5","timestamp":1705342664178,"id":"dm1jix75gc4o0zz","previousEventId":"m08capoplof8kzx","previousOperationId":"ydbwawd0m53amh5"}
{"type":"log","timestamp":1705342664178,"level":"debug","message":"Skipping storing report.","meta":{"rootId":"47w6b9roeb0r1ie","id":"47w6b9roeb0r1ie"},"id":"oo1kwse54mgs8vv","previousOperationId":"ydbwawd0m53amh5"}
{"type":"log","timestamp":1705342664178,"level":"info","message":"Rendering request 9 finished in 285 ms","meta":{"rootId":"47w6b9roeb0r1ie","id":"47w6b9roeb0r1ie"},"id":"rccgktdxxmfhxq8","previousOperationId":"ydbwawd0m53amh5"}
{"type":"operationEnd","subtype":"render","operationId":"lvz26lzjnlvrl30","timestamp":1705342664178,"id":"dl2ayjq5nndycao","previousEventId":"dm1jix75gc4o0zz","previousOperationId":"ydbwawd0m53amh5"}
{"type":"operationEnd","doDiffs":false,"previousEventId":"ywevzc4k4kuozcm","previousOperationId":"7ag8o364u9i3in4","operationId":"7ag8o364u9i3in4","timestamp":1705342664182,"id":"h9vgjcejqoo219s"}
