{"type":"operationStart","subtype":"profile","data":{"_id":"zGOSXPQBvsFaAjFb","timestamp":"2024-01-12T15:54:13.102Z","state":"queued","mode":"standard","creationDate":"2024-01-12T15:54:13.112Z","modificationDate":"2024-01-12T15:54:13.112Z","shortid":"Z5uEu6j","$entitySet":"profiles"},"doDiffs":false,"timestamp":1705074853111,"id":"06rrupsrd7to91e","previousOperationId":null,"operationId":"32457hs0xpq3ekg"}
{"type":"log","level":"info","message":"Render request 20 queued for execution and waiting for available worker","previousOperationId":"32457hs0xpq3ekg","timestamp":1705074853111,"id":"sytr1je1fspx0uh"}
{"type":"operationStart","subtype":"render","name":"reports-main","previousOperationId":"32457hs0xpq3ekg","timestamp":1705074853123,"id":"k64dtpwwfgg6ury","previousEventId":"06rrupsrd7to91e","operationId":"sxfinhf71quosbd"}
{"type":"log","timestamp":1705074853123,"level":"info","message":"Starting rendering request 20","meta":{"rootId":"4givp77cb4h5r09","id":"4givp77cb4h5r09"},"id":"p9hn9g0feq8wdt8","previousOperationId":"sxfinhf71quosbd"}
{"type":"log","timestamp":1705074853123,"level":"info","message":"Rendering template { name: reports-main, recipe: chrome-pdf, engine: handlebars, preview: true }","meta":{"rootId":"4givp77cb4h5r09","id":"4givp77cb4h5r09"},"id":"upl0gsx60e2kxqm","previousOperationId":"sxfinhf71quosbd"}
{"type":"log","timestamp":1705074853124,"level":"debug","message":"Data item not defined for this template.","meta":{"rootId":"4givp77cb4h5r09","id":"4givp77cb4h5r09"},"id":"gkrl9qv4ha4z3j6","previousOperationId":"sxfinhf71quosbd"}
{"type":"log","timestamp":1705074853126,"level":"debug","message":"Executing script reports-script (beforeRender)","meta":{"rootId":"4givp77cb4h5r09","id":"4givp77cb4h5r09"},"id":"ai9zdp35e100274","previousOperationId":"sxfinhf71quosbd"}
{"type":"operationStart","subtype":"scriptsBeforeRender","name":"scripts beforeRender","timestamp":1705074853149,"id":"uhl5k9h7xom24we","previousEventId":"k64dtpwwfgg6ury","operationId":"59hptkkhj827aq0","previousOperationId":"sxfinhf71quosbd"}
{"type":"operationStart","subtype":"script","name":"scripts reports-script","previousOperationId":"59hptkkhj827aq0","timestamp":1705074853149,"id":"xyxbuq9u1t1l87k","previousEventId":"uhl5k9h7xom24we","operationId":"mnq8v857znkr8h9"}
{"type":"log","timestamp":1705074853157,"level":"debug","message":"(console:log) [\n  {\n    id: 1,\n    number: 2,\n    firstStop: 'C',\n    lastStop: 'D',\n    createdAt: '2023-12-01T17:35:52.000Z',\n    updatedAt: '2023-12-12T20:01:36.000Z'\n  },\n  {\n    id: 2,\n    number: 66,\n    firstStop: 'TF',\n    lastStop: 'VG',\n    createdAt: '2023-12-01T19:20:40.000Z',\n    updatedAt: '2023-12-01T19:20:40.000Z'\n  },\n  {\n    id: 3,\n    number: 69,\n    firstStop: 'Si',\n    lastStop: 'No',\n    createdAt: '2023-12-04T17:13:35.000Z',\n    updatedAt: '2023-12-04T17:13:35.000Z'\n  },\n  {\n    id: 4,\n    number: 22,\n    firstStop: 'FG',\n    lastStop: 'DF',\n    createdAt: '2023-12-08T18:39:03.000Z',\n    updatedAt: '2023-12-08T18:39:03.000Z'\n  },\n  {\n    id: 5,\n    number: 1,\n    firstStop: 'A',\n    lastStop: 'B',\n    createdAt: '2023-12-12T19:54:23.000Z',\n    updatedAt: '2023-12-12T19:54:23.000Z'\n  }\n]","meta":{"userLevel":true,"rootId":"4givp77cb4h5r09","id":"4givp77cb4h5r09"},"id":"9bdanly3r5x76p1","previousOperationId":"mnq8v857znkr8h9"}
{"type":"log","timestamp":1705074853165,"level":"debug","message":"(console:log) [\n  {\n    id: 14,\n    Location: 'ss',\n    idLine: 1,\n    filename: 'image-1701457483207.jpg',\n    createdAt: '2023-12-01T19:04:43.000Z',\n    updatedAt: '2023-12-01T19:04:43.000Z'\n  },\n  {\n    id: 17,\n    Location: 'Si',\n    idLine: 1,\n    filename: 'image-1702411966104.jpg',\n    createdAt: '2023-12-12T20:12:46.000Z',\n    updatedAt: '2023-12-12T20:12:46.000Z'\n  }\n]","meta":{"userLevel":true,"rootId":"4givp77cb4h5r09","id":"4givp77cb4h5r09"},"id":"kcfzm4w3x43edi6","previousOperationId":"mnq8v857znkr8h9"}
{"type":"operationEnd","operationId":"mnq8v857znkr8h9","timestamp":1705074853165,"id":"83kj4p517zy8cjx","previousEventId":"k64dtpwwfgg6ury","previousOperationId":"sxfinhf71quosbd"}
{"type":"operationEnd","operationId":"59hptkkhj827aq0","timestamp":1705074853165,"id":"aitlmgabz9ru0id","previousEventId":"83kj4p517zy8cjx","previousOperationId":"sxfinhf71quosbd"}
{"type":"log","timestamp":1705074853165,"level":"debug","message":"Base url not specified, skipping its injection.","meta":{"rootId":"4givp77cb4h5r09","id":"4givp77cb4h5r09"},"id":"vca9fxy30jck241","previousOperationId":"59hptkkhj827aq0"}
{"type":"operationStart","subtype":"engine","name":"handlebars","timestamp":1705074853166,"id":"j7txkvsl97xa5uh","previousEventId":"aitlmgabz9ru0id","operationId":"jpxwg6qvt9r6ert","previousOperationId":"59hptkkhj827aq0"}
{"type":"log","timestamp":1705074853166,"level":"debug","message":"Rendering engine handlebars","meta":{"rootId":"4givp77cb4h5r09","id":"4givp77cb4h5r09"},"id":"uvwpu5zf2i7hpcj","previousOperationId":"jpxwg6qvt9r6ert"}
{"type":"operationEnd","operationId":"jpxwg6qvt9r6ert","timestamp":1705074853183,"id":"zl099c96nnmsq2a","previousEventId":"j7txkvsl97xa5uh","previousOperationId":"jpxwg6qvt9r6ert"}
{"type":"operationStart","subtype":"recipe","name":"chrome-pdf","timestamp":1705074853184,"id":"ehyto0f7ppdez0l","previousEventId":"zl099c96nnmsq2a","operationId":"n5buh13yncgz5tn","previousOperationId":"jpxwg6qvt9r6ert"}
{"type":"log","timestamp":1705074853184,"level":"debug","message":"Executing recipe chrome-pdf","meta":{"rootId":"4givp77cb4h5r09","id":"4givp77cb4h5r09"},"id":"c01ddprruttyc5t","previousOperationId":"n5buh13yncgz5tn"}
{"type":"log","timestamp":1705074853197,"level":"debug","message":"Converting with chrome HeadlessChrome/117.0.5938.149 using chrome-pool strategy","meta":{"rootId":"4givp77cb4h5r09","id":"4givp77cb4h5r09"},"id":"ke4livny4zeonkx","previousOperationId":"n5buh13yncgz5tn"}
{"type":"log","timestamp":1705074853531,"level":"debug","message":"Page request: GET (document) file:///C:/Users/ratha/AppData/Local/Temp/jsreport/autocleanup/1b502111-f088-4d98-a1af-4ef3bb5b6f9f-chrome-pdf.html","meta":{"rootId":"4givp77cb4h5r09","id":"4givp77cb4h5r09"},"id":"pvte4ljcrxbss1j","previousOperationId":"n5buh13yncgz5tn"}
{"type":"log","timestamp":1705074853541,"level":"debug","message":"Page request finished: GET (document) 200 file:///C:/Users/ratha/AppData/Local/Temp/jsreport/autocleanup/1b502111-f088-4d98-a1af-4ef3bb5b6f9f-chrome-pdf.html","meta":{"rootId":"4givp77cb4h5r09","id":"4givp77cb4h5r09"},"id":"rb8qx56i41hsorh","previousOperationId":"n5buh13yncgz5tn"}
{"type":"log","timestamp":1705074853549,"level":"debug","message":"Running chrome with params {\"printBackground\":true,\"timeout\":59917,\"margin\":{}}","meta":{"rootId":"4givp77cb4h5r09","id":"4givp77cb4h5r09"},"id":"6l0b88zhkj6mp3s","previousOperationId":"n5buh13yncgz5tn"}
{"type":"operationEnd","operationId":"n5buh13yncgz5tn","timestamp":1705074853587,"id":"s2vdkgsn01tzjql","previousEventId":"ehyto0f7ppdez0l","previousOperationId":"n5buh13yncgz5tn"}
{"type":"log","timestamp":1705074853587,"level":"debug","message":"Skipping storing report.","meta":{"rootId":"4givp77cb4h5r09","id":"4givp77cb4h5r09"},"id":"w65o5nnrahjw6uv","previousOperationId":"n5buh13yncgz5tn"}
{"type":"log","timestamp":1705074853587,"level":"info","message":"Rendering request 20 finished in 485 ms","meta":{"rootId":"4givp77cb4h5r09","id":"4givp77cb4h5r09"},"id":"yjifvcxuu0ywvhm","previousOperationId":"n5buh13yncgz5tn"}
{"type":"operationEnd","subtype":"render","operationId":"sxfinhf71quosbd","timestamp":1705074853587,"id":"ibp46wjy8qzonjy","previousEventId":"s2vdkgsn01tzjql","previousOperationId":"n5buh13yncgz5tn"}
{"type":"operationEnd","doDiffs":false,"previousEventId":"06rrupsrd7to91e","previousOperationId":"32457hs0xpq3ekg","operationId":"32457hs0xpq3ekg","timestamp":1705074853593,"id":"8td231ypi6bmxco"}
