{"type":"operationStart","subtype":"profile","data":{"_id":"bB0n0I507iVvk3uP","timestamp":"2024-01-11T19:58:16.411Z","state":"queued","mode":"standard","creationDate":"2024-01-11T19:58:16.412Z","modificationDate":"2024-01-11T19:58:16.412Z","shortid":"-DHhMfJ","$entitySet":"profiles"},"doDiffs":false,"timestamp":1705003096412,"id":"y6ipf3euice6nmy","previousOperationId":null,"operationId":"9f5leig07twzzhw"}
{"type":"log","level":"info","message":"Render request 2 queued for execution and waiting for available worker","previousOperationId":"9f5leig07twzzhw","timestamp":1705003096412,"id":"ez9rlhnxaopaxve"}
{"type":"operationStart","subtype":"render","name":"reports-main","previousOperationId":"9f5leig07twzzhw","timestamp":1705003096421,"id":"4noy68wrqavo4qe","previousEventId":"y6ipf3euice6nmy","operationId":"bdgygr9pjq9vju3"}
{"type":"log","timestamp":1705003096421,"level":"info","message":"Starting rendering request 2","meta":{"rootId":"4i7n5lbgtnv7r97","id":"4i7n5lbgtnv7r97"},"id":"p44wq27oh9i2370","previousOperationId":"bdgygr9pjq9vju3"}
{"type":"log","timestamp":1705003096422,"level":"info","message":"Rendering template { name: reports-main, recipe: chrome-pdf, engine: handlebars, preview: false }","meta":{"rootId":"4i7n5lbgtnv7r97","id":"4i7n5lbgtnv7r97"},"id":"at8s5eq728ge69p","previousOperationId":"bdgygr9pjq9vju3"}
{"type":"log","timestamp":1705003096424,"level":"debug","message":"Inline data specified.","meta":{"rootId":"4i7n5lbgtnv7r97","id":"4i7n5lbgtnv7r97"},"id":"32e83pjwc5u4oyu","previousOperationId":"bdgygr9pjq9vju3"}
{"type":"log","timestamp":1705003096427,"level":"debug","message":"Executing script reports-script (beforeRender)","meta":{"rootId":"4i7n5lbgtnv7r97","id":"4i7n5lbgtnv7r97"},"id":"ba4102ws1x02vbn","previousOperationId":"bdgygr9pjq9vju3"}
{"type":"operationStart","subtype":"scriptsBeforeRender","name":"scripts beforeRender","timestamp":1705003096923,"id":"wjmrc0wi7zxz3v6","previousEventId":"4noy68wrqavo4qe","operationId":"wvmnvun1a3jlzad","previousOperationId":"bdgygr9pjq9vju3"}
{"type":"operationStart","subtype":"script","name":"scripts reports-script","previousOperationId":"wvmnvun1a3jlzad","timestamp":1705003096923,"id":"3662xew0hwaimbe","previousEventId":"wjmrc0wi7zxz3v6","operationId":"6iqpxesz4af6vyr"}
{"type":"log","timestamp":1705003096956,"level":"debug","message":"(console:log) undefined","meta":{"userLevel":true,"rootId":"4i7n5lbgtnv7r97","id":"4i7n5lbgtnv7r97"},"id":"5apuplc2dmocd7x","previousOperationId":"6iqpxesz4af6vyr"}
{"type":"operationEnd","operationId":"6iqpxesz4af6vyr","timestamp":1705003096957,"id":"8wjvvwnduv829cg","previousEventId":"4noy68wrqavo4qe","previousOperationId":"bdgygr9pjq9vju3"}
{"type":"operationEnd","operationId":"wvmnvun1a3jlzad","timestamp":1705003096957,"id":"ptfnuyitclc5zy5","previousEventId":"8wjvvwnduv829cg","previousOperationId":"bdgygr9pjq9vju3"}
{"type":"log","timestamp":1705003096957,"level":"debug","message":"Base url not specified, skipping its injection.","meta":{"rootId":"4i7n5lbgtnv7r97","id":"4i7n5lbgtnv7r97"},"id":"ynux2pd3myz3zd0","previousOperationId":"wvmnvun1a3jlzad"}
{"type":"operationStart","subtype":"engine","name":"handlebars","timestamp":1705003096958,"id":"nfgtgpws2lr156q","previousEventId":"ptfnuyitclc5zy5","operationId":"3nn845t379ghomt","previousOperationId":"wvmnvun1a3jlzad"}
{"type":"log","timestamp":1705003096958,"level":"debug","message":"Rendering engine handlebars","meta":{"rootId":"4i7n5lbgtnv7r97","id":"4i7n5lbgtnv7r97"},"id":"gbr6rjgz3j0ar5o","previousOperationId":"3nn845t379ghomt"}
{"type":"operationEnd","operationId":"3nn845t379ghomt","timestamp":1705003097853,"id":"9313xry956apxl1","previousEventId":"nfgtgpws2lr156q","previousOperationId":"3nn845t379ghomt"}
{"type":"operationStart","subtype":"recipe","name":"chrome-pdf","timestamp":1705003097854,"id":"jhppnysrvufk4oo","previousEventId":"9313xry956apxl1","operationId":"944vvynuci2gjz8","previousOperationId":"3nn845t379ghomt"}
{"type":"log","timestamp":1705003097854,"level":"debug","message":"Executing recipe chrome-pdf","meta":{"rootId":"4i7n5lbgtnv7r97","id":"4i7n5lbgtnv7r97"},"id":"4krqxqwf5vufxt1","previousOperationId":"944vvynuci2gjz8"}
{"type":"log","timestamp":1705003099323,"level":"debug","message":"Converting with chrome HeadlessChrome/117.0.5938.149 using chrome-pool strategy","meta":{"rootId":"4i7n5lbgtnv7r97","id":"4i7n5lbgtnv7r97"},"id":"4q9wy433t8ey1jj","previousOperationId":"944vvynuci2gjz8"}
{"type":"log","timestamp":1705003100022,"level":"debug","message":"Page request: GET (document) file:///C:/Users/ratha/AppData/Local/Temp/jsreport/autocleanup/f253c2da-5da4-479a-ac1d-2125df3c10d0-chrome-pdf.html","meta":{"rootId":"4i7n5lbgtnv7r97","id":"4i7n5lbgtnv7r97"},"id":"5fnknfigyuoanfy","previousOperationId":"944vvynuci2gjz8"}
{"type":"log","timestamp":1705003100040,"level":"debug","message":"Page request finished: GET (document) 200 file:///C:/Users/ratha/AppData/Local/Temp/jsreport/autocleanup/f253c2da-5da4-479a-ac1d-2125df3c10d0-chrome-pdf.html","meta":{"rootId":"4i7n5lbgtnv7r97","id":"4i7n5lbgtnv7r97"},"id":"gxwef41d0zt2csa","previousOperationId":"944vvynuci2gjz8"}
{"type":"log","timestamp":1705003100048,"level":"debug","message":"Running chrome with params {\"printBackground\":true,\"timeout\":58106,\"margin\":{}}","meta":{"rootId":"4i7n5lbgtnv7r97","id":"4i7n5lbgtnv7r97"},"id":"6ps3frd1z3mq4qi","previousOperationId":"944vvynuci2gjz8"}
{"type":"operationEnd","operationId":"944vvynuci2gjz8","timestamp":1705003100082,"id":"d29sokrf60sste3","previousEventId":"jhppnysrvufk4oo","previousOperationId":"944vvynuci2gjz8"}
{"type":"log","timestamp":1705003100083,"level":"debug","message":"Skipping storing report.","meta":{"rootId":"4i7n5lbgtnv7r97","id":"4i7n5lbgtnv7r97"},"id":"5av6rls0cc7tst7","previousOperationId":"944vvynuci2gjz8"}
{"type":"log","timestamp":1705003100083,"level":"info","message":"Rendering request 2 finished in 3673 ms","meta":{"rootId":"4i7n5lbgtnv7r97","id":"4i7n5lbgtnv7r97"},"id":"j8lnz76oquu4set","previousOperationId":"944vvynuci2gjz8"}
{"type":"operationEnd","subtype":"render","operationId":"bdgygr9pjq9vju3","timestamp":1705003100083,"id":"k06pucubgyy512v","previousEventId":"d29sokrf60sste3","previousOperationId":"944vvynuci2gjz8"}
{"type":"operationEnd","doDiffs":false,"previousEventId":"y6ipf3euice6nmy","previousOperationId":"9f5leig07twzzhw","operationId":"9f5leig07twzzhw","timestamp":1705003100086,"id":"dbr2mj7pcugaoxr"}
