{"type":"operationStart","subtype":"profile","data":{"_id":"bdP5zPRtCgwiuBCj","timestamp":"2024-01-12T15:19:19.070Z","state":"queued","mode":"standard","creationDate":"2024-01-12T15:19:19.080Z","modificationDate":"2024-01-12T15:19:19.080Z","shortid":"aEonESk","$entitySet":"profiles"},"doDiffs":false,"timestamp":1705072759074,"id":"cyfia8mmd6s9l98","previousOperationId":null,"operationId":"l6ae4g72x0xqlwq"}
{"type":"log","level":"info","message":"Render request 1 queued for execution and waiting for available worker","previousOperationId":"l6ae4g72x0xqlwq","timestamp":1705072759076,"id":"wzf5qphnggyis6n"}
{"type":"operationStart","subtype":"render","name":"reports-main","previousOperationId":"l6ae4g72x0xqlwq","timestamp":1705072759166,"id":"sq9ycpip003kaun","previousEventId":"cyfia8mmd6s9l98","operationId":"ddiajh9q83kqmyd"}
{"type":"log","timestamp":1705072759170,"level":"info","message":"Starting rendering request 1","meta":{"rootId":"5ai9f2t914b3ou8","id":"5ai9f2t914b3ou8"},"id":"fra09q635xl2ixm","previousOperationId":"ddiajh9q83kqmyd"}
{"type":"log","timestamp":1705072759173,"level":"info","message":"Rendering template { name: reports-main, recipe: chrome-pdf, engine: handlebars, preview: true }","meta":{"rootId":"5ai9f2t914b3ou8","id":"5ai9f2t914b3ou8"},"id":"5ygxcqh75wly6h7","previousOperationId":"ddiajh9q83kqmyd"}
{"type":"log","timestamp":1705072759178,"level":"debug","message":"Data item not defined for this template.","meta":{"rootId":"5ai9f2t914b3ou8","id":"5ai9f2t914b3ou8"},"id":"ulyn79rj3x38khd","previousOperationId":"ddiajh9q83kqmyd"}
{"type":"log","timestamp":1705072759188,"level":"debug","message":"Executing script reports-script (beforeRender)","meta":{"rootId":"5ai9f2t914b3ou8","id":"5ai9f2t914b3ou8"},"id":"p2a9762jll29l7x","previousOperationId":"ddiajh9q83kqmyd"}
{"type":"operationStart","subtype":"scriptsBeforeRender","name":"scripts beforeRender","timestamp":1705072762330,"id":"cpjyewafemx1va4","previousEventId":"sq9ycpip003kaun","operationId":"oyz52181bv70xwe","previousOperationId":"ddiajh9q83kqmyd"}
{"type":"operationStart","subtype":"script","name":"scripts reports-script","previousOperationId":"oyz52181bv70xwe","timestamp":1705072762330,"id":"1g8zbhb61fh61a8","previousEventId":"cpjyewafemx1va4","operationId":"9hri5rqx2yq5xim"}
{"type":"log","timestamp":1705072762476,"level":"debug","message":"(console:log) [\n  {\n    id: 1,\n    number: 2,\n    firstStop: 'C',\n    lastStop: 'D',\n    createdAt: '2023-12-01T17:35:52.000Z',\n    updatedAt: '2023-12-12T20:01:36.000Z'\n  },\n  {\n    id: 2,\n    number: 66,\n    firstStop: 'TF',\n    lastStop: 'VG',\n    createdAt: '2023-12-01T19:20:40.000Z',\n    updatedAt: '2023-12-01T19:20:40.000Z'\n  },\n  {\n    id: 3,\n    number: 69,\n    firstStop: 'Si',\n    lastStop: 'No',\n    createdAt: '2023-12-04T17:13:35.000Z',\n    updatedAt: '2023-12-04T17:13:35.000Z'\n  },\n  {\n    id: 4,\n    number: 22,\n    firstStop: 'FG',\n    lastStop: 'DF',\n    createdAt: '2023-12-08T18:39:03.000Z',\n    updatedAt: '2023-12-08T18:39:03.000Z'\n  },\n  {\n    id: 5,\n    number: 1,\n    firstStop: 'A',\n    lastStop: 'B',\n    createdAt: '2023-12-12T19:54:23.000Z',\n    updatedAt: '2023-12-12T19:54:23.000Z'\n  }\n]","meta":{"userLevel":true,"rootId":"5ai9f2t914b3ou8","id":"5ai9f2t914b3ou8"},"id":"7vvs3xf74iz6ftg","previousOperationId":"9hri5rqx2yq5xim"}
{"type":"operationEnd","operationId":"9hri5rqx2yq5xim","timestamp":1705072762479,"id":"38mvv1p715x8nkg","previousEventId":"sq9ycpip003kaun","previousOperationId":"ddiajh9q83kqmyd"}
{"type":"operationEnd","operationId":"oyz52181bv70xwe","timestamp":1705072762479,"id":"2q1c1ofbdzb4m04","previousEventId":"38mvv1p715x8nkg","previousOperationId":"ddiajh9q83kqmyd"}
{"type":"log","timestamp":1705072762479,"level":"debug","message":"Base url not specified, skipping its injection.","meta":{"rootId":"5ai9f2t914b3ou8","id":"5ai9f2t914b3ou8"},"id":"drdeilv7o2pv5t0","previousOperationId":"oyz52181bv70xwe"}
{"type":"operationStart","subtype":"engine","name":"handlebars","timestamp":1705072762481,"id":"0e7rv1jbuz1qkg7","previousEventId":"2q1c1ofbdzb4m04","operationId":"5pl2x733q3hygqs","previousOperationId":"oyz52181bv70xwe"}
{"type":"log","timestamp":1705072762481,"level":"debug","message":"Rendering engine handlebars","meta":{"rootId":"5ai9f2t914b3ou8","id":"5ai9f2t914b3ou8"},"id":"h4u0p7uckbmywzu","previousOperationId":"5pl2x733q3hygqs"}
{"type":"operationEnd","operationId":"5pl2x733q3hygqs","timestamp":1705072764854,"id":"n0htd76hxt654q3","previousEventId":"0e7rv1jbuz1qkg7","previousOperationId":"5pl2x733q3hygqs"}
{"type":"operationStart","subtype":"recipe","name":"chrome-pdf","timestamp":1705072764856,"id":"1osawdscegg8x71","previousEventId":"n0htd76hxt654q3","operationId":"1pp7jalhh8vqm65","previousOperationId":"5pl2x733q3hygqs"}
{"type":"log","timestamp":1705072764856,"level":"debug","message":"Executing recipe chrome-pdf","meta":{"rootId":"5ai9f2t914b3ou8","id":"5ai9f2t914b3ou8"},"id":"pds7nnxrk476ra0","previousOperationId":"1pp7jalhh8vqm65"}
{"type":"log","timestamp":1705072769523,"level":"debug","message":"Converting with chrome HeadlessChrome/117.0.5938.149 using chrome-pool strategy","meta":{"rootId":"5ai9f2t914b3ou8","id":"5ai9f2t914b3ou8"},"id":"zxuloym1hrozjdy","previousOperationId":"1pp7jalhh8vqm65"}
{"type":"log","timestamp":1705072770975,"level":"debug","message":"Page request: GET (document) file:///C:/Users/ratha/AppData/Local/Temp/jsreport/autocleanup/52d53bc2-9e10-40fc-a854-173f4684d84e-chrome-pdf.html","meta":{"rootId":"5ai9f2t914b3ou8","id":"5ai9f2t914b3ou8"},"id":"xrik53000sol9az","previousOperationId":"1pp7jalhh8vqm65"}
{"type":"log","timestamp":1705072771037,"level":"debug","message":"Page request finished: GET (document) 200 file:///C:/Users/ratha/AppData/Local/Temp/jsreport/autocleanup/52d53bc2-9e10-40fc-a854-173f4684d84e-chrome-pdf.html","meta":{"rootId":"5ai9f2t914b3ou8","id":"5ai9f2t914b3ou8"},"id":"tdvhqlfhkh1qzbq","previousOperationId":"1pp7jalhh8vqm65"}
{"type":"log","timestamp":1705072771054,"level":"debug","message":"Running chrome with params {\"printBackground\":true,\"timeout\":52142,\"margin\":{}}","meta":{"rootId":"5ai9f2t914b3ou8","id":"5ai9f2t914b3ou8"},"id":"mhq05jodeh0hiz0","previousOperationId":"1pp7jalhh8vqm65"}
{"type":"operationEnd","operationId":"1pp7jalhh8vqm65","timestamp":1705072771174,"id":"9i0cgbv5vwx60dj","previousEventId":"1osawdscegg8x71","previousOperationId":"1pp7jalhh8vqm65"}
{"type":"log","timestamp":1705072771176,"level":"debug","message":"Skipping storing report.","meta":{"rootId":"5ai9f2t914b3ou8","id":"5ai9f2t914b3ou8"},"id":"qwgzl2w9j1wby4j","previousOperationId":"1pp7jalhh8vqm65"}
{"type":"log","timestamp":1705072771176,"level":"info","message":"Rendering request 1 finished in 12107 ms","meta":{"rootId":"5ai9f2t914b3ou8","id":"5ai9f2t914b3ou8"},"id":"3ekiarvc9g3iv8j","previousOperationId":"1pp7jalhh8vqm65"}
{"type":"operationEnd","subtype":"render","operationId":"ddiajh9q83kqmyd","timestamp":1705072771177,"id":"dn9mr9k43u928w8","previousEventId":"9i0cgbv5vwx60dj","previousOperationId":"1pp7jalhh8vqm65"}
{"type":"operationEnd","doDiffs":false,"previousEventId":"cyfia8mmd6s9l98","previousOperationId":"l6ae4g72x0xqlwq","operationId":"l6ae4g72x0xqlwq","timestamp":1705072771202,"id":"pdn2qgd8ztwt39r"}
