{"type":"operationStart","subtype":"profile","data":{"_id":"SV0fCcHkQtogl97D","timestamp":"2024-01-11T20:25:08.111Z","state":"queued","mode":"standard","creationDate":"2024-01-11T20:25:08.113Z","modificationDate":"2024-01-11T20:25:08.113Z","shortid":"RcKGCu_","$entitySet":"profiles"},"doDiffs":false,"timestamp":1705004708113,"id":"ury6js5qs9phvu7","previousOperationId":null,"operationId":"dy19kwlxyj3hahw"}
{"type":"log","level":"info","message":"Render request 3 queued for execution and waiting for available worker","previousOperationId":"dy19kwlxyj3hahw","timestamp":1705004708113,"id":"319gjyjo2pu2ct5"}
{"type":"operationStart","subtype":"render","name":"reports-main","previousOperationId":"dy19kwlxyj3hahw","timestamp":1705004708123,"id":"m4ier62qqt0t9ix","previousEventId":"ury6js5qs9phvu7","operationId":"uxmhh0p4zj4b7n4"}
{"type":"log","timestamp":1705004708123,"level":"info","message":"Starting rendering request 3","meta":{"rootId":"9axzpuy69tixqvt","id":"9axzpuy69tixqvt"},"id":"exiu8vvxydt75u6","previousOperationId":"uxmhh0p4zj4b7n4"}
{"type":"log","timestamp":1705004708124,"level":"info","message":"Rendering template { name: reports-main, recipe: chrome-pdf, engine: handlebars, preview: true }","meta":{"rootId":"9axzpuy69tixqvt","id":"9axzpuy69tixqvt"},"id":"pty36mbeuwlqiiv","previousOperationId":"uxmhh0p4zj4b7n4"}
{"type":"log","timestamp":1705004708125,"level":"debug","message":"Data item not defined for this template.","meta":{"rootId":"9axzpuy69tixqvt","id":"9axzpuy69tixqvt"},"id":"el8xosrmsj5k316","previousOperationId":"uxmhh0p4zj4b7n4"}
{"type":"log","timestamp":1705004708128,"level":"debug","message":"Executing script reports-script (beforeRender)","meta":{"rootId":"9axzpuy69tixqvt","id":"9axzpuy69tixqvt"},"id":"c0pdnffz7dgl6sh","previousOperationId":"uxmhh0p4zj4b7n4"}
{"type":"operationStart","subtype":"scriptsBeforeRender","name":"scripts beforeRender","timestamp":1705004708158,"id":"ot1nc67j2yncdza","previousEventId":"m4ier62qqt0t9ix","operationId":"ux7sngtkzjp30ep","previousOperationId":"uxmhh0p4zj4b7n4"}
{"type":"operationStart","subtype":"script","name":"scripts reports-script","previousOperationId":"ux7sngtkzjp30ep","timestamp":1705004708158,"id":"7ibvcao624glt9o","previousEventId":"ot1nc67j2yncdza","operationId":"6ipvdrwcagcgz56"}
{"type":"log","timestamp":1705004708180,"level":"debug","message":"(console:log) [\n  {\n    id: 1,\n    number: 2,\n    firstStop: 'C',\n    lastStop: 'D',\n    createdAt: '2023-12-01T17:35:52.000Z',\n    updatedAt: '2023-12-12T20:01:36.000Z'\n  },\n  {\n    id: 2,\n    number: 66,\n    firstStop: 'TF',\n    lastStop: 'VG',\n    createdAt: '2023-12-01T19:20:40.000Z',\n    updatedAt: '2023-12-01T19:20:40.000Z'\n  },\n  {\n    id: 3,\n    number: 69,\n    firstStop: 'Si',\n    lastStop: 'No',\n    createdAt: '2023-12-04T17:13:35.000Z',\n    updatedAt: '2023-12-04T17:13:35.000Z'\n  },\n  {\n    id: 4,\n    number: 22,\n    firstStop: 'FG',\n    lastStop: 'DF',\n    createdAt: '2023-12-08T18:39:03.000Z',\n    updatedAt: '2023-12-08T18:39:03.000Z'\n  },\n  {\n    id: 5,\n    number: 1,\n    firstStop: 'A',\n    lastStop: 'B',\n    createdAt: '2023-12-12T19:54:23.000Z',\n    updatedAt: '2023-12-12T19:54:23.000Z'\n  }\n]","meta":{"userLevel":true,"rootId":"9axzpuy69tixqvt","id":"9axzpuy69tixqvt"},"id":"y9z0y4vkbxanmeu","previousOperationId":"6ipvdrwcagcgz56"}
{"type":"operationEnd","operationId":"6ipvdrwcagcgz56","timestamp":1705004708181,"id":"z0ki13qs6z9s22n","previousEventId":"m4ier62qqt0t9ix","previousOperationId":"uxmhh0p4zj4b7n4"}
{"type":"operationEnd","operationId":"ux7sngtkzjp30ep","timestamp":1705004708181,"id":"53oewbrz761mz7p","previousEventId":"z0ki13qs6z9s22n","previousOperationId":"uxmhh0p4zj4b7n4"}
{"type":"log","timestamp":1705004708181,"level":"debug","message":"Base url not specified, skipping its injection.","meta":{"rootId":"9axzpuy69tixqvt","id":"9axzpuy69tixqvt"},"id":"zi26yihq865q8aa","previousOperationId":"ux7sngtkzjp30ep"}
{"type":"operationStart","subtype":"engine","name":"handlebars","timestamp":1705004708181,"id":"z29vxgolj25sclo","previousEventId":"53oewbrz761mz7p","operationId":"2hmc9cdq1de37z1","previousOperationId":"ux7sngtkzjp30ep"}
{"type":"log","timestamp":1705004708181,"level":"debug","message":"Rendering engine handlebars","meta":{"rootId":"9axzpuy69tixqvt","id":"9axzpuy69tixqvt"},"id":"bupbtk480wm2mks","previousOperationId":"2hmc9cdq1de37z1"}
{"type":"operationEnd","operationId":"2hmc9cdq1de37z1","timestamp":1705004708200,"id":"4dv36594159oksz","previousEventId":"z29vxgolj25sclo","previousOperationId":"2hmc9cdq1de37z1"}
{"type":"operationStart","subtype":"recipe","name":"chrome-pdf","timestamp":1705004708200,"id":"lsa85eqqtnlrl1o","previousEventId":"4dv36594159oksz","operationId":"iz3przqgzf16ugs","previousOperationId":"2hmc9cdq1de37z1"}
{"type":"log","timestamp":1705004708200,"level":"debug","message":"Executing recipe chrome-pdf","meta":{"rootId":"9axzpuy69tixqvt","id":"9axzpuy69tixqvt"},"id":"tbypqcoswpkymgy","previousOperationId":"iz3przqgzf16ugs"}
{"type":"log","timestamp":1705004708203,"level":"debug","message":"Converting with chrome HeadlessChrome/117.0.5938.149 using chrome-pool strategy","meta":{"rootId":"9axzpuy69tixqvt","id":"9axzpuy69tixqvt"},"id":"n6czhf9e4g2ouju","previousOperationId":"iz3przqgzf16ugs"}
{"type":"log","timestamp":1705004708339,"level":"debug","message":"Page request: GET (document) file:///C:/Users/ratha/AppData/Local/Temp/jsreport/autocleanup/ccdfae7f-ca16-43f3-81da-4ff52a7c8093-chrome-pdf.html","meta":{"rootId":"9axzpuy69tixqvt","id":"9axzpuy69tixqvt"},"id":"s7p2yc4js9x19jf","previousOperationId":"iz3przqgzf16ugs"}
{"type":"log","timestamp":1705004708350,"level":"debug","message":"Page request finished: GET (document) 200 file:///C:/Users/ratha/AppData/Local/Temp/jsreport/autocleanup/ccdfae7f-ca16-43f3-81da-4ff52a7c8093-chrome-pdf.html","meta":{"rootId":"9axzpuy69tixqvt","id":"9axzpuy69tixqvt"},"id":"alt9xz69yl0tzc4","previousOperationId":"iz3przqgzf16ugs"}
{"type":"log","timestamp":1705004708357,"level":"debug","message":"Running chrome with params {\"printBackground\":true,\"timeout\":59909,\"margin\":{}}","meta":{"rootId":"9axzpuy69tixqvt","id":"9axzpuy69tixqvt"},"id":"ueoxj4fyypvep3u","previousOperationId":"iz3przqgzf16ugs"}
{"type":"operationEnd","operationId":"iz3przqgzf16ugs","timestamp":1705004708377,"id":"esfd9i98zw2udwx","previousEventId":"lsa85eqqtnlrl1o","previousOperationId":"iz3przqgzf16ugs"}
{"type":"log","timestamp":1705004708377,"level":"debug","message":"Skipping storing report.","meta":{"rootId":"9axzpuy69tixqvt","id":"9axzpuy69tixqvt"},"id":"3eckg95hp928y79","previousOperationId":"iz3przqgzf16ugs"}
{"type":"log","timestamp":1705004708378,"level":"info","message":"Rendering request 3 finished in 267 ms","meta":{"rootId":"9axzpuy69tixqvt","id":"9axzpuy69tixqvt"},"id":"z12mupsec7h1e8z","previousOperationId":"iz3przqgzf16ugs"}
{"type":"operationEnd","subtype":"render","operationId":"uxmhh0p4zj4b7n4","timestamp":1705004708378,"id":"iksjp9886nxek9o","previousEventId":"esfd9i98zw2udwx","previousOperationId":"iz3przqgzf16ugs"}
{"type":"operationEnd","doDiffs":false,"previousEventId":"ury6js5qs9phvu7","previousOperationId":"dy19kwlxyj3hahw","operationId":"dy19kwlxyj3hahw","timestamp":1705004708382,"id":"7wuj518h9aztwyp"}
