{"type":"operationStart","subtype":"profile","data":{"_id":"ptRu0P0Pq2aB9D5f","timestamp":"2024-01-11T20:36:19.464Z","state":"queued","mode":"standard","creationDate":"2024-01-11T20:36:19.466Z","modificationDate":"2024-01-11T20:36:19.466Z","shortid":"GDwo4Ks","$entitySet":"profiles"},"doDiffs":false,"timestamp":1705005379465,"id":"dwe47mll44dxqna","previousOperationId":null,"operationId":"wsf3pui6bl82ysq"}
{"type":"log","level":"info","message":"Render request 7 queued for execution and waiting for available worker","previousOperationId":"wsf3pui6bl82ysq","timestamp":1705005379465,"id":"sbj0t19w9p32495"}
{"type":"operationStart","subtype":"render","name":"reports-main","previousOperationId":"wsf3pui6bl82ysq","timestamp":1705005379479,"id":"li9a51324h5ni3j","previousEventId":"dwe47mll44dxqna","operationId":"4exxtrw1lrw2v0y"}
{"type":"log","timestamp":1705005379479,"level":"info","message":"Starting rendering request 7","meta":{"rootId":"9ps3zydnmscth6e","id":"9ps3zydnmscth6e"},"id":"6z9sprgxc0klcl7","previousOperationId":"4exxtrw1lrw2v0y"}
{"type":"log","timestamp":1705005379480,"level":"info","message":"Rendering template { name: reports-main, recipe: chrome-pdf, engine: handlebars, preview: true }","meta":{"rootId":"9ps3zydnmscth6e","id":"9ps3zydnmscth6e"},"id":"qkdk72ccl7zt3n9","previousOperationId":"4exxtrw1lrw2v0y"}
{"type":"log","timestamp":1705005379481,"level":"debug","message":"Data item not defined for this template.","meta":{"rootId":"9ps3zydnmscth6e","id":"9ps3zydnmscth6e"},"id":"9znwdbxhcw80vcc","previousOperationId":"4exxtrw1lrw2v0y"}
{"type":"log","timestamp":1705005379483,"level":"debug","message":"Executing script reports-script (beforeRender)","meta":{"rootId":"9ps3zydnmscth6e","id":"9ps3zydnmscth6e"},"id":"2y6oy247tovy38f","previousOperationId":"4exxtrw1lrw2v0y"}
{"type":"operationStart","subtype":"scriptsBeforeRender","name":"scripts beforeRender","timestamp":1705005379501,"id":"2cpudlmtwg013oz","previousEventId":"li9a51324h5ni3j","operationId":"efwihptn45ewei3","previousOperationId":"4exxtrw1lrw2v0y"}
{"type":"operationStart","subtype":"script","name":"scripts reports-script","previousOperationId":"efwihptn45ewei3","timestamp":1705005379501,"id":"tskeeebzo786l5x","previousEventId":"2cpudlmtwg013oz","operationId":"fyuahqcl77qv2u4"}
{"type":"log","timestamp":1705005379516,"level":"debug","message":"(console:log) [\n  {\n    id: 1,\n    number: 2,\n    firstStop: 'C',\n    lastStop: 'D',\n    createdAt: '2023-12-01T17:35:52.000Z',\n    updatedAt: '2023-12-12T20:01:36.000Z'\n  },\n  {\n    id: 2,\n    number: 66,\n    firstStop: 'TF',\n    lastStop: 'VG',\n    createdAt: '2023-12-01T19:20:40.000Z',\n    updatedAt: '2023-12-01T19:20:40.000Z'\n  },\n  {\n    id: 3,\n    number: 69,\n    firstStop: 'Si',\n    lastStop: 'No',\n    createdAt: '2023-12-04T17:13:35.000Z',\n    updatedAt: '2023-12-04T17:13:35.000Z'\n  },\n  {\n    id: 4,\n    number: 22,\n    firstStop: 'FG',\n    lastStop: 'DF',\n    createdAt: '2023-12-08T18:39:03.000Z',\n    updatedAt: '2023-12-08T18:39:03.000Z'\n  },\n  {\n    id: 5,\n    number: 1,\n    firstStop: 'A',\n    lastStop: 'B',\n    createdAt: '2023-12-12T19:54:23.000Z',\n    updatedAt: '2023-12-12T19:54:23.000Z'\n  }\n]","meta":{"userLevel":true,"rootId":"9ps3zydnmscth6e","id":"9ps3zydnmscth6e"},"id":"2ebhfmxsowoszan","previousOperationId":"fyuahqcl77qv2u4"}
{"type":"operationEnd","operationId":"fyuahqcl77qv2u4","timestamp":1705005379516,"id":"p98q8yi9nrilmwz","previousEventId":"li9a51324h5ni3j","previousOperationId":"4exxtrw1lrw2v0y"}
{"type":"operationEnd","operationId":"efwihptn45ewei3","timestamp":1705005379516,"id":"pfd1j0ubpw2obu3","previousEventId":"p98q8yi9nrilmwz","previousOperationId":"4exxtrw1lrw2v0y"}
{"type":"log","timestamp":1705005379516,"level":"debug","message":"Base url not specified, skipping its injection.","meta":{"rootId":"9ps3zydnmscth6e","id":"9ps3zydnmscth6e"},"id":"u2xdzrwjygu9u49","previousOperationId":"efwihptn45ewei3"}
{"type":"operationStart","subtype":"engine","name":"handlebars","timestamp":1705005379516,"id":"bk8hhmy6np3t3l0","previousEventId":"pfd1j0ubpw2obu3","operationId":"zp7azj9p1pn5c0j","previousOperationId":"efwihptn45ewei3"}
{"type":"log","timestamp":1705005379517,"level":"debug","message":"Rendering engine handlebars","meta":{"rootId":"9ps3zydnmscth6e","id":"9ps3zydnmscth6e"},"id":"g2tcvk7dxtw21fc","previousOperationId":"zp7azj9p1pn5c0j"}
{"type":"operationEnd","operationId":"zp7azj9p1pn5c0j","timestamp":1705005379538,"id":"ta8v03y659bcjvq","previousEventId":"bk8hhmy6np3t3l0","previousOperationId":"zp7azj9p1pn5c0j"}
{"type":"operationStart","subtype":"recipe","name":"chrome-pdf","timestamp":1705005379538,"id":"79fzfxsighda5do","previousEventId":"ta8v03y659bcjvq","operationId":"gfozyccwh32cilk","previousOperationId":"zp7azj9p1pn5c0j"}
{"type":"log","timestamp":1705005379538,"level":"debug","message":"Executing recipe chrome-pdf","meta":{"rootId":"9ps3zydnmscth6e","id":"9ps3zydnmscth6e"},"id":"6az1lggz8om45rw","previousOperationId":"gfozyccwh32cilk"}
{"type":"log","timestamp":1705005379541,"level":"debug","message":"Converting with chrome HeadlessChrome/117.0.5938.149 using chrome-pool strategy","meta":{"rootId":"9ps3zydnmscth6e","id":"9ps3zydnmscth6e"},"id":"ry0b6jyen6xhe2i","previousOperationId":"gfozyccwh32cilk"}
{"type":"log","timestamp":1705005379658,"level":"debug","message":"Page request: GET (document) file:///C:/Users/ratha/AppData/Local/Temp/jsreport/autocleanup/169037e9-756f-4af4-ae8c-1803bcc22e40-chrome-pdf.html","meta":{"rootId":"9ps3zydnmscth6e","id":"9ps3zydnmscth6e"},"id":"iucjbi84jb9g8ab","previousOperationId":"gfozyccwh32cilk"}
{"type":"log","timestamp":1705005379668,"level":"debug","message":"Page request finished: GET (document) 200 file:///C:/Users/ratha/AppData/Local/Temp/jsreport/autocleanup/169037e9-756f-4af4-ae8c-1803bcc22e40-chrome-pdf.html","meta":{"rootId":"9ps3zydnmscth6e","id":"9ps3zydnmscth6e"},"id":"ngnriruumyacc29","previousOperationId":"gfozyccwh32cilk"}
{"type":"log","timestamp":1705005379677,"level":"debug","message":"Running chrome with params {\"printBackground\":true,\"timeout\":59923,\"margin\":{}}","meta":{"rootId":"9ps3zydnmscth6e","id":"9ps3zydnmscth6e"},"id":"f0dnos32iq3bgvp","previousOperationId":"gfozyccwh32cilk"}
{"type":"operationEnd","operationId":"gfozyccwh32cilk","timestamp":1705005379713,"id":"68qmua98qz76wnh","previousEventId":"79fzfxsighda5do","previousOperationId":"gfozyccwh32cilk"}
{"type":"log","timestamp":1705005379713,"level":"debug","message":"Skipping storing report.","meta":{"rootId":"9ps3zydnmscth6e","id":"9ps3zydnmscth6e"},"id":"yzumzq1j0mjznua","previousOperationId":"gfozyccwh32cilk"}
{"type":"log","timestamp":1705005379713,"level":"info","message":"Rendering request 7 finished in 250 ms","meta":{"rootId":"9ps3zydnmscth6e","id":"9ps3zydnmscth6e"},"id":"uyid8etgopywusj","previousOperationId":"gfozyccwh32cilk"}
{"type":"operationEnd","subtype":"render","operationId":"4exxtrw1lrw2v0y","timestamp":1705005379714,"id":"jjujuowmc3sldny","previousEventId":"68qmua98qz76wnh","previousOperationId":"gfozyccwh32cilk"}
{"type":"operationEnd","doDiffs":false,"previousEventId":"dwe47mll44dxqna","previousOperationId":"wsf3pui6bl82ysq","operationId":"wsf3pui6bl82ysq","timestamp":1705005379720,"id":"cigmf6djddn22cv"}
