{"type":"operationStart","subtype":"profile","data":{"_id":"TMaOZT4j6SO7xHIM","timestamp":"2024-01-12T15:56:38.696Z","state":"queued","mode":"standard","creationDate":"2024-01-12T15:56:38.700Z","modificationDate":"2024-01-12T15:56:38.700Z","shortid":"7vqV-bp","$entitySet":"profiles"},"doDiffs":false,"timestamp":1705074998698,"id":"73jg932e1dyt9g5","previousOperationId":null,"operationId":"ogt693lgvpry7ed"}
{"type":"log","level":"info","message":"Render request 23 queued for execution and waiting for available worker","previousOperationId":"ogt693lgvpry7ed","timestamp":1705074998699,"id":"4bs6yzsrbod3zow"}
{"type":"operationStart","subtype":"render","name":"reports-main","previousOperationId":"ogt693lgvpry7ed","timestamp":1705074998709,"id":"vlbcq4g2zs0sofv","previousEventId":"73jg932e1dyt9g5","operationId":"4wpg16d8vxgru0c"}
{"type":"log","timestamp":1705074998709,"level":"info","message":"Starting rendering request 23","meta":{"rootId":"a5wbisxlsh06968","id":"a5wbisxlsh06968"},"id":"bkca13xzfbyts19","previousOperationId":"4wpg16d8vxgru0c"}
{"type":"log","timestamp":1705074998709,"level":"info","message":"Rendering template { name: reports-main, recipe: chrome-pdf, engine: handlebars, preview: true }","meta":{"rootId":"a5wbisxlsh06968","id":"a5wbisxlsh06968"},"id":"fm56wobp82b2iai","previousOperationId":"4wpg16d8vxgru0c"}
{"type":"log","timestamp":1705074998710,"level":"debug","message":"Data item not defined for this template.","meta":{"rootId":"a5wbisxlsh06968","id":"a5wbisxlsh06968"},"id":"bj8yuuq51wp0nt5","previousOperationId":"4wpg16d8vxgru0c"}
{"type":"log","timestamp":1705074998713,"level":"debug","message":"Executing script reports-script (beforeRender)","meta":{"rootId":"a5wbisxlsh06968","id":"a5wbisxlsh06968"},"id":"qkkfgrd75jo4zzk","previousOperationId":"4wpg16d8vxgru0c"}
{"type":"operationStart","subtype":"scriptsBeforeRender","name":"scripts beforeRender","timestamp":1705074998738,"id":"jpv2ms18g8hzh9k","previousEventId":"vlbcq4g2zs0sofv","operationId":"h1qwa7cg9w6yg9p","previousOperationId":"4wpg16d8vxgru0c"}
{"type":"operationStart","subtype":"script","name":"scripts reports-script","previousOperationId":"h1qwa7cg9w6yg9p","timestamp":1705074998738,"id":"5cqkgdfvtnsl2oy","previousEventId":"jpv2ms18g8hzh9k","operationId":"mbayxa1w8rr5yli"}
{"type":"log","timestamp":1705074998750,"level":"debug","message":"(console:log) [\n  {\n    id: 1,\n    number: 2,\n    firstStop: 'C',\n    lastStop: 'D',\n    createdAt: '2023-12-01T17:35:52.000Z',\n    updatedAt: '2023-12-12T20:01:36.000Z'\n  },\n  {\n    id: 2,\n    number: 66,\n    firstStop: 'TF',\n    lastStop: 'VG',\n    createdAt: '2023-12-01T19:20:40.000Z',\n    updatedAt: '2023-12-01T19:20:40.000Z'\n  },\n  {\n    id: 3,\n    number: 69,\n    firstStop: 'Si',\n    lastStop: 'No',\n    createdAt: '2023-12-04T17:13:35.000Z',\n    updatedAt: '2023-12-04T17:13:35.000Z'\n  },\n  {\n    id: 4,\n    number: 22,\n    firstStop: 'FG',\n    lastStop: 'DF',\n    createdAt: '2023-12-08T18:39:03.000Z',\n    updatedAt: '2023-12-08T18:39:03.000Z'\n  },\n  {\n    id: 5,\n    number: 1,\n    firstStop: 'A',\n    lastStop: 'B',\n    createdAt: '2023-12-12T19:54:23.000Z',\n    updatedAt: '2023-12-12T19:54:23.000Z'\n  }\n]","meta":{"userLevel":true,"rootId":"a5wbisxlsh06968","id":"a5wbisxlsh06968"},"id":"oic99ljcf3vjzfn","previousOperationId":"mbayxa1w8rr5yli"}
{"type":"log","timestamp":1705074998758,"level":"debug","message":"(console:log) [\n  {\n    id: 20,\n    Location: '11',\n    idLine: 3,\n    filename: 'image-1705074935530.jpg',\n    createdAt: '2024-01-12T15:55:35.000Z',\n    updatedAt: '2024-01-12T15:55:35.000Z'\n  },\n  {\n    id: 21,\n    Location: '22',\n    idLine: 3,\n    filename: 'image-1705074941717.jpg',\n    createdAt: '2024-01-12T15:55:41.000Z',\n    updatedAt: '2024-01-12T15:55:41.000Z'\n  },\n  {\n    id: 22,\n    Location: '33',\n    idLine: 3,\n    filename: 'image-1705074960193.jpg',\n    createdAt: '2024-01-12T15:56:00.000Z',\n    updatedAt: '2024-01-12T15:56:00.000Z'\n  }\n]","meta":{"userLevel":true,"rootId":"a5wbisxlsh06968","id":"a5wbisxlsh06968"},"id":"t65vkr7gq7kes43","previousOperationId":"mbayxa1w8rr5yli"}
{"type":"operationEnd","operationId":"mbayxa1w8rr5yli","timestamp":1705074998758,"id":"mtu7kotjpwlztdu","previousEventId":"vlbcq4g2zs0sofv","previousOperationId":"4wpg16d8vxgru0c"}
{"type":"operationEnd","operationId":"h1qwa7cg9w6yg9p","timestamp":1705074998758,"id":"enabosjvvvpjp7v","previousEventId":"mtu7kotjpwlztdu","previousOperationId":"4wpg16d8vxgru0c"}
{"type":"log","timestamp":1705074998758,"level":"debug","message":"Base url not specified, skipping its injection.","meta":{"rootId":"a5wbisxlsh06968","id":"a5wbisxlsh06968"},"id":"4cyvnf8twcufa9z","previousOperationId":"h1qwa7cg9w6yg9p"}
{"type":"operationStart","subtype":"engine","name":"handlebars","timestamp":1705074998758,"id":"t6eu4bceyemscic","previousEventId":"enabosjvvvpjp7v","operationId":"5ynmvxa2h1874b3","previousOperationId":"h1qwa7cg9w6yg9p"}
{"type":"log","timestamp":1705074998758,"level":"debug","message":"Rendering engine handlebars","meta":{"rootId":"a5wbisxlsh06968","id":"a5wbisxlsh06968"},"id":"mxx3qtcoj6h1t3v","previousOperationId":"5ynmvxa2h1874b3"}
{"type":"operationEnd","operationId":"5ynmvxa2h1874b3","timestamp":1705074998773,"id":"zycz93z5x5z7o5c","previousEventId":"t6eu4bceyemscic","previousOperationId":"5ynmvxa2h1874b3"}
{"type":"operationStart","subtype":"recipe","name":"chrome-pdf","timestamp":1705074998773,"id":"0hudu88gu4e5g40","previousEventId":"zycz93z5x5z7o5c","operationId":"j742kwlaxg18mv8","previousOperationId":"5ynmvxa2h1874b3"}
{"type":"log","timestamp":1705074998773,"level":"debug","message":"Executing recipe chrome-pdf","meta":{"rootId":"a5wbisxlsh06968","id":"a5wbisxlsh06968"},"id":"tqm85tugdrj6ui0","previousOperationId":"j742kwlaxg18mv8"}
{"type":"log","timestamp":1705074998775,"level":"debug","message":"Converting with chrome HeadlessChrome/117.0.5938.149 using chrome-pool strategy","meta":{"rootId":"a5wbisxlsh06968","id":"a5wbisxlsh06968"},"id":"h5fno3pmfgnwdgc","previousOperationId":"j742kwlaxg18mv8"}
{"type":"log","timestamp":1705074998897,"level":"debug","message":"Page request: GET (document) file:///C:/Users/ratha/AppData/Local/Temp/jsreport/autocleanup/b89dd538-be24-43b6-8e41-e46dc5cad6b0-chrome-pdf.html","meta":{"rootId":"a5wbisxlsh06968","id":"a5wbisxlsh06968"},"id":"5qc13f5i5s7i4m7","previousOperationId":"j742kwlaxg18mv8"}
{"type":"log","timestamp":1705074998907,"level":"debug","message":"Page request finished: GET (document) 200 file:///C:/Users/ratha/AppData/Local/Temp/jsreport/autocleanup/b89dd538-be24-43b6-8e41-e46dc5cad6b0-chrome-pdf.html","meta":{"rootId":"a5wbisxlsh06968","id":"a5wbisxlsh06968"},"id":"tt2sobri19e4nh0","previousOperationId":"j742kwlaxg18mv8"}
{"type":"log","timestamp":1705074998916,"level":"debug","message":"Running chrome with params {\"printBackground\":true,\"timeout\":59922,\"margin\":{}}","meta":{"rootId":"a5wbisxlsh06968","id":"a5wbisxlsh06968"},"id":"epa19r40bgtkgz1","previousOperationId":"j742kwlaxg18mv8"}
{"type":"operationEnd","operationId":"j742kwlaxg18mv8","timestamp":1705074998954,"id":"44e1br34monad3w","previousEventId":"0hudu88gu4e5g40","previousOperationId":"j742kwlaxg18mv8"}
{"type":"log","timestamp":1705074998954,"level":"debug","message":"Skipping storing report.","meta":{"rootId":"a5wbisxlsh06968","id":"a5wbisxlsh06968"},"id":"gcd98u29lwa4e1i","previousOperationId":"j742kwlaxg18mv8"}
{"type":"log","timestamp":1705074998954,"level":"info","message":"Rendering request 23 finished in 258 ms","meta":{"rootId":"a5wbisxlsh06968","id":"a5wbisxlsh06968"},"id":"jjpmvyqhq2todj7","previousOperationId":"j742kwlaxg18mv8"}
{"type":"operationEnd","subtype":"render","operationId":"4wpg16d8vxgru0c","timestamp":1705074998954,"id":"3gn6wf5f6cpuhgg","previousEventId":"44e1br34monad3w","previousOperationId":"j742kwlaxg18mv8"}
{"type":"operationEnd","doDiffs":false,"previousEventId":"73jg932e1dyt9g5","previousOperationId":"ogt693lgvpry7ed","operationId":"ogt693lgvpry7ed","timestamp":1705074998960,"id":"4xbg4qfdwbzip9i"}
