{"type":"operationStart","subtype":"profile","data":{"_id":"NZ8Gcuo5KqqLAC0f","timestamp":"2024-01-12T15:35:52.365Z","state":"queued","mode":"standard","creationDate":"2024-01-12T15:35:52.368Z","modificationDate":"2024-01-12T15:35:52.368Z","shortid":"p4mV0Pk","$entitySet":"profiles"},"doDiffs":false,"timestamp":1705073752366,"id":"l8ci9305zobhshm","previousOperationId":null,"operationId":"omuny7fx0c2t0g6"}
{"type":"log","level":"info","message":"Render request 16 queued for execution and waiting for available worker","previousOperationId":"omuny7fx0c2t0g6","timestamp":1705073752367,"id":"5zrbtuv529pgtwb"}
{"type":"operationStart","subtype":"render","name":"reports-main","previousOperationId":"omuny7fx0c2t0g6","timestamp":1705073752388,"id":"42lhs1cdn3uuhjk","previousEventId":"l8ci9305zobhshm","operationId":"belh62dpc3igb5p"}
{"type":"log","timestamp":1705073752391,"level":"info","message":"Starting rendering request 16","meta":{"rootId":"aullkyb4r1go58v","id":"aullkyb4r1go58v"},"id":"phj7k00dobkcrz3","previousOperationId":"belh62dpc3igb5p"}
{"type":"log","timestamp":1705073752394,"level":"info","message":"Rendering template { name: reports-main, recipe: chrome-pdf, engine: handlebars, preview: true }","meta":{"rootId":"aullkyb4r1go58v","id":"aullkyb4r1go58v"},"id":"274wm8417vq8mqq","previousOperationId":"belh62dpc3igb5p"}
{"type":"log","timestamp":1705073752399,"level":"debug","message":"Data item not defined for this template.","meta":{"rootId":"aullkyb4r1go58v","id":"aullkyb4r1go58v"},"id":"5zrk9aae5gz5y5z","previousOperationId":"belh62dpc3igb5p"}
{"type":"log","timestamp":1705073752406,"level":"debug","message":"Executing script reports-script (beforeRender)","meta":{"rootId":"aullkyb4r1go58v","id":"aullkyb4r1go58v"},"id":"d0bbytc3nnoxhzp","previousOperationId":"belh62dpc3igb5p"}
{"type":"operationStart","subtype":"scriptsBeforeRender","name":"scripts beforeRender","timestamp":1705073753110,"id":"hzprkku4thqrzoc","previousEventId":"42lhs1cdn3uuhjk","operationId":"haa4dh2zyttfkf9","previousOperationId":"belh62dpc3igb5p"}
{"type":"operationStart","subtype":"script","name":"scripts reports-script","previousOperationId":"haa4dh2zyttfkf9","timestamp":1705073753110,"id":"tnd44fxkv8qa5jf","previousEventId":"hzprkku4thqrzoc","operationId":"sp9lhr27p4ohgu3"}
{"type":"log","timestamp":1705073753182,"level":"debug","message":"(console:log) [\n  {\n    id: 1,\n    number: 2,\n    firstStop: 'C',\n    lastStop: 'D',\n    createdAt: '2023-12-01T17:35:52.000Z',\n    updatedAt: '2023-12-12T20:01:36.000Z'\n  },\n  {\n    id: 2,\n    number: 66,\n    firstStop: 'TF',\n    lastStop: 'VG',\n    createdAt: '2023-12-01T19:20:40.000Z',\n    updatedAt: '2023-12-01T19:20:40.000Z'\n  },\n  {\n    id: 3,\n    number: 69,\n    firstStop: 'Si',\n    lastStop: 'No',\n    createdAt: '2023-12-04T17:13:35.000Z',\n    updatedAt: '2023-12-04T17:13:35.000Z'\n  },\n  {\n    id: 4,\n    number: 22,\n    firstStop: 'FG',\n    lastStop: 'DF',\n    createdAt: '2023-12-08T18:39:03.000Z',\n    updatedAt: '2023-12-08T18:39:03.000Z'\n  },\n  {\n    id: 5,\n    number: 1,\n    firstStop: 'A',\n    lastStop: 'B',\n    createdAt: '2023-12-12T19:54:23.000Z',\n    updatedAt: '2023-12-12T19:54:23.000Z'\n  }\n]","meta":{"userLevel":true,"rootId":"aullkyb4r1go58v","id":"aullkyb4r1go58v"},"id":"dzs8c1h90ycxs2v","previousOperationId":"sp9lhr27p4ohgu3"}
{"type":"log","timestamp":1705073753197,"level":"debug","message":"(console:log) [\n  {\n    id: 14,\n    Location: 'ss',\n    idLine: 1,\n    filename: 'image-1701457483207.jpg',\n    createdAt: '2023-12-01T19:04:43.000Z',\n    updatedAt: '2023-12-01T19:04:43.000Z'\n  },\n  {\n    id: 17,\n    Location: 'Si',\n    idLine: 1,\n    filename: 'image-1702411966104.jpg',\n    createdAt: '2023-12-12T20:12:46.000Z',\n    updatedAt: '2023-12-12T20:12:46.000Z'\n  }\n]","meta":{"userLevel":true,"rootId":"aullkyb4r1go58v","id":"aullkyb4r1go58v"},"id":"j4yixo2byxsgyt1","previousOperationId":"sp9lhr27p4ohgu3"}
{"type":"operationEnd","operationId":"sp9lhr27p4ohgu3","timestamp":1705073753199,"id":"bu88pp89lf45wz6","previousEventId":"42lhs1cdn3uuhjk","previousOperationId":"belh62dpc3igb5p"}
{"type":"operationEnd","operationId":"haa4dh2zyttfkf9","timestamp":1705073753200,"id":"8q3vu1xmyyzl4v3","previousEventId":"bu88pp89lf45wz6","previousOperationId":"belh62dpc3igb5p"}
{"type":"log","timestamp":1705073753200,"level":"debug","message":"Base url not specified, skipping its injection.","meta":{"rootId":"aullkyb4r1go58v","id":"aullkyb4r1go58v"},"id":"22vf6rkl0r0icmv","previousOperationId":"haa4dh2zyttfkf9"}
{"type":"operationStart","subtype":"engine","name":"handlebars","timestamp":1705073753201,"id":"lui94gwdagy38fh","previousEventId":"8q3vu1xmyyzl4v3","operationId":"w39lyvd6uxczvtm","previousOperationId":"haa4dh2zyttfkf9"}
{"type":"log","timestamp":1705073753201,"level":"debug","message":"Rendering engine handlebars","meta":{"rootId":"aullkyb4r1go58v","id":"aullkyb4r1go58v"},"id":"zbtzbka11sbyl8h","previousOperationId":"w39lyvd6uxczvtm"}
{"type":"operationEnd","operationId":"w39lyvd6uxczvtm","timestamp":1705073753854,"id":"xxyntdyt7xcc22h","previousEventId":"lui94gwdagy38fh","previousOperationId":"w39lyvd6uxczvtm"}
{"type":"operationStart","subtype":"recipe","name":"chrome-pdf","timestamp":1705073753856,"id":"7zh2ondg2crlwtp","previousEventId":"xxyntdyt7xcc22h","operationId":"o2gx0tw3ui056uy","previousOperationId":"w39lyvd6uxczvtm"}
{"type":"log","timestamp":1705073753856,"level":"debug","message":"Executing recipe chrome-pdf","meta":{"rootId":"aullkyb4r1go58v","id":"aullkyb4r1go58v"},"id":"x4s47knna28atro","previousOperationId":"o2gx0tw3ui056uy"}
{"type":"log","timestamp":1705073755242,"level":"debug","message":"Converting with chrome HeadlessChrome/117.0.5938.149 using chrome-pool strategy","meta":{"rootId":"aullkyb4r1go58v","id":"aullkyb4r1go58v"},"id":"dru8ii8wvgqh1l8","previousOperationId":"o2gx0tw3ui056uy"}
{"type":"log","timestamp":1705073755528,"level":"debug","message":"Page request: GET (document) file:///C:/Users/ratha/AppData/Local/Temp/jsreport/autocleanup/e7a85f89-f154-4455-aa6d-ddfdd7928e86-chrome-pdf.html","meta":{"rootId":"aullkyb4r1go58v","id":"aullkyb4r1go58v"},"id":"hf3oech5a2yrkzg","previousOperationId":"o2gx0tw3ui056uy"}
{"type":"log","timestamp":1705073755550,"level":"debug","message":"Page request finished: GET (document) 200 file:///C:/Users/ratha/AppData/Local/Temp/jsreport/autocleanup/e7a85f89-f154-4455-aa6d-ddfdd7928e86-chrome-pdf.html","meta":{"rootId":"aullkyb4r1go58v","id":"aullkyb4r1go58v"},"id":"zjfzvh4nc6w455i","previousOperationId":"o2gx0tw3ui056uy"}
{"type":"log","timestamp":1705073755568,"level":"debug","message":"Running chrome with params {\"printBackground\":true,\"timeout\":57466,\"margin\":{}}","meta":{"rootId":"aullkyb4r1go58v","id":"aullkyb4r1go58v"},"id":"b2q3hbiq688s2pm","previousOperationId":"o2gx0tw3ui056uy"}
{"type":"operationEnd","operationId":"o2gx0tw3ui056uy","timestamp":1705073755650,"id":"kfw2odh95tunhnm","previousEventId":"7zh2ondg2crlwtp","previousOperationId":"o2gx0tw3ui056uy"}
{"type":"log","timestamp":1705073755652,"level":"debug","message":"Skipping storing report.","meta":{"rootId":"aullkyb4r1go58v","id":"aullkyb4r1go58v"},"id":"m9aquh2gqbqi6k5","previousOperationId":"o2gx0tw3ui056uy"}
{"type":"log","timestamp":1705073755652,"level":"info","message":"Rendering request 16 finished in 3287 ms","meta":{"rootId":"aullkyb4r1go58v","id":"aullkyb4r1go58v"},"id":"wrcxgyaf31hknt2","previousOperationId":"o2gx0tw3ui056uy"}
{"type":"operationEnd","subtype":"render","operationId":"belh62dpc3igb5p","timestamp":1705073755652,"id":"opeuj9gau7xf3sz","previousEventId":"kfw2odh95tunhnm","previousOperationId":"o2gx0tw3ui056uy"}
{"type":"operationEnd","doDiffs":false,"previousEventId":"l8ci9305zobhshm","previousOperationId":"omuny7fx0c2t0g6","operationId":"omuny7fx0c2t0g6","timestamp":1705073755664,"id":"1q4epi5ufoc2o5i"}
