{"type":"operationStart","subtype":"profile","data":{"_id":"NGlkILgrh16Sjhw6","timestamp":"2024-01-12T15:57:33.427Z","state":"queued","mode":"standard","creationDate":"2024-01-12T15:57:33.429Z","modificationDate":"2024-01-12T15:57:33.429Z","shortid":"_Ks7kDq","$entitySet":"profiles"},"doDiffs":false,"timestamp":1705075053428,"id":"3n4ab1qk44sn8y4","previousOperationId":null,"operationId":"5xrkr74qiat0fl2"}
{"type":"log","level":"info","message":"Render request 26 queued for execution and waiting for available worker","previousOperationId":"5xrkr74qiat0fl2","timestamp":1705075053429,"id":"1l9kjkreq1s12sy"}
{"type":"operationStart","subtype":"render","name":"reports-main","previousOperationId":"5xrkr74qiat0fl2","timestamp":1705075053438,"id":"pnw055dl6ryb5kb","previousEventId":"3n4ab1qk44sn8y4","operationId":"3ahs492xrn78zbd"}
{"type":"log","timestamp":1705075053438,"level":"info","message":"Starting rendering request 26","meta":{"rootId":"b0xmcgdhn3cpyko","id":"b0xmcgdhn3cpyko"},"id":"z74d1idhmbdxn6l","previousOperationId":"3ahs492xrn78zbd"}
{"type":"log","timestamp":1705075053439,"level":"info","message":"Rendering template { name: reports-main, recipe: chrome-pdf, engine: handlebars, preview: true }","meta":{"rootId":"b0xmcgdhn3cpyko","id":"b0xmcgdhn3cpyko"},"id":"q5r2xseedm13i1q","previousOperationId":"3ahs492xrn78zbd"}
{"type":"log","timestamp":1705075053442,"level":"debug","message":"Data item not defined for this template.","meta":{"rootId":"b0xmcgdhn3cpyko","id":"b0xmcgdhn3cpyko"},"id":"ythqrtswc09c8if","previousOperationId":"3ahs492xrn78zbd"}
{"type":"log","timestamp":1705075053444,"level":"debug","message":"Executing script reports-script (beforeRender)","meta":{"rootId":"b0xmcgdhn3cpyko","id":"b0xmcgdhn3cpyko"},"id":"zx03hnrz1h6mh59","previousOperationId":"3ahs492xrn78zbd"}
{"type":"operationStart","subtype":"scriptsBeforeRender","name":"scripts beforeRender","timestamp":1705075053458,"id":"g7v2wr2tn36w5wx","previousEventId":"pnw055dl6ryb5kb","operationId":"3jxve03zmb8fljh","previousOperationId":"3ahs492xrn78zbd"}
{"type":"operationStart","subtype":"script","name":"scripts reports-script","previousOperationId":"3jxve03zmb8fljh","timestamp":1705075053458,"id":"3lu0yqjjzku2gpk","previousEventId":"g7v2wr2tn36w5wx","operationId":"z7af6ej7tz3d0tl"}
{"type":"log","timestamp":1705075053468,"level":"debug","message":"(console:log) [\n  {\n    id: 1,\n    number: 2,\n    firstStop: 'C',\n    lastStop: 'D',\n    createdAt: '2023-12-01T17:35:52.000Z',\n    updatedAt: '2023-12-12T20:01:36.000Z'\n  },\n  {\n    id: 2,\n    number: 66,\n    firstStop: 'TF',\n    lastStop: 'VG',\n    createdAt: '2023-12-01T19:20:40.000Z',\n    updatedAt: '2023-12-01T19:20:40.000Z'\n  },\n  {\n    id: 3,\n    number: 69,\n    firstStop: 'Si',\n    lastStop: 'No',\n    createdAt: '2023-12-04T17:13:35.000Z',\n    updatedAt: '2023-12-04T17:13:35.000Z'\n  },\n  {\n    id: 4,\n    number: 22,\n    firstStop: 'FG',\n    lastStop: 'DF',\n    createdAt: '2023-12-08T18:39:03.000Z',\n    updatedAt: '2023-12-08T18:39:03.000Z'\n  },\n  {\n    id: 5,\n    number: 1,\n    firstStop: 'A',\n    lastStop: 'B',\n    createdAt: '2023-12-12T19:54:23.000Z',\n    updatedAt: '2023-12-12T19:54:23.000Z'\n  }\n]","meta":{"userLevel":true,"rootId":"b0xmcgdhn3cpyko","id":"b0xmcgdhn3cpyko"},"id":"2khte6lf0svgw9z","previousOperationId":"z7af6ej7tz3d0tl"}
{"type":"log","timestamp":1705075053475,"level":"debug","message":"(console:log) [\n  {\n    id: 20,\n    Location: '11',\n    idLine: 3,\n    filename: 'image-1705074935530.jpg',\n    createdAt: '2024-01-12T15:55:35.000Z',\n    updatedAt: '2024-01-12T15:55:35.000Z'\n  },\n  {\n    id: 21,\n    Location: '22',\n    idLine: 3,\n    filename: 'image-1705074941717.jpg',\n    createdAt: '2024-01-12T15:55:41.000Z',\n    updatedAt: '2024-01-12T15:55:41.000Z'\n  },\n  {\n    id: 22,\n    Location: '33',\n    idLine: 3,\n    filename: 'image-1705074960193.jpg',\n    createdAt: '2024-01-12T15:56:00.000Z',\n    updatedAt: '2024-01-12T15:56:00.000Z'\n  }\n]","meta":{"userLevel":true,"rootId":"b0xmcgdhn3cpyko","id":"b0xmcgdhn3cpyko"},"id":"50btv0b01vvtm4n","previousOperationId":"z7af6ej7tz3d0tl"}
{"type":"operationEnd","operationId":"z7af6ej7tz3d0tl","timestamp":1705075053475,"id":"ol6yh65m4u68m6d","previousEventId":"pnw055dl6ryb5kb","previousOperationId":"3ahs492xrn78zbd"}
{"type":"operationEnd","operationId":"3jxve03zmb8fljh","timestamp":1705075053475,"id":"h7tiso1i9e9gucu","previousEventId":"ol6yh65m4u68m6d","previousOperationId":"3ahs492xrn78zbd"}
{"type":"log","timestamp":1705075053475,"level":"debug","message":"Base url not specified, skipping its injection.","meta":{"rootId":"b0xmcgdhn3cpyko","id":"b0xmcgdhn3cpyko"},"id":"sbfq29iyol0m14n","previousOperationId":"3jxve03zmb8fljh"}
{"type":"operationStart","subtype":"engine","name":"handlebars","timestamp":1705075053475,"id":"lf8gn8dliuhiyf8","previousEventId":"h7tiso1i9e9gucu","operationId":"bys918h6j85x0qr","previousOperationId":"3jxve03zmb8fljh"}
{"type":"log","timestamp":1705075053476,"level":"debug","message":"Rendering engine handlebars","meta":{"rootId":"b0xmcgdhn3cpyko","id":"b0xmcgdhn3cpyko"},"id":"uy05kldjj1o4eel","previousOperationId":"bys918h6j85x0qr"}
{"type":"operationEnd","operationId":"bys918h6j85x0qr","timestamp":1705075053493,"id":"gnsh1ao63w4mft5","previousEventId":"lf8gn8dliuhiyf8","previousOperationId":"bys918h6j85x0qr"}
{"type":"operationStart","subtype":"recipe","name":"chrome-pdf","timestamp":1705075053493,"id":"bwusq1l136i1vrm","previousEventId":"gnsh1ao63w4mft5","operationId":"hrtc1jq2ifszmyq","previousOperationId":"bys918h6j85x0qr"}
{"type":"log","timestamp":1705075053493,"level":"debug","message":"Executing recipe chrome-pdf","meta":{"rootId":"b0xmcgdhn3cpyko","id":"b0xmcgdhn3cpyko"},"id":"2ep5h2hjnmx156u","previousOperationId":"hrtc1jq2ifszmyq"}
{"type":"log","timestamp":1705075053495,"level":"debug","message":"Converting with chrome HeadlessChrome/117.0.5938.149 using chrome-pool strategy","meta":{"rootId":"b0xmcgdhn3cpyko","id":"b0xmcgdhn3cpyko"},"id":"s1vy65jzi52lrx3","previousOperationId":"hrtc1jq2ifszmyq"}
{"type":"log","timestamp":1705075053630,"level":"debug","message":"Page request: GET (document) file:///C:/Users/ratha/AppData/Local/Temp/jsreport/autocleanup/e3b59eb4-cff0-4bf6-b043-c80cd648920a-chrome-pdf.html","meta":{"rootId":"b0xmcgdhn3cpyko","id":"b0xmcgdhn3cpyko"},"id":"l45s0uzhivsbs3o","previousOperationId":"hrtc1jq2ifszmyq"}
{"type":"log","timestamp":1705075053640,"level":"debug","message":"Page request finished: GET (document) 200 file:///C:/Users/ratha/AppData/Local/Temp/jsreport/autocleanup/e3b59eb4-cff0-4bf6-b043-c80cd648920a-chrome-pdf.html","meta":{"rootId":"b0xmcgdhn3cpyko","id":"b0xmcgdhn3cpyko"},"id":"4l9ukdnfz1mb3rp","previousOperationId":"hrtc1jq2ifszmyq"}
{"type":"log","timestamp":1705075053648,"level":"debug","message":"Running chrome with params {\"printBackground\":true,\"timeout\":59932,\"margin\":{}}","meta":{"rootId":"b0xmcgdhn3cpyko","id":"b0xmcgdhn3cpyko"},"id":"o75u2m1cr690i0n","previousOperationId":"hrtc1jq2ifszmyq"}
{"type":"operationEnd","operationId":"hrtc1jq2ifszmyq","timestamp":1705075053695,"id":"xnafkwbb7ywaaf9","previousEventId":"bwusq1l136i1vrm","previousOperationId":"hrtc1jq2ifszmyq"}
{"type":"log","timestamp":1705075053695,"level":"debug","message":"Skipping storing report.","meta":{"rootId":"b0xmcgdhn3cpyko","id":"b0xmcgdhn3cpyko"},"id":"8owrf5m7cqr934u","previousOperationId":"hrtc1jq2ifszmyq"}
{"type":"log","timestamp":1705075053695,"level":"info","message":"Rendering request 26 finished in 268 ms","meta":{"rootId":"b0xmcgdhn3cpyko","id":"b0xmcgdhn3cpyko"},"id":"8cpabtgxy7adlb4","previousOperationId":"hrtc1jq2ifszmyq"}
{"type":"operationEnd","subtype":"render","operationId":"3ahs492xrn78zbd","timestamp":1705075053695,"id":"soepdvpsbuimttl","previousEventId":"xnafkwbb7ywaaf9","previousOperationId":"hrtc1jq2ifszmyq"}
{"type":"operationEnd","doDiffs":false,"previousEventId":"3n4ab1qk44sn8y4","previousOperationId":"5xrkr74qiat0fl2","operationId":"5xrkr74qiat0fl2","timestamp":1705075053699,"id":"binvhv12rj0sktp"}
