{"type":"operationStart","subtype":"profile","data":{"_id":"afR4As3sFFM3SymG","timestamp":"2024-01-11T15:21:53.737Z","state":"queued","mode":"standard","creationDate":"2024-01-11T15:21:53.742Z","modificationDate":"2024-01-11T15:21:53.742Z","shortid":"bs5-eY1","$entitySet":"profiles"},"doDiffs":false,"timestamp":1704986513741,"id":"kmyr89lqvavycxb","previousOperationId":null,"operationId":"7zozg3m3t2ntftu"}
{"type":"log","level":"info","message":"Render request 8 queued for execution and waiting for available worker","previousOperationId":"7zozg3m3t2ntftu","timestamp":1704986513741,"id":"zq0jffsuxssjqte"}
{"type":"operationStart","subtype":"render","name":"reports-main","previousOperationId":"7zozg3m3t2ntftu","timestamp":1704986513768,"id":"uzqdgtbdna6t7rm","previousEventId":"kmyr89lqvavycxb","operationId":"wn2g13j1csxr3fd"}
{"type":"log","timestamp":1704986513770,"level":"info","message":"Starting rendering request 8","meta":{"rootId":"b9madxa646vzm2u","id":"b9madxa646vzm2u"},"id":"ap1r32ofnjaetxr","previousOperationId":"wn2g13j1csxr3fd"}
{"type":"log","timestamp":1704986513773,"level":"info","message":"Rendering template { name: reports-main, recipe: chrome-pdf, engine: handlebars, preview: true }","meta":{"rootId":"b9madxa646vzm2u","id":"b9madxa646vzm2u"},"id":"1novx7nfhq20ics","previousOperationId":"wn2g13j1csxr3fd"}
{"type":"log","timestamp":1704986513777,"level":"debug","message":"Inline data specified.","meta":{"rootId":"b9madxa646vzm2u","id":"b9madxa646vzm2u"},"id":"j0l4ieh2k56q3kn","previousOperationId":"wn2g13j1csxr3fd"}
{"type":"log","timestamp":1704986513783,"level":"debug","message":"Executing script reports-script (beforeRender)","meta":{"rootId":"b9madxa646vzm2u","id":"b9madxa646vzm2u"},"id":"80lyor5z47opl13","previousOperationId":"wn2g13j1csxr3fd"}
{"type":"operationStart","subtype":"scriptsBeforeRender","name":"scripts beforeRender","timestamp":1704986514279,"id":"uaeg5s8b700stov","previousEventId":"uzqdgtbdna6t7rm","operationId":"kqvkwvsj238i3iq","previousOperationId":"wn2g13j1csxr3fd"}
{"type":"operationStart","subtype":"script","name":"scripts reports-script","previousOperationId":"kqvkwvsj238i3iq","timestamp":1704986514279,"id":"2640fe089akci36","previousEventId":"uaeg5s8b700stov","operationId":"oh2e39bhmadr32o"}
{"type":"log","timestamp":1704986514332,"level":"debug","message":"(console:log) undefined","meta":{"userLevel":true,"rootId":"b9madxa646vzm2u","id":"b9madxa646vzm2u"},"id":"vp8nklzh8aps2d9","previousOperationId":"oh2e39bhmadr32o"}
{"type":"operationEnd","operationId":"oh2e39bhmadr32o","timestamp":1704986514335,"id":"yevss2bciayufd8","previousEventId":"uzqdgtbdna6t7rm","previousOperationId":"wn2g13j1csxr3fd"}
{"type":"operationEnd","operationId":"kqvkwvsj238i3iq","timestamp":1704986514335,"id":"eti159ga4m3jtgs","previousEventId":"yevss2bciayufd8","previousOperationId":"wn2g13j1csxr3fd"}
{"type":"log","timestamp":1704986514335,"level":"debug","message":"Base url not specified, skipping its injection.","meta":{"rootId":"b9madxa646vzm2u","id":"b9madxa646vzm2u"},"id":"tiz7f82tpcfmod9","previousOperationId":"kqvkwvsj238i3iq"}
{"type":"operationStart","subtype":"engine","name":"handlebars","timestamp":1704986514336,"id":"3bcea76j4hhbxow","previousEventId":"eti159ga4m3jtgs","operationId":"e07ueo5xcc5krf9","previousOperationId":"kqvkwvsj238i3iq"}
{"type":"log","timestamp":1704986514336,"level":"debug","message":"Rendering engine handlebars","meta":{"rootId":"b9madxa646vzm2u","id":"b9madxa646vzm2u"},"id":"fz1cbip74xbumcn","previousOperationId":"e07ueo5xcc5krf9"}
{"type":"operationEnd","operationId":"e07ueo5xcc5krf9","timestamp":1704986514922,"id":"x5tfsiuvvy9kv2a","previousEventId":"3bcea76j4hhbxow","previousOperationId":"e07ueo5xcc5krf9"}
{"type":"operationStart","subtype":"recipe","name":"chrome-pdf","timestamp":1704986514925,"id":"yjpt7cusva43lee","previousEventId":"x5tfsiuvvy9kv2a","operationId":"ml7bs6tjfus7y9p","previousOperationId":"e07ueo5xcc5krf9"}
{"type":"log","timestamp":1704986514925,"level":"debug","message":"Executing recipe chrome-pdf","meta":{"rootId":"b9madxa646vzm2u","id":"b9madxa646vzm2u"},"id":"047iu6c86n37fns","previousOperationId":"ml7bs6tjfus7y9p"}
{"type":"log","timestamp":1704986516220,"level":"debug","message":"Converting with chrome HeadlessChrome/117.0.5938.149 using chrome-pool strategy","meta":{"rootId":"b9madxa646vzm2u","id":"b9madxa646vzm2u"},"id":"9tfyyr9hmc2cnn5","previousOperationId":"ml7bs6tjfus7y9p"}
{"type":"log","timestamp":1704986516547,"level":"debug","message":"Page request: GET (document) file:///C:/Users/ratha/AppData/Local/Temp/jsreport/autocleanup/b149bf8a-e4a7-4e05-9841-4e4e7722b31a-chrome-pdf.html","meta":{"rootId":"b9madxa646vzm2u","id":"b9madxa646vzm2u"},"id":"n3xggif6m1kkvte","previousOperationId":"ml7bs6tjfus7y9p"}
{"type":"log","timestamp":1704986516569,"level":"debug","message":"Page request finished: GET (document) 200 file:///C:/Users/ratha/AppData/Local/Temp/jsreport/autocleanup/b149bf8a-e4a7-4e05-9841-4e4e7722b31a-chrome-pdf.html","meta":{"rootId":"b9madxa646vzm2u","id":"b9madxa646vzm2u"},"id":"k69ioocuhbiyp7m","previousOperationId":"ml7bs6tjfus7y9p"}
{"type":"log","timestamp":1704986516589,"level":"debug","message":"Running chrome with params {\"printBackground\":true,\"timeout\":57813,\"margin\":{}}","meta":{"rootId":"b9madxa646vzm2u","id":"b9madxa646vzm2u"},"id":"iwmn5g2fywjiaz2","previousOperationId":"ml7bs6tjfus7y9p"}
{"type":"operationEnd","operationId":"ml7bs6tjfus7y9p","timestamp":1704986516652,"id":"63taoqdwr145jnx","previousEventId":"yjpt7cusva43lee","previousOperationId":"ml7bs6tjfus7y9p"}
{"type":"log","timestamp":1704986516654,"level":"debug","message":"Skipping storing report.","meta":{"rootId":"b9madxa646vzm2u","id":"b9madxa646vzm2u"},"id":"wnae5i0ynfc3kps","previousOperationId":"ml7bs6tjfus7y9p"}
{"type":"log","timestamp":1704986516654,"level":"info","message":"Rendering request 8 finished in 2918 ms","meta":{"rootId":"b9madxa646vzm2u","id":"b9madxa646vzm2u"},"id":"molqzf1gumowp4q","previousOperationId":"ml7bs6tjfus7y9p"}
{"type":"operationEnd","subtype":"render","operationId":"wn2g13j1csxr3fd","timestamp":1704986516654,"id":"agvpnfncqma0k87","previousEventId":"63taoqdwr145jnx","previousOperationId":"ml7bs6tjfus7y9p"}
{"type":"operationEnd","doDiffs":false,"previousEventId":"kmyr89lqvavycxb","previousOperationId":"7zozg3m3t2ntftu","operationId":"7zozg3m3t2ntftu","timestamp":1704986516669,"id":"lhx72y0yuvec2m0"}
