{"type":"operationStart","subtype":"profile","data":{"_id":"pKWT5fxUrcLe2BaV","timestamp":"2024-01-11T20:27:54.553Z","state":"queued","mode":"standard","creationDate":"2024-01-11T20:27:54.556Z","modificationDate":"2024-01-11T20:27:54.556Z","shortid":"u7jtzRd","$entitySet":"profiles"},"doDiffs":false,"timestamp":1705004874555,"id":"tqnp5x4qdjfqjgt","previousOperationId":null,"operationId":"4799ji9ozfzfcha"}
{"type":"log","level":"info","message":"Render request 6 queued for execution and waiting for available worker","previousOperationId":"4799ji9ozfzfcha","timestamp":1705004874555,"id":"wkgt644olih1t29"}
{"type":"operationStart","subtype":"render","name":"reports-main","previousOperationId":"4799ji9ozfzfcha","timestamp":1705004874567,"id":"dnw9e4n6v5z4gp5","previousEventId":"tqnp5x4qdjfqjgt","operationId":"jpkmydsqlfb7xf7"}
{"type":"log","timestamp":1705004874567,"level":"info","message":"Starting rendering request 6","meta":{"rootId":"ck4rod8fmr2o1iy","id":"ck4rod8fmr2o1iy"},"id":"vdetr5skxkf3ufz","previousOperationId":"jpkmydsqlfb7xf7"}
{"type":"log","timestamp":1705004874567,"level":"info","message":"Rendering template { name: reports-main, recipe: chrome-pdf, engine: handlebars, preview: false }","meta":{"rootId":"ck4rod8fmr2o1iy","id":"ck4rod8fmr2o1iy"},"id":"1otfx8n1gxdavi7","previousOperationId":"jpkmydsqlfb7xf7"}
{"type":"log","timestamp":1705004874568,"level":"debug","message":"Inline data specified.","meta":{"rootId":"ck4rod8fmr2o1iy","id":"ck4rod8fmr2o1iy"},"id":"vecv2lvyguob221","previousOperationId":"jpkmydsqlfb7xf7"}
{"type":"log","timestamp":1705004874572,"level":"debug","message":"Executing script reports-script (beforeRender)","meta":{"rootId":"ck4rod8fmr2o1iy","id":"ck4rod8fmr2o1iy"},"id":"ipighfrtf0q3vbt","previousOperationId":"jpkmydsqlfb7xf7"}
{"type":"operationStart","subtype":"scriptsBeforeRender","name":"scripts beforeRender","timestamp":1705004874586,"id":"8g3pyp6zslxd5uv","previousEventId":"dnw9e4n6v5z4gp5","operationId":"p1vzcioa7alr397","previousOperationId":"jpkmydsqlfb7xf7"}
{"type":"operationStart","subtype":"script","name":"scripts reports-script","previousOperationId":"p1vzcioa7alr397","timestamp":1705004874586,"id":"kvp9g45pqb1qf8k","previousEventId":"8g3pyp6zslxd5uv","operationId":"zf5y5ejjiez7i7i"}
{"type":"log","timestamp":1705004874593,"level":"debug","message":"(console:log) [\n  {\n    id: 1,\n    number: 2,\n    firstStop: 'C',\n    lastStop: 'D',\n    createdAt: '2023-12-01T17:35:52.000Z',\n    updatedAt: '2023-12-12T20:01:36.000Z'\n  },\n  {\n    id: 2,\n    number: 66,\n    firstStop: 'TF',\n    lastStop: 'VG',\n    createdAt: '2023-12-01T19:20:40.000Z',\n    updatedAt: '2023-12-01T19:20:40.000Z'\n  },\n  {\n    id: 3,\n    number: 69,\n    firstStop: 'Si',\n    lastStop: 'No',\n    createdAt: '2023-12-04T17:13:35.000Z',\n    updatedAt: '2023-12-04T17:13:35.000Z'\n  },\n  {\n    id: 4,\n    number: 22,\n    firstStop: 'FG',\n    lastStop: 'DF',\n    createdAt: '2023-12-08T18:39:03.000Z',\n    updatedAt: '2023-12-08T18:39:03.000Z'\n  },\n  {\n    id: 5,\n    number: 1,\n    firstStop: 'A',\n    lastStop: 'B',\n    createdAt: '2023-12-12T19:54:23.000Z',\n    updatedAt: '2023-12-12T19:54:23.000Z'\n  }\n]","meta":{"userLevel":true,"rootId":"ck4rod8fmr2o1iy","id":"ck4rod8fmr2o1iy"},"id":"cj2vmuzpy9etwm0","previousOperationId":"zf5y5ejjiez7i7i"}
{"type":"operationEnd","operationId":"zf5y5ejjiez7i7i","timestamp":1705004874594,"id":"gfp0gwwqijy80qa","previousEventId":"dnw9e4n6v5z4gp5","previousOperationId":"jpkmydsqlfb7xf7"}
{"type":"operationEnd","operationId":"p1vzcioa7alr397","timestamp":1705004874594,"id":"uz70appn1rcmbqs","previousEventId":"gfp0gwwqijy80qa","previousOperationId":"jpkmydsqlfb7xf7"}
{"type":"log","timestamp":1705004874594,"level":"debug","message":"Base url not specified, skipping its injection.","meta":{"rootId":"ck4rod8fmr2o1iy","id":"ck4rod8fmr2o1iy"},"id":"w6uxn1y3s8oe4pm","previousOperationId":"p1vzcioa7alr397"}
{"type":"operationStart","subtype":"engine","name":"handlebars","timestamp":1705004874594,"id":"j5mlypd42sfgkj6","previousEventId":"uz70appn1rcmbqs","operationId":"ox2nz7s7qcx400a","previousOperationId":"p1vzcioa7alr397"}
{"type":"log","timestamp":1705004874594,"level":"debug","message":"Rendering engine handlebars","meta":{"rootId":"ck4rod8fmr2o1iy","id":"ck4rod8fmr2o1iy"},"id":"rrghzpl4hoh3sl1","previousOperationId":"ox2nz7s7qcx400a"}
{"type":"operationEnd","operationId":"ox2nz7s7qcx400a","timestamp":1705004874605,"id":"id28d59s6eb7wgq","previousEventId":"j5mlypd42sfgkj6","previousOperationId":"ox2nz7s7qcx400a"}
{"type":"operationStart","subtype":"recipe","name":"chrome-pdf","timestamp":1705004874606,"id":"mfhns92qo5ab9ut","previousEventId":"id28d59s6eb7wgq","operationId":"3wfkla2oooh14u0","previousOperationId":"ox2nz7s7qcx400a"}
{"type":"log","timestamp":1705004874606,"level":"debug","message":"Executing recipe chrome-pdf","meta":{"rootId":"ck4rod8fmr2o1iy","id":"ck4rod8fmr2o1iy"},"id":"060h9pk47nx2jh1","previousOperationId":"3wfkla2oooh14u0"}
{"type":"log","timestamp":1705004874607,"level":"debug","message":"Converting with chrome HeadlessChrome/117.0.5938.149 using chrome-pool strategy","meta":{"rootId":"ck4rod8fmr2o1iy","id":"ck4rod8fmr2o1iy"},"id":"8jxp4h9ytcxpgzg","previousOperationId":"3wfkla2oooh14u0"}
{"type":"log","timestamp":1705004874708,"level":"debug","message":"Page request: GET (document) file:///C:/Users/ratha/AppData/Local/Temp/jsreport/autocleanup/a7f30b2b-58a0-447e-9189-f98287c67ec7-chrome-pdf.html","meta":{"rootId":"ck4rod8fmr2o1iy","id":"ck4rod8fmr2o1iy"},"id":"2ix8x7sqjbb94cn","previousOperationId":"3wfkla2oooh14u0"}
{"type":"log","timestamp":1705004874718,"level":"debug","message":"Page request finished: GET (document) 200 file:///C:/Users/ratha/AppData/Local/Temp/jsreport/autocleanup/a7f30b2b-58a0-447e-9189-f98287c67ec7-chrome-pdf.html","meta":{"rootId":"ck4rod8fmr2o1iy","id":"ck4rod8fmr2o1iy"},"id":"abjfgf118vvrf7x","previousOperationId":"3wfkla2oooh14u0"}
{"type":"log","timestamp":1705004874726,"level":"debug","message":"Running chrome with params {\"printBackground\":true,\"timeout\":59946,\"margin\":{}}","meta":{"rootId":"ck4rod8fmr2o1iy","id":"ck4rod8fmr2o1iy"},"id":"25w3642wcios7hw","previousOperationId":"3wfkla2oooh14u0"}
{"type":"operationEnd","operationId":"3wfkla2oooh14u0","timestamp":1705004874759,"id":"pkt9vneaxzg3eur","previousEventId":"mfhns92qo5ab9ut","previousOperationId":"3wfkla2oooh14u0"}
{"type":"log","timestamp":1705004874759,"level":"debug","message":"Skipping storing report.","meta":{"rootId":"ck4rod8fmr2o1iy","id":"ck4rod8fmr2o1iy"},"id":"9d20517umos240y","previousOperationId":"3wfkla2oooh14u0"}
{"type":"log","timestamp":1705004874759,"level":"info","message":"Rendering request 6 finished in 206 ms","meta":{"rootId":"ck4rod8fmr2o1iy","id":"ck4rod8fmr2o1iy"},"id":"6c7pikiy8gc7nta","previousOperationId":"3wfkla2oooh14u0"}
{"type":"operationEnd","subtype":"render","operationId":"jpkmydsqlfb7xf7","timestamp":1705004874759,"id":"tqqll2tpsmrbjoi","previousEventId":"pkt9vneaxzg3eur","previousOperationId":"3wfkla2oooh14u0"}
{"type":"operationEnd","doDiffs":false,"previousEventId":"tqnp5x4qdjfqjgt","previousOperationId":"4799ji9ozfzfcha","operationId":"4799ji9ozfzfcha","timestamp":1705004874764,"id":"iagz648gusui8rw"}
