{"type":"operationStart","subtype":"profile","data":{"_id":"O05WPVtf2HKdtTvN","timestamp":"2024-01-15T17:45:03.167Z","state":"queued","mode":"standard","creationDate":"2024-01-15T17:45:03.170Z","modificationDate":"2024-01-15T17:45:03.170Z","shortid":"ju7zQl6","$entitySet":"profiles"},"doDiffs":false,"timestamp":1705340703169,"id":"4nxil2wcpksczg7","previousOperationId":null,"operationId":"2zsmxmd8sg25ms2"}
{"type":"log","level":"info","message":"Render request 3 queued for execution and waiting for available worker","previousOperationId":"2zsmxmd8sg25ms2","timestamp":1705340703170,"id":"5n8newbsztwdqx8"}
{"type":"operationStart","subtype":"render","name":"reports-main","previousOperationId":"2zsmxmd8sg25ms2","timestamp":1705340703180,"id":"i7vlg11sx5c15td","previousEventId":"4nxil2wcpksczg7","operationId":"dw6xax6ltn5xr57"}
{"type":"log","timestamp":1705340703180,"level":"info","message":"Starting rendering request 3","meta":{"rootId":"gtn6lusej8y4df5","id":"gtn6lusej8y4df5"},"id":"it5nbsiw70y9357","previousOperationId":"dw6xax6ltn5xr57"}
{"type":"log","timestamp":1705340703180,"level":"info","message":"Rendering template { name: reports-main, recipe: chrome-pdf, engine: handlebars, preview: true }","meta":{"rootId":"gtn6lusej8y4df5","id":"gtn6lusej8y4df5"},"id":"l0jiwdk8hg5l8nj","previousOperationId":"dw6xax6ltn5xr57"}
{"type":"log","timestamp":1705340703185,"level":"debug","message":"Data item not defined for this template.","meta":{"rootId":"gtn6lusej8y4df5","id":"gtn6lusej8y4df5"},"id":"7xeqs7fnar7tnnt","previousOperationId":"dw6xax6ltn5xr57"}
{"type":"log","timestamp":1705340703188,"level":"debug","message":"Executing script reports-script (beforeRender)","meta":{"rootId":"gtn6lusej8y4df5","id":"gtn6lusej8y4df5"},"id":"1ifcr2aqjyb7z2w","previousOperationId":"dw6xax6ltn5xr57"}
{"type":"operationStart","subtype":"scriptsBeforeRender","name":"scripts beforeRender","timestamp":1705340703252,"id":"dbizis1a7qw2my9","previousEventId":"i7vlg11sx5c15td","operationId":"t27y61i1qj1wixc","previousOperationId":"dw6xax6ltn5xr57"}
{"type":"operationStart","subtype":"script","name":"scripts reports-script","previousOperationId":"t27y61i1qj1wixc","timestamp":1705340703252,"id":"4eghyqfo7awliau","previousEventId":"dbizis1a7qw2my9","operationId":"xoi4he12r5jruf4"}
{"type":"log","timestamp":1705340703279,"level":"debug","message":"(console:log) [\n  {\n    id: 1,\n    number: 2,\n    firstStop: 'C',\n    lastStop: 'D',\n    createdAt: '2023-12-01T17:35:52.000Z',\n    updatedAt: '2023-12-12T20:01:36.000Z'\n  },\n  {\n    id: 2,\n    number: 66,\n    firstStop: 'TF',\n    lastStop: 'VG',\n    createdAt: '2023-12-01T19:20:40.000Z',\n    updatedAt: '2023-12-01T19:20:40.000Z'\n  },\n  {\n    id: 3,\n    number: 69,\n    firstStop: 'Si',\n    lastStop: 'No',\n    createdAt: '2023-12-04T17:13:35.000Z',\n    updatedAt: '2023-12-04T17:13:35.000Z'\n  },\n  {\n    id: 4,\n    number: 22,\n    firstStop: 'FG',\n    lastStop: 'DF',\n    createdAt: '2023-12-08T18:39:03.000Z',\n    updatedAt: '2023-12-08T18:39:03.000Z'\n  },\n  {\n    id: 5,\n    number: 1,\n    firstStop: 'A',\n    lastStop: 'B',\n    createdAt: '2023-12-12T19:54:23.000Z',\n    updatedAt: '2023-12-12T19:54:23.000Z'\n  }\n]","meta":{"userLevel":true,"rootId":"gtn6lusej8y4df5","id":"gtn6lusej8y4df5"},"id":"aawbrl2pzndb6df","previousOperationId":"xoi4he12r5jruf4"}
{"type":"log","timestamp":1705340703289,"level":"debug","message":"(console:log) [\n  {\n    id: 14,\n    Location: 'ss',\n    idLine: 1,\n    filename: 'image-1701457483207.jpg',\n    createdAt: '2023-12-01T19:04:43.000Z',\n    updatedAt: '2023-12-01T19:04:43.000Z'\n  },\n  {\n    id: 17,\n    Location: 'Si',\n    idLine: 1,\n    filename: 'image-1702411966104.jpg',\n    createdAt: '2023-12-12T20:12:46.000Z',\n    updatedAt: '2023-12-12T20:12:46.000Z'\n  }\n]","meta":{"userLevel":true,"rootId":"gtn6lusej8y4df5","id":"gtn6lusej8y4df5"},"id":"16i8au4hm34xbn3","previousOperationId":"xoi4he12r5jruf4"}
{"type":"operationEnd","operationId":"xoi4he12r5jruf4","timestamp":1705340703289,"id":"ht30aspmhotuc71","previousEventId":"i7vlg11sx5c15td","previousOperationId":"dw6xax6ltn5xr57"}
{"type":"operationEnd","operationId":"t27y61i1qj1wixc","timestamp":1705340703289,"id":"u1nn8ejo9x9vfcd","previousEventId":"ht30aspmhotuc71","previousOperationId":"dw6xax6ltn5xr57"}
{"type":"log","timestamp":1705340703289,"level":"debug","message":"Base url not specified, skipping its injection.","meta":{"rootId":"gtn6lusej8y4df5","id":"gtn6lusej8y4df5"},"id":"j8gku2q83uispgy","previousOperationId":"t27y61i1qj1wixc"}
{"type":"operationStart","subtype":"engine","name":"handlebars","timestamp":1705340703290,"id":"my9lio1whfdxa6p","previousEventId":"u1nn8ejo9x9vfcd","operationId":"6fgmwc4vezt26f7","previousOperationId":"t27y61i1qj1wixc"}
{"type":"log","timestamp":1705340703290,"level":"debug","message":"Rendering engine handlebars","meta":{"rootId":"gtn6lusej8y4df5","id":"gtn6lusej8y4df5"},"id":"rytnjtlr6ovdofd","previousOperationId":"6fgmwc4vezt26f7"}
{"type":"operationEnd","operationId":"6fgmwc4vezt26f7","timestamp":1705340703308,"id":"tktxs5n8cy82xty","previousEventId":"my9lio1whfdxa6p","previousOperationId":"6fgmwc4vezt26f7"}
{"type":"operationStart","subtype":"recipe","name":"chrome-pdf","timestamp":1705340703309,"id":"r4yvgqa2smu5jqf","previousEventId":"tktxs5n8cy82xty","operationId":"bh2ztg0omlf7mw9","previousOperationId":"6fgmwc4vezt26f7"}
{"type":"log","timestamp":1705340703309,"level":"debug","message":"Executing recipe chrome-pdf","meta":{"rootId":"gtn6lusej8y4df5","id":"gtn6lusej8y4df5"},"id":"37w5zk14kuce7sb","previousOperationId":"bh2ztg0omlf7mw9"}
{"type":"log","timestamp":1705340703311,"level":"debug","message":"Converting with chrome HeadlessChrome/117.0.5938.149 using chrome-pool strategy","meta":{"rootId":"gtn6lusej8y4df5","id":"gtn6lusej8y4df5"},"id":"8yob728o0xynnli","previousOperationId":"bh2ztg0omlf7mw9"}
{"type":"log","timestamp":1705340703477,"level":"debug","message":"Page request: GET (document) file:///C:/Users/ratha/AppData/Local/Temp/jsreport/autocleanup/4b345181-3836-4855-9958-85f4b2a60305-chrome-pdf.html","meta":{"rootId":"gtn6lusej8y4df5","id":"gtn6lusej8y4df5"},"id":"zjny3yl35g1qw7y","previousOperationId":"bh2ztg0omlf7mw9"}
{"type":"log","timestamp":1705340703492,"level":"debug","message":"Page request finished: GET (document) 200 file:///C:/Users/ratha/AppData/Local/Temp/jsreport/autocleanup/4b345181-3836-4855-9958-85f4b2a60305-chrome-pdf.html","meta":{"rootId":"gtn6lusej8y4df5","id":"gtn6lusej8y4df5"},"id":"af18jsumlobc4x8","previousOperationId":"bh2ztg0omlf7mw9"}
{"type":"log","timestamp":1705340703506,"level":"debug","message":"Running chrome with params {\"printBackground\":true,\"timeout\":59856,\"margin\":{}}","meta":{"rootId":"gtn6lusej8y4df5","id":"gtn6lusej8y4df5"},"id":"cun5qjfbemrh6ef","previousOperationId":"bh2ztg0omlf7mw9"}
{"type":"operationEnd","operationId":"bh2ztg0omlf7mw9","timestamp":1705340703565,"id":"02jkypxlphzvmxw","previousEventId":"r4yvgqa2smu5jqf","previousOperationId":"bh2ztg0omlf7mw9"}
{"type":"log","timestamp":1705340703565,"level":"debug","message":"Skipping storing report.","meta":{"rootId":"gtn6lusej8y4df5","id":"gtn6lusej8y4df5"},"id":"nvcng1v0omcs5aa","previousOperationId":"bh2ztg0omlf7mw9"}
{"type":"log","timestamp":1705340703565,"level":"info","message":"Rendering request 3 finished in 399 ms","meta":{"rootId":"gtn6lusej8y4df5","id":"gtn6lusej8y4df5"},"id":"oit1vvm790bhgeu","previousOperationId":"bh2ztg0omlf7mw9"}
{"type":"operationEnd","subtype":"render","operationId":"dw6xax6ltn5xr57","timestamp":1705340703565,"id":"uy1o4mwuh7uh68n","previousEventId":"02jkypxlphzvmxw","previousOperationId":"bh2ztg0omlf7mw9"}
{"type":"operationEnd","doDiffs":false,"previousEventId":"4nxil2wcpksczg7","previousOperationId":"2zsmxmd8sg25ms2","operationId":"2zsmxmd8sg25ms2","timestamp":1705340703574,"id":"1nlp12wz384sus5"}
