{"type":"operationStart","subtype":"profile","data":{"_id":"4EzdMZeopR9qxQIU","timestamp":"2024-01-15T18:14:41.328Z","state":"queued","mode":"standard","creationDate":"2024-01-15T18:14:41.331Z","modificationDate":"2024-01-15T18:14:41.331Z","shortid":"HYv58Ad","$entitySet":"profiles"},"doDiffs":false,"timestamp":1705342481330,"id":"pn26te18s8su5n2","previousOperationId":null,"operationId":"9qsaycfsxethsaw"}
{"type":"log","level":"info","message":"Render request 6 queued for execution and waiting for available worker","previousOperationId":"9qsaycfsxethsaw","timestamp":1705342481330,"id":"xvhi7jpydnul81l"}
{"type":"operationStart","subtype":"render","name":"reports-main","previousOperationId":"9qsaycfsxethsaw","timestamp":1705342481341,"id":"gn9mcii3a072lnp","previousEventId":"pn26te18s8su5n2","operationId":"uvx3is5c9grmyyh"}
{"type":"log","timestamp":1705342481341,"level":"info","message":"Starting rendering request 6","meta":{"rootId":"ia4g06yphroqhc7","id":"ia4g06yphroqhc7"},"id":"7i9wlh08uzes6l2","previousOperationId":"uvx3is5c9grmyyh"}
{"type":"log","timestamp":1705342481341,"level":"info","message":"Rendering template { name: reports-main, recipe: chrome-pdf, engine: handlebars, preview: true }","meta":{"rootId":"ia4g06yphroqhc7","id":"ia4g06yphroqhc7"},"id":"84tezmmfb5ie8np","previousOperationId":"uvx3is5c9grmyyh"}
{"type":"log","timestamp":1705342481342,"level":"debug","message":"Data item not defined for this template.","meta":{"rootId":"ia4g06yphroqhc7","id":"ia4g06yphroqhc7"},"id":"anwhgw308kmza1m","previousOperationId":"uvx3is5c9grmyyh"}
{"type":"log","timestamp":1705342481345,"level":"debug","message":"Executing script reports-script (beforeRender)","meta":{"rootId":"ia4g06yphroqhc7","id":"ia4g06yphroqhc7"},"id":"9ts90de58t6yiib","previousOperationId":"uvx3is5c9grmyyh"}
{"type":"operationStart","subtype":"scriptsBeforeRender","name":"scripts beforeRender","timestamp":1705342481361,"id":"6txncanqsv7xi28","previousEventId":"gn9mcii3a072lnp","operationId":"mwa2ldp16mbxrjz","previousOperationId":"uvx3is5c9grmyyh"}
{"type":"operationStart","subtype":"script","name":"scripts reports-script","previousOperationId":"mwa2ldp16mbxrjz","timestamp":1705342481362,"id":"6ggyhbayefeg71p","previousEventId":"6txncanqsv7xi28","operationId":"dload29iuad3pen"}
{"type":"log","timestamp":1705342481378,"level":"debug","message":"(console:log) [\n  {\n    id: 1,\n    number: 2,\n    firstStop: 'C',\n    lastStop: 'D',\n    createdAt: '2023-12-01T17:35:52.000Z',\n    updatedAt: '2023-12-12T20:01:36.000Z'\n  },\n  {\n    id: 2,\n    number: 66,\n    firstStop: 'TF',\n    lastStop: 'VG',\n    createdAt: '2023-12-01T19:20:40.000Z',\n    updatedAt: '2023-12-01T19:20:40.000Z'\n  },\n  {\n    id: 3,\n    number: 69,\n    firstStop: 'Si',\n    lastStop: 'No',\n    createdAt: '2023-12-04T17:13:35.000Z',\n    updatedAt: '2023-12-04T17:13:35.000Z'\n  },\n  {\n    id: 4,\n    number: 22,\n    firstStop: 'FG',\n    lastStop: 'DF',\n    createdAt: '2023-12-08T18:39:03.000Z',\n    updatedAt: '2023-12-08T18:39:03.000Z'\n  },\n  {\n    id: 5,\n    number: 1,\n    firstStop: 'A',\n    lastStop: 'B',\n    createdAt: '2023-12-12T19:54:23.000Z',\n    updatedAt: '2023-12-12T19:54:23.000Z'\n  }\n]","meta":{"userLevel":true,"rootId":"ia4g06yphroqhc7","id":"ia4g06yphroqhc7"},"id":"ypiz2g0odw7a3q8","previousOperationId":"dload29iuad3pen"}
{"type":"log","timestamp":1705342481387,"level":"debug","message":"(console:log) [\n  {\n    id: 14,\n    Location: 'ss',\n    idLine: 1,\n    filename: 'image-1701457483207.jpg',\n    createdAt: '2023-12-01T19:04:43.000Z',\n    updatedAt: '2023-12-01T19:04:43.000Z'\n  },\n  {\n    id: 17,\n    Location: 'Si',\n    idLine: 1,\n    filename: 'image-1702411966104.jpg',\n    createdAt: '2023-12-12T20:12:46.000Z',\n    updatedAt: '2023-12-12T20:12:46.000Z'\n  }\n]","meta":{"userLevel":true,"rootId":"ia4g06yphroqhc7","id":"ia4g06yphroqhc7"},"id":"zkoafs4lpt0fc6y","previousOperationId":"dload29iuad3pen"}
{"type":"operationEnd","operationId":"dload29iuad3pen","timestamp":1705342481387,"id":"mt53r8fvj3vp3hi","previousEventId":"gn9mcii3a072lnp","previousOperationId":"uvx3is5c9grmyyh"}
{"type":"operationEnd","operationId":"mwa2ldp16mbxrjz","timestamp":1705342481387,"id":"3vi62a1i20r9ssi","previousEventId":"mt53r8fvj3vp3hi","previousOperationId":"uvx3is5c9grmyyh"}
{"type":"log","timestamp":1705342481387,"level":"debug","message":"Base url not specified, skipping its injection.","meta":{"rootId":"ia4g06yphroqhc7","id":"ia4g06yphroqhc7"},"id":"qrlkwk2q8a60lcp","previousOperationId":"mwa2ldp16mbxrjz"}
{"type":"operationStart","subtype":"engine","name":"handlebars","timestamp":1705342481388,"id":"mkr5dvtu6cvhnlk","previousEventId":"3vi62a1i20r9ssi","operationId":"g2sqon5wr0wyqru","previousOperationId":"mwa2ldp16mbxrjz"}
{"type":"log","timestamp":1705342481388,"level":"debug","message":"Rendering engine handlebars","meta":{"rootId":"ia4g06yphroqhc7","id":"ia4g06yphroqhc7"},"id":"kyf2o7i6ls3tkge","previousOperationId":"g2sqon5wr0wyqru"}
{"type":"operationEnd","operationId":"g2sqon5wr0wyqru","timestamp":1705342481428,"id":"ce8xg6ld8igyrq0","previousEventId":"mkr5dvtu6cvhnlk","previousOperationId":"g2sqon5wr0wyqru"}
{"type":"operationStart","subtype":"recipe","name":"chrome-pdf","timestamp":1705342481429,"id":"g3mfj5zwm750ib8","previousEventId":"ce8xg6ld8igyrq0","operationId":"v8kf6j7qxpe9e0q","previousOperationId":"g2sqon5wr0wyqru"}
{"type":"log","timestamp":1705342481429,"level":"debug","message":"Executing recipe chrome-pdf","meta":{"rootId":"ia4g06yphroqhc7","id":"ia4g06yphroqhc7"},"id":"ums4ce0fy06ku7n","previousOperationId":"v8kf6j7qxpe9e0q"}
{"type":"log","timestamp":1705342481432,"level":"debug","message":"Converting with chrome HeadlessChrome/117.0.5938.149 using chrome-pool strategy","meta":{"rootId":"ia4g06yphroqhc7","id":"ia4g06yphroqhc7"},"id":"hryjfuhmz0b680x","previousOperationId":"v8kf6j7qxpe9e0q"}
{"type":"log","timestamp":1705342481591,"level":"debug","message":"Page request: GET (document) file:///C:/Users/ratha/AppData/Local/Temp/jsreport/autocleanup/f0420f71-28dd-41e5-9b70-7762b08d1a17-chrome-pdf.html","meta":{"rootId":"ia4g06yphroqhc7","id":"ia4g06yphroqhc7"},"id":"qjzh9fq9gfobg35","previousOperationId":"v8kf6j7qxpe9e0q"}
{"type":"log","timestamp":1705342481605,"level":"debug","message":"Page request finished: GET (document) 200 file:///C:/Users/ratha/AppData/Local/Temp/jsreport/autocleanup/f0420f71-28dd-41e5-9b70-7762b08d1a17-chrome-pdf.html","meta":{"rootId":"ia4g06yphroqhc7","id":"ia4g06yphroqhc7"},"id":"4wpm3542liol030","previousOperationId":"v8kf6j7qxpe9e0q"}
{"type":"log","timestamp":1705342481624,"level":"debug","message":"Running chrome with params {\"printBackground\":true,\"timeout\":59897,\"margin\":{}}","meta":{"rootId":"ia4g06yphroqhc7","id":"ia4g06yphroqhc7"},"id":"0k9ak22nk6qimtk","previousOperationId":"v8kf6j7qxpe9e0q"}
{"type":"operationEnd","operationId":"v8kf6j7qxpe9e0q","timestamp":1705342481696,"id":"5i4xilkt19emzwg","previousEventId":"g3mfj5zwm750ib8","previousOperationId":"v8kf6j7qxpe9e0q"}
{"type":"log","timestamp":1705342481696,"level":"debug","message":"Skipping storing report.","meta":{"rootId":"ia4g06yphroqhc7","id":"ia4g06yphroqhc7"},"id":"iqe1fbcnuqjilz6","previousOperationId":"v8kf6j7qxpe9e0q"}
{"type":"log","timestamp":1705342481696,"level":"info","message":"Rendering request 6 finished in 368 ms","meta":{"rootId":"ia4g06yphroqhc7","id":"ia4g06yphroqhc7"},"id":"rsdjhy6yljgqje0","previousOperationId":"v8kf6j7qxpe9e0q"}
{"type":"operationEnd","subtype":"render","operationId":"uvx3is5c9grmyyh","timestamp":1705342481696,"id":"m9r76pc9nmckhcd","previousEventId":"5i4xilkt19emzwg","previousOperationId":"v8kf6j7qxpe9e0q"}
{"type":"operationEnd","doDiffs":false,"previousEventId":"pn26te18s8su5n2","previousOperationId":"9qsaycfsxethsaw","operationId":"9qsaycfsxethsaw","timestamp":1705342481701,"id":"qo2z6e28cs6ost8"}
