{"type":"operationStart","subtype":"profile","data":{"_id":"lJqYbzfMm18dlJGD","timestamp":"2024-01-12T15:56:04.933Z","state":"queued","mode":"standard","creationDate":"2024-01-12T15:56:04.936Z","modificationDate":"2024-01-12T15:56:04.936Z","shortid":"lHhdYyG","$entitySet":"profiles"},"doDiffs":false,"timestamp":1705074964934,"id":"toyxbce0cdcr9my","previousOperationId":null,"operationId":"0l34pdx1l4jnoc5"}
{"type":"log","level":"info","message":"Render request 21 queued for execution and waiting for available worker","previousOperationId":"0l34pdx1l4jnoc5","timestamp":1705074964935,"id":"0g854qxl2qsigeu"}
{"type":"operationStart","subtype":"render","name":"reports-main","previousOperationId":"0l34pdx1l4jnoc5","timestamp":1705074964946,"id":"rbc6l1t3c273kc7","previousEventId":"toyxbce0cdcr9my","operationId":"4h7bldmyv175o0q"}
{"type":"log","timestamp":1705074964946,"level":"info","message":"Starting rendering request 21","meta":{"rootId":"ihfyem3egmlsklo","id":"ihfyem3egmlsklo"},"id":"lbae15sa9b7duew","previousOperationId":"4h7bldmyv175o0q"}
{"type":"log","timestamp":1705074964946,"level":"info","message":"Rendering template { name: reports-main, recipe: chrome-pdf, engine: handlebars, preview: true }","meta":{"rootId":"ihfyem3egmlsklo","id":"ihfyem3egmlsklo"},"id":"zurd6gd1vj1f12h","previousOperationId":"4h7bldmyv175o0q"}
{"type":"log","timestamp":1705074964947,"level":"debug","message":"Data item not defined for this template.","meta":{"rootId":"ihfyem3egmlsklo","id":"ihfyem3egmlsklo"},"id":"70miq4iz1oanfit","previousOperationId":"4h7bldmyv175o0q"}
{"type":"log","timestamp":1705074964950,"level":"debug","message":"Executing script reports-script (beforeRender)","meta":{"rootId":"ihfyem3egmlsklo","id":"ihfyem3egmlsklo"},"id":"83memw2ggdr9w7t","previousOperationId":"4h7bldmyv175o0q"}
{"type":"operationStart","subtype":"scriptsBeforeRender","name":"scripts beforeRender","timestamp":1705074964971,"id":"qp5mmroqwkpntvf","previousEventId":"rbc6l1t3c273kc7","operationId":"hiwvhceoiw5i0hh","previousOperationId":"4h7bldmyv175o0q"}
{"type":"operationStart","subtype":"script","name":"scripts reports-script","previousOperationId":"hiwvhceoiw5i0hh","timestamp":1705074964971,"id":"mwknzhtu79szy3p","previousEventId":"qp5mmroqwkpntvf","operationId":"khk6r0pa1r4mysz"}
{"type":"log","timestamp":1705074964977,"level":"debug","message":"(console:log) [\n  {\n    id: 1,\n    number: 2,\n    firstStop: 'C',\n    lastStop: 'D',\n    createdAt: '2023-12-01T17:35:52.000Z',\n    updatedAt: '2023-12-12T20:01:36.000Z'\n  },\n  {\n    id: 2,\n    number: 66,\n    firstStop: 'TF',\n    lastStop: 'VG',\n    createdAt: '2023-12-01T19:20:40.000Z',\n    updatedAt: '2023-12-01T19:20:40.000Z'\n  },\n  {\n    id: 3,\n    number: 69,\n    firstStop: 'Si',\n    lastStop: 'No',\n    createdAt: '2023-12-04T17:13:35.000Z',\n    updatedAt: '2023-12-04T17:13:35.000Z'\n  },\n  {\n    id: 4,\n    number: 22,\n    firstStop: 'FG',\n    lastStop: 'DF',\n    createdAt: '2023-12-08T18:39:03.000Z',\n    updatedAt: '2023-12-08T18:39:03.000Z'\n  },\n  {\n    id: 5,\n    number: 1,\n    firstStop: 'A',\n    lastStop: 'B',\n    createdAt: '2023-12-12T19:54:23.000Z',\n    updatedAt: '2023-12-12T19:54:23.000Z'\n  }\n]","meta":{"userLevel":true,"rootId":"ihfyem3egmlsklo","id":"ihfyem3egmlsklo"},"id":"7m6x7l3xh6rlqur","previousOperationId":"khk6r0pa1r4mysz"}
{"type":"log","timestamp":1705074964986,"level":"debug","message":"(console:log) [\n  {\n    id: 14,\n    Location: 'ss',\n    idLine: 1,\n    filename: 'image-1701457483207.jpg',\n    createdAt: '2023-12-01T19:04:43.000Z',\n    updatedAt: '2023-12-01T19:04:43.000Z'\n  },\n  {\n    id: 17,\n    Location: 'Si',\n    idLine: 1,\n    filename: 'image-1702411966104.jpg',\n    createdAt: '2023-12-12T20:12:46.000Z',\n    updatedAt: '2023-12-12T20:12:46.000Z'\n  }\n]","meta":{"userLevel":true,"rootId":"ihfyem3egmlsklo","id":"ihfyem3egmlsklo"},"id":"lsqbmulbx1hern2","previousOperationId":"khk6r0pa1r4mysz"}
{"type":"operationEnd","operationId":"khk6r0pa1r4mysz","timestamp":1705074964987,"id":"pcgihfyzm6islvz","previousEventId":"rbc6l1t3c273kc7","previousOperationId":"4h7bldmyv175o0q"}
{"type":"operationEnd","operationId":"hiwvhceoiw5i0hh","timestamp":1705074964987,"id":"modj59j363p8hpr","previousEventId":"pcgihfyzm6islvz","previousOperationId":"4h7bldmyv175o0q"}
{"type":"log","timestamp":1705074964987,"level":"debug","message":"Base url not specified, skipping its injection.","meta":{"rootId":"ihfyem3egmlsklo","id":"ihfyem3egmlsklo"},"id":"gyb5ll4u23izwav","previousOperationId":"hiwvhceoiw5i0hh"}
{"type":"operationStart","subtype":"engine","name":"handlebars","timestamp":1705074964987,"id":"rw8vkqdw8w99qet","previousEventId":"modj59j363p8hpr","operationId":"56hl9rswbkbun47","previousOperationId":"hiwvhceoiw5i0hh"}
{"type":"log","timestamp":1705074964987,"level":"debug","message":"Rendering engine handlebars","meta":{"rootId":"ihfyem3egmlsklo","id":"ihfyem3egmlsklo"},"id":"8xnpma98wmqs11q","previousOperationId":"56hl9rswbkbun47"}
{"type":"operationEnd","operationId":"56hl9rswbkbun47","timestamp":1705074965008,"id":"0xakdqcgqjozf9l","previousEventId":"rw8vkqdw8w99qet","previousOperationId":"56hl9rswbkbun47"}
{"type":"operationStart","subtype":"recipe","name":"chrome-pdf","timestamp":1705074965009,"id":"uhk3w3dvq65ngwe","previousEventId":"0xakdqcgqjozf9l","operationId":"rxb2knkacqvkx3i","previousOperationId":"56hl9rswbkbun47"}
{"type":"log","timestamp":1705074965009,"level":"debug","message":"Executing recipe chrome-pdf","meta":{"rootId":"ihfyem3egmlsklo","id":"ihfyem3egmlsklo"},"id":"4xvblz39i5b7x5t","previousOperationId":"rxb2knkacqvkx3i"}
{"type":"log","timestamp":1705074965022,"level":"debug","message":"Converting with chrome HeadlessChrome/117.0.5938.149 using chrome-pool strategy","meta":{"rootId":"ihfyem3egmlsklo","id":"ihfyem3egmlsklo"},"id":"tueo3jscizx7bs8","previousOperationId":"rxb2knkacqvkx3i"}
{"type":"log","timestamp":1705074965153,"level":"debug","message":"Page request: GET (document) file:///C:/Users/ratha/AppData/Local/Temp/jsreport/autocleanup/15cfffa4-3991-47b6-8d0f-957961ee2acd-chrome-pdf.html","meta":{"rootId":"ihfyem3egmlsklo","id":"ihfyem3egmlsklo"},"id":"ea7sg719d91xm85","previousOperationId":"rxb2knkacqvkx3i"}
{"type":"log","timestamp":1705074965164,"level":"debug","message":"Page request finished: GET (document) 200 file:///C:/Users/ratha/AppData/Local/Temp/jsreport/autocleanup/15cfffa4-3991-47b6-8d0f-957961ee2acd-chrome-pdf.html","meta":{"rootId":"ihfyem3egmlsklo","id":"ihfyem3egmlsklo"},"id":"1wba9nsao18jxnj","previousOperationId":"rxb2knkacqvkx3i"}
{"type":"log","timestamp":1705074965173,"level":"debug","message":"Running chrome with params {\"printBackground\":true,\"timeout\":59911,\"margin\":{}}","meta":{"rootId":"ihfyem3egmlsklo","id":"ihfyem3egmlsklo"},"id":"tcm2fcfty686chb","previousOperationId":"rxb2knkacqvkx3i"}
{"type":"operationEnd","operationId":"rxb2knkacqvkx3i","timestamp":1705074965212,"id":"gz3f823jx1osd8h","previousEventId":"uhk3w3dvq65ngwe","previousOperationId":"rxb2knkacqvkx3i"}
{"type":"log","timestamp":1705074965212,"level":"debug","message":"Skipping storing report.","meta":{"rootId":"ihfyem3egmlsklo","id":"ihfyem3egmlsklo"},"id":"5zh33bbaowgf9xo","previousOperationId":"rxb2knkacqvkx3i"}
{"type":"log","timestamp":1705074965212,"level":"info","message":"Rendering request 21 finished in 280 ms","meta":{"rootId":"ihfyem3egmlsklo","id":"ihfyem3egmlsklo"},"id":"bpc4dc8uod5cq7w","previousOperationId":"rxb2knkacqvkx3i"}
{"type":"operationEnd","subtype":"render","operationId":"4h7bldmyv175o0q","timestamp":1705074965212,"id":"i1b1ubliwwc5abv","previousEventId":"gz3f823jx1osd8h","previousOperationId":"rxb2knkacqvkx3i"}
{"type":"operationEnd","doDiffs":false,"previousEventId":"toyxbce0cdcr9my","previousOperationId":"0l34pdx1l4jnoc5","operationId":"0l34pdx1l4jnoc5","timestamp":1705074965218,"id":"qo0hutdpu8qsme5"}
