{"type":"operationStart","subtype":"profile","data":{"_id":"Y86efR5uHtCXzoTe","timestamp":"2024-01-12T15:57:12.463Z","state":"queued","mode":"standard","creationDate":"2024-01-12T15:57:12.465Z","modificationDate":"2024-01-12T15:57:12.465Z","shortid":"6Rtv7rE","$entitySet":"profiles"},"doDiffs":false,"timestamp":1705075032464,"id":"1y7v1yuxajjiy7r","previousOperationId":null,"operationId":"fg4li988l0aziya"}
{"type":"log","level":"info","message":"Render request 25 queued for execution and waiting for available worker","previousOperationId":"fg4li988l0aziya","timestamp":1705075032464,"id":"oqhfrcf2fwowti4"}
{"type":"operationStart","subtype":"render","name":"reports-main","previousOperationId":"fg4li988l0aziya","timestamp":1705075032475,"id":"rcrt45vtwgeiz3s","previousEventId":"1y7v1yuxajjiy7r","operationId":"tnh4cf391ysz49c"}
{"type":"log","timestamp":1705075032476,"level":"info","message":"Starting rendering request 25","meta":{"rootId":"k1ubmei8yuz0l87","id":"k1ubmei8yuz0l87"},"id":"tmq6z5waq7chcty","previousOperationId":"tnh4cf391ysz49c"}
{"type":"log","timestamp":1705075032477,"level":"info","message":"Rendering template { name: reports-main, recipe: chrome-pdf, engine: handlebars, preview: true }","meta":{"rootId":"k1ubmei8yuz0l87","id":"k1ubmei8yuz0l87"},"id":"n0xhlbxwrlbbml4","previousOperationId":"tnh4cf391ysz49c"}
{"type":"log","timestamp":1705075032480,"level":"debug","message":"Data item not defined for this template.","meta":{"rootId":"k1ubmei8yuz0l87","id":"k1ubmei8yuz0l87"},"id":"900p2p8e33h7o63","previousOperationId":"tnh4cf391ysz49c"}
{"type":"log","timestamp":1705075032484,"level":"debug","message":"Executing script reports-script (beforeRender)","meta":{"rootId":"k1ubmei8yuz0l87","id":"k1ubmei8yuz0l87"},"id":"gk6by6i11jfs2f8","previousOperationId":"tnh4cf391ysz49c"}
{"type":"operationStart","subtype":"scriptsBeforeRender","name":"scripts beforeRender","timestamp":1705075032888,"id":"iz4gme340voojo5","previousEventId":"rcrt45vtwgeiz3s","operationId":"015ub0iw1wq51kx","previousOperationId":"tnh4cf391ysz49c"}
{"type":"operationStart","subtype":"script","name":"scripts reports-script","previousOperationId":"015ub0iw1wq51kx","timestamp":1705075032888,"id":"s36hsoss691nwks","previousEventId":"iz4gme340voojo5","operationId":"j8nt43usuilz9mn"}
{"type":"log","timestamp":1705075032930,"level":"debug","message":"(console:log) [\n  {\n    id: 1,\n    number: 2,\n    firstStop: 'C',\n    lastStop: 'D',\n    createdAt: '2023-12-01T17:35:52.000Z',\n    updatedAt: '2023-12-12T20:01:36.000Z'\n  },\n  {\n    id: 2,\n    number: 66,\n    firstStop: 'TF',\n    lastStop: 'VG',\n    createdAt: '2023-12-01T19:20:40.000Z',\n    updatedAt: '2023-12-01T19:20:40.000Z'\n  },\n  {\n    id: 3,\n    number: 69,\n    firstStop: 'Si',\n    lastStop: 'No',\n    createdAt: '2023-12-04T17:13:35.000Z',\n    updatedAt: '2023-12-04T17:13:35.000Z'\n  },\n  {\n    id: 4,\n    number: 22,\n    firstStop: 'FG',\n    lastStop: 'DF',\n    createdAt: '2023-12-08T18:39:03.000Z',\n    updatedAt: '2023-12-08T18:39:03.000Z'\n  },\n  {\n    id: 5,\n    number: 1,\n    firstStop: 'A',\n    lastStop: 'B',\n    createdAt: '2023-12-12T19:54:23.000Z',\n    updatedAt: '2023-12-12T19:54:23.000Z'\n  }\n]","meta":{"userLevel":true,"rootId":"k1ubmei8yuz0l87","id":"k1ubmei8yuz0l87"},"id":"3shg2ssfn5b53o8","previousOperationId":"j8nt43usuilz9mn"}
{"type":"log","timestamp":1705075032938,"level":"debug","message":"(console:log) [\n  {\n    id: 20,\n    Location: '11',\n    idLine: 3,\n    filename: 'image-1705074935530.jpg',\n    createdAt: '2024-01-12T15:55:35.000Z',\n    updatedAt: '2024-01-12T15:55:35.000Z'\n  },\n  {\n    id: 21,\n    Location: '22',\n    idLine: 3,\n    filename: 'image-1705074941717.jpg',\n    createdAt: '2024-01-12T15:55:41.000Z',\n    updatedAt: '2024-01-12T15:55:41.000Z'\n  },\n  {\n    id: 22,\n    Location: '33',\n    idLine: 3,\n    filename: 'image-1705074960193.jpg',\n    createdAt: '2024-01-12T15:56:00.000Z',\n    updatedAt: '2024-01-12T15:56:00.000Z'\n  }\n]","meta":{"userLevel":true,"rootId":"k1ubmei8yuz0l87","id":"k1ubmei8yuz0l87"},"id":"mow6f6vaiulzcna","previousOperationId":"j8nt43usuilz9mn"}
{"type":"operationEnd","operationId":"j8nt43usuilz9mn","timestamp":1705075032939,"id":"yizbj7nr43g35cz","previousEventId":"rcrt45vtwgeiz3s","previousOperationId":"tnh4cf391ysz49c"}
{"type":"operationEnd","operationId":"015ub0iw1wq51kx","timestamp":1705075032939,"id":"sawftt0aarpsjr5","previousEventId":"yizbj7nr43g35cz","previousOperationId":"tnh4cf391ysz49c"}
{"type":"log","timestamp":1705075032939,"level":"debug","message":"Base url not specified, skipping its injection.","meta":{"rootId":"k1ubmei8yuz0l87","id":"k1ubmei8yuz0l87"},"id":"e5tehcvdiwffhdr","previousOperationId":"015ub0iw1wq51kx"}
{"type":"operationStart","subtype":"engine","name":"handlebars","timestamp":1705075032940,"id":"3mvi9baxg3rb8je","previousEventId":"sawftt0aarpsjr5","operationId":"ezz7hqkadfh9mcq","previousOperationId":"015ub0iw1wq51kx"}
{"type":"log","timestamp":1705075032940,"level":"debug","message":"Rendering engine handlebars","meta":{"rootId":"k1ubmei8yuz0l87","id":"k1ubmei8yuz0l87"},"id":"ih9f02st9f5ynl2","previousOperationId":"ezz7hqkadfh9mcq"}
{"type":"operationEnd","operationId":"ezz7hqkadfh9mcq","timestamp":1705075033363,"id":"268zbakl7pwxx39","previousEventId":"3mvi9baxg3rb8je","previousOperationId":"ezz7hqkadfh9mcq"}
{"type":"operationStart","subtype":"recipe","name":"chrome-pdf","timestamp":1705075033364,"id":"8poix3dwwbxew13","previousEventId":"268zbakl7pwxx39","operationId":"mbb1o0nb95docgv","previousOperationId":"ezz7hqkadfh9mcq"}
{"type":"log","timestamp":1705075033364,"level":"debug","message":"Executing recipe chrome-pdf","meta":{"rootId":"k1ubmei8yuz0l87","id":"k1ubmei8yuz0l87"},"id":"1f79qqwuisvuh9d","previousOperationId":"mbb1o0nb95docgv"}
{"type":"log","timestamp":1705075034268,"level":"debug","message":"Converting with chrome HeadlessChrome/117.0.5938.149 using chrome-pool strategy","meta":{"rootId":"k1ubmei8yuz0l87","id":"k1ubmei8yuz0l87"},"id":"tjlwik8oqfhpg4h","previousOperationId":"mbb1o0nb95docgv"}
{"type":"log","timestamp":1705075034427,"level":"debug","message":"Page request: GET (document) file:///C:/Users/ratha/AppData/Local/Temp/jsreport/autocleanup/58f18d76-43fe-4e11-bc1b-144cc776e3cf-chrome-pdf.html","meta":{"rootId":"k1ubmei8yuz0l87","id":"k1ubmei8yuz0l87"},"id":"z49mcbd458rv9yg","previousOperationId":"mbb1o0nb95docgv"}
{"type":"log","timestamp":1705075034437,"level":"debug","message":"Page request finished: GET (document) 200 file:///C:/Users/ratha/AppData/Local/Temp/jsreport/autocleanup/58f18d76-43fe-4e11-bc1b-144cc776e3cf-chrome-pdf.html","meta":{"rootId":"k1ubmei8yuz0l87","id":"k1ubmei8yuz0l87"},"id":"b7538k25dfu0erx","previousOperationId":"mbb1o0nb95docgv"}
{"type":"log","timestamp":1705075034445,"level":"debug","message":"Running chrome with params {\"printBackground\":true,\"timeout\":58403,\"margin\":{}}","meta":{"rootId":"k1ubmei8yuz0l87","id":"k1ubmei8yuz0l87"},"id":"9gxy3ztwb64o5ij","previousOperationId":"mbb1o0nb95docgv"}
{"type":"operationEnd","operationId":"mbb1o0nb95docgv","timestamp":1705075034488,"id":"g4zt6j4kgj8qkej","previousEventId":"8poix3dwwbxew13","previousOperationId":"mbb1o0nb95docgv"}
{"type":"log","timestamp":1705075034488,"level":"debug","message":"Skipping storing report.","meta":{"rootId":"k1ubmei8yuz0l87","id":"k1ubmei8yuz0l87"},"id":"v7elylcz3jeaw3g","previousOperationId":"mbb1o0nb95docgv"}
{"type":"log","timestamp":1705075034489,"level":"info","message":"Rendering request 25 finished in 2026 ms","meta":{"rootId":"k1ubmei8yuz0l87","id":"k1ubmei8yuz0l87"},"id":"8ygf8l4damunrfv","previousOperationId":"mbb1o0nb95docgv"}
{"type":"operationEnd","subtype":"render","operationId":"tnh4cf391ysz49c","timestamp":1705075034489,"id":"g9h1eq6v33kqzka","previousEventId":"g4zt6j4kgj8qkej","previousOperationId":"mbb1o0nb95docgv"}
{"type":"operationEnd","doDiffs":false,"previousEventId":"1y7v1yuxajjiy7r","previousOperationId":"fg4li988l0aziya","operationId":"fg4li988l0aziya","timestamp":1705075034493,"id":"cu0qr7h66yatyza"}
