{"type":"operationStart","subtype":"profile","data":{"_id":"WUltcgdx07uU8AFF","timestamp":"2024-01-15T18:18:24.705Z","state":"queued","mode":"standard","creationDate":"2024-01-15T18:18:24.706Z","modificationDate":"2024-01-15T18:18:24.706Z","shortid":"0Y50yW3","$entitySet":"profiles"},"doDiffs":false,"timestamp":1705342704706,"id":"7ta5wf9guc9iurz","previousOperationId":null,"operationId":"0v4xwjghgpznvpl"}
{"type":"log","level":"info","message":"Render request 10 queued for execution and waiting for available worker","previousOperationId":"0v4xwjghgpznvpl","timestamp":1705342704706,"id":"zxsvk82rekzc5ct"}
{"type":"operationStart","subtype":"render","name":"reports-main","previousOperationId":"0v4xwjghgpznvpl","timestamp":1705342704716,"id":"o1sqfvv019cqu8d","previousEventId":"7ta5wf9guc9iurz","operationId":"2ikwbqq19caz83p"}
{"type":"log","timestamp":1705342704716,"level":"info","message":"Starting rendering request 10","meta":{"rootId":"ksyn35x0momfxfg","id":"ksyn35x0momfxfg"},"id":"qf2arj5spcpwewn","previousOperationId":"2ikwbqq19caz83p"}
{"type":"log","timestamp":1705342704716,"level":"info","message":"Rendering template { name: reports-main, recipe: chrome-pdf, engine: handlebars, preview: false }","meta":{"rootId":"ksyn35x0momfxfg","id":"ksyn35x0momfxfg"},"id":"cd50jv9w85lhiii","previousOperationId":"2ikwbqq19caz83p"}
{"type":"log","timestamp":1705342704717,"level":"debug","message":"Inline data specified.","meta":{"rootId":"ksyn35x0momfxfg","id":"ksyn35x0momfxfg"},"id":"fgm83up08qxir6q","previousOperationId":"2ikwbqq19caz83p"}
{"type":"log","timestamp":1705342704719,"level":"debug","message":"Executing script reports-script (beforeRender)","meta":{"rootId":"ksyn35x0momfxfg","id":"ksyn35x0momfxfg"},"id":"nn08lfe66hjum76","previousOperationId":"2ikwbqq19caz83p"}
{"type":"operationStart","subtype":"scriptsBeforeRender","name":"scripts beforeRender","timestamp":1705342704731,"id":"9cy8piseotpbbhr","previousEventId":"o1sqfvv019cqu8d","operationId":"wcrxbj2gy0cvapk","previousOperationId":"2ikwbqq19caz83p"}
{"type":"operationStart","subtype":"script","name":"scripts reports-script","previousOperationId":"wcrxbj2gy0cvapk","timestamp":1705342704731,"id":"sr7rkpfarq65ny6","previousEventId":"9cy8piseotpbbhr","operationId":"gkyij7txliv0xso"}
{"type":"log","timestamp":1705342704738,"level":"debug","message":"(console:log) [\n  {\n    id: 1,\n    number: 2,\n    firstStop: 'C',\n    lastStop: 'D',\n    createdAt: '2023-12-01T17:35:52.000Z',\n    updatedAt: '2023-12-12T20:01:36.000Z'\n  },\n  {\n    id: 2,\n    number: 66,\n    firstStop: 'TF',\n    lastStop: 'VG',\n    createdAt: '2023-12-01T19:20:40.000Z',\n    updatedAt: '2023-12-01T19:20:40.000Z'\n  },\n  {\n    id: 3,\n    number: 69,\n    firstStop: 'Si',\n    lastStop: 'No',\n    createdAt: '2023-12-04T17:13:35.000Z',\n    updatedAt: '2023-12-04T17:13:35.000Z'\n  },\n  {\n    id: 4,\n    number: 22,\n    firstStop: 'FG',\n    lastStop: 'DF',\n    createdAt: '2023-12-08T18:39:03.000Z',\n    updatedAt: '2023-12-08T18:39:03.000Z'\n  },\n  {\n    id: 5,\n    number: 1,\n    firstStop: 'A',\n    lastStop: 'B',\n    createdAt: '2023-12-12T19:54:23.000Z',\n    updatedAt: '2023-12-12T19:54:23.000Z'\n  },\n  {\n    id: 7,\n    number: 43,\n    firstStop: 'Q',\n    lastStop: 'Z',\n    createdAt: '2024-01-15T18:18:21.000Z',\n    updatedAt: '2024-01-15T18:18:21.000Z'\n  }\n]","meta":{"userLevel":true,"rootId":"ksyn35x0momfxfg","id":"ksyn35x0momfxfg"},"id":"h1ayr1vwr82b2h9","previousOperationId":"gkyij7txliv0xso"}
{"type":"log","timestamp":1705342704744,"level":"debug","message":"(console:log) [\n  {\n    id: 14,\n    Location: 'ss',\n    idLine: 1,\n    filename: 'image-1701457483207.jpg',\n    createdAt: '2023-12-01T19:04:43.000Z',\n    updatedAt: '2023-12-01T19:04:43.000Z'\n  },\n  {\n    id: 17,\n    Location: 'Si',\n    idLine: 1,\n    filename: 'image-1702411966104.jpg',\n    createdAt: '2023-12-12T20:12:46.000Z',\n    updatedAt: '2023-12-12T20:12:46.000Z'\n  }\n]","meta":{"userLevel":true,"rootId":"ksyn35x0momfxfg","id":"ksyn35x0momfxfg"},"id":"0eg1sk6qk894twv","previousOperationId":"gkyij7txliv0xso"}
{"type":"operationEnd","operationId":"gkyij7txliv0xso","timestamp":1705342704745,"id":"mwi6d7s3g2b68bi","previousEventId":"o1sqfvv019cqu8d","previousOperationId":"2ikwbqq19caz83p"}
{"type":"operationEnd","operationId":"wcrxbj2gy0cvapk","timestamp":1705342704745,"id":"58vdpxldv475k6d","previousEventId":"mwi6d7s3g2b68bi","previousOperationId":"2ikwbqq19caz83p"}
{"type":"log","timestamp":1705342704745,"level":"debug","message":"Base url not specified, skipping its injection.","meta":{"rootId":"ksyn35x0momfxfg","id":"ksyn35x0momfxfg"},"id":"e8h96crba3a0i24","previousOperationId":"wcrxbj2gy0cvapk"}
{"type":"operationStart","subtype":"engine","name":"handlebars","timestamp":1705342704745,"id":"x1h1bsf17moiaff","previousEventId":"58vdpxldv475k6d","operationId":"5vvnnp1h19c3svg","previousOperationId":"wcrxbj2gy0cvapk"}
{"type":"log","timestamp":1705342704745,"level":"debug","message":"Rendering engine handlebars","meta":{"rootId":"ksyn35x0momfxfg","id":"ksyn35x0momfxfg"},"id":"skwsirsgexm1839","previousOperationId":"5vvnnp1h19c3svg"}
{"type":"operationEnd","operationId":"5vvnnp1h19c3svg","timestamp":1705342704757,"id":"a9836lg9rtpkh0i","previousEventId":"x1h1bsf17moiaff","previousOperationId":"5vvnnp1h19c3svg"}
{"type":"operationStart","subtype":"recipe","name":"chrome-pdf","timestamp":1705342704757,"id":"nh9w148ifsaxbf2","previousEventId":"a9836lg9rtpkh0i","operationId":"tgv1b9sduq0e9ef","previousOperationId":"5vvnnp1h19c3svg"}
{"type":"log","timestamp":1705342704757,"level":"debug","message":"Executing recipe chrome-pdf","meta":{"rootId":"ksyn35x0momfxfg","id":"ksyn35x0momfxfg"},"id":"xajpgwzvoehiu5m","previousOperationId":"tgv1b9sduq0e9ef"}
{"type":"log","timestamp":1705342704759,"level":"debug","message":"Converting with chrome HeadlessChrome/117.0.5938.149 using chrome-pool strategy","meta":{"rootId":"ksyn35x0momfxfg","id":"ksyn35x0momfxfg"},"id":"gc22n6o8rbtcfsc","previousOperationId":"tgv1b9sduq0e9ef"}
{"type":"log","timestamp":1705342704874,"level":"debug","message":"Page request: GET (document) file:///C:/Users/ratha/AppData/Local/Temp/jsreport/autocleanup/2f0da7b3-6b98-4cfb-8be2-97aa9e565cd1-chrome-pdf.html","meta":{"rootId":"ksyn35x0momfxfg","id":"ksyn35x0momfxfg"},"id":"f6l7rnn9fjwx6va","previousOperationId":"tgv1b9sduq0e9ef"}
{"type":"log","timestamp":1705342704884,"level":"debug","message":"Page request finished: GET (document) 200 file:///C:/Users/ratha/AppData/Local/Temp/jsreport/autocleanup/2f0da7b3-6b98-4cfb-8be2-97aa9e565cd1-chrome-pdf.html","meta":{"rootId":"ksyn35x0momfxfg","id":"ksyn35x0momfxfg"},"id":"wupkh9woamyozkh","previousOperationId":"tgv1b9sduq0e9ef"}
{"type":"log","timestamp":1705342704900,"level":"debug","message":"Running chrome with params {\"printBackground\":true,\"timeout\":59946,\"margin\":{}}","meta":{"rootId":"ksyn35x0momfxfg","id":"ksyn35x0momfxfg"},"id":"gjir9rq7remspsr","previousOperationId":"tgv1b9sduq0e9ef"}
{"type":"operationEnd","operationId":"tgv1b9sduq0e9ef","timestamp":1705342704952,"id":"wiub7u45rgcwvj7","previousEventId":"nh9w148ifsaxbf2","previousOperationId":"tgv1b9sduq0e9ef"}
{"type":"log","timestamp":1705342704952,"level":"debug","message":"Skipping storing report.","meta":{"rootId":"ksyn35x0momfxfg","id":"ksyn35x0momfxfg"},"id":"0d7dfk042hcz38i","previousOperationId":"tgv1b9sduq0e9ef"}
{"type":"log","timestamp":1705342704952,"level":"info","message":"Rendering request 10 finished in 248 ms","meta":{"rootId":"ksyn35x0momfxfg","id":"ksyn35x0momfxfg"},"id":"kr569b9jd4ru4c3","previousOperationId":"tgv1b9sduq0e9ef"}
{"type":"operationEnd","subtype":"render","operationId":"2ikwbqq19caz83p","timestamp":1705342704952,"id":"wy3j2pkmy5q503l","previousEventId":"wiub7u45rgcwvj7","previousOperationId":"tgv1b9sduq0e9ef"}
{"type":"operationEnd","doDiffs":false,"previousEventId":"7ta5wf9guc9iurz","previousOperationId":"0v4xwjghgpznvpl","operationId":"0v4xwjghgpznvpl","timestamp":1705342704955,"id":"9g32fktc0x8d2p3"}
