{"type":"operationStart","subtype":"profile","data":{"_id":"PCugXI14QNLSq9aK","timestamp":"2024-01-15T18:07:53.321Z","state":"queued","mode":"standard","creationDate":"2024-01-15T18:07:53.326Z","modificationDate":"2024-01-15T18:07:53.326Z","shortid":"1GjZ_p5","$entitySet":"profiles"},"doDiffs":false,"timestamp":1705342073325,"id":"vlzjor1lfi3vok6","previousOperationId":null,"operationId":"fdfe75a43r4snyu"}
{"type":"log","level":"info","message":"Render request 2 queued for execution and waiting for available worker","previousOperationId":"fdfe75a43r4snyu","timestamp":1705342073325,"id":"dzlml3czfhxlatl"}
{"type":"operationStart","subtype":"render","name":"reports-main","previousOperationId":"fdfe75a43r4snyu","timestamp":1705342073339,"id":"4jx787joteanplv","previousEventId":"vlzjor1lfi3vok6","operationId":"gwee4jp2odsnp9p"}
{"type":"log","timestamp":1705342073340,"level":"info","message":"Starting rendering request 2","meta":{"rootId":"lpu5w68grlswr9w","id":"lpu5w68grlswr9w"},"id":"p2pvjy2qb68cb93","previousOperationId":"gwee4jp2odsnp9p"}
{"type":"log","timestamp":1705342073342,"level":"info","message":"Rendering template { name: reports-main, recipe: chrome-pdf, engine: handlebars, preview: true }","meta":{"rootId":"lpu5w68grlswr9w","id":"lpu5w68grlswr9w"},"id":"rlcdd0vvan8opnj","previousOperationId":"gwee4jp2odsnp9p"}
{"type":"log","timestamp":1705342073344,"level":"debug","message":"Data item not defined for this template.","meta":{"rootId":"lpu5w68grlswr9w","id":"lpu5w68grlswr9w"},"id":"1scfqch1mxi0xgd","previousOperationId":"gwee4jp2odsnp9p"}
{"type":"log","timestamp":1705342073350,"level":"debug","message":"Executing script reports-script (beforeRender)","meta":{"rootId":"lpu5w68grlswr9w","id":"lpu5w68grlswr9w"},"id":"moa6lvqnjno4i24","previousOperationId":"gwee4jp2odsnp9p"}
{"type":"operationStart","subtype":"scriptsBeforeRender","name":"scripts beforeRender","timestamp":1705342073885,"id":"yzpvqvhf8hoku15","previousEventId":"4jx787joteanplv","operationId":"g1vl8ugwtoz68m9","previousOperationId":"gwee4jp2odsnp9p"}
{"type":"operationStart","subtype":"script","name":"scripts reports-script","previousOperationId":"g1vl8ugwtoz68m9","timestamp":1705342073885,"id":"m2vsz3bymuf9ned","previousEventId":"yzpvqvhf8hoku15","operationId":"dvjvasgg7k4dwxl"}
{"type":"log","timestamp":1705342073968,"level":"debug","message":"(console:log) [\n  {\n    id: 1,\n    number: 2,\n    firstStop: 'C',\n    lastStop: 'D',\n    createdAt: '2023-12-01T17:35:52.000Z',\n    updatedAt: '2023-12-12T20:01:36.000Z'\n  },\n  {\n    id: 2,\n    number: 66,\n    firstStop: 'TF',\n    lastStop: 'VG',\n    createdAt: '2023-12-01T19:20:40.000Z',\n    updatedAt: '2023-12-01T19:20:40.000Z'\n  },\n  {\n    id: 3,\n    number: 69,\n    firstStop: 'Si',\n    lastStop: 'No',\n    createdAt: '2023-12-04T17:13:35.000Z',\n    updatedAt: '2023-12-04T17:13:35.000Z'\n  },\n  {\n    id: 4,\n    number: 22,\n    firstStop: 'FG',\n    lastStop: 'DF',\n    createdAt: '2023-12-08T18:39:03.000Z',\n    updatedAt: '2023-12-08T18:39:03.000Z'\n  },\n  {\n    id: 5,\n    number: 1,\n    firstStop: 'A',\n    lastStop: 'B',\n    createdAt: '2023-12-12T19:54:23.000Z',\n    updatedAt: '2023-12-12T19:54:23.000Z'\n  }\n]","meta":{"userLevel":true,"rootId":"lpu5w68grlswr9w","id":"lpu5w68grlswr9w"},"id":"vqzw20e2bvsgvw5","previousOperationId":"dvjvasgg7k4dwxl"}
{"type":"log","timestamp":1705342074006,"level":"debug","message":"(console:log) [\n  {\n    id: 14,\n    Location: 'ss',\n    idLine: 1,\n    filename: 'image-1701457483207.jpg',\n    createdAt: '2023-12-01T19:04:43.000Z',\n    updatedAt: '2023-12-01T19:04:43.000Z'\n  },\n  {\n    id: 17,\n    Location: 'Si',\n    idLine: 1,\n    filename: 'image-1702411966104.jpg',\n    createdAt: '2023-12-12T20:12:46.000Z',\n    updatedAt: '2023-12-12T20:12:46.000Z'\n  }\n]","meta":{"userLevel":true,"rootId":"lpu5w68grlswr9w","id":"lpu5w68grlswr9w"},"id":"2hqkz5ci2vlse3g","previousOperationId":"dvjvasgg7k4dwxl"}
{"type":"operationEnd","operationId":"dvjvasgg7k4dwxl","timestamp":1705342074009,"id":"box9cqbuxugm2yz","previousEventId":"4jx787joteanplv","previousOperationId":"gwee4jp2odsnp9p"}
{"type":"operationEnd","operationId":"g1vl8ugwtoz68m9","timestamp":1705342074009,"id":"s6pnimw60eqv8en","previousEventId":"box9cqbuxugm2yz","previousOperationId":"gwee4jp2odsnp9p"}
{"type":"log","timestamp":1705342074009,"level":"debug","message":"Base url not specified, skipping its injection.","meta":{"rootId":"lpu5w68grlswr9w","id":"lpu5w68grlswr9w"},"id":"effoje2yzwic6ro","previousOperationId":"g1vl8ugwtoz68m9"}
{"type":"operationStart","subtype":"engine","name":"handlebars","timestamp":1705342074010,"id":"x6niinyj5gfqodd","previousEventId":"s6pnimw60eqv8en","operationId":"hioe981zga5bd69","previousOperationId":"g1vl8ugwtoz68m9"}
{"type":"log","timestamp":1705342074010,"level":"debug","message":"Rendering engine handlebars","meta":{"rootId":"lpu5w68grlswr9w","id":"lpu5w68grlswr9w"},"id":"fpd3vu0i94jhlte","previousOperationId":"hioe981zga5bd69"}
{"type":"operationEnd","operationId":"hioe981zga5bd69","timestamp":1705342074605,"id":"a075zjc22wrejp0","previousEventId":"x6niinyj5gfqodd","previousOperationId":"hioe981zga5bd69"}
{"type":"operationStart","subtype":"recipe","name":"chrome-pdf","timestamp":1705342074609,"id":"r0ij5bblmxx67om","previousEventId":"a075zjc22wrejp0","operationId":"uaacx0e296lalof","previousOperationId":"hioe981zga5bd69"}
{"type":"log","timestamp":1705342074609,"level":"debug","message":"Executing recipe chrome-pdf","meta":{"rootId":"lpu5w68grlswr9w","id":"lpu5w68grlswr9w"},"id":"owo3efwrsvohb8k","previousOperationId":"uaacx0e296lalof"}
{"type":"log","timestamp":1705342075639,"level":"debug","message":"Converting with chrome HeadlessChrome/117.0.5938.149 using chrome-pool strategy","meta":{"rootId":"lpu5w68grlswr9w","id":"lpu5w68grlswr9w"},"id":"jyvngtdabd6rrwd","previousOperationId":"uaacx0e296lalof"}
{"type":"log","timestamp":1705342075920,"level":"debug","message":"Page request: GET (document) file:///C:/Users/ratha/AppData/Local/Temp/jsreport/autocleanup/ade15e8c-0f34-4718-bbc1-6fb533d0d3d5-chrome-pdf.html","meta":{"rootId":"lpu5w68grlswr9w","id":"lpu5w68grlswr9w"},"id":"49d0msnvp0h9a5v","previousOperationId":"uaacx0e296lalof"}
{"type":"log","timestamp":1705342075940,"level":"debug","message":"Page request finished: GET (document) 200 file:///C:/Users/ratha/AppData/Local/Temp/jsreport/autocleanup/ade15e8c-0f34-4718-bbc1-6fb533d0d3d5-chrome-pdf.html","meta":{"rootId":"lpu5w68grlswr9w","id":"lpu5w68grlswr9w"},"id":"6g86uh9i8m2x95r","previousOperationId":"uaacx0e296lalof"}
{"type":"log","timestamp":1705342075943,"level":"warn","message":"Page error: \"undefined\" is not valid JSON\nJSON.parse (<anonymous>) , stack: SyntaxError: \"undefined\" is not valid JSON\nJSON.parse (<anonymous>)\n    at <anonymous> (file:///C:/Users/ratha/AppData/Local/Temp/jsreport/autocleanup/ade15e8c-0f34-4718-bbc1-6fb533d0d3d5-chrome-pdf.html:57:29)","meta":{"rootId":"lpu5w68grlswr9w","id":"lpu5w68grlswr9w"},"id":"9egk8kgltnymjnr","previousOperationId":"uaacx0e296lalof"}
{"type":"log","timestamp":1705342075965,"level":"debug","message":"Running chrome with params {\"printBackground\":true,\"timeout\":57969,\"margin\":{}}","meta":{"rootId":"lpu5w68grlswr9w","id":"lpu5w68grlswr9w"},"id":"e8xmkylo4t2fb21","previousOperationId":"uaacx0e296lalof"}
{"type":"operationEnd","operationId":"uaacx0e296lalof","timestamp":1705342076067,"id":"7trisdnrmbrc89w","previousEventId":"r0ij5bblmxx67om","previousOperationId":"uaacx0e296lalof"}
{"type":"log","timestamp":1705342076068,"level":"debug","message":"Skipping storing report.","meta":{"rootId":"lpu5w68grlswr9w","id":"lpu5w68grlswr9w"},"id":"r8ddb4eeg3q757j","previousOperationId":"uaacx0e296lalof"}
{"type":"log","timestamp":1705342076068,"level":"info","message":"Rendering request 2 finished in 2747 ms","meta":{"rootId":"lpu5w68grlswr9w","id":"lpu5w68grlswr9w"},"id":"mmxvxcwefgr3ey2","previousOperationId":"uaacx0e296lalof"}
{"type":"operationEnd","subtype":"render","operationId":"gwee4jp2odsnp9p","timestamp":1705342076069,"id":"rn6hhbqhvllrnoo","previousEventId":"7trisdnrmbrc89w","previousOperationId":"uaacx0e296lalof"}
{"type":"operationEnd","doDiffs":false,"previousEventId":"vlzjor1lfi3vok6","previousOperationId":"fdfe75a43r4snyu","operationId":"fdfe75a43r4snyu","timestamp":1705342076080,"id":"1dzigb67pixw3l9"}
