{"type":"operationStart","subtype":"profile","data":{"_id":"6eWO5X52fG5d2qLm","timestamp":"2024-01-11T15:22:08.698Z","state":"queued","mode":"standard","creationDate":"2024-01-11T15:22:08.717Z","modificationDate":"2024-01-11T15:22:08.717Z","shortid":"uet8aPk","$entitySet":"profiles"},"doDiffs":false,"timestamp":1704986528716,"id":"p277yjzyu48r9gj","previousOperationId":null,"operationId":"cqyn6spgbz064ng"}
{"type":"log","level":"info","message":"Render request 9 queued for execution and waiting for available worker","previousOperationId":"cqyn6spgbz064ng","timestamp":1704986528717,"id":"bqxpp7o0oz4rpxi"}
{"type":"operationStart","subtype":"render","name":"reports-main","previousOperationId":"cqyn6spgbz064ng","timestamp":1704986528732,"id":"h7a0t3vt4w0lcm1","previousEventId":"p277yjzyu48r9gj","operationId":"zac6xl739jgythc"}
{"type":"log","timestamp":1704986528732,"level":"info","message":"Starting rendering request 9","meta":{"rootId":"mefj00ltvw97jdf","id":"mefj00ltvw97jdf"},"id":"zowy5fxby0psg7s","previousOperationId":"zac6xl739jgythc"}
{"type":"log","timestamp":1704986528732,"level":"info","message":"Rendering template { name: reports-main, recipe: chrome-pdf, engine: handlebars, preview: true }","meta":{"rootId":"mefj00ltvw97jdf","id":"mefj00ltvw97jdf"},"id":"9adp2tbyy9czefc","previousOperationId":"zac6xl739jgythc"}
{"type":"log","timestamp":1704986528735,"level":"debug","message":"Inline data specified.","meta":{"rootId":"mefj00ltvw97jdf","id":"mefj00ltvw97jdf"},"id":"h22v38rtjnvqt5i","previousOperationId":"zac6xl739jgythc"}
{"type":"log","timestamp":1704986528740,"level":"debug","message":"Executing script reports-script (beforeRender)","meta":{"rootId":"mefj00ltvw97jdf","id":"mefj00ltvw97jdf"},"id":"aqahj3ndh0jgzrr","previousOperationId":"zac6xl739jgythc"}
{"type":"operationStart","subtype":"scriptsBeforeRender","name":"scripts beforeRender","timestamp":1704986528761,"id":"n2k6uqz560oiiby","previousEventId":"h7a0t3vt4w0lcm1","operationId":"t304z8r1der0dg8","previousOperationId":"zac6xl739jgythc"}
{"type":"operationStart","subtype":"script","name":"scripts reports-script","previousOperationId":"t304z8r1der0dg8","timestamp":1704986528761,"id":"b51cngtex6ba5gq","previousEventId":"n2k6uqz560oiiby","operationId":"csk1h2v42ahc417"}
{"type":"log","timestamp":1704986528781,"level":"debug","message":"(console:log) undefined","meta":{"userLevel":true,"rootId":"mefj00ltvw97jdf","id":"mefj00ltvw97jdf"},"id":"mnp1dn2qvwzfp0g","previousOperationId":"csk1h2v42ahc417"}
{"type":"operationEnd","operationId":"csk1h2v42ahc417","timestamp":1704986528783,"id":"hlde69a18n7b00h","previousEventId":"h7a0t3vt4w0lcm1","previousOperationId":"zac6xl739jgythc"}
{"type":"operationEnd","operationId":"t304z8r1der0dg8","timestamp":1704986528783,"id":"kio8bq5l2575mgw","previousEventId":"hlde69a18n7b00h","previousOperationId":"zac6xl739jgythc"}
{"type":"log","timestamp":1704986528783,"level":"debug","message":"Base url not specified, skipping its injection.","meta":{"rootId":"mefj00ltvw97jdf","id":"mefj00ltvw97jdf"},"id":"ntzmkx2ymodh3lt","previousOperationId":"t304z8r1der0dg8"}
{"type":"operationStart","subtype":"engine","name":"handlebars","timestamp":1704986528784,"id":"amxl61gfc7yu1ea","previousEventId":"kio8bq5l2575mgw","operationId":"6r6fbdioz9wgir8","previousOperationId":"t304z8r1der0dg8"}
{"type":"log","timestamp":1704986528784,"level":"debug","message":"Rendering engine handlebars","meta":{"rootId":"mefj00ltvw97jdf","id":"mefj00ltvw97jdf"},"id":"2vrmt882a7aikqq","previousOperationId":"6r6fbdioz9wgir8"}
{"type":"operationEnd","operationId":"6r6fbdioz9wgir8","timestamp":1704986528804,"id":"zi40ydbzvjsxhvw","previousEventId":"amxl61gfc7yu1ea","previousOperationId":"6r6fbdioz9wgir8"}
{"type":"operationStart","subtype":"recipe","name":"chrome-pdf","timestamp":1704986528805,"id":"42qash4zx0vxt6c","previousEventId":"zi40ydbzvjsxhvw","operationId":"ku2qclbyd15p9iz","previousOperationId":"6r6fbdioz9wgir8"}
{"type":"log","timestamp":1704986528805,"level":"debug","message":"Executing recipe chrome-pdf","meta":{"rootId":"mefj00ltvw97jdf","id":"mefj00ltvw97jdf"},"id":"ufzvj08n0rky50z","previousOperationId":"ku2qclbyd15p9iz"}
{"type":"log","timestamp":1704986528808,"level":"debug","message":"Converting with chrome HeadlessChrome/117.0.5938.149 using chrome-pool strategy","meta":{"rootId":"mefj00ltvw97jdf","id":"mefj00ltvw97jdf"},"id":"dsuyxpf847xa1y9","previousOperationId":"ku2qclbyd15p9iz"}
{"type":"log","timestamp":1704986528991,"level":"debug","message":"Page request: GET (document) file:///C:/Users/ratha/AppData/Local/Temp/jsreport/autocleanup/4627aa0c-49a5-443f-8f68-b8eef00a3380-chrome-pdf.html","meta":{"rootId":"mefj00ltvw97jdf","id":"mefj00ltvw97jdf"},"id":"veu6bjfo3sy5dl0","previousOperationId":"ku2qclbyd15p9iz"}
{"type":"log","timestamp":1704986529008,"level":"debug","message":"Page request finished: GET (document) 200 file:///C:/Users/ratha/AppData/Local/Temp/jsreport/autocleanup/4627aa0c-49a5-443f-8f68-b8eef00a3380-chrome-pdf.html","meta":{"rootId":"mefj00ltvw97jdf","id":"mefj00ltvw97jdf"},"id":"zrfk4vns5eej815","previousOperationId":"ku2qclbyd15p9iz"}
{"type":"log","timestamp":1704986529026,"level":"debug","message":"Running chrome with params {\"printBackground\":true,\"timeout\":59891,\"margin\":{}}","meta":{"rootId":"mefj00ltvw97jdf","id":"mefj00ltvw97jdf"},"id":"foyfz0tm0eeej0l","previousOperationId":"ku2qclbyd15p9iz"}
{"type":"operationEnd","operationId":"ku2qclbyd15p9iz","timestamp":1704986529078,"id":"y8t3txhlfpdkgoi","previousEventId":"42qash4zx0vxt6c","previousOperationId":"ku2qclbyd15p9iz"}
{"type":"log","timestamp":1704986529078,"level":"debug","message":"Skipping storing report.","meta":{"rootId":"mefj00ltvw97jdf","id":"mefj00ltvw97jdf"},"id":"qt3c657yfg0fysg","previousOperationId":"ku2qclbyd15p9iz"}
{"type":"log","timestamp":1704986529078,"level":"info","message":"Rendering request 9 finished in 380 ms","meta":{"rootId":"mefj00ltvw97jdf","id":"mefj00ltvw97jdf"},"id":"3yqf29tp331ruz9","previousOperationId":"ku2qclbyd15p9iz"}
{"type":"operationEnd","subtype":"render","operationId":"zac6xl739jgythc","timestamp":1704986529078,"id":"uehxh6knpjmcqy8","previousEventId":"y8t3txhlfpdkgoi","previousOperationId":"ku2qclbyd15p9iz"}
{"type":"operationEnd","doDiffs":false,"previousEventId":"p277yjzyu48r9gj","previousOperationId":"cqyn6spgbz064ng","operationId":"cqyn6spgbz064ng","timestamp":1704986529086,"id":"2rqmm6ji37snepe"}
