{"type":"operationStart","subtype":"profile","data":{"_id":"OFyXGbnOxHHk8JCW","timestamp":"2024-01-11T15:29:04.494Z","state":"queued","mode":"standard","creationDate":"2024-01-11T15:29:04.496Z","modificationDate":"2024-01-11T15:29:04.496Z","shortid":"ji9cnAd","$entitySet":"profiles"},"doDiffs":false,"timestamp":1704986944495,"id":"actutffw0ygzxcb","previousOperationId":null,"operationId":"iiljrc69mbp7ghj"}
{"type":"log","level":"info","message":"Render request 12 queued for execution and waiting for available worker","previousOperationId":"iiljrc69mbp7ghj","timestamp":1704986944495,"id":"pt8r63gormq8mrl"}
{"type":"operationStart","subtype":"render","name":"reports-main","previousOperationId":"iiljrc69mbp7ghj","timestamp":1704986944507,"id":"opghbzr5lucnxw9","previousEventId":"actutffw0ygzxcb","operationId":"qu52ccuuqrvdjn2"}
{"type":"log","timestamp":1704986944507,"level":"info","message":"Starting rendering request 12","meta":{"rootId":"n9472lc4h00n93e","id":"n9472lc4h00n93e"},"id":"2r8u0m4ie1ziv4q","previousOperationId":"qu52ccuuqrvdjn2"}
{"type":"log","timestamp":1704986944507,"level":"info","message":"Rendering template { name: reports-main, recipe: chrome-pdf, engine: handlebars, preview: true }","meta":{"rootId":"n9472lc4h00n93e","id":"n9472lc4h00n93e"},"id":"5olfsb14lq14hzq","previousOperationId":"qu52ccuuqrvdjn2"}
{"type":"log","timestamp":1704986944508,"level":"debug","message":"Data item not defined for this template.","meta":{"rootId":"n9472lc4h00n93e","id":"n9472lc4h00n93e"},"id":"38cdodtwaxx6lw1","previousOperationId":"qu52ccuuqrvdjn2"}
{"type":"log","timestamp":1704986944514,"level":"debug","message":"Executing script reports-script (beforeRender)","meta":{"rootId":"n9472lc4h00n93e","id":"n9472lc4h00n93e"},"id":"wmmnyc5afnpvoc0","previousOperationId":"qu52ccuuqrvdjn2"}
{"type":"operationStart","subtype":"scriptsBeforeRender","name":"scripts beforeRender","timestamp":1704986944520,"id":"hi5gevgil4u8edk","previousEventId":"opghbzr5lucnxw9","operationId":"bdoae3y1wvksm6g","previousOperationId":"qu52ccuuqrvdjn2"}
{"type":"operationStart","subtype":"script","name":"scripts reports-script","previousOperationId":"bdoae3y1wvksm6g","timestamp":1704986944520,"id":"r95y80hljla3re2","previousEventId":"hi5gevgil4u8edk","operationId":"6alx58yuco6m1df"}
{"type":"log","timestamp":1704986944530,"level":"debug","message":"(console:log) undefined","meta":{"userLevel":true,"rootId":"n9472lc4h00n93e","id":"n9472lc4h00n93e"},"id":"o9u4nt5oxzdu1ls","previousOperationId":"6alx58yuco6m1df"}
{"type":"operationEnd","operationId":"6alx58yuco6m1df","timestamp":1704986944531,"id":"kanenmpblsxzxr0","previousEventId":"opghbzr5lucnxw9","previousOperationId":"qu52ccuuqrvdjn2"}
{"type":"operationEnd","operationId":"bdoae3y1wvksm6g","timestamp":1704986944531,"id":"d3t8msuvrlsmbqf","previousEventId":"kanenmpblsxzxr0","previousOperationId":"qu52ccuuqrvdjn2"}
{"type":"log","timestamp":1704986944531,"level":"debug","message":"Base url not specified, skipping its injection.","meta":{"rootId":"n9472lc4h00n93e","id":"n9472lc4h00n93e"},"id":"f73o8ffa0mxxdqa","previousOperationId":"bdoae3y1wvksm6g"}
{"type":"operationStart","subtype":"engine","name":"handlebars","timestamp":1704986944531,"id":"cqgb8bzfa2snlbe","previousEventId":"d3t8msuvrlsmbqf","operationId":"56sntn0h8w86ldg","previousOperationId":"bdoae3y1wvksm6g"}
{"type":"log","timestamp":1704986944531,"level":"debug","message":"Rendering engine handlebars","meta":{"rootId":"n9472lc4h00n93e","id":"n9472lc4h00n93e"},"id":"y3a2sc5vlhkajjz","previousOperationId":"56sntn0h8w86ldg"}
{"type":"operationEnd","operationId":"56sntn0h8w86ldg","timestamp":1704986944547,"id":"xfgec60v560lynx","previousEventId":"cqgb8bzfa2snlbe","previousOperationId":"56sntn0h8w86ldg"}
{"type":"operationStart","subtype":"recipe","name":"chrome-pdf","timestamp":1704986944547,"id":"55dwu7ogcyswaww","previousEventId":"xfgec60v560lynx","operationId":"wdyl1siam793cw2","previousOperationId":"56sntn0h8w86ldg"}
{"type":"log","timestamp":1704986944547,"level":"debug","message":"Executing recipe chrome-pdf","meta":{"rootId":"n9472lc4h00n93e","id":"n9472lc4h00n93e"},"id":"0mw6hfda3lzs10q","previousOperationId":"wdyl1siam793cw2"}
{"type":"log","timestamp":1704986944549,"level":"debug","message":"Converting with chrome HeadlessChrome/117.0.5938.149 using chrome-pool strategy","meta":{"rootId":"n9472lc4h00n93e","id":"n9472lc4h00n93e"},"id":"6ey27hilvf9dcs6","previousOperationId":"wdyl1siam793cw2"}
{"type":"log","timestamp":1704986944677,"level":"debug","message":"Page request: GET (document) file:///C:/Users/ratha/AppData/Local/Temp/jsreport/autocleanup/abf8af2a-c3b6-45e4-978b-a8a4bf9b36fb-chrome-pdf.html","meta":{"rootId":"n9472lc4h00n93e","id":"n9472lc4h00n93e"},"id":"n890xx39bmf79up","previousOperationId":"wdyl1siam793cw2"}
{"type":"log","timestamp":1704986944692,"level":"debug","message":"Page request finished: GET (document) 200 file:///C:/Users/ratha/AppData/Local/Temp/jsreport/autocleanup/abf8af2a-c3b6-45e4-978b-a8a4bf9b36fb-chrome-pdf.html","meta":{"rootId":"n9472lc4h00n93e","id":"n9472lc4h00n93e"},"id":"ozbuprrp8wgz38r","previousOperationId":"wdyl1siam793cw2"}
{"type":"log","timestamp":1704986944704,"level":"debug","message":"Running chrome with params {\"printBackground\":true,\"timeout\":59945,\"margin\":{}}","meta":{"rootId":"n9472lc4h00n93e","id":"n9472lc4h00n93e"},"id":"tznibps66ew4adk","previousOperationId":"wdyl1siam793cw2"}
{"type":"operationEnd","operationId":"wdyl1siam793cw2","timestamp":1704986944734,"id":"wo7qzrue47c7gj1","previousEventId":"55dwu7ogcyswaww","previousOperationId":"wdyl1siam793cw2"}
{"type":"log","timestamp":1704986944734,"level":"debug","message":"Skipping storing report.","meta":{"rootId":"n9472lc4h00n93e","id":"n9472lc4h00n93e"},"id":"1d0udivm5hgctw7","previousOperationId":"wdyl1siam793cw2"}
{"type":"log","timestamp":1704986944734,"level":"info","message":"Rendering request 12 finished in 241 ms","meta":{"rootId":"n9472lc4h00n93e","id":"n9472lc4h00n93e"},"id":"isdv0ncb4a6l036","previousOperationId":"wdyl1siam793cw2"}
{"type":"operationEnd","subtype":"render","operationId":"qu52ccuuqrvdjn2","timestamp":1704986944735,"id":"cvffkos86dd7t5u","previousEventId":"wo7qzrue47c7gj1","previousOperationId":"wdyl1siam793cw2"}
{"type":"operationEnd","doDiffs":false,"previousEventId":"actutffw0ygzxcb","previousOperationId":"iiljrc69mbp7ghj","operationId":"iiljrc69mbp7ghj","timestamp":1704986944740,"id":"5kjc0zns28zj4jk"}
