{"type":"operationStart","subtype":"profile","data":{"_id":"qB6rR7mCuoS63Hni","timestamp":"2024-01-12T16:05:25.916Z","state":"queued","mode":"standard","creationDate":"2024-01-12T16:05:25.918Z","modificationDate":"2024-01-12T16:05:25.918Z","shortid":"kUgUcu4","$entitySet":"profiles"},"doDiffs":false,"timestamp":1705075525917,"id":"n7eyy1j9hnd0rbb","previousOperationId":null,"operationId":"cve1by7fqvhjfta"}
{"type":"log","level":"info","message":"Render request 29 queued for execution and waiting for available worker","previousOperationId":"cve1by7fqvhjfta","timestamp":1705075525918,"id":"en8uvzbtu2g776k"}
{"type":"operationStart","subtype":"render","name":"reports-main","previousOperationId":"cve1by7fqvhjfta","timestamp":1705075525928,"id":"8ts5gy20qc74u31","previousEventId":"n7eyy1j9hnd0rbb","operationId":"vbrxr0sxhzrobee"}
{"type":"log","timestamp":1705075525928,"level":"info","message":"Starting rendering request 29","meta":{"rootId":"nf9kclvceggqo07","id":"nf9kclvceggqo07"},"id":"ys81exio2009ggf","previousOperationId":"vbrxr0sxhzrobee"}
{"type":"log","timestamp":1705075525928,"level":"info","message":"Rendering template { name: reports-main, recipe: chrome-pdf, engine: handlebars, preview: true }","meta":{"rootId":"nf9kclvceggqo07","id":"nf9kclvceggqo07"},"id":"hvsrwuz32epmy5a","previousOperationId":"vbrxr0sxhzrobee"}
{"type":"log","timestamp":1705075525929,"level":"debug","message":"Data item not defined for this template.","meta":{"rootId":"nf9kclvceggqo07","id":"nf9kclvceggqo07"},"id":"yt8khwihp53z5h6","previousOperationId":"vbrxr0sxhzrobee"}
{"type":"log","timestamp":1705075525931,"level":"debug","message":"Executing script reports-script (beforeRender)","meta":{"rootId":"nf9kclvceggqo07","id":"nf9kclvceggqo07"},"id":"fhshdp54266wxf5","previousOperationId":"vbrxr0sxhzrobee"}
{"type":"operationStart","subtype":"scriptsBeforeRender","name":"scripts beforeRender","timestamp":1705075525953,"id":"ayysopz56suyfry","previousEventId":"8ts5gy20qc74u31","operationId":"3lt04yfliqqwxyi","previousOperationId":"vbrxr0sxhzrobee"}
{"type":"operationStart","subtype":"script","name":"scripts reports-script","previousOperationId":"3lt04yfliqqwxyi","timestamp":1705075525953,"id":"km9ewjoyj24k1g6","previousEventId":"ayysopz56suyfry","operationId":"a9d91uz4bdrxxj5"}
{"type":"log","timestamp":1705075525964,"level":"debug","message":"(console:log) [\n  {\n    id: 1,\n    number: 2,\n    firstStop: 'C',\n    lastStop: 'D',\n    createdAt: '2023-12-01T17:35:52.000Z',\n    updatedAt: '2023-12-12T20:01:36.000Z'\n  },\n  {\n    id: 2,\n    number: 66,\n    firstStop: 'TF',\n    lastStop: 'VG',\n    createdAt: '2023-12-01T19:20:40.000Z',\n    updatedAt: '2023-12-01T19:20:40.000Z'\n  },\n  {\n    id: 3,\n    number: 69,\n    firstStop: 'Si',\n    lastStop: 'No',\n    createdAt: '2023-12-04T17:13:35.000Z',\n    updatedAt: '2023-12-04T17:13:35.000Z'\n  },\n  {\n    id: 4,\n    number: 22,\n    firstStop: 'FG',\n    lastStop: 'DF',\n    createdAt: '2023-12-08T18:39:03.000Z',\n    updatedAt: '2023-12-08T18:39:03.000Z'\n  },\n  {\n    id: 5,\n    number: 1,\n    firstStop: 'A',\n    lastStop: 'B',\n    createdAt: '2023-12-12T19:54:23.000Z',\n    updatedAt: '2023-12-12T19:54:23.000Z'\n  }\n]","meta":{"userLevel":true,"rootId":"nf9kclvceggqo07","id":"nf9kclvceggqo07"},"id":"rvwyytc1m9hngdn","previousOperationId":"a9d91uz4bdrxxj5"}
{"type":"log","timestamp":1705075525970,"level":"debug","message":"(console:log) [\n  {\n    id: 20,\n    Location: '11',\n    idLine: 3,\n    filename: 'image-1705074935530.jpg',\n    createdAt: '2024-01-12T15:55:35.000Z',\n    updatedAt: '2024-01-12T15:55:35.000Z'\n  },\n  {\n    id: 21,\n    Location: '22',\n    idLine: 3,\n    filename: 'image-1705074941717.jpg',\n    createdAt: '2024-01-12T15:55:41.000Z',\n    updatedAt: '2024-01-12T15:55:41.000Z'\n  },\n  {\n    id: 22,\n    Location: '33',\n    idLine: 3,\n    filename: 'image-1705074960193.jpg',\n    createdAt: '2024-01-12T15:56:00.000Z',\n    updatedAt: '2024-01-12T15:56:00.000Z'\n  }\n]","meta":{"userLevel":true,"rootId":"nf9kclvceggqo07","id":"nf9kclvceggqo07"},"id":"vhtfftvyclcej6o","previousOperationId":"a9d91uz4bdrxxj5"}
{"type":"operationEnd","operationId":"a9d91uz4bdrxxj5","timestamp":1705075525971,"id":"v1fjbr7qh9cw51v","previousEventId":"8ts5gy20qc74u31","previousOperationId":"vbrxr0sxhzrobee"}
{"type":"operationEnd","operationId":"3lt04yfliqqwxyi","timestamp":1705075525971,"id":"wxzykamdnmaqk1o","previousEventId":"v1fjbr7qh9cw51v","previousOperationId":"vbrxr0sxhzrobee"}
{"type":"log","timestamp":1705075525971,"level":"debug","message":"Base url not specified, skipping its injection.","meta":{"rootId":"nf9kclvceggqo07","id":"nf9kclvceggqo07"},"id":"fswy4k2gkuprxr6","previousOperationId":"3lt04yfliqqwxyi"}
{"type":"operationStart","subtype":"engine","name":"handlebars","timestamp":1705075525971,"id":"8ja5ejbp16mcghn","previousEventId":"wxzykamdnmaqk1o","operationId":"agc0mb0w8ru68yb","previousOperationId":"3lt04yfliqqwxyi"}
{"type":"log","timestamp":1705075525971,"level":"debug","message":"Rendering engine handlebars","meta":{"rootId":"nf9kclvceggqo07","id":"nf9kclvceggqo07"},"id":"ds3j3ikji8sswzo","previousOperationId":"agc0mb0w8ru68yb"}
{"type":"operationEnd","operationId":"agc0mb0w8ru68yb","timestamp":1705075525989,"id":"gjwf15lbrha92pk","previousEventId":"8ja5ejbp16mcghn","previousOperationId":"agc0mb0w8ru68yb"}
{"type":"operationStart","subtype":"recipe","name":"chrome-pdf","timestamp":1705075525989,"id":"qwljdecz91v6c3z","previousEventId":"gjwf15lbrha92pk","operationId":"r28o0fpi8cwfyzp","previousOperationId":"agc0mb0w8ru68yb"}
{"type":"log","timestamp":1705075525989,"level":"debug","message":"Executing recipe chrome-pdf","meta":{"rootId":"nf9kclvceggqo07","id":"nf9kclvceggqo07"},"id":"0s916gdt6l7wl17","previousOperationId":"r28o0fpi8cwfyzp"}
{"type":"log","timestamp":1705075525991,"level":"debug","message":"Converting with chrome HeadlessChrome/117.0.5938.149 using chrome-pool strategy","meta":{"rootId":"nf9kclvceggqo07","id":"nf9kclvceggqo07"},"id":"pjf2y1ld8de56pt","previousOperationId":"r28o0fpi8cwfyzp"}
{"type":"log","timestamp":1705075526124,"level":"debug","message":"Page request: GET (document) file:///C:/Users/ratha/AppData/Local/Temp/jsreport/autocleanup/b3796795-92ef-4582-8aee-3189c345a61c-chrome-pdf.html","meta":{"rootId":"nf9kclvceggqo07","id":"nf9kclvceggqo07"},"id":"d7615q3sfx29no0","previousOperationId":"r28o0fpi8cwfyzp"}
{"type":"log","timestamp":1705075526139,"level":"debug","message":"Page request finished: GET (document) 200 file:///C:/Users/ratha/AppData/Local/Temp/jsreport/autocleanup/b3796795-92ef-4582-8aee-3189c345a61c-chrome-pdf.html","meta":{"rootId":"nf9kclvceggqo07","id":"nf9kclvceggqo07"},"id":"3y0nrud6jaxk30q","previousOperationId":"r28o0fpi8cwfyzp"}
{"type":"log","timestamp":1705075526150,"level":"debug","message":"Running chrome with params {\"printBackground\":true,\"timeout\":59926,\"margin\":{}}","meta":{"rootId":"nf9kclvceggqo07","id":"nf9kclvceggqo07"},"id":"8c8ckcjae4y322a","previousOperationId":"r28o0fpi8cwfyzp"}
{"type":"operationEnd","operationId":"r28o0fpi8cwfyzp","timestamp":1705075526210,"id":"ntohe5n6z8xkiyv","previousEventId":"qwljdecz91v6c3z","previousOperationId":"r28o0fpi8cwfyzp"}
{"type":"log","timestamp":1705075526210,"level":"debug","message":"Skipping storing report.","meta":{"rootId":"nf9kclvceggqo07","id":"nf9kclvceggqo07"},"id":"a1e6rfv6hrs0ej0","previousOperationId":"r28o0fpi8cwfyzp"}
{"type":"log","timestamp":1705075526210,"level":"info","message":"Rendering request 29 finished in 294 ms","meta":{"rootId":"nf9kclvceggqo07","id":"nf9kclvceggqo07"},"id":"cw86e0z6etjwvae","previousOperationId":"r28o0fpi8cwfyzp"}
{"type":"operationEnd","subtype":"render","operationId":"vbrxr0sxhzrobee","timestamp":1705075526210,"id":"322bc6bw4gc7298","previousEventId":"ntohe5n6z8xkiyv","previousOperationId":"r28o0fpi8cwfyzp"}
{"type":"operationEnd","doDiffs":false,"previousEventId":"n7eyy1j9hnd0rbb","previousOperationId":"cve1by7fqvhjfta","operationId":"cve1by7fqvhjfta","timestamp":1705075526225,"id":"wenx8rci5n6rfqk"}
