{"type":"operationStart","subtype":"profile","data":{"_id":"kgg3Zd7l6ePcU6ag","timestamp":"2024-01-12T16:02:34.145Z","state":"queued","mode":"standard","creationDate":"2024-01-12T16:02:34.147Z","modificationDate":"2024-01-12T16:02:34.147Z","shortid":"GaKnjXE","$entitySet":"profiles"},"doDiffs":false,"timestamp":1705075354146,"id":"7et74ajt35wm47u","previousOperationId":null,"operationId":"6pxivcxsdhnvqcx"}
{"type":"log","level":"info","message":"Render request 27 queued for execution and waiting for available worker","previousOperationId":"6pxivcxsdhnvqcx","timestamp":1705075354147,"id":"4cjbbitzjsxwp1i"}
{"type":"operationStart","subtype":"render","name":"reports-main","previousOperationId":"6pxivcxsdhnvqcx","timestamp":1705075354157,"id":"x98waa4qcpa0eqo","previousEventId":"7et74ajt35wm47u","operationId":"kqsi2tdz1rnp901"}
{"type":"log","timestamp":1705075354158,"level":"info","message":"Starting rendering request 27","meta":{"rootId":"nwyqtyrgsxnoiag","id":"nwyqtyrgsxnoiag"},"id":"gjq16jwzdy92a30","previousOperationId":"kqsi2tdz1rnp901"}
{"type":"log","timestamp":1705075354158,"level":"info","message":"Rendering template { name: reports-main, recipe: chrome-pdf, engine: handlebars, preview: true }","meta":{"rootId":"nwyqtyrgsxnoiag","id":"nwyqtyrgsxnoiag"},"id":"n1o0ys4q7l7a5xu","previousOperationId":"kqsi2tdz1rnp901"}
{"type":"log","timestamp":1705075354162,"level":"debug","message":"Data item not defined for this template.","meta":{"rootId":"nwyqtyrgsxnoiag","id":"nwyqtyrgsxnoiag"},"id":"m5byhazwgyob4wg","previousOperationId":"kqsi2tdz1rnp901"}
{"type":"log","timestamp":1705075354165,"level":"debug","message":"Executing script reports-script (beforeRender)","meta":{"rootId":"nwyqtyrgsxnoiag","id":"nwyqtyrgsxnoiag"},"id":"6n7whu91n8h80iq","previousOperationId":"kqsi2tdz1rnp901"}
{"type":"operationStart","subtype":"scriptsBeforeRender","name":"scripts beforeRender","timestamp":1705075354191,"id":"z5r1ofx5v5wbty5","previousEventId":"x98waa4qcpa0eqo","operationId":"auglzi3xr9hrge7","previousOperationId":"kqsi2tdz1rnp901"}
{"type":"operationStart","subtype":"script","name":"scripts reports-script","previousOperationId":"auglzi3xr9hrge7","timestamp":1705075354192,"id":"b5k985zbpkpvitk","previousEventId":"z5r1ofx5v5wbty5","operationId":"tlspijfwnpt7hmv"}
{"type":"log","timestamp":1705075354207,"level":"debug","message":"(console:log) [\n  {\n    id: 1,\n    number: 2,\n    firstStop: 'C',\n    lastStop: 'D',\n    createdAt: '2023-12-01T17:35:52.000Z',\n    updatedAt: '2023-12-12T20:01:36.000Z'\n  },\n  {\n    id: 2,\n    number: 66,\n    firstStop: 'TF',\n    lastStop: 'VG',\n    createdAt: '2023-12-01T19:20:40.000Z',\n    updatedAt: '2023-12-01T19:20:40.000Z'\n  },\n  {\n    id: 3,\n    number: 69,\n    firstStop: 'Si',\n    lastStop: 'No',\n    createdAt: '2023-12-04T17:13:35.000Z',\n    updatedAt: '2023-12-04T17:13:35.000Z'\n  },\n  {\n    id: 4,\n    number: 22,\n    firstStop: 'FG',\n    lastStop: 'DF',\n    createdAt: '2023-12-08T18:39:03.000Z',\n    updatedAt: '2023-12-08T18:39:03.000Z'\n  },\n  {\n    id: 5,\n    number: 1,\n    firstStop: 'A',\n    lastStop: 'B',\n    createdAt: '2023-12-12T19:54:23.000Z',\n    updatedAt: '2023-12-12T19:54:23.000Z'\n  }\n]","meta":{"userLevel":true,"rootId":"nwyqtyrgsxnoiag","id":"nwyqtyrgsxnoiag"},"id":"pctabg1g81qcalg","previousOperationId":"tlspijfwnpt7hmv"}
{"type":"log","timestamp":1705075354213,"level":"debug","message":"(console:log) [\n  {\n    id: 20,\n    Location: '11',\n    idLine: 3,\n    filename: 'image-1705074935530.jpg',\n    createdAt: '2024-01-12T15:55:35.000Z',\n    updatedAt: '2024-01-12T15:55:35.000Z'\n  },\n  {\n    id: 21,\n    Location: '22',\n    idLine: 3,\n    filename: 'image-1705074941717.jpg',\n    createdAt: '2024-01-12T15:55:41.000Z',\n    updatedAt: '2024-01-12T15:55:41.000Z'\n  },\n  {\n    id: 22,\n    Location: '33',\n    idLine: 3,\n    filename: 'image-1705074960193.jpg',\n    createdAt: '2024-01-12T15:56:00.000Z',\n    updatedAt: '2024-01-12T15:56:00.000Z'\n  }\n]","meta":{"userLevel":true,"rootId":"nwyqtyrgsxnoiag","id":"nwyqtyrgsxnoiag"},"id":"erxzaw1t5msou8l","previousOperationId":"tlspijfwnpt7hmv"}
{"type":"operationEnd","operationId":"tlspijfwnpt7hmv","timestamp":1705075354213,"id":"thg4svtcxhezrqi","previousEventId":"x98waa4qcpa0eqo","previousOperationId":"kqsi2tdz1rnp901"}
{"type":"operationEnd","operationId":"auglzi3xr9hrge7","timestamp":1705075354213,"id":"aabs8pr8xs2qn1a","previousEventId":"thg4svtcxhezrqi","previousOperationId":"kqsi2tdz1rnp901"}
{"type":"log","timestamp":1705075354213,"level":"debug","message":"Base url not specified, skipping its injection.","meta":{"rootId":"nwyqtyrgsxnoiag","id":"nwyqtyrgsxnoiag"},"id":"hsok7i9242lxy3y","previousOperationId":"auglzi3xr9hrge7"}
{"type":"operationStart","subtype":"engine","name":"handlebars","timestamp":1705075354214,"id":"0yafgyi2c8bp2pm","previousEventId":"aabs8pr8xs2qn1a","operationId":"gg440c88s2iloc3","previousOperationId":"auglzi3xr9hrge7"}
{"type":"log","timestamp":1705075354214,"level":"debug","message":"Rendering engine handlebars","meta":{"rootId":"nwyqtyrgsxnoiag","id":"nwyqtyrgsxnoiag"},"id":"vnjxig82sqdsym9","previousOperationId":"gg440c88s2iloc3"}
{"type":"operationEnd","operationId":"gg440c88s2iloc3","timestamp":1705075354258,"id":"10py1za80ha5zhr","previousEventId":"0yafgyi2c8bp2pm","previousOperationId":"gg440c88s2iloc3"}
{"type":"operationStart","subtype":"recipe","name":"chrome-pdf","timestamp":1705075354259,"id":"xz9vhagnzjp0bjq","previousEventId":"10py1za80ha5zhr","operationId":"v2j0r4azdoybjx7","previousOperationId":"gg440c88s2iloc3"}
{"type":"log","timestamp":1705075354259,"level":"debug","message":"Executing recipe chrome-pdf","meta":{"rootId":"nwyqtyrgsxnoiag","id":"nwyqtyrgsxnoiag"},"id":"d0ck09rcl24dabw","previousOperationId":"v2j0r4azdoybjx7"}
{"type":"log","timestamp":1705075354262,"level":"debug","message":"Converting with chrome HeadlessChrome/117.0.5938.149 using chrome-pool strategy","meta":{"rootId":"nwyqtyrgsxnoiag","id":"nwyqtyrgsxnoiag"},"id":"dyvyfoxrrebl1ma","previousOperationId":"v2j0r4azdoybjx7"}
{"type":"log","timestamp":1705075354370,"level":"debug","message":"Page request: GET (document) file:///C:/Users/ratha/AppData/Local/Temp/jsreport/autocleanup/8bf06af3-fb16-4711-b6b4-ebf790852e89-chrome-pdf.html","meta":{"rootId":"nwyqtyrgsxnoiag","id":"nwyqtyrgsxnoiag"},"id":"mrkv9zju5d2s849","previousOperationId":"v2j0r4azdoybjx7"}
{"type":"log","timestamp":1705075354379,"level":"debug","message":"Page request finished: GET (document) 200 file:///C:/Users/ratha/AppData/Local/Temp/jsreport/autocleanup/8bf06af3-fb16-4711-b6b4-ebf790852e89-chrome-pdf.html","meta":{"rootId":"nwyqtyrgsxnoiag","id":"nwyqtyrgsxnoiag"},"id":"pnejvdjlh9axt0r","previousOperationId":"v2j0r4azdoybjx7"}
{"type":"log","timestamp":1705075354388,"level":"debug","message":"Running chrome with params {\"printBackground\":true,\"timeout\":59884,\"margin\":{}}","meta":{"rootId":"nwyqtyrgsxnoiag","id":"nwyqtyrgsxnoiag"},"id":"awsi0zmwozrheb2","previousOperationId":"v2j0r4azdoybjx7"}
{"type":"operationEnd","operationId":"v2j0r4azdoybjx7","timestamp":1705075354426,"id":"pk7ee22r5dmdvip","previousEventId":"xz9vhagnzjp0bjq","previousOperationId":"v2j0r4azdoybjx7"}
{"type":"log","timestamp":1705075354426,"level":"debug","message":"Skipping storing report.","meta":{"rootId":"nwyqtyrgsxnoiag","id":"nwyqtyrgsxnoiag"},"id":"q6haham7jd2hh6y","previousOperationId":"v2j0r4azdoybjx7"}
{"type":"log","timestamp":1705075354426,"level":"info","message":"Rendering request 27 finished in 281 ms","meta":{"rootId":"nwyqtyrgsxnoiag","id":"nwyqtyrgsxnoiag"},"id":"103g7l6nt1e2h4u","previousOperationId":"v2j0r4azdoybjx7"}
{"type":"operationEnd","subtype":"render","operationId":"kqsi2tdz1rnp901","timestamp":1705075354426,"id":"swa5zkfqhseyuxx","previousEventId":"pk7ee22r5dmdvip","previousOperationId":"v2j0r4azdoybjx7"}
{"type":"operationEnd","doDiffs":false,"previousEventId":"7et74ajt35wm47u","previousOperationId":"6pxivcxsdhnvqcx","operationId":"6pxivcxsdhnvqcx","timestamp":1705075354431,"id":"25zej8vo8tn6t34"}
