{"type":"operationStart","subtype":"profile","data":{"_id":"VcrCRFvQhTreMKbV","timestamp":"2024-01-12T16:04:36.241Z","state":"queued","mode":"standard","creationDate":"2024-01-12T16:04:36.242Z","modificationDate":"2024-01-12T16:04:36.242Z","shortid":"FKU9U_N","$entitySet":"profiles"},"doDiffs":false,"timestamp":1705075476242,"id":"qarvl1fn3xiel7c","previousOperationId":null,"operationId":"4mgiruab4rz9f53"}
{"type":"log","level":"info","message":"Render request 28 queued for execution and waiting for available worker","previousOperationId":"4mgiruab4rz9f53","timestamp":1705075476242,"id":"a95tfvuv5zh1v7i"}
{"type":"operationStart","subtype":"render","name":"reports-main","previousOperationId":"4mgiruab4rz9f53","timestamp":1705075476253,"id":"oz7ezydnn0xyedf","previousEventId":"qarvl1fn3xiel7c","operationId":"h5hfzeu75a2iuts"}
{"type":"log","timestamp":1705075476253,"level":"info","message":"Starting rendering request 28","meta":{"rootId":"po0mxhrj04cjxuy","id":"po0mxhrj04cjxuy"},"id":"6q6stcoyjs09uta","previousOperationId":"h5hfzeu75a2iuts"}
{"type":"log","timestamp":1705075476254,"level":"info","message":"Rendering template { name: reports-main, recipe: chrome-pdf, engine: handlebars, preview: true }","meta":{"rootId":"po0mxhrj04cjxuy","id":"po0mxhrj04cjxuy"},"id":"043e72mlelu5qsi","previousOperationId":"h5hfzeu75a2iuts"}
{"type":"log","timestamp":1705075476254,"level":"debug","message":"Data item not defined for this template.","meta":{"rootId":"po0mxhrj04cjxuy","id":"po0mxhrj04cjxuy"},"id":"7nx1jx23qyx37sy","previousOperationId":"h5hfzeu75a2iuts"}
{"type":"log","timestamp":1705075476257,"level":"debug","message":"Executing script reports-script (beforeRender)","meta":{"rootId":"po0mxhrj04cjxuy","id":"po0mxhrj04cjxuy"},"id":"bfcyaceg3f3ed7g","previousOperationId":"h5hfzeu75a2iuts"}
{"type":"operationStart","subtype":"scriptsBeforeRender","name":"scripts beforeRender","timestamp":1705075476277,"id":"83q4biyns41am5h","previousEventId":"oz7ezydnn0xyedf","operationId":"p8zow3mablq7e3n","previousOperationId":"h5hfzeu75a2iuts"}
{"type":"operationStart","subtype":"script","name":"scripts reports-script","previousOperationId":"p8zow3mablq7e3n","timestamp":1705075476277,"id":"yu7z772wip72984","previousEventId":"83q4biyns41am5h","operationId":"d3dio6e04reaymm"}
{"type":"log","timestamp":1705075476287,"level":"debug","message":"(console:log) [\n  {\n    id: 1,\n    number: 2,\n    firstStop: 'C',\n    lastStop: 'D',\n    createdAt: '2023-12-01T17:35:52.000Z',\n    updatedAt: '2023-12-12T20:01:36.000Z'\n  },\n  {\n    id: 2,\n    number: 66,\n    firstStop: 'TF',\n    lastStop: 'VG',\n    createdAt: '2023-12-01T19:20:40.000Z',\n    updatedAt: '2023-12-01T19:20:40.000Z'\n  },\n  {\n    id: 3,\n    number: 69,\n    firstStop: 'Si',\n    lastStop: 'No',\n    createdAt: '2023-12-04T17:13:35.000Z',\n    updatedAt: '2023-12-04T17:13:35.000Z'\n  },\n  {\n    id: 4,\n    number: 22,\n    firstStop: 'FG',\n    lastStop: 'DF',\n    createdAt: '2023-12-08T18:39:03.000Z',\n    updatedAt: '2023-12-08T18:39:03.000Z'\n  },\n  {\n    id: 5,\n    number: 1,\n    firstStop: 'A',\n    lastStop: 'B',\n    createdAt: '2023-12-12T19:54:23.000Z',\n    updatedAt: '2023-12-12T19:54:23.000Z'\n  }\n]","meta":{"userLevel":true,"rootId":"po0mxhrj04cjxuy","id":"po0mxhrj04cjxuy"},"id":"fi5mmbky5xdcjw3","previousOperationId":"d3dio6e04reaymm"}
{"type":"log","timestamp":1705075476294,"level":"debug","message":"(console:log) [\n  {\n    id: 20,\n    Location: '11',\n    idLine: 3,\n    filename: 'image-1705074935530.jpg',\n    createdAt: '2024-01-12T15:55:35.000Z',\n    updatedAt: '2024-01-12T15:55:35.000Z'\n  },\n  {\n    id: 21,\n    Location: '22',\n    idLine: 3,\n    filename: 'image-1705074941717.jpg',\n    createdAt: '2024-01-12T15:55:41.000Z',\n    updatedAt: '2024-01-12T15:55:41.000Z'\n  },\n  {\n    id: 22,\n    Location: '33',\n    idLine: 3,\n    filename: 'image-1705074960193.jpg',\n    createdAt: '2024-01-12T15:56:00.000Z',\n    updatedAt: '2024-01-12T15:56:00.000Z'\n  }\n]","meta":{"userLevel":true,"rootId":"po0mxhrj04cjxuy","id":"po0mxhrj04cjxuy"},"id":"w043qexmbg93fk9","previousOperationId":"d3dio6e04reaymm"}
{"type":"operationEnd","operationId":"d3dio6e04reaymm","timestamp":1705075476295,"id":"uzs71wc07spbe37","previousEventId":"oz7ezydnn0xyedf","previousOperationId":"h5hfzeu75a2iuts"}
{"type":"operationEnd","operationId":"p8zow3mablq7e3n","timestamp":1705075476295,"id":"wdn7ziqs20xf689","previousEventId":"uzs71wc07spbe37","previousOperationId":"h5hfzeu75a2iuts"}
{"type":"log","timestamp":1705075476295,"level":"debug","message":"Base url not specified, skipping its injection.","meta":{"rootId":"po0mxhrj04cjxuy","id":"po0mxhrj04cjxuy"},"id":"cf8q8gkgqhv3u5e","previousOperationId":"p8zow3mablq7e3n"}
{"type":"operationStart","subtype":"engine","name":"handlebars","timestamp":1705075476295,"id":"2wj1mctyhyyvzez","previousEventId":"wdn7ziqs20xf689","operationId":"kgij7ugvlhkb1jp","previousOperationId":"p8zow3mablq7e3n"}
{"type":"log","timestamp":1705075476295,"level":"debug","message":"Rendering engine handlebars","meta":{"rootId":"po0mxhrj04cjxuy","id":"po0mxhrj04cjxuy"},"id":"1brxnyuv3z7rme4","previousOperationId":"kgij7ugvlhkb1jp"}
{"type":"operationEnd","operationId":"kgij7ugvlhkb1jp","timestamp":1705075476311,"id":"410w9te43wu5u8j","previousEventId":"2wj1mctyhyyvzez","previousOperationId":"kgij7ugvlhkb1jp"}
{"type":"operationStart","subtype":"recipe","name":"chrome-pdf","timestamp":1705075476311,"id":"jqn1r2go7wydaob","previousEventId":"410w9te43wu5u8j","operationId":"sh90jkdkuca40ns","previousOperationId":"kgij7ugvlhkb1jp"}
{"type":"log","timestamp":1705075476311,"level":"debug","message":"Executing recipe chrome-pdf","meta":{"rootId":"po0mxhrj04cjxuy","id":"po0mxhrj04cjxuy"},"id":"cn60dwcqdld1qbs","previousOperationId":"sh90jkdkuca40ns"}
{"type":"log","timestamp":1705075476314,"level":"debug","message":"Converting with chrome HeadlessChrome/117.0.5938.149 using chrome-pool strategy","meta":{"rootId":"po0mxhrj04cjxuy","id":"po0mxhrj04cjxuy"},"id":"80gdnwdlpelxloq","previousOperationId":"sh90jkdkuca40ns"}
{"type":"log","timestamp":1705075476437,"level":"debug","message":"Page request: GET (document) file:///C:/Users/ratha/AppData/Local/Temp/jsreport/autocleanup/29c02bd2-c34a-4fa3-a3ab-48d06d65b4ca-chrome-pdf.html","meta":{"rootId":"po0mxhrj04cjxuy","id":"po0mxhrj04cjxuy"},"id":"o9magdemt94mz6g","previousOperationId":"sh90jkdkuca40ns"}
{"type":"log","timestamp":1705075476447,"level":"debug","message":"Page request finished: GET (document) 200 file:///C:/Users/ratha/AppData/Local/Temp/jsreport/autocleanup/29c02bd2-c34a-4fa3-a3ab-48d06d65b4ca-chrome-pdf.html","meta":{"rootId":"po0mxhrj04cjxuy","id":"po0mxhrj04cjxuy"},"id":"0ah4bpdra1ko8jr","previousOperationId":"sh90jkdkuca40ns"}
{"type":"log","timestamp":1705075476457,"level":"debug","message":"Running chrome with params {\"printBackground\":true,\"timeout\":59927,\"margin\":{}}","meta":{"rootId":"po0mxhrj04cjxuy","id":"po0mxhrj04cjxuy"},"id":"wq6cqaokxj15nq0","previousOperationId":"sh90jkdkuca40ns"}
{"type":"operationEnd","operationId":"sh90jkdkuca40ns","timestamp":1705075476494,"id":"634qjqqt9s0011e","previousEventId":"jqn1r2go7wydaob","previousOperationId":"sh90jkdkuca40ns"}
{"type":"log","timestamp":1705075476494,"level":"debug","message":"Skipping storing report.","meta":{"rootId":"po0mxhrj04cjxuy","id":"po0mxhrj04cjxuy"},"id":"85mk8bdevo9zl6f","previousOperationId":"sh90jkdkuca40ns"}
{"type":"log","timestamp":1705075476494,"level":"info","message":"Rendering request 28 finished in 254 ms","meta":{"rootId":"po0mxhrj04cjxuy","id":"po0mxhrj04cjxuy"},"id":"piys84ch9ltpaup","previousOperationId":"sh90jkdkuca40ns"}
{"type":"operationEnd","subtype":"render","operationId":"h5hfzeu75a2iuts","timestamp":1705075476494,"id":"vx5xw73fcl7cj0o","previousEventId":"634qjqqt9s0011e","previousOperationId":"sh90jkdkuca40ns"}
{"type":"operationEnd","doDiffs":false,"previousEventId":"qarvl1fn3xiel7c","previousOperationId":"4mgiruab4rz9f53","operationId":"4mgiruab4rz9f53","timestamp":1705075476499,"id":"vuqhpys77lls5pk"}
