{"type":"operationStart","subtype":"profile","data":{"_id":"KXvn5JWEecG4ralw","timestamp":"2024-01-15T19:03:24.815Z","state":"queued","mode":"standard","creationDate":"2024-01-15T19:03:24.817Z","modificationDate":"2024-01-15T19:03:24.817Z","shortid":"eWLjqoP","$entitySet":"profiles"},"doDiffs":false,"timestamp":1705345404816,"id":"2hi8k3jxdl9jwt7","previousOperationId":null,"operationId":"dc20rxqd844wr5p"}
{"type":"log","level":"info","message":"Render request 11 queued for execution and waiting for available worker","previousOperationId":"dc20rxqd844wr5p","timestamp":1705345404816,"id":"y7f70tmoipuf5vk"}
{"type":"operationStart","subtype":"render","name":"reports-main","previousOperationId":"dc20rxqd844wr5p","timestamp":1705345404826,"id":"2p19op2ve5n0es5","previousEventId":"2hi8k3jxdl9jwt7","operationId":"6tj4bhj468kgglc"}
{"type":"log","timestamp":1705345404826,"level":"info","message":"Starting rendering request 11","meta":{"rootId":"poupsaj75gb8h6l","id":"poupsaj75gb8h6l"},"id":"dy4350ow4j5rmsq","previousOperationId":"6tj4bhj468kgglc"}
{"type":"log","timestamp":1705345404826,"level":"info","message":"Rendering template { name: reports-main, recipe: chrome-pdf, engine: handlebars, preview: false }","meta":{"rootId":"poupsaj75gb8h6l","id":"poupsaj75gb8h6l"},"id":"2wku7z7wmiiusdh","previousOperationId":"6tj4bhj468kgglc"}
{"type":"log","timestamp":1705345404827,"level":"debug","message":"Inline data specified.","meta":{"rootId":"poupsaj75gb8h6l","id":"poupsaj75gb8h6l"},"id":"etprwk3hpwyy8uj","previousOperationId":"6tj4bhj468kgglc"}
{"type":"log","timestamp":1705345404829,"level":"debug","message":"Executing script reports-script (beforeRender)","meta":{"rootId":"poupsaj75gb8h6l","id":"poupsaj75gb8h6l"},"id":"1x2k2ndrquj0gyb","previousOperationId":"6tj4bhj468kgglc"}
{"type":"operationStart","subtype":"scriptsBeforeRender","name":"scripts beforeRender","timestamp":1705345404840,"id":"u49cirsyvvykg9x","previousEventId":"2p19op2ve5n0es5","operationId":"9zpacmlky7aj2lq","previousOperationId":"6tj4bhj468kgglc"}
{"type":"operationStart","subtype":"script","name":"scripts reports-script","previousOperationId":"9zpacmlky7aj2lq","timestamp":1705345404840,"id":"50i1mgvhe92ddqg","previousEventId":"u49cirsyvvykg9x","operationId":"rubbx75crbknr7i"}
{"type":"log","timestamp":1705345404849,"level":"debug","message":"(console:log) [\n  {\n    id: 1,\n    number: 2,\n    firstStop: 'C',\n    lastStop: 'D',\n    createdAt: '2023-12-01T17:35:52.000Z',\n    updatedAt: '2023-12-12T20:01:36.000Z'\n  },\n  {\n    id: 2,\n    number: 66,\n    firstStop: 'TF',\n    lastStop: 'VG',\n    createdAt: '2023-12-01T19:20:40.000Z',\n    updatedAt: '2023-12-01T19:20:40.000Z'\n  },\n  {\n    id: 3,\n    number: 69,\n    firstStop: 'Si',\n    lastStop: 'No',\n    createdAt: '2023-12-04T17:13:35.000Z',\n    updatedAt: '2023-12-04T17:13:35.000Z'\n  },\n  {\n    id: 4,\n    number: 22,\n    firstStop: 'FG',\n    lastStop: 'DF',\n    createdAt: '2023-12-08T18:39:03.000Z',\n    updatedAt: '2023-12-08T18:39:03.000Z'\n  },\n  {\n    id: 5,\n    number: 1,\n    firstStop: 'A',\n    lastStop: 'B',\n    createdAt: '2023-12-12T19:54:23.000Z',\n    updatedAt: '2023-12-12T19:54:23.000Z'\n  },\n  {\n    id: 7,\n    number: 43,\n    firstStop: 'Q',\n    lastStop: 'Z',\n    createdAt: '2024-01-15T18:18:21.000Z',\n    updatedAt: '2024-01-15T18:18:21.000Z'\n  }\n]","meta":{"userLevel":true,"rootId":"poupsaj75gb8h6l","id":"poupsaj75gb8h6l"},"id":"6akaoxx69qqxf7x","previousOperationId":"rubbx75crbknr7i"}
{"type":"log","timestamp":1705345404854,"level":"debug","message":"(console:log) [\n  {\n    id: 14,\n    Location: 'ss',\n    idLine: 1,\n    filename: 'image-1701457483207.jpg',\n    createdAt: '2023-12-01T19:04:43.000Z',\n    updatedAt: '2023-12-01T19:04:43.000Z'\n  },\n  {\n    id: 17,\n    Location: 'Si',\n    idLine: 1,\n    filename: 'image-1702411966104.jpg',\n    createdAt: '2023-12-12T20:12:46.000Z',\n    updatedAt: '2023-12-12T20:12:46.000Z'\n  }\n]","meta":{"userLevel":true,"rootId":"poupsaj75gb8h6l","id":"poupsaj75gb8h6l"},"id":"az9nmmvykashhho","previousOperationId":"rubbx75crbknr7i"}
{"type":"operationEnd","operationId":"rubbx75crbknr7i","timestamp":1705345404854,"id":"aypwpls1lnhiiu7","previousEventId":"2p19op2ve5n0es5","previousOperationId":"6tj4bhj468kgglc"}
{"type":"operationEnd","operationId":"9zpacmlky7aj2lq","timestamp":1705345404854,"id":"htosp4mfsdd83sz","previousEventId":"aypwpls1lnhiiu7","previousOperationId":"6tj4bhj468kgglc"}
{"type":"log","timestamp":1705345404854,"level":"debug","message":"Base url not specified, skipping its injection.","meta":{"rootId":"poupsaj75gb8h6l","id":"poupsaj75gb8h6l"},"id":"lxx4gkxuhttgnrq","previousOperationId":"9zpacmlky7aj2lq"}
{"type":"operationStart","subtype":"engine","name":"handlebars","timestamp":1705345404854,"id":"iveu78koi721lq3","previousEventId":"htosp4mfsdd83sz","operationId":"4zoemasu6fp8jhi","previousOperationId":"9zpacmlky7aj2lq"}
{"type":"log","timestamp":1705345404854,"level":"debug","message":"Rendering engine handlebars","meta":{"rootId":"poupsaj75gb8h6l","id":"poupsaj75gb8h6l"},"id":"8kgy5kg30pfjpxw","previousOperationId":"4zoemasu6fp8jhi"}
{"type":"operationEnd","operationId":"4zoemasu6fp8jhi","timestamp":1705345404866,"id":"38y9uxtwa6r98o6","previousEventId":"iveu78koi721lq3","previousOperationId":"4zoemasu6fp8jhi"}
{"type":"operationStart","subtype":"recipe","name":"chrome-pdf","timestamp":1705345404866,"id":"k2mcauazdxke77w","previousEventId":"38y9uxtwa6r98o6","operationId":"5nzp9qbjqhjm8m6","previousOperationId":"4zoemasu6fp8jhi"}
{"type":"log","timestamp":1705345404866,"level":"debug","message":"Executing recipe chrome-pdf","meta":{"rootId":"poupsaj75gb8h6l","id":"poupsaj75gb8h6l"},"id":"ak8aw1svpwwzzpw","previousOperationId":"5nzp9qbjqhjm8m6"}
{"type":"log","timestamp":1705345404871,"level":"debug","message":"Converting with chrome HeadlessChrome/117.0.5938.149 using chrome-pool strategy","meta":{"rootId":"poupsaj75gb8h6l","id":"poupsaj75gb8h6l"},"id":"ocn1mkt9qq4s425","previousOperationId":"5nzp9qbjqhjm8m6"}
{"type":"log","timestamp":1705345405132,"level":"debug","message":"Page request: GET (document) file:///C:/Users/ratha/AppData/Local/Temp/jsreport/autocleanup/e22cc36f-0592-4870-ad30-575fe1ffbbf5-chrome-pdf.html","meta":{"rootId":"poupsaj75gb8h6l","id":"poupsaj75gb8h6l"},"id":"nd4a4stcbr2l8rw","previousOperationId":"5nzp9qbjqhjm8m6"}
{"type":"log","timestamp":1705345405143,"level":"debug","message":"Page request finished: GET (document) 200 file:///C:/Users/ratha/AppData/Local/Temp/jsreport/autocleanup/e22cc36f-0592-4870-ad30-575fe1ffbbf5-chrome-pdf.html","meta":{"rootId":"poupsaj75gb8h6l","id":"poupsaj75gb8h6l"},"id":"5bbrirt33a3ofxo","previousOperationId":"5nzp9qbjqhjm8m6"}
{"type":"log","timestamp":1705345405158,"level":"debug","message":"Running chrome with params {\"printBackground\":true,\"timeout\":59945,\"margin\":{}}","meta":{"rootId":"poupsaj75gb8h6l","id":"poupsaj75gb8h6l"},"id":"dpjiqvljgomm6y7","previousOperationId":"5nzp9qbjqhjm8m6"}
{"type":"operationEnd","operationId":"5nzp9qbjqhjm8m6","timestamp":1705345405213,"id":"p2xjsr4nz8rukm2","previousEventId":"k2mcauazdxke77w","previousOperationId":"5nzp9qbjqhjm8m6"}
{"type":"log","timestamp":1705345405213,"level":"debug","message":"Skipping storing report.","meta":{"rootId":"poupsaj75gb8h6l","id":"poupsaj75gb8h6l"},"id":"827gvfrjvcst23g","previousOperationId":"5nzp9qbjqhjm8m6"}
{"type":"log","timestamp":1705345405213,"level":"info","message":"Rendering request 11 finished in 399 ms","meta":{"rootId":"poupsaj75gb8h6l","id":"poupsaj75gb8h6l"},"id":"t79m8z85yzm5rto","previousOperationId":"5nzp9qbjqhjm8m6"}
{"type":"operationEnd","subtype":"render","operationId":"6tj4bhj468kgglc","timestamp":1705345405213,"id":"rgnrrfexr5gwkbu","previousEventId":"p2xjsr4nz8rukm2","previousOperationId":"5nzp9qbjqhjm8m6"}
{"type":"operationEnd","doDiffs":false,"previousEventId":"2hi8k3jxdl9jwt7","previousOperationId":"dc20rxqd844wr5p","operationId":"dc20rxqd844wr5p","timestamp":1705345405218,"id":"tt3eo2n8v2ycyjn"}
