{"type":"operationStart","subtype":"profile","data":{"_id":"fbYA74t1DanFXETq","timestamp":"2024-01-15T18:17:13.866Z","state":"queued","mode":"standard","creationDate":"2024-01-15T18:17:13.869Z","modificationDate":"2024-01-15T18:17:13.869Z","shortid":"AGI3tWI","$entitySet":"profiles"},"doDiffs":false,"timestamp":1705342633868,"id":"uyg564on6l4jqfo","previousOperationId":null,"operationId":"cvrp04ob50yhdx7"}
{"type":"log","level":"info","message":"Render request 8 queued for execution and waiting for available worker","previousOperationId":"cvrp04ob50yhdx7","timestamp":1705342633868,"id":"tlcnt24qrzzlopu"}
{"type":"operationStart","subtype":"render","name":"reports-main","previousOperationId":"cvrp04ob50yhdx7","timestamp":1705342633880,"id":"aeq1knolfygh48r","previousEventId":"uyg564on6l4jqfo","operationId":"goj412xhteqq7z1"}
{"type":"log","timestamp":1705342633880,"level":"info","message":"Starting rendering request 8","meta":{"rootId":"pz65c6e1mfb9sn9","id":"pz65c6e1mfb9sn9"},"id":"xhqwf2avzu9qiqq","previousOperationId":"goj412xhteqq7z1"}
{"type":"log","timestamp":1705342633880,"level":"info","message":"Rendering template { name: reports-main, recipe: chrome-pdf, engine: handlebars, preview: true }","meta":{"rootId":"pz65c6e1mfb9sn9","id":"pz65c6e1mfb9sn9"},"id":"qtzk5x2zkwbgxl6","previousOperationId":"goj412xhteqq7z1"}
{"type":"log","timestamp":1705342633881,"level":"debug","message":"Data item not defined for this template.","meta":{"rootId":"pz65c6e1mfb9sn9","id":"pz65c6e1mfb9sn9"},"id":"uu93p681mx3snhx","previousOperationId":"goj412xhteqq7z1"}
{"type":"log","timestamp":1705342633886,"level":"debug","message":"Executing script reports-script (beforeRender)","meta":{"rootId":"pz65c6e1mfb9sn9","id":"pz65c6e1mfb9sn9"},"id":"719h74718fwge7u","previousOperationId":"goj412xhteqq7z1"}
{"type":"operationStart","subtype":"scriptsBeforeRender","name":"scripts beforeRender","timestamp":1705342633922,"id":"ch4urqqdzipjelz","previousEventId":"aeq1knolfygh48r","operationId":"etgpo3ioeprvsvt","previousOperationId":"goj412xhteqq7z1"}
{"type":"operationStart","subtype":"script","name":"scripts reports-script","previousOperationId":"etgpo3ioeprvsvt","timestamp":1705342633922,"id":"ojo5y3dqhf2uqxw","previousEventId":"ch4urqqdzipjelz","operationId":"u61ss2v4xpbmh4q"}
{"type":"log","timestamp":1705342633937,"level":"debug","message":"(console:log) [\n  {\n    id: 1,\n    number: 2,\n    firstStop: 'C',\n    lastStop: 'D',\n    createdAt: '2023-12-01T17:35:52.000Z',\n    updatedAt: '2023-12-12T20:01:36.000Z'\n  },\n  {\n    id: 2,\n    number: 66,\n    firstStop: 'TF',\n    lastStop: 'VG',\n    createdAt: '2023-12-01T19:20:40.000Z',\n    updatedAt: '2023-12-01T19:20:40.000Z'\n  },\n  {\n    id: 3,\n    number: 69,\n    firstStop: 'Si',\n    lastStop: 'No',\n    createdAt: '2023-12-04T17:13:35.000Z',\n    updatedAt: '2023-12-04T17:13:35.000Z'\n  },\n  {\n    id: 4,\n    number: 22,\n    firstStop: 'FG',\n    lastStop: 'DF',\n    createdAt: '2023-12-08T18:39:03.000Z',\n    updatedAt: '2023-12-08T18:39:03.000Z'\n  },\n  {\n    id: 5,\n    number: 1,\n    firstStop: 'A',\n    lastStop: 'B',\n    createdAt: '2023-12-12T19:54:23.000Z',\n    updatedAt: '2023-12-12T19:54:23.000Z'\n  }\n]","meta":{"userLevel":true,"rootId":"pz65c6e1mfb9sn9","id":"pz65c6e1mfb9sn9"},"id":"c8qchuf05ueaz4t","previousOperationId":"u61ss2v4xpbmh4q"}
{"type":"log","timestamp":1705342633947,"level":"debug","message":"(console:log) [\n  {\n    id: 14,\n    Location: 'ss',\n    idLine: 1,\n    filename: 'image-1701457483207.jpg',\n    createdAt: '2023-12-01T19:04:43.000Z',\n    updatedAt: '2023-12-01T19:04:43.000Z'\n  },\n  {\n    id: 17,\n    Location: 'Si',\n    idLine: 1,\n    filename: 'image-1702411966104.jpg',\n    createdAt: '2023-12-12T20:12:46.000Z',\n    updatedAt: '2023-12-12T20:12:46.000Z'\n  }\n]","meta":{"userLevel":true,"rootId":"pz65c6e1mfb9sn9","id":"pz65c6e1mfb9sn9"},"id":"jz6niqpjs6jf307","previousOperationId":"u61ss2v4xpbmh4q"}
{"type":"operationEnd","operationId":"u61ss2v4xpbmh4q","timestamp":1705342633947,"id":"kdnncbsz6ckfpx0","previousEventId":"aeq1knolfygh48r","previousOperationId":"goj412xhteqq7z1"}
{"type":"operationEnd","operationId":"etgpo3ioeprvsvt","timestamp":1705342633947,"id":"u3jbfta6gxf65c6","previousEventId":"kdnncbsz6ckfpx0","previousOperationId":"goj412xhteqq7z1"}
{"type":"log","timestamp":1705342633947,"level":"debug","message":"Base url not specified, skipping its injection.","meta":{"rootId":"pz65c6e1mfb9sn9","id":"pz65c6e1mfb9sn9"},"id":"bu0nxor4n1hegfa","previousOperationId":"etgpo3ioeprvsvt"}
{"type":"operationStart","subtype":"engine","name":"handlebars","timestamp":1705342633947,"id":"f8t5wn5283puu3i","previousEventId":"u3jbfta6gxf65c6","operationId":"52vzjy2ea6v9dik","previousOperationId":"etgpo3ioeprvsvt"}
{"type":"log","timestamp":1705342633947,"level":"debug","message":"Rendering engine handlebars","meta":{"rootId":"pz65c6e1mfb9sn9","id":"pz65c6e1mfb9sn9"},"id":"13qaedq4p9xtba1","previousOperationId":"52vzjy2ea6v9dik"}
{"type":"operationEnd","operationId":"52vzjy2ea6v9dik","timestamp":1705342633974,"id":"vcffd1wcx4os3mo","previousEventId":"f8t5wn5283puu3i","previousOperationId":"52vzjy2ea6v9dik"}
{"type":"operationStart","subtype":"recipe","name":"chrome-pdf","timestamp":1705342633974,"id":"40kx4kmo3i84oo6","previousEventId":"vcffd1wcx4os3mo","operationId":"356ejcyge2tj0gw","previousOperationId":"52vzjy2ea6v9dik"}
{"type":"log","timestamp":1705342633974,"level":"debug","message":"Executing recipe chrome-pdf","meta":{"rootId":"pz65c6e1mfb9sn9","id":"pz65c6e1mfb9sn9"},"id":"m92t2z90oejg71f","previousOperationId":"356ejcyge2tj0gw"}
{"type":"log","timestamp":1705342633977,"level":"debug","message":"Converting with chrome HeadlessChrome/117.0.5938.149 using chrome-pool strategy","meta":{"rootId":"pz65c6e1mfb9sn9","id":"pz65c6e1mfb9sn9"},"id":"44p7vvu8nxi07k5","previousOperationId":"356ejcyge2tj0gw"}
{"type":"log","timestamp":1705342634127,"level":"debug","message":"Page request: GET (document) file:///C:/Users/ratha/AppData/Local/Temp/jsreport/autocleanup/3fcb226d-77ed-4b59-995e-e9464e210660-chrome-pdf.html","meta":{"rootId":"pz65c6e1mfb9sn9","id":"pz65c6e1mfb9sn9"},"id":"f6ftlc8d9yrjr4w","previousOperationId":"356ejcyge2tj0gw"}
{"type":"log","timestamp":1705342634142,"level":"debug","message":"Page request finished: GET (document) 200 file:///C:/Users/ratha/AppData/Local/Temp/jsreport/autocleanup/3fcb226d-77ed-4b59-995e-e9464e210660-chrome-pdf.html","meta":{"rootId":"pz65c6e1mfb9sn9","id":"pz65c6e1mfb9sn9"},"id":"9x1bq7i1c1jnddg","previousOperationId":"356ejcyge2tj0gw"}
{"type":"log","timestamp":1705342634166,"level":"debug","message":"Running chrome with params {\"printBackground\":true,\"timeout\":59890,\"margin\":{}}","meta":{"rootId":"pz65c6e1mfb9sn9","id":"pz65c6e1mfb9sn9"},"id":"bdnptt0esqvv9zh","previousOperationId":"356ejcyge2tj0gw"}
{"type":"operationEnd","operationId":"356ejcyge2tj0gw","timestamp":1705342634250,"id":"10pcqd9g1kj9mm0","previousEventId":"40kx4kmo3i84oo6","previousOperationId":"356ejcyge2tj0gw"}
{"type":"log","timestamp":1705342634250,"level":"debug","message":"Skipping storing report.","meta":{"rootId":"pz65c6e1mfb9sn9","id":"pz65c6e1mfb9sn9"},"id":"aoj672wj56es4gt","previousOperationId":"356ejcyge2tj0gw"}
{"type":"log","timestamp":1705342634250,"level":"info","message":"Rendering request 8 finished in 384 ms","meta":{"rootId":"pz65c6e1mfb9sn9","id":"pz65c6e1mfb9sn9"},"id":"sqtp4t8b6nach43","previousOperationId":"356ejcyge2tj0gw"}
{"type":"operationEnd","subtype":"render","operationId":"goj412xhteqq7z1","timestamp":1705342634250,"id":"oi5qzxn6rsotiiv","previousEventId":"10pcqd9g1kj9mm0","previousOperationId":"356ejcyge2tj0gw"}
{"type":"operationEnd","doDiffs":false,"previousEventId":"uyg564on6l4jqfo","previousOperationId":"cvrp04ob50yhdx7","operationId":"cvrp04ob50yhdx7","timestamp":1705342634258,"id":"kta6vp7kxksna4v"}
