{"type":"operationStart","subtype":"profile","data":{"_id":"D0i8ocXRolnUJrQv","timestamp":"2024-01-11T20:27:39.202Z","state":"queued","mode":"standard","creationDate":"2024-01-11T20:27:39.216Z","modificationDate":"2024-01-11T20:27:39.216Z","shortid":"7x_ithu","$entitySet":"profiles"},"doDiffs":false,"timestamp":1705004859205,"id":"qohsxxnsi2dgu5t","previousOperationId":null,"operationId":"0h47rwf460jbr0q"}
{"type":"log","level":"info","message":"Render request 5 queued for execution and waiting for available worker","previousOperationId":"0h47rwf460jbr0q","timestamp":1705004859206,"id":"d08quimhpjs9tsn"}
{"type":"operationStart","subtype":"render","name":"reports-main","previousOperationId":"0h47rwf460jbr0q","timestamp":1705004859226,"id":"kplagi8cp0j1i32","previousEventId":"qohsxxnsi2dgu5t","operationId":"x7wny5go16trt71"}
{"type":"log","timestamp":1705004859226,"level":"info","message":"Starting rendering request 5","meta":{"rootId":"r3og60jfcy1x5mw","id":"r3og60jfcy1x5mw"},"id":"yr2ew6w9ize4okp","previousOperationId":"x7wny5go16trt71"}
{"type":"log","timestamp":1705004859227,"level":"info","message":"Rendering template { name: reports-main, recipe: chrome-pdf, engine: handlebars, preview: true }","meta":{"rootId":"r3og60jfcy1x5mw","id":"r3og60jfcy1x5mw"},"id":"j9wvkm76mnu73lh","previousOperationId":"x7wny5go16trt71"}
{"type":"log","timestamp":1705004859228,"level":"debug","message":"Data item not defined for this template.","meta":{"rootId":"r3og60jfcy1x5mw","id":"r3og60jfcy1x5mw"},"id":"5ce7h6ukkecz2he","previousOperationId":"x7wny5go16trt71"}
{"type":"log","timestamp":1705004859231,"level":"debug","message":"Executing script reports-script (beforeRender)","meta":{"rootId":"r3og60jfcy1x5mw","id":"r3og60jfcy1x5mw"},"id":"l7ahz1y8xdkrigc","previousOperationId":"x7wny5go16trt71"}
{"type":"operationStart","subtype":"scriptsBeforeRender","name":"scripts beforeRender","timestamp":1705004859245,"id":"zofhn25621ih7h7","previousEventId":"kplagi8cp0j1i32","operationId":"ibnbd05b1bbzan6","previousOperationId":"x7wny5go16trt71"}
{"type":"operationStart","subtype":"script","name":"scripts reports-script","previousOperationId":"ibnbd05b1bbzan6","timestamp":1705004859245,"id":"zkds9r24ap3p3bv","previousEventId":"zofhn25621ih7h7","operationId":"nckwht0b0cs74z2"}
{"type":"log","timestamp":1705004859258,"level":"debug","message":"(console:log) [\n  {\n    id: 1,\n    number: 2,\n    firstStop: 'C',\n    lastStop: 'D',\n    createdAt: '2023-12-01T17:35:52.000Z',\n    updatedAt: '2023-12-12T20:01:36.000Z'\n  },\n  {\n    id: 2,\n    number: 66,\n    firstStop: 'TF',\n    lastStop: 'VG',\n    createdAt: '2023-12-01T19:20:40.000Z',\n    updatedAt: '2023-12-01T19:20:40.000Z'\n  },\n  {\n    id: 3,\n    number: 69,\n    firstStop: 'Si',\n    lastStop: 'No',\n    createdAt: '2023-12-04T17:13:35.000Z',\n    updatedAt: '2023-12-04T17:13:35.000Z'\n  },\n  {\n    id: 4,\n    number: 22,\n    firstStop: 'FG',\n    lastStop: 'DF',\n    createdAt: '2023-12-08T18:39:03.000Z',\n    updatedAt: '2023-12-08T18:39:03.000Z'\n  },\n  {\n    id: 5,\n    number: 1,\n    firstStop: 'A',\n    lastStop: 'B',\n    createdAt: '2023-12-12T19:54:23.000Z',\n    updatedAt: '2023-12-12T19:54:23.000Z'\n  }\n]","meta":{"userLevel":true,"rootId":"r3og60jfcy1x5mw","id":"r3og60jfcy1x5mw"},"id":"xquj34hkdxxiipi","previousOperationId":"nckwht0b0cs74z2"}
{"type":"operationEnd","operationId":"nckwht0b0cs74z2","timestamp":1705004859258,"id":"aonw9sv5ip7qhqg","previousEventId":"kplagi8cp0j1i32","previousOperationId":"x7wny5go16trt71"}
{"type":"operationEnd","operationId":"ibnbd05b1bbzan6","timestamp":1705004859258,"id":"tsxos2apn2htgbb","previousEventId":"aonw9sv5ip7qhqg","previousOperationId":"x7wny5go16trt71"}
{"type":"log","timestamp":1705004859258,"level":"debug","message":"Base url not specified, skipping its injection.","meta":{"rootId":"r3og60jfcy1x5mw","id":"r3og60jfcy1x5mw"},"id":"t6pzngayfy3ppwq","previousOperationId":"ibnbd05b1bbzan6"}
{"type":"operationStart","subtype":"engine","name":"handlebars","timestamp":1705004859258,"id":"28ib0xqj94x1htj","previousEventId":"tsxos2apn2htgbb","operationId":"r0zhfpy4y7tz0l1","previousOperationId":"ibnbd05b1bbzan6"}
{"type":"log","timestamp":1705004859258,"level":"debug","message":"Rendering engine handlebars","meta":{"rootId":"r3og60jfcy1x5mw","id":"r3og60jfcy1x5mw"},"id":"07l2sqigdy5r4st","previousOperationId":"r0zhfpy4y7tz0l1"}
{"type":"operationEnd","operationId":"r0zhfpy4y7tz0l1","timestamp":1705004859273,"id":"q0hcdp13pkvgx4g","previousEventId":"28ib0xqj94x1htj","previousOperationId":"r0zhfpy4y7tz0l1"}
{"type":"operationStart","subtype":"recipe","name":"chrome-pdf","timestamp":1705004859273,"id":"b53pxa0ixjiaftt","previousEventId":"q0hcdp13pkvgx4g","operationId":"7f5ibcu7ynto0r9","previousOperationId":"r0zhfpy4y7tz0l1"}
{"type":"log","timestamp":1705004859273,"level":"debug","message":"Executing recipe chrome-pdf","meta":{"rootId":"r3og60jfcy1x5mw","id":"r3og60jfcy1x5mw"},"id":"qriefzpqx6dbr5g","previousOperationId":"7f5ibcu7ynto0r9"}
{"type":"log","timestamp":1705004859276,"level":"debug","message":"Converting with chrome HeadlessChrome/117.0.5938.149 using chrome-pool strategy","meta":{"rootId":"r3og60jfcy1x5mw","id":"r3og60jfcy1x5mw"},"id":"j46vjh5dbu2jiuw","previousOperationId":"7f5ibcu7ynto0r9"}
{"type":"log","timestamp":1705004859392,"level":"debug","message":"Page request: GET (document) file:///C:/Users/ratha/AppData/Local/Temp/jsreport/autocleanup/45c8dd86-b094-40d1-8c8a-727b761a286d-chrome-pdf.html","meta":{"rootId":"r3og60jfcy1x5mw","id":"r3og60jfcy1x5mw"},"id":"r4yr9mf3hzo9x6c","previousOperationId":"7f5ibcu7ynto0r9"}
{"type":"log","timestamp":1705004859401,"level":"debug","message":"Page request finished: GET (document) 200 file:///C:/Users/ratha/AppData/Local/Temp/jsreport/autocleanup/45c8dd86-b094-40d1-8c8a-727b761a286d-chrome-pdf.html","meta":{"rootId":"r3og60jfcy1x5mw","id":"r3og60jfcy1x5mw"},"id":"f4iyg94pnlrnted","previousOperationId":"7f5ibcu7ynto0r9"}
{"type":"log","timestamp":1705004859410,"level":"debug","message":"Running chrome with params {\"printBackground\":true,\"timeout\":59927,\"margin\":{}}","meta":{"rootId":"r3og60jfcy1x5mw","id":"r3og60jfcy1x5mw"},"id":"5ahuufezffg554t","previousOperationId":"7f5ibcu7ynto0r9"}
{"type":"operationEnd","operationId":"7f5ibcu7ynto0r9","timestamp":1705004859445,"id":"lkqtpvkz19dg2tn","previousEventId":"b53pxa0ixjiaftt","previousOperationId":"7f5ibcu7ynto0r9"}
{"type":"log","timestamp":1705004859445,"level":"debug","message":"Skipping storing report.","meta":{"rootId":"r3og60jfcy1x5mw","id":"r3og60jfcy1x5mw"},"id":"difu1hquqnoszwn","previousOperationId":"7f5ibcu7ynto0r9"}
{"type":"log","timestamp":1705004859445,"level":"info","message":"Rendering request 5 finished in 243 ms","meta":{"rootId":"r3og60jfcy1x5mw","id":"r3og60jfcy1x5mw"},"id":"7mhohlihuy8nfgu","previousOperationId":"7f5ibcu7ynto0r9"}
{"type":"operationEnd","subtype":"render","operationId":"x7wny5go16trt71","timestamp":1705004859445,"id":"cwrxaocz2gyj4g2","previousEventId":"lkqtpvkz19dg2tn","previousOperationId":"7f5ibcu7ynto0r9"}
{"type":"operationEnd","doDiffs":false,"previousEventId":"qohsxxnsi2dgu5t","previousOperationId":"0h47rwf460jbr0q","operationId":"0h47rwf460jbr0q","timestamp":1705004859451,"id":"3fcpibam4qpcbyi"}
