{"type":"operationStart","subtype":"profile","data":{"_id":"73kba3p0qMw2LzdH","timestamp":"2024-01-11T20:37:27.294Z","state":"queued","mode":"standard","creationDate":"2024-01-11T20:37:27.297Z","modificationDate":"2024-01-11T20:37:27.297Z","shortid":"qLk0dF0","$entitySet":"profiles"},"doDiffs":false,"timestamp":1705005447296,"id":"rd3qopxho0saqrn","previousOperationId":null,"operationId":"a2a9sd3dz5qila6"}
{"type":"log","level":"info","message":"Render request 8 queued for execution and waiting for available worker","previousOperationId":"a2a9sd3dz5qila6","timestamp":1705005447297,"id":"m0mq8ifdgq11523"}
{"type":"operationStart","subtype":"render","name":"reports-main","previousOperationId":"a2a9sd3dz5qila6","timestamp":1705005447306,"id":"767u5vhlc93wcpi","previousEventId":"rd3qopxho0saqrn","operationId":"o15jjtw9behik1p"}
{"type":"log","timestamp":1705005447307,"level":"info","message":"Starting rendering request 8","meta":{"rootId":"r9jwbm54no2avwn","id":"r9jwbm54no2avwn"},"id":"qoe9pn1ab3c8lp1","previousOperationId":"o15jjtw9behik1p"}
{"type":"log","timestamp":1705005447307,"level":"info","message":"Rendering template { name: reports-main, recipe: chrome-pdf, engine: handlebars, preview: true }","meta":{"rootId":"r9jwbm54no2avwn","id":"r9jwbm54no2avwn"},"id":"9w0rgr1nmyoos9h","previousOperationId":"o15jjtw9behik1p"}
{"type":"log","timestamp":1705005447307,"level":"debug","message":"Data item not defined for this template.","meta":{"rootId":"r9jwbm54no2avwn","id":"r9jwbm54no2avwn"},"id":"yar91wg3sqrhbas","previousOperationId":"o15jjtw9behik1p"}
{"type":"log","timestamp":1705005447310,"level":"debug","message":"Executing script reports-script (beforeRender)","meta":{"rootId":"r9jwbm54no2avwn","id":"r9jwbm54no2avwn"},"id":"dgtty9n56vtfgpk","previousOperationId":"o15jjtw9behik1p"}
{"type":"operationStart","subtype":"scriptsBeforeRender","name":"scripts beforeRender","timestamp":1705005447330,"id":"wofbqkdempn4vac","previousEventId":"767u5vhlc93wcpi","operationId":"f8h5d317a1zq7ke","previousOperationId":"o15jjtw9behik1p"}
{"type":"operationStart","subtype":"script","name":"scripts reports-script","previousOperationId":"f8h5d317a1zq7ke","timestamp":1705005447330,"id":"j0p98pkrzon6itw","previousEventId":"wofbqkdempn4vac","operationId":"p4wrfco5bztumfe"}
{"type":"log","timestamp":1705005447343,"level":"debug","message":"(console:log) [\n  {\n    id: 1,\n    number: 2,\n    firstStop: 'C',\n    lastStop: 'D',\n    createdAt: '2023-12-01T17:35:52.000Z',\n    updatedAt: '2023-12-12T20:01:36.000Z'\n  },\n  {\n    id: 2,\n    number: 66,\n    firstStop: 'TF',\n    lastStop: 'VG',\n    createdAt: '2023-12-01T19:20:40.000Z',\n    updatedAt: '2023-12-01T19:20:40.000Z'\n  },\n  {\n    id: 3,\n    number: 69,\n    firstStop: 'Si',\n    lastStop: 'No',\n    createdAt: '2023-12-04T17:13:35.000Z',\n    updatedAt: '2023-12-04T17:13:35.000Z'\n  },\n  {\n    id: 4,\n    number: 22,\n    firstStop: 'FG',\n    lastStop: 'DF',\n    createdAt: '2023-12-08T18:39:03.000Z',\n    updatedAt: '2023-12-08T18:39:03.000Z'\n  },\n  {\n    id: 5,\n    number: 1,\n    firstStop: 'A',\n    lastStop: 'B',\n    createdAt: '2023-12-12T19:54:23.000Z',\n    updatedAt: '2023-12-12T19:54:23.000Z'\n  }\n]","meta":{"userLevel":true,"rootId":"r9jwbm54no2avwn","id":"r9jwbm54no2avwn"},"id":"gws0j3tayxfjsub","previousOperationId":"p4wrfco5bztumfe"}
{"type":"operationEnd","operationId":"p4wrfco5bztumfe","timestamp":1705005447343,"id":"batc0x8h2vrxxm5","previousEventId":"767u5vhlc93wcpi","previousOperationId":"o15jjtw9behik1p"}
{"type":"operationEnd","operationId":"f8h5d317a1zq7ke","timestamp":1705005447343,"id":"7swd8ehvnut43nl","previousEventId":"batc0x8h2vrxxm5","previousOperationId":"o15jjtw9behik1p"}
{"type":"log","timestamp":1705005447343,"level":"debug","message":"Base url not specified, skipping its injection.","meta":{"rootId":"r9jwbm54no2avwn","id":"r9jwbm54no2avwn"},"id":"7tiiab3z9rb9skq","previousOperationId":"f8h5d317a1zq7ke"}
{"type":"operationStart","subtype":"engine","name":"handlebars","timestamp":1705005447343,"id":"49t9v0rkwx3c2lz","previousEventId":"7swd8ehvnut43nl","operationId":"7bujauf63z43hfi","previousOperationId":"f8h5d317a1zq7ke"}
{"type":"log","timestamp":1705005447343,"level":"debug","message":"Rendering engine handlebars","meta":{"rootId":"r9jwbm54no2avwn","id":"r9jwbm54no2avwn"},"id":"ibq1ne48ysoim3c","previousOperationId":"7bujauf63z43hfi"}
{"type":"operationEnd","operationId":"7bujauf63z43hfi","timestamp":1705005447365,"id":"a5vlqkc9pt0hykm","previousEventId":"49t9v0rkwx3c2lz","previousOperationId":"7bujauf63z43hfi"}
{"type":"operationStart","subtype":"recipe","name":"chrome-pdf","timestamp":1705005447365,"id":"v8rhv7ksf6ukx2a","previousEventId":"a5vlqkc9pt0hykm","operationId":"qvemlkzdbidx1af","previousOperationId":"7bujauf63z43hfi"}
{"type":"log","timestamp":1705005447365,"level":"debug","message":"Executing recipe chrome-pdf","meta":{"rootId":"r9jwbm54no2avwn","id":"r9jwbm54no2avwn"},"id":"2pj0waco5eugllm","previousOperationId":"qvemlkzdbidx1af"}
{"type":"log","timestamp":1705005447374,"level":"debug","message":"Converting with chrome HeadlessChrome/117.0.5938.149 using chrome-pool strategy","meta":{"rootId":"r9jwbm54no2avwn","id":"r9jwbm54no2avwn"},"id":"2kpifpeptt9uxxw","previousOperationId":"qvemlkzdbidx1af"}
{"type":"log","timestamp":1705005447495,"level":"debug","message":"Page request: GET (document) file:///C:/Users/ratha/AppData/Local/Temp/jsreport/autocleanup/63ff6e3f-9637-4067-9d1e-5c95020f2997-chrome-pdf.html","meta":{"rootId":"r9jwbm54no2avwn","id":"r9jwbm54no2avwn"},"id":"leavviqwol9ugl2","previousOperationId":"qvemlkzdbidx1af"}
{"type":"log","timestamp":1705005447507,"level":"debug","message":"Page request finished: GET (document) 200 file:///C:/Users/ratha/AppData/Local/Temp/jsreport/autocleanup/63ff6e3f-9637-4067-9d1e-5c95020f2997-chrome-pdf.html","meta":{"rootId":"r9jwbm54no2avwn","id":"r9jwbm54no2avwn"},"id":"swlfh7wqpcwr9fo","previousOperationId":"qvemlkzdbidx1af"}
{"type":"log","timestamp":1705005447515,"level":"debug","message":"Running chrome with params {\"printBackground\":true,\"timeout\":59921,\"margin\":{}}","meta":{"rootId":"r9jwbm54no2avwn","id":"r9jwbm54no2avwn"},"id":"yvlttf2ezh22obv","previousOperationId":"qvemlkzdbidx1af"}
{"type":"operationEnd","operationId":"qvemlkzdbidx1af","timestamp":1705005447553,"id":"xpzyoj31iknby9l","previousEventId":"v8rhv7ksf6ukx2a","previousOperationId":"qvemlkzdbidx1af"}
{"type":"log","timestamp":1705005447553,"level":"debug","message":"Skipping storing report.","meta":{"rootId":"r9jwbm54no2avwn","id":"r9jwbm54no2avwn"},"id":"k2uxeeqyj0jcdmo","previousOperationId":"qvemlkzdbidx1af"}
{"type":"log","timestamp":1705005447553,"level":"info","message":"Rendering request 8 finished in 259 ms","meta":{"rootId":"r9jwbm54no2avwn","id":"r9jwbm54no2avwn"},"id":"gq589v5h8d7yt3a","previousOperationId":"qvemlkzdbidx1af"}
{"type":"operationEnd","subtype":"render","operationId":"o15jjtw9behik1p","timestamp":1705005447553,"id":"6r4pybscsslucl3","previousEventId":"xpzyoj31iknby9l","previousOperationId":"qvemlkzdbidx1af"}
{"type":"operationEnd","doDiffs":false,"previousEventId":"rd3qopxho0saqrn","previousOperationId":"a2a9sd3dz5qila6","operationId":"a2a9sd3dz5qila6","timestamp":1705005447558,"id":"hxflg7t0entyp7t"}
