{"type":"operationStart","subtype":"profile","data":{"_id":"efiu092usbUVnIRi","timestamp":"2024-01-15T17:44:09.532Z","state":"queued","mode":"standard","creationDate":"2024-01-15T17:44:09.535Z","modificationDate":"2024-01-15T17:44:09.535Z","shortid":"4O0yijC","$entitySet":"profiles"},"doDiffs":false,"timestamp":1705340649534,"id":"9a55fucru9d5a3t","previousOperationId":null,"operationId":"6ovbnebfhu2ol0k"}
{"type":"log","level":"info","message":"Render request 2 queued for execution and waiting for available worker","previousOperationId":"6ovbnebfhu2ol0k","timestamp":1705340649535,"id":"ddjmlnbu1h9knp4"}
{"type":"operationStart","subtype":"render","name":"reports-main","previousOperationId":"6ovbnebfhu2ol0k","timestamp":1705340649546,"id":"f0zip7pifiigkb0","previousEventId":"9a55fucru9d5a3t","operationId":"976umi3otv2wjss"}
{"type":"log","timestamp":1705340649547,"level":"info","message":"Starting rendering request 2","meta":{"rootId":"s7ds0vt67olr42l","id":"s7ds0vt67olr42l"},"id":"gcpwqum7vw5ms1t","previousOperationId":"976umi3otv2wjss"}
{"type":"log","timestamp":1705340649547,"level":"info","message":"Rendering template { name: reports-main, recipe: chrome-pdf, engine: handlebars, preview: true }","meta":{"rootId":"s7ds0vt67olr42l","id":"s7ds0vt67olr42l"},"id":"89131uorlrtvkoj","previousOperationId":"976umi3otv2wjss"}
{"type":"log","timestamp":1705340649549,"level":"debug","message":"Data item not defined for this template.","meta":{"rootId":"s7ds0vt67olr42l","id":"s7ds0vt67olr42l"},"id":"e6ko1mwhf3fk009","previousOperationId":"976umi3otv2wjss"}
{"type":"log","timestamp":1705340649553,"level":"debug","message":"Executing script reports-script (beforeRender)","meta":{"rootId":"s7ds0vt67olr42l","id":"s7ds0vt67olr42l"},"id":"s3602gnm1zxlbtm","previousOperationId":"976umi3otv2wjss"}
{"type":"operationStart","subtype":"scriptsBeforeRender","name":"scripts beforeRender","timestamp":1705340649933,"id":"ou58wxqm0n65nhm","previousEventId":"f0zip7pifiigkb0","operationId":"y0lr3cmvw50a4b9","previousOperationId":"976umi3otv2wjss"}
{"type":"operationStart","subtype":"script","name":"scripts reports-script","previousOperationId":"y0lr3cmvw50a4b9","timestamp":1705340649933,"id":"i0onrsageud8ds8","previousEventId":"ou58wxqm0n65nhm","operationId":"5wk1ajr8txxr7v8"}
{"type":"log","timestamp":1705340650001,"level":"debug","message":"(console:log) [\n  {\n    id: 1,\n    number: 2,\n    firstStop: 'C',\n    lastStop: 'D',\n    createdAt: '2023-12-01T17:35:52.000Z',\n    updatedAt: '2023-12-12T20:01:36.000Z'\n  },\n  {\n    id: 2,\n    number: 66,\n    firstStop: 'TF',\n    lastStop: 'VG',\n    createdAt: '2023-12-01T19:20:40.000Z',\n    updatedAt: '2023-12-01T19:20:40.000Z'\n  },\n  {\n    id: 3,\n    number: 69,\n    firstStop: 'Si',\n    lastStop: 'No',\n    createdAt: '2023-12-04T17:13:35.000Z',\n    updatedAt: '2023-12-04T17:13:35.000Z'\n  },\n  {\n    id: 4,\n    number: 22,\n    firstStop: 'FG',\n    lastStop: 'DF',\n    createdAt: '2023-12-08T18:39:03.000Z',\n    updatedAt: '2023-12-08T18:39:03.000Z'\n  },\n  {\n    id: 5,\n    number: 1,\n    firstStop: 'A',\n    lastStop: 'B',\n    createdAt: '2023-12-12T19:54:23.000Z',\n    updatedAt: '2023-12-12T19:54:23.000Z'\n  }\n]","meta":{"userLevel":true,"rootId":"s7ds0vt67olr42l","id":"s7ds0vt67olr42l"},"id":"7p8hjcgz9dd8h4n","previousOperationId":"5wk1ajr8txxr7v8"}
{"type":"log","timestamp":1705340650025,"level":"debug","message":"(console:log) [\n  {\n    id: 14,\n    Location: 'ss',\n    idLine: 1,\n    filename: 'image-1701457483207.jpg',\n    createdAt: '2023-12-01T19:04:43.000Z',\n    updatedAt: '2023-12-01T19:04:43.000Z'\n  },\n  {\n    id: 17,\n    Location: 'Si',\n    idLine: 1,\n    filename: 'image-1702411966104.jpg',\n    createdAt: '2023-12-12T20:12:46.000Z',\n    updatedAt: '2023-12-12T20:12:46.000Z'\n  }\n]","meta":{"userLevel":true,"rootId":"s7ds0vt67olr42l","id":"s7ds0vt67olr42l"},"id":"pxwpimifxp9x1zq","previousOperationId":"5wk1ajr8txxr7v8"}
{"type":"operationEnd","operationId":"5wk1ajr8txxr7v8","timestamp":1705340650026,"id":"h4ajjga4otryvw6","previousEventId":"f0zip7pifiigkb0","previousOperationId":"976umi3otv2wjss"}
{"type":"operationEnd","operationId":"y0lr3cmvw50a4b9","timestamp":1705340650026,"id":"eme1jfqrr4ratvd","previousEventId":"h4ajjga4otryvw6","previousOperationId":"976umi3otv2wjss"}
{"type":"log","timestamp":1705340650026,"level":"debug","message":"Base url not specified, skipping its injection.","meta":{"rootId":"s7ds0vt67olr42l","id":"s7ds0vt67olr42l"},"id":"vnkar9j4ntlh2ly","previousOperationId":"y0lr3cmvw50a4b9"}
{"type":"operationStart","subtype":"engine","name":"handlebars","timestamp":1705340650027,"id":"5mvuxq789cwfeax","previousEventId":"eme1jfqrr4ratvd","operationId":"fxxp10gyfm6mbq6","previousOperationId":"y0lr3cmvw50a4b9"}
{"type":"log","timestamp":1705340650027,"level":"debug","message":"Rendering engine handlebars","meta":{"rootId":"s7ds0vt67olr42l","id":"s7ds0vt67olr42l"},"id":"xo9q5fg9rzsghiq","previousOperationId":"fxxp10gyfm6mbq6"}
{"type":"operationEnd","operationId":"fxxp10gyfm6mbq6","timestamp":1705340650334,"id":"1nksgwlw8diqcjs","previousEventId":"5mvuxq789cwfeax","previousOperationId":"fxxp10gyfm6mbq6"}
{"type":"operationStart","subtype":"recipe","name":"chrome-pdf","timestamp":1705340650335,"id":"x4bfy9e478ckcc1","previousEventId":"1nksgwlw8diqcjs","operationId":"fz7omdfxey5s6hw","previousOperationId":"fxxp10gyfm6mbq6"}
{"type":"log","timestamp":1705340650335,"level":"debug","message":"Executing recipe chrome-pdf","meta":{"rootId":"s7ds0vt67olr42l","id":"s7ds0vt67olr42l"},"id":"sda3szpoldhfar1","previousOperationId":"fz7omdfxey5s6hw"}
{"type":"log","timestamp":1705340651048,"level":"debug","message":"Converting with chrome HeadlessChrome/117.0.5938.149 using chrome-pool strategy","meta":{"rootId":"s7ds0vt67olr42l","id":"s7ds0vt67olr42l"},"id":"d95n7hcb2wt6t8t","previousOperationId":"fz7omdfxey5s6hw"}
{"type":"log","timestamp":1705340651214,"level":"debug","message":"Page request: GET (document) file:///C:/Users/ratha/AppData/Local/Temp/jsreport/autocleanup/caf3dd2a-da52-4e63-a978-2c71a60ad288-chrome-pdf.html","meta":{"rootId":"s7ds0vt67olr42l","id":"s7ds0vt67olr42l"},"id":"azzh0hz0afeyuq2","previousOperationId":"fz7omdfxey5s6hw"}
{"type":"log","timestamp":1705340651245,"level":"debug","message":"Page request finished: GET (document) 200 file:///C:/Users/ratha/AppData/Local/Temp/jsreport/autocleanup/caf3dd2a-da52-4e63-a978-2c71a60ad288-chrome-pdf.html","meta":{"rootId":"s7ds0vt67olr42l","id":"s7ds0vt67olr42l"},"id":"6gyr6nsaiz54k7x","previousOperationId":"fz7omdfxey5s6hw"}
{"type":"log","timestamp":1705340651264,"level":"debug","message":"Running chrome with params {\"printBackground\":true,\"timeout\":58740,\"margin\":{}}","meta":{"rootId":"s7ds0vt67olr42l","id":"s7ds0vt67olr42l"},"id":"8tb08lxbi9zbyce","previousOperationId":"fz7omdfxey5s6hw"}
{"type":"operationEnd","operationId":"fz7omdfxey5s6hw","timestamp":1705340651325,"id":"zaiote8w3319r3q","previousEventId":"x4bfy9e478ckcc1","previousOperationId":"fz7omdfxey5s6hw"}
{"type":"log","timestamp":1705340651326,"level":"debug","message":"Skipping storing report.","meta":{"rootId":"s7ds0vt67olr42l","id":"s7ds0vt67olr42l"},"id":"ua9u7h4ht6u0t6i","previousOperationId":"fz7omdfxey5s6hw"}
{"type":"log","timestamp":1705340651326,"level":"info","message":"Rendering request 2 finished in 1794 ms","meta":{"rootId":"s7ds0vt67olr42l","id":"s7ds0vt67olr42l"},"id":"evc0ysirz8zokrl","previousOperationId":"fz7omdfxey5s6hw"}
{"type":"operationEnd","subtype":"render","operationId":"976umi3otv2wjss","timestamp":1705340651326,"id":"sq072dvndax8rsa","previousEventId":"zaiote8w3319r3q","previousOperationId":"fz7omdfxey5s6hw"}
{"type":"operationEnd","doDiffs":false,"previousEventId":"9a55fucru9d5a3t","previousOperationId":"6ovbnebfhu2ol0k","operationId":"6ovbnebfhu2ol0k","timestamp":1705340651330,"id":"gadt2h080daq9x1"}
