{"type":"operationStart","subtype":"profile","data":{"_id":"FFKKeBynfPwNSX9u","timestamp":"2024-01-15T18:08:17.658Z","state":"queued","mode":"standard","creationDate":"2024-01-15T18:08:17.662Z","modificationDate":"2024-01-15T18:08:17.662Z","shortid":"lvxrRgz","$entitySet":"profiles"},"doDiffs":false,"timestamp":1705342097660,"id":"hnuw28alwntoczk","previousOperationId":null,"operationId":"9go0zjkq520b6k8"}
{"type":"log","level":"info","message":"Render request 3 queued for execution and waiting for available worker","previousOperationId":"9go0zjkq520b6k8","timestamp":1705342097661,"id":"llpet68mapu63yv"}
{"type":"operationStart","subtype":"render","name":"reports-main","previousOperationId":"9go0zjkq520b6k8","timestamp":1705342097675,"id":"c4wdsy7y95ro7rg","previousEventId":"hnuw28alwntoczk","operationId":"ttj07lks3uqo54k"}
{"type":"log","timestamp":1705342097675,"level":"info","message":"Starting rendering request 3","meta":{"rootId":"sro0m8u3qm6ybx8","id":"sro0m8u3qm6ybx8"},"id":"nvdis7y8xuvbpsb","previousOperationId":"ttj07lks3uqo54k"}
{"type":"log","timestamp":1705342097675,"level":"info","message":"Rendering template { name: reports-main, recipe: chrome-pdf, engine: handlebars, preview: true }","meta":{"rootId":"sro0m8u3qm6ybx8","id":"sro0m8u3qm6ybx8"},"id":"fvur23rp8nxeqdv","previousOperationId":"ttj07lks3uqo54k"}
{"type":"log","timestamp":1705342097677,"level":"debug","message":"Data item not defined for this template.","meta":{"rootId":"sro0m8u3qm6ybx8","id":"sro0m8u3qm6ybx8"},"id":"sggueh184nw4f84","previousOperationId":"ttj07lks3uqo54k"}
{"type":"log","timestamp":1705342097682,"level":"debug","message":"Executing script reports-script (beforeRender)","meta":{"rootId":"sro0m8u3qm6ybx8","id":"sro0m8u3qm6ybx8"},"id":"meph6rn7855h52i","previousOperationId":"ttj07lks3uqo54k"}
{"type":"operationStart","subtype":"scriptsBeforeRender","name":"scripts beforeRender","timestamp":1705342097785,"id":"zksyv72dxr8j1cz","previousEventId":"c4wdsy7y95ro7rg","operationId":"hkrhykei41fbij2","previousOperationId":"ttj07lks3uqo54k"}
{"type":"operationStart","subtype":"script","name":"scripts reports-script","previousOperationId":"hkrhykei41fbij2","timestamp":1705342097785,"id":"jvhnkp5s8aseh7x","previousEventId":"zksyv72dxr8j1cz","operationId":"q0td3hlodobfu2m"}
{"type":"log","timestamp":1705342097822,"level":"debug","message":"(console:log) [\n  {\n    id: 1,\n    number: 2,\n    firstStop: 'C',\n    lastStop: 'D',\n    createdAt: '2023-12-01T17:35:52.000Z',\n    updatedAt: '2023-12-12T20:01:36.000Z'\n  },\n  {\n    id: 2,\n    number: 66,\n    firstStop: 'TF',\n    lastStop: 'VG',\n    createdAt: '2023-12-01T19:20:40.000Z',\n    updatedAt: '2023-12-01T19:20:40.000Z'\n  },\n  {\n    id: 3,\n    number: 69,\n    firstStop: 'Si',\n    lastStop: 'No',\n    createdAt: '2023-12-04T17:13:35.000Z',\n    updatedAt: '2023-12-04T17:13:35.000Z'\n  },\n  {\n    id: 4,\n    number: 22,\n    firstStop: 'FG',\n    lastStop: 'DF',\n    createdAt: '2023-12-08T18:39:03.000Z',\n    updatedAt: '2023-12-08T18:39:03.000Z'\n  },\n  {\n    id: 5,\n    number: 1,\n    firstStop: 'A',\n    lastStop: 'B',\n    createdAt: '2023-12-12T19:54:23.000Z',\n    updatedAt: '2023-12-12T19:54:23.000Z'\n  }\n]","meta":{"userLevel":true,"rootId":"sro0m8u3qm6ybx8","id":"sro0m8u3qm6ybx8"},"id":"pzojdbcejnx00rd","previousOperationId":"q0td3hlodobfu2m"}
{"type":"log","timestamp":1705342097834,"level":"debug","message":"(console:log) [\n  {\n    id: 14,\n    Location: 'ss',\n    idLine: 1,\n    filename: 'image-1701457483207.jpg',\n    createdAt: '2023-12-01T19:04:43.000Z',\n    updatedAt: '2023-12-01T19:04:43.000Z'\n  },\n  {\n    id: 17,\n    Location: 'Si',\n    idLine: 1,\n    filename: 'image-1702411966104.jpg',\n    createdAt: '2023-12-12T20:12:46.000Z',\n    updatedAt: '2023-12-12T20:12:46.000Z'\n  }\n]","meta":{"userLevel":true,"rootId":"sro0m8u3qm6ybx8","id":"sro0m8u3qm6ybx8"},"id":"qg85whih7e2d7fq","previousOperationId":"q0td3hlodobfu2m"}
{"type":"operationEnd","operationId":"q0td3hlodobfu2m","timestamp":1705342097835,"id":"ytmf48ibvpga210","previousEventId":"c4wdsy7y95ro7rg","previousOperationId":"ttj07lks3uqo54k"}
{"type":"operationEnd","operationId":"hkrhykei41fbij2","timestamp":1705342097835,"id":"48cte2bsodz4y34","previousEventId":"ytmf48ibvpga210","previousOperationId":"ttj07lks3uqo54k"}
{"type":"log","timestamp":1705342097835,"level":"debug","message":"Base url not specified, skipping its injection.","meta":{"rootId":"sro0m8u3qm6ybx8","id":"sro0m8u3qm6ybx8"},"id":"h6o0wg2sffaiujd","previousOperationId":"hkrhykei41fbij2"}
{"type":"operationStart","subtype":"engine","name":"handlebars","timestamp":1705342097836,"id":"osfp7kc7v5kelfz","previousEventId":"48cte2bsodz4y34","operationId":"dh2g6o3p4cdzovg","previousOperationId":"hkrhykei41fbij2"}
{"type":"log","timestamp":1705342097836,"level":"debug","message":"Rendering engine handlebars","meta":{"rootId":"sro0m8u3qm6ybx8","id":"sro0m8u3qm6ybx8"},"id":"pjh79npfcwopqxq","previousOperationId":"dh2g6o3p4cdzovg"}
{"type":"operationEnd","operationId":"dh2g6o3p4cdzovg","timestamp":1705342097893,"id":"7xge47fxvlwye0e","previousEventId":"osfp7kc7v5kelfz","previousOperationId":"dh2g6o3p4cdzovg"}
{"type":"operationStart","subtype":"recipe","name":"chrome-pdf","timestamp":1705342097895,"id":"dafqdenyyfnmxg8","previousEventId":"7xge47fxvlwye0e","operationId":"wy8ahmtuhrt1ws2","previousOperationId":"dh2g6o3p4cdzovg"}
{"type":"log","timestamp":1705342097895,"level":"debug","message":"Executing recipe chrome-pdf","meta":{"rootId":"sro0m8u3qm6ybx8","id":"sro0m8u3qm6ybx8"},"id":"1z670039z2eou5x","previousOperationId":"wy8ahmtuhrt1ws2"}
{"type":"log","timestamp":1705342097899,"level":"debug","message":"Converting with chrome HeadlessChrome/117.0.5938.149 using chrome-pool strategy","meta":{"rootId":"sro0m8u3qm6ybx8","id":"sro0m8u3qm6ybx8"},"id":"8q4li1npkg5bika","previousOperationId":"wy8ahmtuhrt1ws2"}
{"type":"log","timestamp":1705342098158,"level":"debug","message":"Page request: GET (document) file:///C:/Users/ratha/AppData/Local/Temp/jsreport/autocleanup/63851a32-ecc8-4393-ab4e-f36085e623dd-chrome-pdf.html","meta":{"rootId":"sro0m8u3qm6ybx8","id":"sro0m8u3qm6ybx8"},"id":"3teouy0qo7464l8","previousOperationId":"wy8ahmtuhrt1ws2"}
{"type":"log","timestamp":1705342098178,"level":"debug","message":"Page request finished: GET (document) 200 file:///C:/Users/ratha/AppData/Local/Temp/jsreport/autocleanup/63851a32-ecc8-4393-ab4e-f36085e623dd-chrome-pdf.html","meta":{"rootId":"sro0m8u3qm6ybx8","id":"sro0m8u3qm6ybx8"},"id":"s824k5rggm4y05e","previousOperationId":"wy8ahmtuhrt1ws2"}
{"type":"log","timestamp":1705342098181,"level":"warn","message":"Page error: \"undefined\" is not valid JSON\nJSON.parse (<anonymous>) , stack: SyntaxError: \"undefined\" is not valid JSON\nJSON.parse (<anonymous>)\n    at <anonymous> (file:///C:/Users/ratha/AppData/Local/Temp/jsreport/autocleanup/63851a32-ecc8-4393-ab4e-f36085e623dd-chrome-pdf.html:57:29)","meta":{"rootId":"sro0m8u3qm6ybx8","id":"sro0m8u3qm6ybx8"},"id":"gmh75so673tdf2p","previousOperationId":"wy8ahmtuhrt1ws2"}
{"type":"log","timestamp":1705342098201,"level":"debug","message":"Running chrome with params {\"printBackground\":true,\"timeout\":59760,\"margin\":{}}","meta":{"rootId":"sro0m8u3qm6ybx8","id":"sro0m8u3qm6ybx8"},"id":"das8b7kq4sx2djv","previousOperationId":"wy8ahmtuhrt1ws2"}
{"type":"operationEnd","operationId":"wy8ahmtuhrt1ws2","timestamp":1705342098311,"id":"trixhy1r2i3pzr4","previousEventId":"dafqdenyyfnmxg8","previousOperationId":"wy8ahmtuhrt1ws2"}
{"type":"log","timestamp":1705342098311,"level":"debug","message":"Skipping storing report.","meta":{"rootId":"sro0m8u3qm6ybx8","id":"sro0m8u3qm6ybx8"},"id":"toixr30i98yny15","previousOperationId":"wy8ahmtuhrt1ws2"}
{"type":"log","timestamp":1705342098311,"level":"info","message":"Rendering request 3 finished in 653 ms","meta":{"rootId":"sro0m8u3qm6ybx8","id":"sro0m8u3qm6ybx8"},"id":"7zdqr2yx4f6b2n0","previousOperationId":"wy8ahmtuhrt1ws2"}
{"type":"operationEnd","subtype":"render","operationId":"ttj07lks3uqo54k","timestamp":1705342098311,"id":"1ncpd5bj58x917u","previousEventId":"trixhy1r2i3pzr4","previousOperationId":"wy8ahmtuhrt1ws2"}
{"type":"operationEnd","doDiffs":false,"previousEventId":"hnuw28alwntoczk","previousOperationId":"9go0zjkq520b6k8","operationId":"9go0zjkq520b6k8","timestamp":1705342098327,"id":"gxff62qwuapas0e"}
