{"type":"operationStart","subtype":"profile","data":{"_id":"9ZXrtKR9FPaVNWgs","timestamp":"2024-01-10T19:10:31.999Z","state":"queued","mode":"standard","creationDate":"2024-01-10T19:10:32.002Z","modificationDate":"2024-01-10T19:10:32.002Z","shortid":"J5UOTE_","$entitySet":"profiles"},"doDiffs":false,"timestamp":1704913832000,"id":"24km58gh9nl6hch","previousOperationId":null,"operationId":"05fmdx83s6gq5ly"}
{"type":"log","level":"info","message":"Render request 1 queued for execution and waiting for available worker","previousOperationId":"05fmdx83s6gq5ly","timestamp":1704913832001,"id":"vwqf7rngbw7mdc0"}
{"type":"operationStart","subtype":"render","name":"reports-main","previousOperationId":"05fmdx83s6gq5ly","timestamp":1704913832027,"id":"b4p0j0eoeudaavx","previousEventId":"24km58gh9nl6hch","operationId":"u2p2p1w3gkl8vms"}
{"type":"log","timestamp":1704913832027,"level":"info","message":"Starting rendering request 1","meta":{"rootId":"tbey3x9uvmk5fx0","id":"tbey3x9uvmk5fx0"},"id":"xkfh2o4rpxlhniq","previousOperationId":"u2p2p1w3gkl8vms"}
{"type":"log","timestamp":1704913832028,"level":"info","message":"Rendering template { name: reports-main, recipe: chrome-pdf, engine: handlebars, preview: true }","meta":{"rootId":"tbey3x9uvmk5fx0","id":"tbey3x9uvmk5fx0"},"id":"mj77ofscqsn16q9","previousOperationId":"u2p2p1w3gkl8vms"}
{"type":"log","timestamp":1704913832032,"level":"debug","message":"Adding sample data 5bq4-TyCO","meta":{"rootId":"tbey3x9uvmk5fx0","id":"tbey3x9uvmk5fx0"},"id":"7u95zy9nhf5k07r","previousOperationId":"u2p2p1w3gkl8vms"}
{"type":"log","timestamp":1704913832035,"level":"debug","message":"Base url not specified, skipping its injection.","meta":{"rootId":"tbey3x9uvmk5fx0","id":"tbey3x9uvmk5fx0"},"id":"jmxsitwfdyiqm7y","previousOperationId":"u2p2p1w3gkl8vms"}
{"type":"operationStart","subtype":"engine","name":"handlebars","timestamp":1704913832036,"id":"mah9xygzimam4iz","previousEventId":"b4p0j0eoeudaavx","operationId":"2vnx1xm716p7cps","previousOperationId":"u2p2p1w3gkl8vms"}
{"type":"log","timestamp":1704913832036,"level":"debug","message":"Rendering engine handlebars","meta":{"rootId":"tbey3x9uvmk5fx0","id":"tbey3x9uvmk5fx0"},"id":"87r7zezxbv1qvw6","previousOperationId":"2vnx1xm716p7cps"}
{"type":"operationEnd","operationId":"2vnx1xm716p7cps","timestamp":1704913834097,"id":"2lpzm530eo5cjft","previousEventId":"mah9xygzimam4iz","previousOperationId":"2vnx1xm716p7cps"}
{"type":"operationStart","subtype":"recipe","name":"chrome-pdf","timestamp":1704913834098,"id":"q1ekyq6rtfrv5gf","previousEventId":"2lpzm530eo5cjft","operationId":"39flguivb6891oa","previousOperationId":"2vnx1xm716p7cps"}
{"type":"log","timestamp":1704913834098,"level":"debug","message":"Executing recipe chrome-pdf","meta":{"rootId":"tbey3x9uvmk5fx0","id":"tbey3x9uvmk5fx0"},"id":"ly6b0524ryw8pln","previousOperationId":"39flguivb6891oa"}
{"type":"log","timestamp":1704913835514,"level":"debug","message":"Converting with chrome HeadlessChrome/117.0.5938.149 using chrome-pool strategy","meta":{"rootId":"tbey3x9uvmk5fx0","id":"tbey3x9uvmk5fx0"},"id":"m1j5owwjiqdrmpi","previousOperationId":"39flguivb6891oa"}
{"type":"log","timestamp":1704913836020,"level":"debug","message":"Page request: GET (document) file:///C:/Users/ratha/AppData/Local/Temp/jsreport/autocleanup/a5ff0711-be23-44d9-b790-f18e3be2afdf-chrome-pdf.html","meta":{"rootId":"tbey3x9uvmk5fx0","id":"tbey3x9uvmk5fx0"},"id":"gcc7t3agcevn3jn","previousOperationId":"39flguivb6891oa"}
{"type":"log","timestamp":1704913836036,"level":"debug","message":"Page request finished: GET (document) 200 file:///C:/Users/ratha/AppData/Local/Temp/jsreport/autocleanup/a5ff0711-be23-44d9-b790-f18e3be2afdf-chrome-pdf.html","meta":{"rootId":"tbey3x9uvmk5fx0","id":"tbey3x9uvmk5fx0"},"id":"602ztouq7t2dkzc","previousOperationId":"39flguivb6891oa"}
{"type":"log","timestamp":1704913836044,"level":"debug","message":"Running chrome with params {\"printBackground\":true,\"timeout\":57399,\"margin\":{}}","meta":{"rootId":"tbey3x9uvmk5fx0","id":"tbey3x9uvmk5fx0"},"id":"20pm0miyrplc7qx","previousOperationId":"39flguivb6891oa"}
{"type":"operationEnd","operationId":"39flguivb6891oa","timestamp":1704913836076,"id":"adnhwfdqcd1o7ro","previousEventId":"q1ekyq6rtfrv5gf","previousOperationId":"39flguivb6891oa"}
{"type":"log","timestamp":1704913836077,"level":"debug","message":"Skipping storing report.","meta":{"rootId":"tbey3x9uvmk5fx0","id":"tbey3x9uvmk5fx0"},"id":"rie7pqo9qntx485","previousOperationId":"39flguivb6891oa"}
{"type":"log","timestamp":1704913836078,"level":"info","message":"Rendering request 1 finished in 4079 ms","meta":{"rootId":"tbey3x9uvmk5fx0","id":"tbey3x9uvmk5fx0"},"id":"wkca1z0r5mrijwj","previousOperationId":"39flguivb6891oa"}
{"type":"operationEnd","subtype":"render","operationId":"u2p2p1w3gkl8vms","timestamp":1704913836078,"id":"bvb9f631irplb0d","previousEventId":"adnhwfdqcd1o7ro","previousOperationId":"39flguivb6891oa"}
{"type":"operationEnd","doDiffs":false,"previousEventId":"24km58gh9nl6hch","previousOperationId":"05fmdx83s6gq5ly","operationId":"05fmdx83s6gq5ly","timestamp":1704913836082,"id":"m5n453o3m94503m"}
