{"type":"operationStart","subtype":"profile","data":{"_id":"kZgtrYX724fKEANi","timestamp":"2024-01-11T19:59:01.805Z","state":"queued","mode":"standard","creationDate":"2024-01-11T19:59:01.807Z","modificationDate":"2024-01-11T19:59:01.807Z","shortid":"78hNQ-o","$entitySet":"profiles"},"doDiffs":false,"timestamp":1705003141806,"id":"6cbu0gmn7rb1erk","previousOperationId":null,"operationId":"l6rhday9nzofy3z"}
{"type":"log","level":"info","message":"Render request 3 queued for execution and waiting for available worker","previousOperationId":"l6rhday9nzofy3z","timestamp":1705003141806,"id":"1q2cna7fk8w1lpx"}
{"type":"operationStart","subtype":"render","name":"reports-main","previousOperationId":"l6rhday9nzofy3z","timestamp":1705003141815,"id":"6ckc1a6rbjnrd6v","previousEventId":"6cbu0gmn7rb1erk","operationId":"qvb948fxd6wl5nr"}
{"type":"log","timestamp":1705003141815,"level":"info","message":"Starting rendering request 3","meta":{"rootId":"tehw7t8o24wfstk","id":"tehw7t8o24wfstk"},"id":"9uc3yvr9bxqmhzj","previousOperationId":"qvb948fxd6wl5nr"}
{"type":"log","timestamp":1705003141815,"level":"info","message":"Rendering template { name: reports-main, recipe: chrome-pdf, engine: handlebars, preview: false }","meta":{"rootId":"tehw7t8o24wfstk","id":"tehw7t8o24wfstk"},"id":"bditpzokutncywz","previousOperationId":"qvb948fxd6wl5nr"}
{"type":"log","timestamp":1705003141816,"level":"debug","message":"Inline data specified.","meta":{"rootId":"tehw7t8o24wfstk","id":"tehw7t8o24wfstk"},"id":"tyyxh1rk872z80h","previousOperationId":"qvb948fxd6wl5nr"}
{"type":"log","timestamp":1705003141820,"level":"debug","message":"Executing script reports-script (beforeRender)","meta":{"rootId":"tehw7t8o24wfstk","id":"tehw7t8o24wfstk"},"id":"pw49anp5134x2wd","previousOperationId":"qvb948fxd6wl5nr"}
{"type":"operationStart","subtype":"scriptsBeforeRender","name":"scripts beforeRender","timestamp":1705003142166,"id":"kipjuznboqoz1cu","previousEventId":"6ckc1a6rbjnrd6v","operationId":"6ewz7k8gno7ls2w","previousOperationId":"qvb948fxd6wl5nr"}
{"type":"operationStart","subtype":"script","name":"scripts reports-script","previousOperationId":"6ewz7k8gno7ls2w","timestamp":1705003142166,"id":"tclpiwaielu2tug","previousEventId":"kipjuznboqoz1cu","operationId":"haryqkf9pe2k9gl"}
{"type":"log","timestamp":1705003142217,"level":"debug","message":"(console:log) undefined","meta":{"userLevel":true,"rootId":"tehw7t8o24wfstk","id":"tehw7t8o24wfstk"},"id":"fe4ou8eorab0nzf","previousOperationId":"haryqkf9pe2k9gl"}
{"type":"operationEnd","operationId":"haryqkf9pe2k9gl","timestamp":1705003142219,"id":"rknr3uh72vlufut","previousEventId":"6ckc1a6rbjnrd6v","previousOperationId":"qvb948fxd6wl5nr"}
{"type":"operationEnd","operationId":"6ewz7k8gno7ls2w","timestamp":1705003142219,"id":"y4nqhg0rp6krjf3","previousEventId":"rknr3uh72vlufut","previousOperationId":"qvb948fxd6wl5nr"}
{"type":"log","timestamp":1705003142219,"level":"debug","message":"Base url not specified, skipping its injection.","meta":{"rootId":"tehw7t8o24wfstk","id":"tehw7t8o24wfstk"},"id":"kndhhyt8ubgeci9","previousOperationId":"6ewz7k8gno7ls2w"}
{"type":"operationStart","subtype":"engine","name":"handlebars","timestamp":1705003142220,"id":"5ei34846dvkaxcr","previousEventId":"y4nqhg0rp6krjf3","operationId":"fpi995m63f0udos","previousOperationId":"6ewz7k8gno7ls2w"}
{"type":"log","timestamp":1705003142220,"level":"debug","message":"Rendering engine handlebars","meta":{"rootId":"tehw7t8o24wfstk","id":"tehw7t8o24wfstk"},"id":"ozj1htahwvyuvnq","previousOperationId":"fpi995m63f0udos"}
{"type":"operationEnd","operationId":"fpi995m63f0udos","timestamp":1705003142536,"id":"5ure1ucjnvwxlbm","previousEventId":"5ei34846dvkaxcr","previousOperationId":"fpi995m63f0udos"}
{"type":"operationStart","subtype":"recipe","name":"chrome-pdf","timestamp":1705003142537,"id":"eauy2t5aj5n755g","previousEventId":"5ure1ucjnvwxlbm","operationId":"tu8r9gax30miouq","previousOperationId":"fpi995m63f0udos"}
{"type":"log","timestamp":1705003142537,"level":"debug","message":"Executing recipe chrome-pdf","meta":{"rootId":"tehw7t8o24wfstk","id":"tehw7t8o24wfstk"},"id":"6sq7tg6fqikt9a2","previousOperationId":"tu8r9gax30miouq"}
{"type":"log","timestamp":1705003143194,"level":"debug","message":"Converting with chrome HeadlessChrome/117.0.5938.149 using chrome-pool strategy","meta":{"rootId":"tehw7t8o24wfstk","id":"tehw7t8o24wfstk"},"id":"aj4e9ji2sp48nkw","previousOperationId":"tu8r9gax30miouq"}
{"type":"log","timestamp":1705003143332,"level":"debug","message":"Page request: GET (document) file:///C:/Users/ratha/AppData/Local/Temp/jsreport/autocleanup/44562161-b556-4d93-8a33-182e0a72d9d5-chrome-pdf.html","meta":{"rootId":"tehw7t8o24wfstk","id":"tehw7t8o24wfstk"},"id":"k7bqbbzbbkoheay","previousOperationId":"tu8r9gax30miouq"}
{"type":"log","timestamp":1705003143344,"level":"debug","message":"Page request finished: GET (document) 200 file:///C:/Users/ratha/AppData/Local/Temp/jsreport/autocleanup/44562161-b556-4d93-8a33-182e0a72d9d5-chrome-pdf.html","meta":{"rootId":"tehw7t8o24wfstk","id":"tehw7t8o24wfstk"},"id":"rgo6u2hoqa3fre4","previousOperationId":"tu8r9gax30miouq"}
{"type":"log","timestamp":1705003143351,"level":"debug","message":"Running chrome with params {\"printBackground\":true,\"timeout\":58820,\"margin\":{}}","meta":{"rootId":"tehw7t8o24wfstk","id":"tehw7t8o24wfstk"},"id":"rwkszwd9kn8i792","previousOperationId":"tu8r9gax30miouq"}
{"type":"operationEnd","operationId":"tu8r9gax30miouq","timestamp":1705003143379,"id":"c1ajl5a3h4jnytw","previousEventId":"eauy2t5aj5n755g","previousOperationId":"tu8r9gax30miouq"}
{"type":"log","timestamp":1705003143380,"level":"debug","message":"Skipping storing report.","meta":{"rootId":"tehw7t8o24wfstk","id":"tehw7t8o24wfstk"},"id":"wjywfkveg3oul81","previousOperationId":"tu8r9gax30miouq"}
{"type":"log","timestamp":1705003143380,"level":"info","message":"Rendering request 3 finished in 1575 ms","meta":{"rootId":"tehw7t8o24wfstk","id":"tehw7t8o24wfstk"},"id":"t8e41k1avp2rqtk","previousOperationId":"tu8r9gax30miouq"}
{"type":"operationEnd","subtype":"render","operationId":"qvb948fxd6wl5nr","timestamp":1705003143380,"id":"bxsq2lalacjgx75","previousEventId":"c1ajl5a3h4jnytw","previousOperationId":"tu8r9gax30miouq"}
{"type":"operationEnd","doDiffs":false,"previousEventId":"6cbu0gmn7rb1erk","previousOperationId":"l6rhday9nzofy3z","operationId":"l6rhday9nzofy3z","timestamp":1705003143382,"id":"0kf7ccyvabfsled"}
