{"type":"operationStart","subtype":"profile","data":{"_id":"5Aarv9isDTcQWPUO","timestamp":"2024-01-11T15:40:20.259Z","state":"queued","mode":"standard","creationDate":"2024-01-11T15:40:20.261Z","modificationDate":"2024-01-11T15:40:20.261Z","shortid":"YjrNBg2","$entitySet":"profiles"},"doDiffs":false,"timestamp":1704987620260,"id":"qfukntee6rw6d78","previousOperationId":null,"operationId":"6otx602r5yb7rdg"}
{"type":"log","level":"info","message":"Render request 14 queued for execution and waiting for available worker","previousOperationId":"6otx602r5yb7rdg","timestamp":1704987620261,"id":"d4o9xnzadayporw"}
{"type":"operationStart","subtype":"render","name":"reports-main","previousOperationId":"6otx602r5yb7rdg","timestamp":1704987620279,"id":"17odv8zj0hwpepk","previousEventId":"qfukntee6rw6d78","operationId":"fe2dks1xev7v2tu"}
{"type":"log","timestamp":1704987620281,"level":"info","message":"Starting rendering request 14","meta":{"rootId":"u3t82qos2k6cvy3","id":"u3t82qos2k6cvy3"},"id":"07fsy2lnn0d10cd","previousOperationId":"fe2dks1xev7v2tu"}
{"type":"log","timestamp":1704987620283,"level":"info","message":"Rendering template { name: reports-main, recipe: chrome-pdf, engine: handlebars, preview: true }","meta":{"rootId":"u3t82qos2k6cvy3","id":"u3t82qos2k6cvy3"},"id":"d8c6ugb179sog7d","previousOperationId":"fe2dks1xev7v2tu"}
{"type":"log","timestamp":1704987620286,"level":"debug","message":"Data item not defined for this template.","meta":{"rootId":"u3t82qos2k6cvy3","id":"u3t82qos2k6cvy3"},"id":"3yekbzqm0la3smi","previousOperationId":"fe2dks1xev7v2tu"}
{"type":"log","timestamp":1704987620290,"level":"debug","message":"Executing script reports-script (beforeRender)","meta":{"rootId":"u3t82qos2k6cvy3","id":"u3t82qos2k6cvy3"},"id":"kuc9t9ehg5psgzq","previousOperationId":"fe2dks1xev7v2tu"}
{"type":"operationStart","subtype":"scriptsBeforeRender","name":"scripts beforeRender","timestamp":1704987620714,"id":"u0klqww4qb4r7fh","previousEventId":"17odv8zj0hwpepk","operationId":"f4ywa6ajj5wr6v0","previousOperationId":"fe2dks1xev7v2tu"}
{"type":"operationStart","subtype":"script","name":"scripts reports-script","previousOperationId":"f4ywa6ajj5wr6v0","timestamp":1704987620714,"id":"f1te3qt0tw9lz8v","previousEventId":"u0klqww4qb4r7fh","operationId":"x0qfmjv9l7m76ph"}
{"type":"log","timestamp":1704987620770,"level":"debug","message":"(console:log) undefined","meta":{"userLevel":true,"rootId":"u3t82qos2k6cvy3","id":"u3t82qos2k6cvy3"},"id":"j9q3rl02er71eah","previousOperationId":"x0qfmjv9l7m76ph"}
{"type":"operationEnd","operationId":"x0qfmjv9l7m76ph","timestamp":1704987620773,"id":"7oo6x7l984e40xf","previousEventId":"17odv8zj0hwpepk","previousOperationId":"fe2dks1xev7v2tu"}
{"type":"operationEnd","operationId":"f4ywa6ajj5wr6v0","timestamp":1704987620773,"id":"puayfkwm4m1g232","previousEventId":"7oo6x7l984e40xf","previousOperationId":"fe2dks1xev7v2tu"}
{"type":"log","timestamp":1704987620773,"level":"debug","message":"Base url not specified, skipping its injection.","meta":{"rootId":"u3t82qos2k6cvy3","id":"u3t82qos2k6cvy3"},"id":"g1vf8djpajrshnf","previousOperationId":"f4ywa6ajj5wr6v0"}
{"type":"operationStart","subtype":"engine","name":"handlebars","timestamp":1704987620774,"id":"vjzmqmrz7jbea4s","previousEventId":"puayfkwm4m1g232","operationId":"fepct8nhkvtwhv5","previousOperationId":"f4ywa6ajj5wr6v0"}
{"type":"log","timestamp":1704987620774,"level":"debug","message":"Rendering engine handlebars","meta":{"rootId":"u3t82qos2k6cvy3","id":"u3t82qos2k6cvy3"},"id":"bsodfpbnfsew0tx","previousOperationId":"fepct8nhkvtwhv5"}
{"type":"operationEnd","operationId":"fepct8nhkvtwhv5","timestamp":1704987621250,"id":"igql8lqfjlo7dcy","previousEventId":"vjzmqmrz7jbea4s","previousOperationId":"fepct8nhkvtwhv5"}
{"type":"operationStart","subtype":"recipe","name":"chrome-pdf","timestamp":1704987621251,"id":"vxemjyupgy0dr8w","previousEventId":"igql8lqfjlo7dcy","operationId":"jaxx1eq8mlh158z","previousOperationId":"fepct8nhkvtwhv5"}
{"type":"log","timestamp":1704987621251,"level":"debug","message":"Executing recipe chrome-pdf","meta":{"rootId":"u3t82qos2k6cvy3","id":"u3t82qos2k6cvy3"},"id":"dwz3q73ixn0zgk5","previousOperationId":"jaxx1eq8mlh158z"}
{"type":"log","timestamp":1704987622308,"level":"debug","message":"Converting with chrome HeadlessChrome/117.0.5938.149 using chrome-pool strategy","meta":{"rootId":"u3t82qos2k6cvy3","id":"u3t82qos2k6cvy3"},"id":"94gjgiqddkuf6oq","previousOperationId":"jaxx1eq8mlh158z"}
{"type":"log","timestamp":1704987622686,"level":"debug","message":"Page request: GET (document) file:///C:/Users/ratha/AppData/Local/Temp/jsreport/autocleanup/987b5934-fe80-4b38-bf74-3e9ef3ec5380-chrome-pdf.html","meta":{"rootId":"u3t82qos2k6cvy3","id":"u3t82qos2k6cvy3"},"id":"6yxvnj38u9oekhp","previousOperationId":"jaxx1eq8mlh158z"}
{"type":"log","timestamp":1704987622700,"level":"debug","message":"Page request finished: GET (document) 200 file:///C:/Users/ratha/AppData/Local/Temp/jsreport/autocleanup/987b5934-fe80-4b38-bf74-3e9ef3ec5380-chrome-pdf.html","meta":{"rootId":"u3t82qos2k6cvy3","id":"u3t82qos2k6cvy3"},"id":"j51l3vj02au48ki","previousOperationId":"jaxx1eq8mlh158z"}
{"type":"log","timestamp":1704987622720,"level":"debug","message":"Running chrome with params {\"printBackground\":true,\"timeout\":58232,\"margin\":{}}","meta":{"rootId":"u3t82qos2k6cvy3","id":"u3t82qos2k6cvy3"},"id":"hckyzbztdexj0po","previousOperationId":"jaxx1eq8mlh158z"}
{"type":"operationEnd","operationId":"jaxx1eq8mlh158z","timestamp":1704987622755,"id":"8ygz1ljutdarm59","previousEventId":"vxemjyupgy0dr8w","previousOperationId":"jaxx1eq8mlh158z"}
{"type":"log","timestamp":1704987622756,"level":"debug","message":"Skipping storing report.","meta":{"rootId":"u3t82qos2k6cvy3","id":"u3t82qos2k6cvy3"},"id":"5td7ezo2jr62s6a","previousOperationId":"jaxx1eq8mlh158z"}
{"type":"log","timestamp":1704987622756,"level":"info","message":"Rendering request 14 finished in 2497 ms","meta":{"rootId":"u3t82qos2k6cvy3","id":"u3t82qos2k6cvy3"},"id":"s8eevcvas6z7szq","previousOperationId":"jaxx1eq8mlh158z"}
{"type":"operationEnd","subtype":"render","operationId":"fe2dks1xev7v2tu","timestamp":1704987622756,"id":"2buulj9g3uz5aki","previousEventId":"8ygz1ljutdarm59","previousOperationId":"jaxx1eq8mlh158z"}
{"type":"operationEnd","doDiffs":false,"previousEventId":"qfukntee6rw6d78","previousOperationId":"6otx602r5yb7rdg","operationId":"6otx602r5yb7rdg","timestamp":1704987622764,"id":"dl3h39wedrl9tyr"}
