{"type":"operationStart","subtype":"profile","data":{"_id":"SbEYCQ1iG70zHCXB","timestamp":"2024-01-12T16:13:22.697Z","state":"queued","mode":"standard","creationDate":"2024-01-12T16:13:22.699Z","modificationDate":"2024-01-12T16:13:22.699Z","shortid":"7sluy9W","$entitySet":"profiles"},"doDiffs":false,"timestamp":1705076002698,"id":"dfy83pocj1q9q1y","previousOperationId":null,"operationId":"w3slouitm863b5t"}
{"type":"log","level":"info","message":"Render request 34 queued for execution and waiting for available worker","previousOperationId":"w3slouitm863b5t","timestamp":1705076002698,"id":"i69x71o6kq9qpjd"}
{"type":"operationStart","subtype":"render","name":"reports-main","previousOperationId":"w3slouitm863b5t","timestamp":1705076002711,"id":"et9zyqk0le5yd1e","previousEventId":"dfy83pocj1q9q1y","operationId":"igejgjktqwzwgva"}
{"type":"log","timestamp":1705076002711,"level":"info","message":"Starting rendering request 34","meta":{"rootId":"ushit7t4jptrtpj","id":"ushit7t4jptrtpj"},"id":"fj5465qglp7eqp3","previousOperationId":"igejgjktqwzwgva"}
{"type":"log","timestamp":1705076002711,"level":"info","message":"Rendering template { name: reports-main, recipe: chrome-pdf, engine: handlebars, preview: true }","meta":{"rootId":"ushit7t4jptrtpj","id":"ushit7t4jptrtpj"},"id":"5hxou0yzerf5eg2","previousOperationId":"igejgjktqwzwgva"}
{"type":"log","timestamp":1705076002712,"level":"debug","message":"Data item not defined for this template.","meta":{"rootId":"ushit7t4jptrtpj","id":"ushit7t4jptrtpj"},"id":"r7hire0vc1ksv2r","previousOperationId":"igejgjktqwzwgva"}
{"type":"log","timestamp":1705076002714,"level":"debug","message":"Executing script reports-script (beforeRender)","meta":{"rootId":"ushit7t4jptrtpj","id":"ushit7t4jptrtpj"},"id":"w7ecl7wpdwq40we","previousOperationId":"igejgjktqwzwgva"}
{"type":"operationStart","subtype":"scriptsBeforeRender","name":"scripts beforeRender","timestamp":1705076002758,"id":"qjaf3ena43fcig7","previousEventId":"et9zyqk0le5yd1e","operationId":"vowpntlr2ohuri6","previousOperationId":"igejgjktqwzwgva"}
{"type":"operationStart","subtype":"script","name":"scripts reports-script","previousOperationId":"vowpntlr2ohuri6","timestamp":1705076002758,"id":"dzq23a22jghxx27","previousEventId":"qjaf3ena43fcig7","operationId":"bxzxmegc2biy847"}
{"type":"log","timestamp":1705076002769,"level":"debug","message":"(console:log) [\n  {\n    id: 1,\n    number: 2,\n    firstStop: 'C',\n    lastStop: 'D',\n    createdAt: '2023-12-01T17:35:52.000Z',\n    updatedAt: '2023-12-12T20:01:36.000Z'\n  },\n  {\n    id: 2,\n    number: 66,\n    firstStop: 'TF',\n    lastStop: 'VG',\n    createdAt: '2023-12-01T19:20:40.000Z',\n    updatedAt: '2023-12-01T19:20:40.000Z'\n  },\n  {\n    id: 3,\n    number: 69,\n    firstStop: 'Si',\n    lastStop: 'No',\n    createdAt: '2023-12-04T17:13:35.000Z',\n    updatedAt: '2023-12-04T17:13:35.000Z'\n  },\n  {\n    id: 4,\n    number: 22,\n    firstStop: 'FG',\n    lastStop: 'DF',\n    createdAt: '2023-12-08T18:39:03.000Z',\n    updatedAt: '2023-12-08T18:39:03.000Z'\n  },\n  {\n    id: 5,\n    number: 1,\n    firstStop: 'A',\n    lastStop: 'B',\n    createdAt: '2023-12-12T19:54:23.000Z',\n    updatedAt: '2023-12-12T19:54:23.000Z'\n  }\n]","meta":{"userLevel":true,"rootId":"ushit7t4jptrtpj","id":"ushit7t4jptrtpj"},"id":"vnhqmj595yxf9ev","previousOperationId":"bxzxmegc2biy847"}
{"type":"log","timestamp":1705076002775,"level":"debug","message":"(console:log) [\n  {\n    id: 14,\n    Location: 'ss',\n    idLine: 1,\n    filename: 'image-1701457483207.jpg',\n    createdAt: '2023-12-01T19:04:43.000Z',\n    updatedAt: '2023-12-01T19:04:43.000Z'\n  },\n  {\n    id: 17,\n    Location: 'Si',\n    idLine: 1,\n    filename: 'image-1702411966104.jpg',\n    createdAt: '2023-12-12T20:12:46.000Z',\n    updatedAt: '2023-12-12T20:12:46.000Z'\n  }\n]","meta":{"userLevel":true,"rootId":"ushit7t4jptrtpj","id":"ushit7t4jptrtpj"},"id":"lq90qjf8u41t5ph","previousOperationId":"bxzxmegc2biy847"}
{"type":"operationEnd","operationId":"bxzxmegc2biy847","timestamp":1705076002775,"id":"31ggu7kw8izzzpt","previousEventId":"et9zyqk0le5yd1e","previousOperationId":"igejgjktqwzwgva"}
{"type":"operationEnd","operationId":"vowpntlr2ohuri6","timestamp":1705076002775,"id":"ovkglxp34y81ea7","previousEventId":"31ggu7kw8izzzpt","previousOperationId":"igejgjktqwzwgva"}
{"type":"log","timestamp":1705076002775,"level":"debug","message":"Base url not specified, skipping its injection.","meta":{"rootId":"ushit7t4jptrtpj","id":"ushit7t4jptrtpj"},"id":"ai2c8d02kxrqhof","previousOperationId":"vowpntlr2ohuri6"}
{"type":"operationStart","subtype":"engine","name":"handlebars","timestamp":1705076002776,"id":"3s5eqfbiq2d635d","previousEventId":"ovkglxp34y81ea7","operationId":"qopte9hgrjuvkd6","previousOperationId":"vowpntlr2ohuri6"}
{"type":"log","timestamp":1705076002776,"level":"debug","message":"Rendering engine handlebars","meta":{"rootId":"ushit7t4jptrtpj","id":"ushit7t4jptrtpj"},"id":"8ryx0erdyf02hs7","previousOperationId":"qopte9hgrjuvkd6"}
{"type":"operationEnd","operationId":"qopte9hgrjuvkd6","timestamp":1705076002787,"id":"90wmznhp30v8ekl","previousEventId":"3s5eqfbiq2d635d","previousOperationId":"qopte9hgrjuvkd6"}
{"type":"operationStart","subtype":"recipe","name":"chrome-pdf","timestamp":1705076002788,"id":"f8gour099ekw2gl","previousEventId":"90wmznhp30v8ekl","operationId":"430om8s0l5mhxxt","previousOperationId":"qopte9hgrjuvkd6"}
{"type":"log","timestamp":1705076002788,"level":"debug","message":"Executing recipe chrome-pdf","meta":{"rootId":"ushit7t4jptrtpj","id":"ushit7t4jptrtpj"},"id":"paq8xw31f34b9mh","previousOperationId":"430om8s0l5mhxxt"}
{"type":"log","timestamp":1705076002789,"level":"debug","message":"Converting with chrome HeadlessChrome/117.0.5938.149 using chrome-pool strategy","meta":{"rootId":"ushit7t4jptrtpj","id":"ushit7t4jptrtpj"},"id":"7ewy7uth4khyycf","previousOperationId":"430om8s0l5mhxxt"}
{"type":"log","timestamp":1705076002901,"level":"debug","message":"Page request: GET (document) file:///C:/Users/ratha/AppData/Local/Temp/jsreport/autocleanup/82af1c72-d298-4323-9249-b11368eb891d-chrome-pdf.html","meta":{"rootId":"ushit7t4jptrtpj","id":"ushit7t4jptrtpj"},"id":"c5ctb0i4wvw4ari","previousOperationId":"430om8s0l5mhxxt"}
{"type":"log","timestamp":1705076002912,"level":"debug","message":"Page request finished: GET (document) 200 file:///C:/Users/ratha/AppData/Local/Temp/jsreport/autocleanup/82af1c72-d298-4323-9249-b11368eb891d-chrome-pdf.html","meta":{"rootId":"ushit7t4jptrtpj","id":"ushit7t4jptrtpj"},"id":"ikysc6hlfe1lg4q","previousOperationId":"430om8s0l5mhxxt"}
{"type":"log","timestamp":1705076002922,"level":"debug","message":"Running chrome with params {\"printBackground\":true,\"timeout\":59908,\"margin\":{}}","meta":{"rootId":"ushit7t4jptrtpj","id":"ushit7t4jptrtpj"},"id":"uw8bdcsoxqk2s07","previousOperationId":"430om8s0l5mhxxt"}
{"type":"operationEnd","operationId":"430om8s0l5mhxxt","timestamp":1705076002987,"id":"p01tic8qgtat3a4","previousEventId":"f8gour099ekw2gl","previousOperationId":"430om8s0l5mhxxt"}
{"type":"log","timestamp":1705076002987,"level":"debug","message":"Skipping storing report.","meta":{"rootId":"ushit7t4jptrtpj","id":"ushit7t4jptrtpj"},"id":"jdj03m8rhe6u1gz","previousOperationId":"430om8s0l5mhxxt"}
{"type":"log","timestamp":1705076002987,"level":"info","message":"Rendering request 34 finished in 290 ms","meta":{"rootId":"ushit7t4jptrtpj","id":"ushit7t4jptrtpj"},"id":"otsao5b3d7gwvch","previousOperationId":"430om8s0l5mhxxt"}
{"type":"operationEnd","subtype":"render","operationId":"igejgjktqwzwgva","timestamp":1705076002988,"id":"iunjt65aemtxf6y","previousEventId":"p01tic8qgtat3a4","previousOperationId":"430om8s0l5mhxxt"}
{"type":"operationEnd","doDiffs":false,"previousEventId":"dfy83pocj1q9q1y","previousOperationId":"w3slouitm863b5t","operationId":"w3slouitm863b5t","timestamp":1705076003004,"id":"oryngb4dekvfqxa"}
