{"type":"operationStart","subtype":"profile","data":{"_id":"zlxIq2XoRVu3URAn","timestamp":"2024-01-11T20:25:42.563Z","state":"queued","mode":"standard","creationDate":"2024-01-11T20:25:42.565Z","modificationDate":"2024-01-11T20:25:42.565Z","shortid":"DRiuDy7","$entitySet":"profiles"},"doDiffs":false,"timestamp":1705004742564,"id":"w3eoq7bkytlwtgz","previousOperationId":null,"operationId":"e56we5jwnaleug3"}
{"type":"log","level":"info","message":"Render request 4 queued for execution and waiting for available worker","previousOperationId":"e56we5jwnaleug3","timestamp":1705004742564,"id":"hjwbrge6i7lpzl1"}
{"type":"operationStart","subtype":"render","name":"reports-main","previousOperationId":"e56we5jwnaleug3","timestamp":1705004742575,"id":"3lls6qpcuqkt7lw","previousEventId":"w3eoq7bkytlwtgz","operationId":"7n4xc63fe41hu92"}
{"type":"log","timestamp":1705004742575,"level":"info","message":"Starting rendering request 4","meta":{"rootId":"v4g2utdx3yfo6ad","id":"v4g2utdx3yfo6ad"},"id":"072jjt9sulz4uzc","previousOperationId":"7n4xc63fe41hu92"}
{"type":"log","timestamp":1705004742575,"level":"info","message":"Rendering template { name: reports-main, recipe: chrome-pdf, engine: handlebars, preview: true }","meta":{"rootId":"v4g2utdx3yfo6ad","id":"v4g2utdx3yfo6ad"},"id":"bodj7a3uhogc41t","previousOperationId":"7n4xc63fe41hu92"}
{"type":"log","timestamp":1705004742577,"level":"debug","message":"Data item not defined for this template.","meta":{"rootId":"v4g2utdx3yfo6ad","id":"v4g2utdx3yfo6ad"},"id":"bohey4naspq7hiv","previousOperationId":"7n4xc63fe41hu92"}
{"type":"log","timestamp":1705004742580,"level":"debug","message":"Executing script reports-script (beforeRender)","meta":{"rootId":"v4g2utdx3yfo6ad","id":"v4g2utdx3yfo6ad"},"id":"vmp83z8qc2rhpr3","previousOperationId":"7n4xc63fe41hu92"}
{"type":"operationStart","subtype":"scriptsBeforeRender","name":"scripts beforeRender","timestamp":1705004742625,"id":"l8dwtzapic2ngtd","previousEventId":"3lls6qpcuqkt7lw","operationId":"gir9povbtxb9a34","previousOperationId":"7n4xc63fe41hu92"}
{"type":"operationStart","subtype":"script","name":"scripts reports-script","previousOperationId":"gir9povbtxb9a34","timestamp":1705004742625,"id":"ve0u7vyndne4d7n","previousEventId":"l8dwtzapic2ngtd","operationId":"iw0uasy0yi4gsus"}
{"type":"log","timestamp":1705004742646,"level":"debug","message":"(console:log) [\n  {\n    id: 1,\n    number: 2,\n    firstStop: 'C',\n    lastStop: 'D',\n    createdAt: '2023-12-01T17:35:52.000Z',\n    updatedAt: '2023-12-12T20:01:36.000Z'\n  },\n  {\n    id: 2,\n    number: 66,\n    firstStop: 'TF',\n    lastStop: 'VG',\n    createdAt: '2023-12-01T19:20:40.000Z',\n    updatedAt: '2023-12-01T19:20:40.000Z'\n  },\n  {\n    id: 3,\n    number: 69,\n    firstStop: 'Si',\n    lastStop: 'No',\n    createdAt: '2023-12-04T17:13:35.000Z',\n    updatedAt: '2023-12-04T17:13:35.000Z'\n  },\n  {\n    id: 4,\n    number: 22,\n    firstStop: 'FG',\n    lastStop: 'DF',\n    createdAt: '2023-12-08T18:39:03.000Z',\n    updatedAt: '2023-12-08T18:39:03.000Z'\n  },\n  {\n    id: 5,\n    number: 1,\n    firstStop: 'A',\n    lastStop: 'B',\n    createdAt: '2023-12-12T19:54:23.000Z',\n    updatedAt: '2023-12-12T19:54:23.000Z'\n  }\n]","meta":{"userLevel":true,"rootId":"v4g2utdx3yfo6ad","id":"v4g2utdx3yfo6ad"},"id":"6h2wpf5lktpolvd","previousOperationId":"iw0uasy0yi4gsus"}
{"type":"operationEnd","operationId":"iw0uasy0yi4gsus","timestamp":1705004742646,"id":"zln8mr2rfhdmatc","previousEventId":"3lls6qpcuqkt7lw","previousOperationId":"7n4xc63fe41hu92"}
{"type":"operationEnd","operationId":"gir9povbtxb9a34","timestamp":1705004742646,"id":"u2zqyxh575v6q5v","previousEventId":"zln8mr2rfhdmatc","previousOperationId":"7n4xc63fe41hu92"}
{"type":"log","timestamp":1705004742646,"level":"debug","message":"Base url not specified, skipping its injection.","meta":{"rootId":"v4g2utdx3yfo6ad","id":"v4g2utdx3yfo6ad"},"id":"c90bgqjj5nbe7bw","previousOperationId":"gir9povbtxb9a34"}
{"type":"operationStart","subtype":"engine","name":"handlebars","timestamp":1705004742646,"id":"f1a38wxtp3ampki","previousEventId":"u2zqyxh575v6q5v","operationId":"34krmg8n20al88n","previousOperationId":"gir9povbtxb9a34"}
{"type":"log","timestamp":1705004742646,"level":"debug","message":"Rendering engine handlebars","meta":{"rootId":"v4g2utdx3yfo6ad","id":"v4g2utdx3yfo6ad"},"id":"7sqbch47gg9k0c1","previousOperationId":"34krmg8n20al88n"}
{"type":"operationEnd","operationId":"34krmg8n20al88n","timestamp":1705004742671,"id":"t6p86t57e4wu1cv","previousEventId":"f1a38wxtp3ampki","previousOperationId":"34krmg8n20al88n"}
{"type":"operationStart","subtype":"recipe","name":"chrome-pdf","timestamp":1705004742672,"id":"u1bedyz6dimlbkb","previousEventId":"t6p86t57e4wu1cv","operationId":"4j6o8chf400d962","previousOperationId":"34krmg8n20al88n"}
{"type":"log","timestamp":1705004742672,"level":"debug","message":"Executing recipe chrome-pdf","meta":{"rootId":"v4g2utdx3yfo6ad","id":"v4g2utdx3yfo6ad"},"id":"nwmk77fxxonozu3","previousOperationId":"4j6o8chf400d962"}
{"type":"log","timestamp":1705004742674,"level":"debug","message":"Converting with chrome HeadlessChrome/117.0.5938.149 using chrome-pool strategy","meta":{"rootId":"v4g2utdx3yfo6ad","id":"v4g2utdx3yfo6ad"},"id":"rivjp8rtkh46bbv","previousOperationId":"4j6o8chf400d962"}
{"type":"log","timestamp":1705004742797,"level":"debug","message":"Page request: GET (document) file:///C:/Users/ratha/AppData/Local/Temp/jsreport/autocleanup/41d93cfa-2c45-4c53-b4d7-3e711dca427b-chrome-pdf.html","meta":{"rootId":"v4g2utdx3yfo6ad","id":"v4g2utdx3yfo6ad"},"id":"m3pup69p2hbwu4r","previousOperationId":"4j6o8chf400d962"}
{"type":"log","timestamp":1705004742808,"level":"debug","message":"Page request finished: GET (document) 200 file:///C:/Users/ratha/AppData/Local/Temp/jsreport/autocleanup/41d93cfa-2c45-4c53-b4d7-3e711dca427b-chrome-pdf.html","meta":{"rootId":"v4g2utdx3yfo6ad","id":"v4g2utdx3yfo6ad"},"id":"3vqv0m84jjdt2zn","previousOperationId":"4j6o8chf400d962"}
{"type":"log","timestamp":1705004742815,"level":"debug","message":"Running chrome with params {\"printBackground\":true,\"timeout\":59890,\"margin\":{}}","meta":{"rootId":"v4g2utdx3yfo6ad","id":"v4g2utdx3yfo6ad"},"id":"q0070cstvlffjus","previousOperationId":"4j6o8chf400d962"}
{"type":"operationEnd","operationId":"4j6o8chf400d962","timestamp":1705004742839,"id":"w80iopikrpdpnbw","previousEventId":"u1bedyz6dimlbkb","previousOperationId":"4j6o8chf400d962"}
{"type":"log","timestamp":1705004742840,"level":"debug","message":"Skipping storing report.","meta":{"rootId":"v4g2utdx3yfo6ad","id":"v4g2utdx3yfo6ad"},"id":"ekcrn110fde1x88","previousOperationId":"4j6o8chf400d962"}
{"type":"log","timestamp":1705004742840,"level":"info","message":"Rendering request 4 finished in 277 ms","meta":{"rootId":"v4g2utdx3yfo6ad","id":"v4g2utdx3yfo6ad"},"id":"44q74khz9icixf8","previousOperationId":"4j6o8chf400d962"}
{"type":"operationEnd","subtype":"render","operationId":"7n4xc63fe41hu92","timestamp":1705004742840,"id":"550nws3sybpzo2x","previousEventId":"w80iopikrpdpnbw","previousOperationId":"4j6o8chf400d962"}
{"type":"operationEnd","doDiffs":false,"previousEventId":"w3eoq7bkytlwtgz","previousOperationId":"e56we5jwnaleug3","operationId":"e56we5jwnaleug3","timestamp":1705004742843,"id":"ptpegoner5f4l4l"}
