{"type":"operationStart","subtype":"profile","data":{"_id":"Ff00EkVC0T6jqvwc","timestamp":"2024-01-12T15:23:18.429Z","state":"queued","mode":"standard","creationDate":"2024-01-12T15:23:18.460Z","modificationDate":"2024-01-12T15:23:18.460Z","shortid":"ZYIXvsT","$entitySet":"profiles"},"doDiffs":false,"timestamp":1705072998458,"id":"4er1gdruqqxk6a0","previousOperationId":null,"operationId":"aauaiqx4h6fqwmr"}
{"type":"log","level":"info","message":"Render request 6 queued for execution and waiting for available worker","previousOperationId":"aauaiqx4h6fqwmr","timestamp":1705072998459,"id":"of7zwrdzg1svyt8"}
{"type":"operationStart","subtype":"render","name":"reports-main","previousOperationId":"aauaiqx4h6fqwmr","timestamp":1705072998491,"id":"4kjl8t25zaikqfc","previousEventId":"4er1gdruqqxk6a0","operationId":"7uu97hdubxwymqf"}
{"type":"log","timestamp":1705072998493,"level":"info","message":"Starting rendering request 6","meta":{"rootId":"wg3rrcp5u4llo3i","id":"wg3rrcp5u4llo3i"},"id":"n3af3nsdu0awso5","previousOperationId":"7uu97hdubxwymqf"}
{"type":"log","timestamp":1705072998495,"level":"info","message":"Rendering template { name: reports-main, recipe: chrome-pdf, engine: handlebars, preview: true }","meta":{"rootId":"wg3rrcp5u4llo3i","id":"wg3rrcp5u4llo3i"},"id":"xxtbphmwkhu3mzs","previousOperationId":"7uu97hdubxwymqf"}
{"type":"log","timestamp":1705072998498,"level":"debug","message":"Data item not defined for this template.","meta":{"rootId":"wg3rrcp5u4llo3i","id":"wg3rrcp5u4llo3i"},"id":"ay8c0adxwvepktw","previousOperationId":"7uu97hdubxwymqf"}
{"type":"log","timestamp":1705072998508,"level":"debug","message":"Executing script reports-script (beforeRender)","meta":{"rootId":"wg3rrcp5u4llo3i","id":"wg3rrcp5u4llo3i"},"id":"n3iyiloq4amoqjb","previousOperationId":"7uu97hdubxwymqf"}
{"type":"operationStart","subtype":"scriptsBeforeRender","name":"scripts beforeRender","timestamp":1705072999602,"id":"1lpsaj51lgw5ol7","previousEventId":"4kjl8t25zaikqfc","operationId":"25ghhvmf5jag7f3","previousOperationId":"7uu97hdubxwymqf"}
{"type":"operationStart","subtype":"script","name":"scripts reports-script","previousOperationId":"25ghhvmf5jag7f3","timestamp":1705072999603,"id":"eyykozy69314en1","previousEventId":"1lpsaj51lgw5ol7","operationId":"c9tiif9a3ji5t38"}
{"type":"log","timestamp":1705072999704,"level":"debug","message":"(console:log) [\n  {\n    id: 1,\n    number: 2,\n    firstStop: 'C',\n    lastStop: 'D',\n    createdAt: '2023-12-01T17:35:52.000Z',\n    updatedAt: '2023-12-12T20:01:36.000Z'\n  },\n  {\n    id: 2,\n    number: 66,\n    firstStop: 'TF',\n    lastStop: 'VG',\n    createdAt: '2023-12-01T19:20:40.000Z',\n    updatedAt: '2023-12-01T19:20:40.000Z'\n  },\n  {\n    id: 3,\n    number: 69,\n    firstStop: 'Si',\n    lastStop: 'No',\n    createdAt: '2023-12-04T17:13:35.000Z',\n    updatedAt: '2023-12-04T17:13:35.000Z'\n  },\n  {\n    id: 4,\n    number: 22,\n    firstStop: 'FG',\n    lastStop: 'DF',\n    createdAt: '2023-12-08T18:39:03.000Z',\n    updatedAt: '2023-12-08T18:39:03.000Z'\n  },\n  {\n    id: 5,\n    number: 1,\n    firstStop: 'A',\n    lastStop: 'B',\n    createdAt: '2023-12-12T19:54:23.000Z',\n    updatedAt: '2023-12-12T19:54:23.000Z'\n  }\n]","meta":{"userLevel":true,"rootId":"wg3rrcp5u4llo3i","id":"wg3rrcp5u4llo3i"},"id":"7rfp1i36vr5s9h3","previousOperationId":"c9tiif9a3ji5t38"}
{"type":"operationEnd","operationId":"c9tiif9a3ji5t38","timestamp":1705072999707,"id":"klpglv93rmw3i9b","previousEventId":"4kjl8t25zaikqfc","previousOperationId":"7uu97hdubxwymqf"}
{"type":"operationEnd","operationId":"25ghhvmf5jag7f3","timestamp":1705072999707,"id":"39xtqvlap0wa3e7","previousEventId":"klpglv93rmw3i9b","previousOperationId":"7uu97hdubxwymqf"}
{"type":"log","timestamp":1705072999707,"level":"debug","message":"Base url not specified, skipping its injection.","meta":{"rootId":"wg3rrcp5u4llo3i","id":"wg3rrcp5u4llo3i"},"id":"f12m1kqdcfe738j","previousOperationId":"25ghhvmf5jag7f3"}
{"type":"operationStart","subtype":"engine","name":"handlebars","timestamp":1705072999709,"id":"7qsv58ti1n1qww7","previousEventId":"39xtqvlap0wa3e7","operationId":"cp21lx8a5xgs168","previousOperationId":"25ghhvmf5jag7f3"}
{"type":"log","timestamp":1705072999709,"level":"debug","message":"Rendering engine handlebars","meta":{"rootId":"wg3rrcp5u4llo3i","id":"wg3rrcp5u4llo3i"},"id":"2z3mr01x0kxqssk","previousOperationId":"cp21lx8a5xgs168"}
{"type":"operationEnd","operationId":"cp21lx8a5xgs168","timestamp":1705073000694,"id":"5cpbhaj8vgefbrr","previousEventId":"7qsv58ti1n1qww7","previousOperationId":"cp21lx8a5xgs168"}
{"type":"operationStart","subtype":"recipe","name":"chrome-pdf","timestamp":1705073000695,"id":"7rjpyhhg5wtq8a3","previousEventId":"5cpbhaj8vgefbrr","operationId":"u6j25vo83zat50x","previousOperationId":"cp21lx8a5xgs168"}
{"type":"log","timestamp":1705073000695,"level":"debug","message":"Executing recipe chrome-pdf","meta":{"rootId":"wg3rrcp5u4llo3i","id":"wg3rrcp5u4llo3i"},"id":"3smbhpkkgjmcbu1","previousOperationId":"u6j25vo83zat50x"}
{"type":"log","timestamp":1705073003204,"level":"debug","message":"Converting with chrome HeadlessChrome/117.0.5938.149 using chrome-pool strategy","meta":{"rootId":"wg3rrcp5u4llo3i","id":"wg3rrcp5u4llo3i"},"id":"if6snw6nvi9orac","previousOperationId":"u6j25vo83zat50x"}
{"type":"log","timestamp":1705073004136,"level":"debug","message":"Page request: GET (document) file:///C:/Users/ratha/AppData/Local/Temp/jsreport/autocleanup/c24ed7bf-ba32-4dd4-a31e-b4166dba9eb6-chrome-pdf.html","meta":{"rootId":"wg3rrcp5u4llo3i","id":"wg3rrcp5u4llo3i"},"id":"nlww8uasrkbgs40","previousOperationId":"u6j25vo83zat50x"}
{"type":"log","timestamp":1705073004160,"level":"debug","message":"Page request finished: GET (document) 200 file:///C:/Users/ratha/AppData/Local/Temp/jsreport/autocleanup/c24ed7bf-ba32-4dd4-a31e-b4166dba9eb6-chrome-pdf.html","meta":{"rootId":"wg3rrcp5u4llo3i","id":"wg3rrcp5u4llo3i"},"id":"degxbptjv9ck4ac","previousOperationId":"u6j25vo83zat50x"}
{"type":"log","timestamp":1705073004179,"level":"debug","message":"Running chrome with params {\"printBackground\":true,\"timeout\":55846,\"margin\":{}}","meta":{"rootId":"wg3rrcp5u4llo3i","id":"wg3rrcp5u4llo3i"},"id":"zmgufhzb85sawou","previousOperationId":"u6j25vo83zat50x"}
{"type":"operationEnd","operationId":"u6j25vo83zat50x","timestamp":1705073004270,"id":"tk9yyk8fkdcwyq5","previousEventId":"7rjpyhhg5wtq8a3","previousOperationId":"u6j25vo83zat50x"}
{"type":"log","timestamp":1705073004272,"level":"debug","message":"Skipping storing report.","meta":{"rootId":"wg3rrcp5u4llo3i","id":"wg3rrcp5u4llo3i"},"id":"ysb07faitqk9shp","previousOperationId":"u6j25vo83zat50x"}
{"type":"log","timestamp":1705073004272,"level":"info","message":"Rendering request 6 finished in 5844 ms","meta":{"rootId":"wg3rrcp5u4llo3i","id":"wg3rrcp5u4llo3i"},"id":"xxycwpuwtq31l6p","previousOperationId":"u6j25vo83zat50x"}
{"type":"operationEnd","subtype":"render","operationId":"7uu97hdubxwymqf","timestamp":1705073004273,"id":"rjuocse0wj9dmc5","previousEventId":"tk9yyk8fkdcwyq5","previousOperationId":"u6j25vo83zat50x"}
{"type":"operationEnd","doDiffs":false,"previousEventId":"4er1gdruqqxk6a0","previousOperationId":"aauaiqx4h6fqwmr","operationId":"aauaiqx4h6fqwmr","timestamp":1705073004285,"id":"7rl5dj0vgr3fj18"}
