{"type":"operationStart","subtype":"profile","data":{"_id":"jNDub9bChYrk64EL","timestamp":"2024-01-15T18:11:31.533Z","state":"queued","mode":"standard","creationDate":"2024-01-15T18:11:31.535Z","modificationDate":"2024-01-15T18:11:31.535Z","shortid":"1nmwQur","$entitySet":"profiles"},"doDiffs":false,"timestamp":1705342291534,"id":"tffk25tn6v0w6zf","previousOperationId":null,"operationId":"gbl3swrrc8p44bd"}
{"type":"log","level":"info","message":"Render request 5 queued for execution and waiting for available worker","previousOperationId":"gbl3swrrc8p44bd","timestamp":1705342291535,"id":"bb5kd0lpg92n45o"}
{"type":"operationStart","subtype":"render","name":"reports-main","previousOperationId":"gbl3swrrc8p44bd","timestamp":1705342291547,"id":"pr8fqfbyfr0tam1","previousEventId":"tffk25tn6v0w6zf","operationId":"kegz5d90rlgoerz"}
{"type":"log","timestamp":1705342291547,"level":"info","message":"Starting rendering request 5","meta":{"rootId":"xgdjmmopyhn7s3v","id":"xgdjmmopyhn7s3v"},"id":"nt0kpj8lal2fo5p","previousOperationId":"kegz5d90rlgoerz"}
{"type":"log","timestamp":1705342291547,"level":"info","message":"Rendering template { name: reports-main, recipe: chrome-pdf, engine: handlebars, preview: true }","meta":{"rootId":"xgdjmmopyhn7s3v","id":"xgdjmmopyhn7s3v"},"id":"gfh9p5grcf3wjtd","previousOperationId":"kegz5d90rlgoerz"}
{"type":"log","timestamp":1705342291549,"level":"debug","message":"Data item not defined for this template.","meta":{"rootId":"xgdjmmopyhn7s3v","id":"xgdjmmopyhn7s3v"},"id":"1vxipb94z25pf5o","previousOperationId":"kegz5d90rlgoerz"}
{"type":"log","timestamp":1705342291552,"level":"debug","message":"Executing script reports-script (beforeRender)","meta":{"rootId":"xgdjmmopyhn7s3v","id":"xgdjmmopyhn7s3v"},"id":"q40n0vlzh4jdwqa","previousOperationId":"kegz5d90rlgoerz"}
{"type":"operationStart","subtype":"scriptsBeforeRender","name":"scripts beforeRender","timestamp":1705342291573,"id":"gs5ft8ncvwq12yo","previousEventId":"pr8fqfbyfr0tam1","operationId":"cgx76f2skht857m","previousOperationId":"kegz5d90rlgoerz"}
{"type":"operationStart","subtype":"script","name":"scripts reports-script","previousOperationId":"cgx76f2skht857m","timestamp":1705342291573,"id":"ifqcjbw1bofitgx","previousEventId":"gs5ft8ncvwq12yo","operationId":"uxndxclme0v7wuq"}
{"type":"log","timestamp":1705342291608,"level":"debug","message":"(console:log) [\n  {\n    id: 1,\n    number: 2,\n    firstStop: 'C',\n    lastStop: 'D',\n    createdAt: '2023-12-01T17:35:52.000Z',\n    updatedAt: '2023-12-12T20:01:36.000Z'\n  },\n  {\n    id: 2,\n    number: 66,\n    firstStop: 'TF',\n    lastStop: 'VG',\n    createdAt: '2023-12-01T19:20:40.000Z',\n    updatedAt: '2023-12-01T19:20:40.000Z'\n  },\n  {\n    id: 3,\n    number: 69,\n    firstStop: 'Si',\n    lastStop: 'No',\n    createdAt: '2023-12-04T17:13:35.000Z',\n    updatedAt: '2023-12-04T17:13:35.000Z'\n  },\n  {\n    id: 4,\n    number: 22,\n    firstStop: 'FG',\n    lastStop: 'DF',\n    createdAt: '2023-12-08T18:39:03.000Z',\n    updatedAt: '2023-12-08T18:39:03.000Z'\n  },\n  {\n    id: 5,\n    number: 1,\n    firstStop: 'A',\n    lastStop: 'B',\n    createdAt: '2023-12-12T19:54:23.000Z',\n    updatedAt: '2023-12-12T19:54:23.000Z'\n  }\n]","meta":{"userLevel":true,"rootId":"xgdjmmopyhn7s3v","id":"xgdjmmopyhn7s3v"},"id":"vvfjd7074bpv09t","previousOperationId":"uxndxclme0v7wuq"}
{"type":"log","timestamp":1705342291624,"level":"debug","message":"(console:log) [\n  {\n    id: 14,\n    Location: 'ss',\n    idLine: 1,\n    filename: 'image-1701457483207.jpg',\n    createdAt: '2023-12-01T19:04:43.000Z',\n    updatedAt: '2023-12-01T19:04:43.000Z'\n  },\n  {\n    id: 17,\n    Location: 'Si',\n    idLine: 1,\n    filename: 'image-1702411966104.jpg',\n    createdAt: '2023-12-12T20:12:46.000Z',\n    updatedAt: '2023-12-12T20:12:46.000Z'\n  }\n]","meta":{"userLevel":true,"rootId":"xgdjmmopyhn7s3v","id":"xgdjmmopyhn7s3v"},"id":"qegalwbdq54szrw","previousOperationId":"uxndxclme0v7wuq"}
{"type":"operationEnd","operationId":"uxndxclme0v7wuq","timestamp":1705342291625,"id":"3t2jb5ux54mhtii","previousEventId":"pr8fqfbyfr0tam1","previousOperationId":"kegz5d90rlgoerz"}
{"type":"operationEnd","operationId":"cgx76f2skht857m","timestamp":1705342291625,"id":"quag7ii4vfys06a","previousEventId":"3t2jb5ux54mhtii","previousOperationId":"kegz5d90rlgoerz"}
{"type":"log","timestamp":1705342291625,"level":"debug","message":"Base url not specified, skipping its injection.","meta":{"rootId":"xgdjmmopyhn7s3v","id":"xgdjmmopyhn7s3v"},"id":"ozvgae55ueyql1j","previousOperationId":"cgx76f2skht857m"}
{"type":"operationStart","subtype":"engine","name":"handlebars","timestamp":1705342291625,"id":"djb9gww7shmkvz3","previousEventId":"quag7ii4vfys06a","operationId":"2kzyy0lbx6p4swv","previousOperationId":"cgx76f2skht857m"}
{"type":"log","timestamp":1705342291625,"level":"debug","message":"Rendering engine handlebars","meta":{"rootId":"xgdjmmopyhn7s3v","id":"xgdjmmopyhn7s3v"},"id":"v3gxpj1t2jwqdd4","previousOperationId":"2kzyy0lbx6p4swv"}
{"type":"operationEnd","operationId":"2kzyy0lbx6p4swv","timestamp":1705342291660,"id":"uv4s6mvwh3dsdfq","previousEventId":"djb9gww7shmkvz3","previousOperationId":"2kzyy0lbx6p4swv"}
{"type":"operationStart","subtype":"recipe","name":"chrome-pdf","timestamp":1705342291660,"id":"n6tqvynmnsv2hng","previousEventId":"uv4s6mvwh3dsdfq","operationId":"f05l2q18jaw6tuy","previousOperationId":"2kzyy0lbx6p4swv"}
{"type":"log","timestamp":1705342291660,"level":"debug","message":"Executing recipe chrome-pdf","meta":{"rootId":"xgdjmmopyhn7s3v","id":"xgdjmmopyhn7s3v"},"id":"wwnhsjyqvjrd94z","previousOperationId":"f05l2q18jaw6tuy"}
{"type":"log","timestamp":1705342291663,"level":"debug","message":"Converting with chrome HeadlessChrome/117.0.5938.149 using chrome-pool strategy","meta":{"rootId":"xgdjmmopyhn7s3v","id":"xgdjmmopyhn7s3v"},"id":"3opm72h3fzkfjtm","previousOperationId":"f05l2q18jaw6tuy"}
{"type":"log","timestamp":1705342292621,"level":"debug","message":"Page request: GET (document) file:///C:/Users/ratha/AppData/Local/Temp/jsreport/autocleanup/3e06be95-7a6b-4ebb-adad-78c61490030b-chrome-pdf.html","meta":{"rootId":"xgdjmmopyhn7s3v","id":"xgdjmmopyhn7s3v"},"id":"jat7uz62pxuqgdu","previousOperationId":"f05l2q18jaw6tuy"}
{"type":"log","timestamp":1705342292770,"level":"debug","message":"Page request finished: GET (document) 200 file:///C:/Users/ratha/AppData/Local/Temp/jsreport/autocleanup/3e06be95-7a6b-4ebb-adad-78c61490030b-chrome-pdf.html","meta":{"rootId":"xgdjmmopyhn7s3v","id":"xgdjmmopyhn7s3v"},"id":"udge6qp1co3tz2a","previousOperationId":"f05l2q18jaw6tuy"}
{"type":"log","timestamp":1705342292799,"level":"warn","message":"Page error: \"undefined\" is not valid JSON\nJSON.parse (<anonymous>) , stack: SyntaxError: \"undefined\" is not valid JSON\nJSON.parse (<anonymous>)\n    at <anonymous> (file:///C:/Users/ratha/AppData/Local/Temp/jsreport/autocleanup/3e06be95-7a6b-4ebb-adad-78c61490030b-chrome-pdf.html:57:29)","meta":{"rootId":"xgdjmmopyhn7s3v","id":"xgdjmmopyhn7s3v"},"id":"mjcmgb9yy941ig2","previousOperationId":"f05l2q18jaw6tuy"}
{"type":"log","timestamp":1705342292856,"level":"debug","message":"Running chrome with params {\"printBackground\":true,\"timeout\":59871,\"margin\":{}}","meta":{"rootId":"xgdjmmopyhn7s3v","id":"xgdjmmopyhn7s3v"},"id":"98jusfatiygc90g","previousOperationId":"f05l2q18jaw6tuy"}
{"type":"operationEnd","operationId":"f05l2q18jaw6tuy","timestamp":1705342292992,"id":"yoqaezogac5k7ie","previousEventId":"n6tqvynmnsv2hng","previousOperationId":"f05l2q18jaw6tuy"}
{"type":"log","timestamp":1705342292992,"level":"debug","message":"Skipping storing report.","meta":{"rootId":"xgdjmmopyhn7s3v","id":"xgdjmmopyhn7s3v"},"id":"ggioy4zkc2xlzi7","previousOperationId":"f05l2q18jaw6tuy"}
{"type":"log","timestamp":1705342292992,"level":"info","message":"Rendering request 5 finished in 1459 ms","meta":{"rootId":"xgdjmmopyhn7s3v","id":"xgdjmmopyhn7s3v"},"id":"2durjb93ga5qx41","previousOperationId":"f05l2q18jaw6tuy"}
{"type":"operationEnd","subtype":"render","operationId":"kegz5d90rlgoerz","timestamp":1705342292992,"id":"ndyqxkfuljq4myd","previousEventId":"yoqaezogac5k7ie","previousOperationId":"f05l2q18jaw6tuy"}
{"type":"operationEnd","doDiffs":false,"previousEventId":"tffk25tn6v0w6zf","previousOperationId":"gbl3swrrc8p44bd","operationId":"gbl3swrrc8p44bd","timestamp":1705342292998,"id":"usnvjaftc6iw61w"}
