{"type":"operationStart","subtype":"profile","data":{"_id":"XuNOoZHfQUYJJrbw","timestamp":"2024-01-11T15:24:56.846Z","state":"queued","mode":"standard","creationDate":"2024-01-11T15:24:56.863Z","modificationDate":"2024-01-11T15:24:56.863Z","shortid":"kViZeyM","$entitySet":"profiles"},"doDiffs":false,"timestamp":1704986696861,"id":"3wljrdazm5iekcj","previousOperationId":null,"operationId":"snxqs3clbbebl5v"}
{"type":"log","level":"info","message":"Render request 10 queued for execution and waiting for available worker","previousOperationId":"snxqs3clbbebl5v","timestamp":1704986696861,"id":"e068gbcy3j4m7fm"}
{"type":"operationStart","subtype":"render","name":"reports-main","previousOperationId":"snxqs3clbbebl5v","timestamp":1704986696880,"id":"q41bfnmvfrsvcxv","previousEventId":"3wljrdazm5iekcj","operationId":"u8iwl44ifb4e4k5"}
{"type":"log","timestamp":1704986696880,"level":"info","message":"Starting rendering request 10","meta":{"rootId":"xs7o2gec1eua016","id":"xs7o2gec1eua016"},"id":"yoa9dw3x8ci8924","previousOperationId":"u8iwl44ifb4e4k5"}
{"type":"log","timestamp":1704986696881,"level":"info","message":"Rendering template { name: reports-main, recipe: chrome-pdf, engine: handlebars, preview: true }","meta":{"rootId":"xs7o2gec1eua016","id":"xs7o2gec1eua016"},"id":"dfax3wlnyac489p","previousOperationId":"u8iwl44ifb4e4k5"}
{"type":"log","timestamp":1704986696886,"level":"debug","message":"Inline data specified.","meta":{"rootId":"xs7o2gec1eua016","id":"xs7o2gec1eua016"},"id":"w5ol1cw0v7yjwyf","previousOperationId":"u8iwl44ifb4e4k5"}
{"type":"log","timestamp":1704986696891,"level":"debug","message":"Executing script reports-script (beforeRender)","meta":{"rootId":"xs7o2gec1eua016","id":"xs7o2gec1eua016"},"id":"2e2l06ak3nqfiw0","previousOperationId":"u8iwl44ifb4e4k5"}
{"type":"operationStart","subtype":"scriptsBeforeRender","name":"scripts beforeRender","timestamp":1704986696902,"id":"ww8jgt2vuon04se","previousEventId":"q41bfnmvfrsvcxv","operationId":"od9co28qngxe22s","previousOperationId":"u8iwl44ifb4e4k5"}
{"type":"operationStart","subtype":"script","name":"scripts reports-script","previousOperationId":"od9co28qngxe22s","timestamp":1704986696902,"id":"e12axswjjrbd4vs","previousEventId":"ww8jgt2vuon04se","operationId":"3eefv3bly4532lt"}
{"type":"log","timestamp":1704986696920,"level":"debug","message":"(console:log) undefined","meta":{"userLevel":true,"rootId":"xs7o2gec1eua016","id":"xs7o2gec1eua016"},"id":"br2d6s04gss2gdv","previousOperationId":"3eefv3bly4532lt"}
{"type":"operationEnd","operationId":"3eefv3bly4532lt","timestamp":1704986696921,"id":"lgzj2j3adnm7vtg","previousEventId":"q41bfnmvfrsvcxv","previousOperationId":"u8iwl44ifb4e4k5"}
{"type":"operationEnd","operationId":"od9co28qngxe22s","timestamp":1704986696921,"id":"ivm5m26y06mlzfe","previousEventId":"lgzj2j3adnm7vtg","previousOperationId":"u8iwl44ifb4e4k5"}
{"type":"log","timestamp":1704986696921,"level":"debug","message":"Base url not specified, skipping its injection.","meta":{"rootId":"xs7o2gec1eua016","id":"xs7o2gec1eua016"},"id":"0nmade912j4kxz2","previousOperationId":"od9co28qngxe22s"}
{"type":"operationStart","subtype":"engine","name":"handlebars","timestamp":1704986696922,"id":"pcgnaok87jpsicx","previousEventId":"ivm5m26y06mlzfe","operationId":"pvfx84py83rj0g5","previousOperationId":"od9co28qngxe22s"}
{"type":"log","timestamp":1704986696922,"level":"debug","message":"Rendering engine handlebars","meta":{"rootId":"xs7o2gec1eua016","id":"xs7o2gec1eua016"},"id":"3wvwwy0hco1338m","previousOperationId":"pvfx84py83rj0g5"}
{"type":"operationEnd","operationId":"pvfx84py83rj0g5","timestamp":1704986696945,"id":"6ozpwhuy9denu84","previousEventId":"pcgnaok87jpsicx","previousOperationId":"pvfx84py83rj0g5"}
{"type":"operationStart","subtype":"recipe","name":"chrome-pdf","timestamp":1704986696945,"id":"x07xj1j6m6gpmfe","previousEventId":"6ozpwhuy9denu84","operationId":"mezzvolrcdz6ym6","previousOperationId":"pvfx84py83rj0g5"}
{"type":"log","timestamp":1704986696945,"level":"debug","message":"Executing recipe chrome-pdf","meta":{"rootId":"xs7o2gec1eua016","id":"xs7o2gec1eua016"},"id":"mi7ynlmmsuph9h7","previousOperationId":"mezzvolrcdz6ym6"}
{"type":"log","timestamp":1704986696950,"level":"debug","message":"Converting with chrome HeadlessChrome/117.0.5938.149 using chrome-pool strategy","meta":{"rootId":"xs7o2gec1eua016","id":"xs7o2gec1eua016"},"id":"66tx4uuqhmw1pca","previousOperationId":"mezzvolrcdz6ym6"}
{"type":"log","timestamp":1704986697120,"level":"debug","message":"Page request: GET (document) file:///C:/Users/ratha/AppData/Local/Temp/jsreport/autocleanup/e5d0e371-f7af-4a98-8faa-5515e399eb54-chrome-pdf.html","meta":{"rootId":"xs7o2gec1eua016","id":"xs7o2gec1eua016"},"id":"12y93doxg9g5ozr","previousOperationId":"mezzvolrcdz6ym6"}
{"type":"log","timestamp":1704986697135,"level":"debug","message":"Page request finished: GET (document) 200 file:///C:/Users/ratha/AppData/Local/Temp/jsreport/autocleanup/e5d0e371-f7af-4a98-8faa-5515e399eb54-chrome-pdf.html","meta":{"rootId":"xs7o2gec1eua016","id":"xs7o2gec1eua016"},"id":"65qu4h2vlrcwj6v","previousOperationId":"mezzvolrcdz6ym6"}
{"type":"log","timestamp":1704986697149,"level":"debug","message":"Running chrome with params {\"printBackground\":true,\"timeout\":59899,\"margin\":{}}","meta":{"rootId":"xs7o2gec1eua016","id":"xs7o2gec1eua016"},"id":"9sg1bzhvjflx5uf","previousOperationId":"mezzvolrcdz6ym6"}
{"type":"operationEnd","operationId":"mezzvolrcdz6ym6","timestamp":1704986697186,"id":"qdk0mqc1jl42ae7","previousEventId":"x07xj1j6m6gpmfe","previousOperationId":"mezzvolrcdz6ym6"}
{"type":"log","timestamp":1704986697187,"level":"debug","message":"Skipping storing report.","meta":{"rootId":"xs7o2gec1eua016","id":"xs7o2gec1eua016"},"id":"tktk80w8w8bu86r","previousOperationId":"mezzvolrcdz6ym6"}
{"type":"log","timestamp":1704986697187,"level":"info","message":"Rendering request 10 finished in 341 ms","meta":{"rootId":"xs7o2gec1eua016","id":"xs7o2gec1eua016"},"id":"impqej49oesosm2","previousOperationId":"mezzvolrcdz6ym6"}
{"type":"operationEnd","subtype":"render","operationId":"u8iwl44ifb4e4k5","timestamp":1704986697187,"id":"jn2cttxdal7d4qf","previousEventId":"qdk0mqc1jl42ae7","previousOperationId":"mezzvolrcdz6ym6"}
{"type":"operationEnd","doDiffs":false,"previousEventId":"3wljrdazm5iekcj","previousOperationId":"snxqs3clbbebl5v","operationId":"snxqs3clbbebl5v","timestamp":1704986697194,"id":"4ok9fd3829mk1fl"}
