{"type":"operationStart","subtype":"profile","data":{"_id":"Ws67FUw14KOfLJq8","timestamp":"2024-01-12T15:34:49.671Z","state":"queued","mode":"standard","creationDate":"2024-01-12T15:34:49.675Z","modificationDate":"2024-01-12T15:34:49.675Z","shortid":"o-FmpWq","$entitySet":"profiles"},"doDiffs":false,"timestamp":1705073689674,"id":"joc17kil0klypuh","previousOperationId":null,"operationId":"e85u3flb2yrtrr6"}
{"type":"log","level":"info","message":"Render request 14 queued for execution and waiting for available worker","previousOperationId":"e85u3flb2yrtrr6","timestamp":1705073689674,"id":"wo8hagz166ch41k"}
{"type":"operationStart","subtype":"render","name":"reports-main","previousOperationId":"e85u3flb2yrtrr6","timestamp":1705073689716,"id":"p7ur3tsqkc4k3m6","previousEventId":"joc17kil0klypuh","operationId":"85nt9xegrhcny5b"}
{"type":"log","timestamp":1705073689721,"level":"info","message":"Starting rendering request 14","meta":{"rootId":"xzqy69wl4vvf9h9","id":"xzqy69wl4vvf9h9"},"id":"kdt7182zmv8tyek","previousOperationId":"85nt9xegrhcny5b"}
{"type":"log","timestamp":1705073689723,"level":"info","message":"Rendering template { name: reports-main, recipe: chrome-pdf, engine: handlebars, preview: true }","meta":{"rootId":"xzqy69wl4vvf9h9","id":"xzqy69wl4vvf9h9"},"id":"y5ih9orbo4i3f55","previousOperationId":"85nt9xegrhcny5b"}
{"type":"log","timestamp":1705073689735,"level":"debug","message":"Data item not defined for this template.","meta":{"rootId":"xzqy69wl4vvf9h9","id":"xzqy69wl4vvf9h9"},"id":"26crs1h3kztwdaa","previousOperationId":"85nt9xegrhcny5b"}
{"type":"log","timestamp":1705073689741,"level":"debug","message":"Executing script reports-script (beforeRender)","meta":{"rootId":"xzqy69wl4vvf9h9","id":"xzqy69wl4vvf9h9"},"id":"ss3few483hf0pu2","previousOperationId":"85nt9xegrhcny5b"}
{"type":"operationStart","subtype":"scriptsBeforeRender","name":"scripts beforeRender","timestamp":1705073690491,"id":"2uysp16ldz28wxi","previousEventId":"p7ur3tsqkc4k3m6","operationId":"o2hbv6iwxe4r4ax","previousOperationId":"85nt9xegrhcny5b"}
{"type":"operationStart","subtype":"script","name":"scripts reports-script","previousOperationId":"o2hbv6iwxe4r4ax","timestamp":1705073690491,"id":"ktsc89v8u7nmlti","previousEventId":"2uysp16ldz28wxi","operationId":"tz92zzc3gwyuv4s"}
{"type":"log","timestamp":1705073690581,"level":"debug","message":"(console:log) [\n  {\n    id: 1,\n    number: 2,\n    firstStop: 'C',\n    lastStop: 'D',\n    createdAt: '2023-12-01T17:35:52.000Z',\n    updatedAt: '2023-12-12T20:01:36.000Z'\n  },\n  {\n    id: 2,\n    number: 66,\n    firstStop: 'TF',\n    lastStop: 'VG',\n    createdAt: '2023-12-01T19:20:40.000Z',\n    updatedAt: '2023-12-01T19:20:40.000Z'\n  },\n  {\n    id: 3,\n    number: 69,\n    firstStop: 'Si',\n    lastStop: 'No',\n    createdAt: '2023-12-04T17:13:35.000Z',\n    updatedAt: '2023-12-04T17:13:35.000Z'\n  },\n  {\n    id: 4,\n    number: 22,\n    firstStop: 'FG',\n    lastStop: 'DF',\n    createdAt: '2023-12-08T18:39:03.000Z',\n    updatedAt: '2023-12-08T18:39:03.000Z'\n  },\n  {\n    id: 5,\n    number: 1,\n    firstStop: 'A',\n    lastStop: 'B',\n    createdAt: '2023-12-12T19:54:23.000Z',\n    updatedAt: '2023-12-12T19:54:23.000Z'\n  }\n]","meta":{"userLevel":true,"rootId":"xzqy69wl4vvf9h9","id":"xzqy69wl4vvf9h9"},"id":"pefcn14pehc3woj","previousOperationId":"tz92zzc3gwyuv4s"}
{"type":"log","timestamp":1705073690618,"level":"debug","message":"(console:log) [\n  {\n    id: 14,\n    Location: 'ss',\n    idLine: 1,\n    filename: 'image-1701457483207.jpg',\n    createdAt: '2023-12-01T19:04:43.000Z',\n    updatedAt: '2023-12-01T19:04:43.000Z'\n  },\n  {\n    id: 17,\n    Location: 'Si',\n    idLine: 1,\n    filename: 'image-1702411966104.jpg',\n    createdAt: '2023-12-12T20:12:46.000Z',\n    updatedAt: '2023-12-12T20:12:46.000Z'\n  }\n]","meta":{"userLevel":true,"rootId":"xzqy69wl4vvf9h9","id":"xzqy69wl4vvf9h9"},"id":"6s46kwqnouzmxh2","previousOperationId":"tz92zzc3gwyuv4s"}
{"type":"operationEnd","operationId":"tz92zzc3gwyuv4s","timestamp":1705073690621,"id":"unpuerbzw3xt50x","previousEventId":"p7ur3tsqkc4k3m6","previousOperationId":"85nt9xegrhcny5b"}
{"type":"operationEnd","operationId":"o2hbv6iwxe4r4ax","timestamp":1705073690621,"id":"fjn53dldhql0mj7","previousEventId":"unpuerbzw3xt50x","previousOperationId":"85nt9xegrhcny5b"}
{"type":"log","timestamp":1705073690621,"level":"debug","message":"Base url not specified, skipping its injection.","meta":{"rootId":"xzqy69wl4vvf9h9","id":"xzqy69wl4vvf9h9"},"id":"i4izkx1e28i7bla","previousOperationId":"o2hbv6iwxe4r4ax"}
{"type":"operationStart","subtype":"engine","name":"handlebars","timestamp":1705073690623,"id":"objn2dypab9qknz","previousEventId":"fjn53dldhql0mj7","operationId":"bjesrfd9twqr2cn","previousOperationId":"o2hbv6iwxe4r4ax"}
{"type":"log","timestamp":1705073690623,"level":"debug","message":"Rendering engine handlebars","meta":{"rootId":"xzqy69wl4vvf9h9","id":"xzqy69wl4vvf9h9"},"id":"z0s91pfeek02tkn","previousOperationId":"bjesrfd9twqr2cn"}
{"type":"operationEnd","operationId":"bjesrfd9twqr2cn","timestamp":1705073691378,"id":"fqrueaoa3jz3ck3","previousEventId":"objn2dypab9qknz","previousOperationId":"bjesrfd9twqr2cn"}
{"type":"operationStart","subtype":"recipe","name":"chrome-pdf","timestamp":1705073691380,"id":"ihcvkrkf6pm24z7","previousEventId":"fqrueaoa3jz3ck3","operationId":"db9u5nd8992fx1r","previousOperationId":"bjesrfd9twqr2cn"}
{"type":"log","timestamp":1705073691380,"level":"debug","message":"Executing recipe chrome-pdf","meta":{"rootId":"xzqy69wl4vvf9h9","id":"xzqy69wl4vvf9h9"},"id":"yxyltohjerym44c","previousOperationId":"db9u5nd8992fx1r"}
{"type":"log","timestamp":1705073692900,"level":"debug","message":"Converting with chrome HeadlessChrome/117.0.5938.149 using chrome-pool strategy","meta":{"rootId":"xzqy69wl4vvf9h9","id":"xzqy69wl4vvf9h9"},"id":"gkpn5q7zzinlhb0","previousOperationId":"db9u5nd8992fx1r"}
{"type":"log","timestamp":1705073693182,"level":"debug","message":"Page request: GET (document) file:///C:/Users/ratha/AppData/Local/Temp/jsreport/autocleanup/124ca4f1-e7f0-4c96-aef4-784790a3eb92-chrome-pdf.html","meta":{"rootId":"xzqy69wl4vvf9h9","id":"xzqy69wl4vvf9h9"},"id":"fdadwqu5dk1wg28","previousOperationId":"db9u5nd8992fx1r"}
{"type":"log","timestamp":1705073693203,"level":"debug","message":"Page request finished: GET (document) 200 file:///C:/Users/ratha/AppData/Local/Temp/jsreport/autocleanup/124ca4f1-e7f0-4c96-aef4-784790a3eb92-chrome-pdf.html","meta":{"rootId":"xzqy69wl4vvf9h9","id":"xzqy69wl4vvf9h9"},"id":"i51z96x18m77no7","previousOperationId":"db9u5nd8992fx1r"}
{"type":"log","timestamp":1705073693218,"level":"debug","message":"Running chrome with params {\"printBackground\":true,\"timeout\":57190,\"margin\":{}}","meta":{"rootId":"xzqy69wl4vvf9h9","id":"xzqy69wl4vvf9h9"},"id":"ufafybvl7eq9di4","previousOperationId":"db9u5nd8992fx1r"}
{"type":"operationEnd","operationId":"db9u5nd8992fx1r","timestamp":1705073693297,"id":"46lpfe9qp2hfmgq","previousEventId":"ihcvkrkf6pm24z7","previousOperationId":"db9u5nd8992fx1r"}
{"type":"log","timestamp":1705073693299,"level":"debug","message":"Skipping storing report.","meta":{"rootId":"xzqy69wl4vvf9h9","id":"xzqy69wl4vvf9h9"},"id":"vjh8afb53w6gv2o","previousOperationId":"db9u5nd8992fx1r"}
{"type":"log","timestamp":1705073693300,"level":"info","message":"Rendering request 14 finished in 3629 ms","meta":{"rootId":"xzqy69wl4vvf9h9","id":"xzqy69wl4vvf9h9"},"id":"0n5bjd8bzez3oa9","previousOperationId":"db9u5nd8992fx1r"}
{"type":"operationEnd","subtype":"render","operationId":"85nt9xegrhcny5b","timestamp":1705073693300,"id":"jre77b0nzm43ssd","previousEventId":"46lpfe9qp2hfmgq","previousOperationId":"db9u5nd8992fx1r"}
{"type":"operationEnd","doDiffs":false,"previousEventId":"joc17kil0klypuh","previousOperationId":"e85u3flb2yrtrr6","operationId":"e85u3flb2yrtrr6","timestamp":1705073693310,"id":"phli8m9nfx9isze"}
