{"type":"operationStart","subtype":"profile","data":{"_id":"8pMBorwJOMhXdM0N","timestamp":"2024-01-15T18:04:14.794Z","state":"queued","mode":"standard","creationDate":"2024-01-15T18:04:14.798Z","modificationDate":"2024-01-15T18:04:14.798Z","shortid":"fDc2Aux","$entitySet":"profiles"},"doDiffs":false,"timestamp":1705341854796,"id":"nos3cn7jt5ma9aa","previousOperationId":null,"operationId":"qmkfg05oyyrjm35"}
{"type":"log","level":"info","message":"Render request 1 queued for execution and waiting for available worker","previousOperationId":"qmkfg05oyyrjm35","timestamp":1705341854797,"id":"6w2ryflalagsy4j"}
{"type":"operationStart","subtype":"render","name":"orders-main","previousOperationId":"qmkfg05oyyrjm35","timestamp":1705341854833,"id":"ylrprebg64ltu5i","previousEventId":"nos3cn7jt5ma9aa","operationId":"dyzkp9r9ochmq66"}
{"type":"log","timestamp":1705341854833,"level":"info","message":"Starting rendering request 1","meta":{"rootId":"09chopqanqbcjz8","id":"09chopqanqbcjz8"},"id":"n8ea4cr9mkknkf9","previousOperationId":"dyzkp9r9ochmq66"}
{"type":"log","timestamp":1705341854834,"level":"info","message":"Rendering template { name: orders-main, recipe: chrome-pdf, engine: handlebars, preview: true }","meta":{"rootId":"09chopqanqbcjz8","id":"09chopqanqbcjz8"},"id":"lugk8dh795bjk8a","previousOperationId":"dyzkp9r9ochmq66"}
{"type":"log","timestamp":1705341854837,"level":"debug","message":"Data item not defined for this template.","meta":{"rootId":"09chopqanqbcjz8","id":"09chopqanqbcjz8"},"id":"81guvvc9hf2wf8q","previousOperationId":"dyzkp9r9ochmq66"}
{"type":"log","timestamp":1705341854844,"level":"debug","message":"Executing script orders-script (beforeRender)","meta":{"rootId":"09chopqanqbcjz8","id":"09chopqanqbcjz8"},"id":"vedyv7ddxx8zzf7","previousOperationId":"dyzkp9r9ochmq66"}
{"type":"operationStart","subtype":"scriptsBeforeRender","name":"scripts beforeRender","timestamp":1705341855150,"id":"39k4s5ofemcfqwx","previousEventId":"ylrprebg64ltu5i","operationId":"57cpc1bj82ltd67","previousOperationId":"dyzkp9r9ochmq66"}
{"type":"operationStart","subtype":"script","name":"scripts orders-script","previousOperationId":"57cpc1bj82ltd67","timestamp":1705341855150,"id":"htlye2rep4cte73","previousEventId":"39k4s5ofemcfqwx","operationId":"fqzlgyhqx4tcmtn"}
{"type":"operationEnd","operationId":"fqzlgyhqx4tcmtn","timestamp":1705341857246,"id":"a26q2536zh7bwxt","previousEventId":"ylrprebg64ltu5i","previousOperationId":"dyzkp9r9ochmq66"}
{"type":"operationEnd","operationId":"57cpc1bj82ltd67","timestamp":1705341857246,"id":"tt0qq8pvliljecz","previousEventId":"a26q2536zh7bwxt","previousOperationId":"dyzkp9r9ochmq66"}
{"type":"log","timestamp":1705341857246,"level":"debug","message":"Base url not specified, skipping its injection.","meta":{"rootId":"09chopqanqbcjz8","id":"09chopqanqbcjz8"},"id":"07lhi8bm4a310x0","previousOperationId":"57cpc1bj82ltd67"}
{"type":"operationStart","subtype":"engine","name":"handlebars","timestamp":1705341857246,"id":"h7feglwgh7cdrar","previousEventId":"tt0qq8pvliljecz","operationId":"uy0yyxwzuufptpp","previousOperationId":"57cpc1bj82ltd67"}
{"type":"log","timestamp":1705341857246,"level":"debug","message":"Rendering engine handlebars","meta":{"rootId":"09chopqanqbcjz8","id":"09chopqanqbcjz8"},"id":"hm9tfrwzr8snusa","previousOperationId":"uy0yyxwzuufptpp"}
{"type":"log","timestamp":1705341857571,"level":"debug","message":"(console:log) Pdf utils adding group field, value: \"France\"","meta":{"userLevel":true,"rootId":"09chopqanqbcjz8","id":"09chopqanqbcjz8"},"id":"3jxn4b1wctdt3jc","previousOperationId":"uy0yyxwzuufptpp"}
{"type":"log","timestamp":1705341857572,"level":"debug","message":"(console:log) Pdf utils adding group field, value: \"Germany\"","meta":{"userLevel":true,"rootId":"09chopqanqbcjz8","id":"09chopqanqbcjz8"},"id":"hlcjvueeym0p6cg","previousOperationId":"uy0yyxwzuufptpp"}
{"type":"operationEnd","operationId":"uy0yyxwzuufptpp","timestamp":1705341857572,"id":"q8zuva6762xoe53","previousEventId":"h7feglwgh7cdrar","previousOperationId":"uy0yyxwzuufptpp"}
{"type":"operationStart","subtype":"recipe","name":"chrome-pdf","timestamp":1705341857574,"id":"4gihgwg41unh7ri","previousEventId":"q8zuva6762xoe53","operationId":"qth3nclgapvz1if","previousOperationId":"uy0yyxwzuufptpp"}
{"type":"log","timestamp":1705341857574,"level":"debug","message":"Executing recipe chrome-pdf","meta":{"rootId":"09chopqanqbcjz8","id":"09chopqanqbcjz8"},"id":"b82fatmzir0ftlz","previousOperationId":"qth3nclgapvz1if"}
{"type":"log","timestamp":1705341858357,"level":"debug","message":"Converting with chrome HeadlessChrome/117.0.5938.149 using chrome-pool strategy","meta":{"rootId":"09chopqanqbcjz8","id":"09chopqanqbcjz8"},"id":"w5k0c2dtbjte4s2","previousOperationId":"qth3nclgapvz1if"}
{"type":"log","timestamp":1705341858537,"level":"debug","message":"Page request: GET (document) file:///C:/Users/ratha/AppData/Local/Temp/jsreport/autocleanup/004bf1f9-5b56-495e-acaa-ca5753b81b96-chrome-pdf.html","meta":{"rootId":"09chopqanqbcjz8","id":"09chopqanqbcjz8"},"id":"0kjap8x4khrrjmc","previousOperationId":"qth3nclgapvz1if"}
{"type":"log","timestamp":1705341858553,"level":"debug","message":"Page request: GET (stylesheet) https://cdnjs.cloudflare.com/ajax/libs/metro/4.1.5/css/metro.min.css","meta":{"rootId":"09chopqanqbcjz8","id":"09chopqanqbcjz8"},"id":"0sxfj6vk8z6qf93","previousOperationId":"qth3nclgapvz1if"}
{"type":"log","timestamp":1705341858553,"level":"debug","message":"Page request: GET (script) https://cdnjs.cloudflare.com/ajax/libs/Chart.js/2.7.2/Chart.min.js","meta":{"rootId":"09chopqanqbcjz8","id":"09chopqanqbcjz8"},"id":"23l57dd0e0g5wwn","previousOperationId":"qth3nclgapvz1if"}
{"type":"log","timestamp":1705341858554,"level":"debug","message":"Page request finished: GET (document) 200 file:///C:/Users/ratha/AppData/Local/Temp/jsreport/autocleanup/004bf1f9-5b56-495e-acaa-ca5753b81b96-chrome-pdf.html","meta":{"rootId":"09chopqanqbcjz8","id":"09chopqanqbcjz8"},"id":"mmrsafls4en67o9","previousOperationId":"qth3nclgapvz1if"}
{"type":"log","timestamp":1705341858801,"level":"debug","message":"Page request finished: GET (stylesheet) 200 https://cdnjs.cloudflare.com/ajax/libs/metro/4.1.5/css/metro.min.css","meta":{"rootId":"09chopqanqbcjz8","id":"09chopqanqbcjz8"},"id":"0nh8vli25ahaw7s","previousOperationId":"qth3nclgapvz1if"}
{"type":"log","timestamp":1705341858802,"level":"debug","message":"Page request finished: GET (script) 200 https://cdnjs.cloudflare.com/ajax/libs/Chart.js/2.7.2/Chart.min.js","meta":{"rootId":"09chopqanqbcjz8","id":"09chopqanqbcjz8"},"id":"bsolshop6x3zswl","previousOperationId":"qth3nclgapvz1if"}
{"type":"log","timestamp":1705341858890,"level":"debug","message":"Running chrome with params {\"printBackground\":true,\"marginTop\":\"4cm\",\"marginRight\":\"1.5cm\",\"marginBottom\":\"1.5cm\",\"marginLeft\":\"1.5cm\",\"waitForJS\":false,\"timeout\":56698,\"margin\":{\"top\":\"4cm\",\"right\":\"1.5cm\",\"bottom\":\"1.5cm\",\"left\":\"1.5cm\"}}","meta":{"rootId":"09chopqanqbcjz8","id":"09chopqanqbcjz8"},"id":"2rilzdxoqrbu52g","previousOperationId":"qth3nclgapvz1if"}
{"type":"operationEnd","operationId":"qth3nclgapvz1if","timestamp":1705341859079,"id":"xfdpkxr6ig9xkol","previousEventId":"4gihgwg41unh7ri","previousOperationId":"qth3nclgapvz1if"}
{"type":"log","timestamp":1705341859079,"level":"info","message":"pdf-utils is starting pdf processing","meta":{"rootId":"09chopqanqbcjz8","id":"09chopqanqbcjz8"},"id":"fifkw5ysvhpvzj0","previousOperationId":"qth3nclgapvz1if"}
{"type":"operationStart","subtype":"pdfUtils","name":"pdf utils","timestamp":1705341859328,"id":"owvs4ya2d95hb98","previousEventId":"xfdpkxr6ig9xkol","operationId":"1o3vbttkcyf65ux","previousOperationId":"qth3nclgapvz1if"}
{"type":"log","timestamp":1705341859329,"level":"debug","message":"pdf-utils detected 1 pdf operation(s) to process","meta":{"rootId":"09chopqanqbcjz8","id":"09chopqanqbcjz8"},"id":"2xprrkjz6zz41v8","previousOperationId":"1o3vbttkcyf65ux"}
{"type":"log","timestamp":1705341859607,"level":"debug","message":"pdf-utils running pdf operation merge","meta":{"rootId":"09chopqanqbcjz8","id":"09chopqanqbcjz8"},"id":"mu7mh2ecmefa13x","previousOperationId":"1o3vbttkcyf65ux"}
{"type":"operationStart","subtype":"pdfUtilsMerge","name":"pdf utils merge","previousOperationId":"1o3vbttkcyf65ux","timestamp":1705341859607,"id":"0lufcfvdsexoydt","previousEventId":"owvs4ya2d95hb98","operationId":"3tuek4su4tsagqq"}
{"type":"operationStart","subtype":"render","name":"orders-header","previousOperationId":"3tuek4su4tsagqq","timestamp":1705341859609,"id":"7kffms95h1x6otk","previousEventId":"0lufcfvdsexoydt","operationId":"9goc8oai1hc44wv"}
{"type":"log","timestamp":1705341859609,"level":"info","message":"Starting rendering (child) request","meta":{"rootId":"09chopqanqbcjz8","id":"1n4q7nkuk21lgkn"},"id":"idzfmf33t5466kv","previousOperationId":"9goc8oai1hc44wv"}
{"type":"log","timestamp":1705341859609,"level":"info","message":"Rendering template { name: orders-header, recipe: chrome-pdf, engine: handlebars, preview: true }","meta":{"rootId":"09chopqanqbcjz8","id":"1n4q7nkuk21lgkn"},"id":"4xmq8zrtu6otgyo","previousOperationId":"9goc8oai1hc44wv"}
{"type":"log","timestamp":1705341859619,"level":"debug","message":"Inline data specified.","meta":{"rootId":"09chopqanqbcjz8","id":"1n4q7nkuk21lgkn"},"id":"2gwwa7wrr86ggcc","previousOperationId":"9goc8oai1hc44wv"}
{"type":"log","timestamp":1705341859627,"level":"debug","message":"Base url not specified, skipping its injection.","meta":{"rootId":"09chopqanqbcjz8","id":"1n4q7nkuk21lgkn"},"id":"woij4b8gq13qvn1","previousOperationId":"9goc8oai1hc44wv"}
{"type":"operationStart","subtype":"engine","name":"handlebars","timestamp":1705341859627,"id":"nkic4mdxs2lv008","previousEventId":"7kffms95h1x6otk","operationId":"x4l0idl0vzsd5mx","previousOperationId":"9goc8oai1hc44wv"}
{"type":"log","timestamp":1705341859627,"level":"debug","message":"Rendering engine handlebars","meta":{"rootId":"09chopqanqbcjz8","id":"1n4q7nkuk21lgkn"},"id":"wv5e3x8uwgb9b9u","previousOperationId":"x4l0idl0vzsd5mx"}
{"type":"operationEnd","operationId":"x4l0idl0vzsd5mx","timestamp":1705341859679,"id":"6vd4k5sjcibwh46","previousEventId":"nkic4mdxs2lv008","previousOperationId":"x4l0idl0vzsd5mx"}
{"type":"operationStart","subtype":"recipe","name":"chrome-pdf","timestamp":1705341859680,"id":"771cda3vdkiauh2","previousEventId":"6vd4k5sjcibwh46","operationId":"tgbvnwo2jkbh3yc","previousOperationId":"x4l0idl0vzsd5mx"}
{"type":"log","timestamp":1705341859680,"level":"debug","message":"Executing recipe chrome-pdf","meta":{"rootId":"09chopqanqbcjz8","id":"1n4q7nkuk21lgkn"},"id":"ruejyhkfs4ls443","previousOperationId":"tgbvnwo2jkbh3yc"}
{"type":"log","timestamp":1705341859682,"level":"debug","message":"Converting with chrome HeadlessChrome/117.0.5938.149 using chrome-pool strategy","meta":{"rootId":"09chopqanqbcjz8","id":"1n4q7nkuk21lgkn"},"id":"2aq63571zu6wmaj","previousOperationId":"tgbvnwo2jkbh3yc"}
{"type":"log","timestamp":1705341859807,"level":"debug","message":"Page request: GET (document) file:///C:/Users/ratha/AppData/Local/Temp/jsreport/autocleanup/fa20e5e6-abb1-4e4f-9a74-d92305278859-chrome-pdf.html","meta":{"rootId":"09chopqanqbcjz8","id":"1n4q7nkuk21lgkn"},"id":"sgfes3mqyf234kb","previousOperationId":"tgbvnwo2jkbh3yc"}
{"type":"log","timestamp":1705341859818,"level":"debug","message":"Page request: GET (stylesheet) https://cdnjs.cloudflare.com/ajax/libs/metro/4.1.5/css/metro.min.css","meta":{"rootId":"09chopqanqbcjz8","id":"1n4q7nkuk21lgkn"},"id":"klrtudj59hy4qdp","previousOperationId":"tgbvnwo2jkbh3yc"}
{"type":"log","timestamp":1705341859819,"level":"debug","message":"Page request finished: GET (document) 200 file:///C:/Users/ratha/AppData/Local/Temp/jsreport/autocleanup/fa20e5e6-abb1-4e4f-9a74-d92305278859-chrome-pdf.html","meta":{"rootId":"09chopqanqbcjz8","id":"1n4q7nkuk21lgkn"},"id":"e715arus67egr3b","previousOperationId":"tgbvnwo2jkbh3yc"}
{"type":"log","timestamp":1705341859842,"level":"debug","message":"Page request finished: GET (stylesheet) 200 https://cdnjs.cloudflare.com/ajax/libs/metro/4.1.5/css/metro.min.css","meta":{"rootId":"09chopqanqbcjz8","id":"1n4q7nkuk21lgkn"},"id":"jkz9kfbcv6nnndr","previousOperationId":"tgbvnwo2jkbh3yc"}
{"type":"log","timestamp":1705341859862,"level":"debug","message":"Running chrome with params {\"printBackground\":true,\"marginTop\":\"1.5cm\",\"marginRight\":\"1.5cm\",\"marginLeft\":\"1.cm\",\"timeout\":55113,\"margin\":{\"top\":\"1.5cm\",\"right\":\"1.5cm\",\"left\":\"1.cm\"}}","meta":{"rootId":"09chopqanqbcjz8","id":"1n4q7nkuk21lgkn"},"id":"f2ke0tiu2a20cza","previousOperationId":"tgbvnwo2jkbh3yc"}
{"type":"operationEnd","operationId":"tgbvnwo2jkbh3yc","timestamp":1705341859910,"id":"m3h7ws0nyujr6f9","previousEventId":"771cda3vdkiauh2","previousOperationId":"tgbvnwo2jkbh3yc"}
{"type":"log","timestamp":1705341859910,"level":"debug","message":"Skipping storing report.","meta":{"rootId":"09chopqanqbcjz8","id":"1n4q7nkuk21lgkn"},"id":"v7lqxgf1yow6bom","previousOperationId":"tgbvnwo2jkbh3yc"}
{"type":"log","timestamp":1705341859910,"level":"info","message":"Rendering (child) request finished in 5116 ms","meta":{"rootId":"09chopqanqbcjz8","id":"1n4q7nkuk21lgkn"},"id":"oylj3h9e1ptsc4k","previousOperationId":"tgbvnwo2jkbh3yc"}
{"type":"operationEnd","subtype":"render","operationId":"9goc8oai1hc44wv","timestamp":1705341859911,"id":"p4jtz7m6fmd5aou","previousEventId":"m3h7ws0nyujr6f9","previousOperationId":"tgbvnwo2jkbh3yc"}
{"type":"operationEnd","operationId":"3tuek4su4tsagqq","timestamp":1705341859945,"id":"rw5dcwpprr1rdb9","previousEventId":"0lufcfvdsexoydt","previousOperationId":"3tuek4su4tsagqq"}
{"type":"log","timestamp":1705341859945,"level":"debug","message":"pdf-utils postproces start","meta":{"rootId":"09chopqanqbcjz8","id":"09chopqanqbcjz8"},"id":"gzuepzk054xoy1c","previousOperationId":"3tuek4su4tsagqq"}
{"type":"log","timestamp":1705341859969,"level":"debug","message":"pdf-utils postproces end","meta":{"rootId":"09chopqanqbcjz8","id":"09chopqanqbcjz8"},"id":"8hr1adnf4bwp6hx","previousOperationId":"3tuek4su4tsagqq"}
{"type":"operationEnd","operationId":"1o3vbttkcyf65ux","timestamp":1705341859969,"id":"su92xvjvchudglw","previousEventId":"rw5dcwpprr1rdb9","previousOperationId":"3tuek4su4tsagqq"}
{"type":"log","timestamp":1705341859969,"level":"info","message":"pdf-utils pdf processing was finished","meta":{"rootId":"09chopqanqbcjz8","id":"09chopqanqbcjz8"},"id":"nlwnhu47af87461","previousOperationId":"1o3vbttkcyf65ux"}
{"type":"log","timestamp":1705341859969,"level":"debug","message":"Skipping storing report.","meta":{"rootId":"09chopqanqbcjz8","id":"09chopqanqbcjz8"},"id":"jq7faqa9bxm3wic","previousOperationId":"1o3vbttkcyf65ux"}
{"type":"log","timestamp":1705341859969,"level":"info","message":"Rendering request 1 finished in 5175 ms","meta":{"rootId":"09chopqanqbcjz8","id":"09chopqanqbcjz8"},"id":"if1bhsiadnhzwc8","previousOperationId":"1o3vbttkcyf65ux"}
{"type":"operationEnd","subtype":"render","operationId":"dyzkp9r9ochmq66","timestamp":1705341859970,"id":"tv2hgd9ylu6klw7","previousEventId":"su92xvjvchudglw","previousOperationId":"1o3vbttkcyf65ux"}
{"type":"operationEnd","doDiffs":false,"previousEventId":"nos3cn7jt5ma9aa","previousOperationId":"qmkfg05oyyrjm35","operationId":"qmkfg05oyyrjm35","timestamp":1705341859980,"id":"plz1bm74q8opcrn"}
