{"type":"operationStart","subtype":"profile","data":{"_id":"rACcqLZMHDQvLYFu","timestamp":"2024-01-11T15:15:54.605Z","state":"queued","mode":"standard","creationDate":"2024-01-11T15:15:54.612Z","modificationDate":"2024-01-11T15:15:54.612Z","shortid":"NqXlKDC","$entitySet":"profiles"},"doDiffs":false,"timestamp":1704986154607,"id":"g8773wforf9y06f","previousOperationId":null,"operationId":"qpw5n607asda3ak"}
{"type":"log","level":"info","message":"Render request 1 queued for execution and waiting for available worker","previousOperationId":"qpw5n607asda3ak","timestamp":1704986154609,"id":"q6pob5xr92g479c"}
{"type":"operationStart","subtype":"render","name":"orders-main","previousOperationId":"qpw5n607asda3ak","timestamp":1704986154662,"id":"fd52e1xrz89bxcq","previousEventId":"g8773wforf9y06f","operationId":"w6bxlnj9lo7skl8"}
{"type":"log","timestamp":1704986154664,"level":"info","message":"Starting rendering request 1","meta":{"rootId":"8kux4nlqvmiuu0b","id":"8kux4nlqvmiuu0b"},"id":"zicmxbg67gg7qxt","previousOperationId":"w6bxlnj9lo7skl8"}
{"type":"log","timestamp":1704986154666,"level":"info","message":"Rendering template { name: orders-main, recipe: chrome-pdf, engine: handlebars, preview: true }","meta":{"rootId":"8kux4nlqvmiuu0b","id":"8kux4nlqvmiuu0b"},"id":"xjnxeld7nagvr8z","previousOperationId":"w6bxlnj9lo7skl8"}
{"type":"log","timestamp":1704986154672,"level":"debug","message":"Data item not defined for this template.","meta":{"rootId":"8kux4nlqvmiuu0b","id":"8kux4nlqvmiuu0b"},"id":"4rkzdwlwsmambgj","previousOperationId":"w6bxlnj9lo7skl8"}
{"type":"log","timestamp":1704986154683,"level":"debug","message":"Executing script orders-script (beforeRender)","meta":{"rootId":"8kux4nlqvmiuu0b","id":"8kux4nlqvmiuu0b"},"id":"8nxgcdt4aihpa0a","previousOperationId":"w6bxlnj9lo7skl8"}
{"type":"operationStart","subtype":"scriptsBeforeRender","name":"scripts beforeRender","timestamp":1704986156773,"id":"hwtpyfej64h5584","previousEventId":"fd52e1xrz89bxcq","operationId":"8b2750jx44km8ry","previousOperationId":"w6bxlnj9lo7skl8"}
{"type":"operationStart","subtype":"script","name":"scripts orders-script","previousOperationId":"8b2750jx44km8ry","timestamp":1704986156773,"id":"lpi9vj4z614wlby","previousEventId":"hwtpyfej64h5584","operationId":"c72epuhjvf5p8ys"}
{"type":"operationEnd","operationId":"c72epuhjvf5p8ys","timestamp":1704986159310,"id":"hcgnlkg89nnnxq4","previousEventId":"fd52e1xrz89bxcq","previousOperationId":"w6bxlnj9lo7skl8"}
{"type":"operationEnd","operationId":"8b2750jx44km8ry","timestamp":1704986159310,"id":"maiu3ry7i1l2907","previousEventId":"hcgnlkg89nnnxq4","previousOperationId":"w6bxlnj9lo7skl8"}
{"type":"log","timestamp":1704986159310,"level":"debug","message":"Base url not specified, skipping its injection.","meta":{"rootId":"8kux4nlqvmiuu0b","id":"8kux4nlqvmiuu0b"},"id":"69cwbymar01512c","previousOperationId":"8b2750jx44km8ry"}
{"type":"operationStart","subtype":"engine","name":"handlebars","timestamp":1704986159311,"id":"epp91n3rkdpbk6l","previousEventId":"maiu3ry7i1l2907","operationId":"60yi5877021j93i","previousOperationId":"8b2750jx44km8ry"}
{"type":"log","timestamp":1704986159311,"level":"debug","message":"Rendering engine handlebars","meta":{"rootId":"8kux4nlqvmiuu0b","id":"8kux4nlqvmiuu0b"},"id":"0q2mvfavzqip2v0","previousOperationId":"60yi5877021j93i"}
{"type":"log","timestamp":1704986160361,"level":"debug","message":"(console:log) Pdf utils adding group field, value: \"France\"","meta":{"userLevel":true,"rootId":"8kux4nlqvmiuu0b","id":"8kux4nlqvmiuu0b"},"id":"etog84byozhdwe5","previousOperationId":"60yi5877021j93i"}
{"type":"log","timestamp":1704986160362,"level":"debug","message":"(console:log) Pdf utils adding group field, value: \"Germany\"","meta":{"userLevel":true,"rootId":"8kux4nlqvmiuu0b","id":"8kux4nlqvmiuu0b"},"id":"4khemfig8n1jr4k","previousOperationId":"60yi5877021j93i"}
{"type":"operationEnd","operationId":"60yi5877021j93i","timestamp":1704986160363,"id":"20658hj14wkzaci","previousEventId":"epp91n3rkdpbk6l","previousOperationId":"60yi5877021j93i"}
{"type":"operationStart","subtype":"recipe","name":"chrome-pdf","timestamp":1704986160364,"id":"xxcdz1ogut76pfy","previousEventId":"20658hj14wkzaci","operationId":"p3dik7r79kcy7my","previousOperationId":"60yi5877021j93i"}
{"type":"log","timestamp":1704986160364,"level":"debug","message":"Executing recipe chrome-pdf","meta":{"rootId":"8kux4nlqvmiuu0b","id":"8kux4nlqvmiuu0b"},"id":"cz68pym59ihw7qz","previousOperationId":"p3dik7r79kcy7my"}
{"type":"log","timestamp":1704986162510,"level":"debug","message":"Converting with chrome HeadlessChrome/117.0.5938.149 using chrome-pool strategy","meta":{"rootId":"8kux4nlqvmiuu0b","id":"8kux4nlqvmiuu0b"},"id":"0ce3wchkyreygj9","previousOperationId":"p3dik7r79kcy7my"}
{"type":"log","timestamp":1704986163179,"level":"debug","message":"Page request: GET (document) file:///C:/Users/ratha/AppData/Local/Temp/jsreport/autocleanup/7b58bf1e-3fd5-403a-9ad0-0452a6f43709-chrome-pdf.html","meta":{"rootId":"8kux4nlqvmiuu0b","id":"8kux4nlqvmiuu0b"},"id":"fiqiuwu8j1xihyh","previousOperationId":"p3dik7r79kcy7my"}
{"type":"log","timestamp":1704986163194,"level":"debug","message":"Page request: GET (stylesheet) https://cdnjs.cloudflare.com/ajax/libs/metro/4.1.5/css/metro.min.css","meta":{"rootId":"8kux4nlqvmiuu0b","id":"8kux4nlqvmiuu0b"},"id":"ate24kng5dgruom","previousOperationId":"p3dik7r79kcy7my"}
{"type":"log","timestamp":1704986163195,"level":"debug","message":"Page request: GET (script) https://cdnjs.cloudflare.com/ajax/libs/Chart.js/2.7.2/Chart.min.js","meta":{"rootId":"8kux4nlqvmiuu0b","id":"8kux4nlqvmiuu0b"},"id":"8kdpxo1e0dlurou","previousOperationId":"p3dik7r79kcy7my"}
{"type":"log","timestamp":1704986163196,"level":"debug","message":"Page request finished: GET (document) 200 file:///C:/Users/ratha/AppData/Local/Temp/jsreport/autocleanup/7b58bf1e-3fd5-403a-9ad0-0452a6f43709-chrome-pdf.html","meta":{"rootId":"8kux4nlqvmiuu0b","id":"8kux4nlqvmiuu0b"},"id":"ehc1zbkb21ezg5d","previousOperationId":"p3dik7r79kcy7my"}
{"type":"log","timestamp":1704986166188,"level":"debug","message":"Page request finished: GET (stylesheet) 200 https://cdnjs.cloudflare.com/ajax/libs/metro/4.1.5/css/metro.min.css","meta":{"rootId":"8kux4nlqvmiuu0b","id":"8kux4nlqvmiuu0b"},"id":"ct3uxn2pbjc1i8j","previousOperationId":"p3dik7r79kcy7my"}
{"type":"log","timestamp":1704986166189,"level":"debug","message":"Page request finished: GET (script) 200 https://cdnjs.cloudflare.com/ajax/libs/Chart.js/2.7.2/Chart.min.js","meta":{"rootId":"8kux4nlqvmiuu0b","id":"8kux4nlqvmiuu0b"},"id":"524sth466lz2tfh","previousOperationId":"p3dik7r79kcy7my"}
{"type":"log","timestamp":1704986166326,"level":"debug","message":"Running chrome with params {\"printBackground\":true,\"marginTop\":\"4cm\",\"marginRight\":\"1.5cm\",\"marginBottom\":\"1.5cm\",\"marginLeft\":\"1.5cm\",\"waitForJS\":false,\"timeout\":53361,\"margin\":{\"top\":\"4cm\",\"right\":\"1.5cm\",\"bottom\":\"1.5cm\",\"left\":\"1.5cm\"}}","meta":{"rootId":"8kux4nlqvmiuu0b","id":"8kux4nlqvmiuu0b"},"id":"bolwwkkpu6wxjcz","previousOperationId":"p3dik7r79kcy7my"}
{"type":"operationEnd","operationId":"p3dik7r79kcy7my","timestamp":1704986166611,"id":"39gpyxk02ehb98g","previousEventId":"xxcdz1ogut76pfy","previousOperationId":"p3dik7r79kcy7my"}
{"type":"log","timestamp":1704986166612,"level":"info","message":"pdf-utils is starting pdf processing","meta":{"rootId":"8kux4nlqvmiuu0b","id":"8kux4nlqvmiuu0b"},"id":"06mh3txxxpvc07d","previousOperationId":"p3dik7r79kcy7my"}
{"type":"operationStart","subtype":"pdfUtils","name":"pdf utils","timestamp":1704986168975,"id":"g3k8nsc296lyd2v","previousEventId":"39gpyxk02ehb98g","operationId":"ljh6dmb72odnu15","previousOperationId":"p3dik7r79kcy7my"}
{"type":"log","timestamp":1704986168976,"level":"debug","message":"pdf-utils detected 1 pdf operation(s) to process","meta":{"rootId":"8kux4nlqvmiuu0b","id":"8kux4nlqvmiuu0b"},"id":"lah7au7f5res16u","previousOperationId":"ljh6dmb72odnu15"}
{"type":"log","timestamp":1704986169497,"level":"debug","message":"pdf-utils running pdf operation merge","meta":{"rootId":"8kux4nlqvmiuu0b","id":"8kux4nlqvmiuu0b"},"id":"hoa14l4v0wgjgbk","previousOperationId":"ljh6dmb72odnu15"}
{"type":"operationStart","subtype":"pdfUtilsMerge","name":"pdf utils merge","previousOperationId":"ljh6dmb72odnu15","timestamp":1704986169498,"id":"uza7jjbwm5dzvlv","previousEventId":"g3k8nsc296lyd2v","operationId":"xhovxg9mbqaucfv"}
{"type":"operationStart","subtype":"render","name":"orders-header","previousOperationId":"xhovxg9mbqaucfv","timestamp":1704986169502,"id":"9t9k1ddktv731wc","previousEventId":"uza7jjbwm5dzvlv","operationId":"xsevi9znpysi7hq"}
{"type":"log","timestamp":1704986169502,"level":"info","message":"Starting rendering (child) request","meta":{"rootId":"8kux4nlqvmiuu0b","id":"1e519tfwu1fz4et"},"id":"ifce95f3vx9mk3g","previousOperationId":"xsevi9znpysi7hq"}
{"type":"log","timestamp":1704986169503,"level":"info","message":"Rendering template { name: orders-header, recipe: chrome-pdf, engine: handlebars, preview: true }","meta":{"rootId":"8kux4nlqvmiuu0b","id":"1e519tfwu1fz4et"},"id":"2m6xh5q4umkivpa","previousOperationId":"xsevi9znpysi7hq"}
{"type":"log","timestamp":1704986169538,"level":"debug","message":"Inline data specified.","meta":{"rootId":"8kux4nlqvmiuu0b","id":"1e519tfwu1fz4et"},"id":"1vb54kwviqkdkxy","previousOperationId":"xsevi9znpysi7hq"}
{"type":"log","timestamp":1704986169544,"level":"debug","message":"Base url not specified, skipping its injection.","meta":{"rootId":"8kux4nlqvmiuu0b","id":"1e519tfwu1fz4et"},"id":"qj1zyo3fgdabpaw","previousOperationId":"xsevi9znpysi7hq"}
{"type":"operationStart","subtype":"engine","name":"handlebars","timestamp":1704986169544,"id":"abqxyxx5u6ok4hs","previousEventId":"9t9k1ddktv731wc","operationId":"u09cep52zwsc3pa","previousOperationId":"xsevi9znpysi7hq"}
{"type":"log","timestamp":1704986169544,"level":"debug","message":"Rendering engine handlebars","meta":{"rootId":"8kux4nlqvmiuu0b","id":"1e519tfwu1fz4et"},"id":"il83qjcdulmklto","previousOperationId":"u09cep52zwsc3pa"}
{"type":"operationEnd","operationId":"u09cep52zwsc3pa","timestamp":1704986169729,"id":"jjvugljn13ucysl","previousEventId":"abqxyxx5u6ok4hs","previousOperationId":"u09cep52zwsc3pa"}
{"type":"operationStart","subtype":"recipe","name":"chrome-pdf","timestamp":1704986169730,"id":"txonrx2rcdd7jsh","previousEventId":"jjvugljn13ucysl","operationId":"bdb8bi9wzjdgwsr","previousOperationId":"u09cep52zwsc3pa"}
{"type":"log","timestamp":1704986169730,"level":"debug","message":"Executing recipe chrome-pdf","meta":{"rootId":"8kux4nlqvmiuu0b","id":"1e519tfwu1fz4et"},"id":"gu63a52umomm526","previousOperationId":"bdb8bi9wzjdgwsr"}
{"type":"log","timestamp":1704986169734,"level":"debug","message":"Converting with chrome HeadlessChrome/117.0.5938.149 using chrome-pool strategy","meta":{"rootId":"8kux4nlqvmiuu0b","id":"1e519tfwu1fz4et"},"id":"hatxnzo6f5k79uo","previousOperationId":"bdb8bi9wzjdgwsr"}
{"type":"log","timestamp":1704986169923,"level":"debug","message":"Page request: GET (document) file:///C:/Users/ratha/AppData/Local/Temp/jsreport/autocleanup/c7e24271-8d00-4ece-ab64-44ef2e1a516e-chrome-pdf.html","meta":{"rootId":"8kux4nlqvmiuu0b","id":"1e519tfwu1fz4et"},"id":"4hu65iz7m5lgkhd","previousOperationId":"bdb8bi9wzjdgwsr"}
{"type":"log","timestamp":1704986169945,"level":"debug","message":"Page request finished: GET (document) 200 file:///C:/Users/ratha/AppData/Local/Temp/jsreport/autocleanup/c7e24271-8d00-4ece-ab64-44ef2e1a516e-chrome-pdf.html","meta":{"rootId":"8kux4nlqvmiuu0b","id":"1e519tfwu1fz4et"},"id":"rwi5z0xjat2t48g","previousOperationId":"bdb8bi9wzjdgwsr"}
{"type":"log","timestamp":1704986169946,"level":"debug","message":"Page request: GET (stylesheet) https://cdnjs.cloudflare.com/ajax/libs/metro/4.1.5/css/metro.min.css","meta":{"rootId":"8kux4nlqvmiuu0b","id":"1e519tfwu1fz4et"},"id":"j15n3emvk8l7d8k","previousOperationId":"bdb8bi9wzjdgwsr"}
{"type":"log","timestamp":1704986169983,"level":"debug","message":"Page request finished: GET (stylesheet) 200 https://cdnjs.cloudflare.com/ajax/libs/metro/4.1.5/css/metro.min.css","meta":{"rootId":"8kux4nlqvmiuu0b","id":"1e519tfwu1fz4et"},"id":"5o21p0d7ti7jaz7","previousOperationId":"bdb8bi9wzjdgwsr"}
{"type":"log","timestamp":1704986170028,"level":"debug","message":"Running chrome with params {\"printBackground\":true,\"marginTop\":\"1.5cm\",\"marginRight\":\"1.5cm\",\"marginLeft\":\"1.cm\",\"timeout\":44871,\"margin\":{\"top\":\"1.5cm\",\"right\":\"1.5cm\",\"left\":\"1.cm\"}}","meta":{"rootId":"8kux4nlqvmiuu0b","id":"1e519tfwu1fz4et"},"id":"kqp6tal67xpb4y5","previousOperationId":"bdb8bi9wzjdgwsr"}
{"type":"operationEnd","operationId":"bdb8bi9wzjdgwsr","timestamp":1704986170113,"id":"u793b9eojyceo50","previousEventId":"txonrx2rcdd7jsh","previousOperationId":"bdb8bi9wzjdgwsr"}
{"type":"log","timestamp":1704986170114,"level":"debug","message":"Skipping storing report.","meta":{"rootId":"8kux4nlqvmiuu0b","id":"1e519tfwu1fz4et"},"id":"uhsxxywohvu83z8","previousOperationId":"bdb8bi9wzjdgwsr"}
{"type":"log","timestamp":1704986170114,"level":"info","message":"Rendering (child) request finished in 15510 ms","meta":{"rootId":"8kux4nlqvmiuu0b","id":"1e519tfwu1fz4et"},"id":"99605mp3ox5hfv8","previousOperationId":"bdb8bi9wzjdgwsr"}
{"type":"operationEnd","subtype":"render","operationId":"xsevi9znpysi7hq","timestamp":1704986170114,"id":"feb4b2tviyaz2tv","previousEventId":"u793b9eojyceo50","previousOperationId":"bdb8bi9wzjdgwsr"}
{"type":"operationEnd","operationId":"xhovxg9mbqaucfv","timestamp":1704986170199,"id":"wytheujaq1bvocv","previousEventId":"uza7jjbwm5dzvlv","previousOperationId":"xhovxg9mbqaucfv"}
{"type":"log","timestamp":1704986170199,"level":"debug","message":"pdf-utils postproces start","meta":{"rootId":"8kux4nlqvmiuu0b","id":"8kux4nlqvmiuu0b"},"id":"iuryce7v35jd2ov","previousOperationId":"xhovxg9mbqaucfv"}
{"type":"log","timestamp":1704986170258,"level":"debug","message":"pdf-utils postproces end","meta":{"rootId":"8kux4nlqvmiuu0b","id":"8kux4nlqvmiuu0b"},"id":"e86phg700kyi68s","previousOperationId":"xhovxg9mbqaucfv"}
{"type":"operationEnd","operationId":"ljh6dmb72odnu15","timestamp":1704986170258,"id":"bxe0bxigxsdnlla","previousEventId":"wytheujaq1bvocv","previousOperationId":"xhovxg9mbqaucfv"}
{"type":"log","timestamp":1704986170258,"level":"info","message":"pdf-utils pdf processing was finished","meta":{"rootId":"8kux4nlqvmiuu0b","id":"8kux4nlqvmiuu0b"},"id":"dweh11r8qjpjmcq","previousOperationId":"ljh6dmb72odnu15"}
{"type":"log","timestamp":1704986170258,"level":"debug","message":"Skipping storing report.","meta":{"rootId":"8kux4nlqvmiuu0b","id":"8kux4nlqvmiuu0b"},"id":"ri6t4fw0ete8eh3","previousOperationId":"ljh6dmb72odnu15"}
{"type":"log","timestamp":1704986170258,"level":"info","message":"Rendering request 1 finished in 15654 ms","meta":{"rootId":"8kux4nlqvmiuu0b","id":"8kux4nlqvmiuu0b"},"id":"ua7382gv183cm76","previousOperationId":"ljh6dmb72odnu15"}
{"type":"operationEnd","subtype":"render","operationId":"w6bxlnj9lo7skl8","timestamp":1704986170258,"id":"uqwhgoislw6uzoi","previousEventId":"bxe0bxigxsdnlla","previousOperationId":"ljh6dmb72odnu15"}
{"type":"operationEnd","doDiffs":false,"previousEventId":"g8773wforf9y06f","previousOperationId":"qpw5n607asda3ak","operationId":"qpw5n607asda3ak","timestamp":1704986170278,"id":"ll2aan1ymh7m5s0"}
