{"type":"operationStart","subtype":"profile","data":{"_id":"oRfEccDwk2HXkK24","timestamp":"2024-01-09T19:46:53.865Z","state":"queued","mode":"standard","creationDate":"2024-01-09T19:46:53.869Z","modificationDate":"2024-01-09T19:46:53.869Z","shortid":"biBUCBf","$entitySet":"profiles"},"doDiffs":false,"timestamp":1704829613867,"id":"g83cy0mxhu7n8rl","previousOperationId":null,"operationId":"kxnx4twqiaiurrr"}
{"type":"log","level":"info","message":"Render request 1 queued for execution and waiting for available worker","previousOperationId":"kxnx4twqiaiurrr","timestamp":1704829613867,"id":"v6tg7ng1oyd09pk"}
{"type":"operationStart","subtype":"render","name":"orders-main","previousOperationId":"kxnx4twqiaiurrr","timestamp":1704829613892,"id":"0ftk26ugxe0mjme","previousEventId":"g83cy0mxhu7n8rl","operationId":"vfckxsmpo0dzym1"}
{"type":"log","timestamp":1704829613892,"level":"info","message":"Starting rendering request 1","meta":{"rootId":"daovtyk7k35qi4n","id":"daovtyk7k35qi4n"},"id":"41nknqk3n15twsg","previousOperationId":"vfckxsmpo0dzym1"}
{"type":"log","timestamp":1704829613893,"level":"info","message":"Rendering template { name: orders-main, recipe: chrome-pdf, engine: handlebars, preview: true }","meta":{"rootId":"daovtyk7k35qi4n","id":"daovtyk7k35qi4n"},"id":"alguzhdv5n0fz3k","previousOperationId":"vfckxsmpo0dzym1"}
{"type":"log","timestamp":1704829613902,"level":"debug","message":"Data item not defined for this template.","meta":{"rootId":"daovtyk7k35qi4n","id":"daovtyk7k35qi4n"},"id":"gire11nmamdmwea","previousOperationId":"vfckxsmpo0dzym1"}
{"type":"log","timestamp":1704829613907,"level":"debug","message":"Executing script orders-script (beforeRender)","meta":{"rootId":"daovtyk7k35qi4n","id":"daovtyk7k35qi4n"},"id":"mg92hmi93s39vzw","previousOperationId":"vfckxsmpo0dzym1"}
{"type":"operationStart","subtype":"scriptsBeforeRender","name":"scripts beforeRender","timestamp":1704829614180,"id":"gt9amjwlmhlgvk8","previousEventId":"0ftk26ugxe0mjme","operationId":"npootumg9gzgisp","previousOperationId":"vfckxsmpo0dzym1"}
{"type":"operationStart","subtype":"script","name":"scripts orders-script","previousOperationId":"npootumg9gzgisp","timestamp":1704829614180,"id":"qpu22p24f68ndyo","previousEventId":"gt9amjwlmhlgvk8","operationId":"5jaz2sg8783py12"}
{"type":"operationEnd","operationId":"5jaz2sg8783py12","timestamp":1704829615584,"id":"3hweeaiihfz9yol","previousEventId":"0ftk26ugxe0mjme","previousOperationId":"vfckxsmpo0dzym1"}
{"type":"operationEnd","operationId":"npootumg9gzgisp","timestamp":1704829615584,"id":"ijugp4j7wigtvyi","previousEventId":"3hweeaiihfz9yol","previousOperationId":"vfckxsmpo0dzym1"}
{"type":"log","timestamp":1704829615584,"level":"debug","message":"Base url not specified, skipping its injection.","meta":{"rootId":"daovtyk7k35qi4n","id":"daovtyk7k35qi4n"},"id":"qmia9r68526dmtv","previousOperationId":"npootumg9gzgisp"}
{"type":"operationStart","subtype":"engine","name":"handlebars","timestamp":1704829615585,"id":"d6bwsjtxzvp0u09","previousEventId":"ijugp4j7wigtvyi","operationId":"25u9tifxbak3d45","previousOperationId":"npootumg9gzgisp"}
{"type":"log","timestamp":1704829615585,"level":"debug","message":"Rendering engine handlebars","meta":{"rootId":"daovtyk7k35qi4n","id":"daovtyk7k35qi4n"},"id":"7nip4pomz26b8uo","previousOperationId":"25u9tifxbak3d45"}
{"type":"log","timestamp":1704829615867,"level":"debug","message":"(console:log) Pdf utils adding group field, value: \"France\"","meta":{"userLevel":true,"rootId":"daovtyk7k35qi4n","id":"daovtyk7k35qi4n"},"id":"b2h5gurfzssmdm8","previousOperationId":"25u9tifxbak3d45"}
{"type":"log","timestamp":1704829615868,"level":"debug","message":"(console:log) Pdf utils adding group field, value: \"Germany\"","meta":{"userLevel":true,"rootId":"daovtyk7k35qi4n","id":"daovtyk7k35qi4n"},"id":"gmscekerbagxinm","previousOperationId":"25u9tifxbak3d45"}
{"type":"operationEnd","operationId":"25u9tifxbak3d45","timestamp":1704829615868,"id":"fri26c5b478o2ze","previousEventId":"d6bwsjtxzvp0u09","previousOperationId":"25u9tifxbak3d45"}
{"type":"operationStart","subtype":"recipe","name":"chrome-pdf","timestamp":1704829615869,"id":"07k19ju9rw52yix","previousEventId":"fri26c5b478o2ze","operationId":"91xu5sjd67fwfk1","previousOperationId":"25u9tifxbak3d45"}
{"type":"log","timestamp":1704829615869,"level":"debug","message":"Executing recipe chrome-pdf","meta":{"rootId":"daovtyk7k35qi4n","id":"daovtyk7k35qi4n"},"id":"4291jhlt2dtemec","previousOperationId":"91xu5sjd67fwfk1"}
{"type":"log","timestamp":1704829616592,"level":"debug","message":"Converting with chrome HeadlessChrome/117.0.5938.149 using chrome-pool strategy","meta":{"rootId":"daovtyk7k35qi4n","id":"daovtyk7k35qi4n"},"id":"8tji7eu9hwxzhd8","previousOperationId":"91xu5sjd67fwfk1"}
{"type":"log","timestamp":1704829616766,"level":"debug","message":"Page request: GET (document) file:///C:/Users/ratha/AppData/Local/Temp/jsreport/autocleanup/a33f280a-9345-4744-99ab-a2a5d49c32b9-chrome-pdf.html","meta":{"rootId":"daovtyk7k35qi4n","id":"daovtyk7k35qi4n"},"id":"q5uocwumjeezkrq","previousOperationId":"91xu5sjd67fwfk1"}
{"type":"log","timestamp":1704829616798,"level":"debug","message":"Page request: GET (stylesheet) https://cdnjs.cloudflare.com/ajax/libs/metro/4.1.5/css/metro.min.css","meta":{"rootId":"daovtyk7k35qi4n","id":"daovtyk7k35qi4n"},"id":"evyn2pmsp029in7","previousOperationId":"91xu5sjd67fwfk1"}
{"type":"log","timestamp":1704829616799,"level":"debug","message":"Page request finished: GET (document) 200 file:///C:/Users/ratha/AppData/Local/Temp/jsreport/autocleanup/a33f280a-9345-4744-99ab-a2a5d49c32b9-chrome-pdf.html","meta":{"rootId":"daovtyk7k35qi4n","id":"daovtyk7k35qi4n"},"id":"jlnzxy7doys7bcy","previousOperationId":"91xu5sjd67fwfk1"}
{"type":"log","timestamp":1704829616799,"level":"debug","message":"Page request: GET (script) https://cdnjs.cloudflare.com/ajax/libs/Chart.js/2.7.2/Chart.min.js","meta":{"rootId":"daovtyk7k35qi4n","id":"daovtyk7k35qi4n"},"id":"5r6crhm82qii7er","previousOperationId":"91xu5sjd67fwfk1"}
{"type":"log","timestamp":1704829619806,"level":"debug","message":"Page request finished: GET (stylesheet) 200 https://cdnjs.cloudflare.com/ajax/libs/metro/4.1.5/css/metro.min.css","meta":{"rootId":"daovtyk7k35qi4n","id":"daovtyk7k35qi4n"},"id":"4o2nhn66hvn3lnd","previousOperationId":"91xu5sjd67fwfk1"}
{"type":"log","timestamp":1704829619806,"level":"debug","message":"Page request finished: GET (script) 200 https://cdnjs.cloudflare.com/ajax/libs/Chart.js/2.7.2/Chart.min.js","meta":{"rootId":"daovtyk7k35qi4n","id":"daovtyk7k35qi4n"},"id":"xeviugxm7ixfw9v","previousOperationId":"91xu5sjd67fwfk1"}
{"type":"log","timestamp":1704829619883,"level":"debug","message":"Running chrome with params {\"printBackground\":true,\"marginTop\":\"4cm\",\"marginRight\":\"1.5cm\",\"marginBottom\":\"1.5cm\",\"marginLeft\":\"1.5cm\",\"waitForJS\":false,\"timeout\":57501,\"margin\":{\"top\":\"4cm\",\"right\":\"1.5cm\",\"bottom\":\"1.5cm\",\"left\":\"1.5cm\"}}","meta":{"rootId":"daovtyk7k35qi4n","id":"daovtyk7k35qi4n"},"id":"ce9gft676cu3g04","previousOperationId":"91xu5sjd67fwfk1"}
{"type":"operationEnd","operationId":"91xu5sjd67fwfk1","timestamp":1704829620045,"id":"o1op6yfmqlvgobe","previousEventId":"07k19ju9rw52yix","previousOperationId":"91xu5sjd67fwfk1"}
{"type":"log","timestamp":1704829620046,"level":"info","message":"pdf-utils is starting pdf processing","meta":{"rootId":"daovtyk7k35qi4n","id":"daovtyk7k35qi4n"},"id":"hlr7wlseexhvbsn","previousOperationId":"91xu5sjd67fwfk1"}
{"type":"operationStart","subtype":"pdfUtils","name":"pdf utils","timestamp":1704829621327,"id":"h5l8wp39n8h1bc2","previousEventId":"o1op6yfmqlvgobe","operationId":"ty9lnnfce7fr5u1","previousOperationId":"91xu5sjd67fwfk1"}
{"type":"log","timestamp":1704829621327,"level":"debug","message":"pdf-utils detected 1 pdf operation(s) to process","meta":{"rootId":"daovtyk7k35qi4n","id":"daovtyk7k35qi4n"},"id":"9pmm8lwboimqdhw","previousOperationId":"ty9lnnfce7fr5u1"}
{"type":"log","timestamp":1704829621565,"level":"debug","message":"pdf-utils running pdf operation merge","meta":{"rootId":"daovtyk7k35qi4n","id":"daovtyk7k35qi4n"},"id":"ohgsrl2wh55wvj9","previousOperationId":"ty9lnnfce7fr5u1"}
{"type":"operationStart","subtype":"pdfUtilsMerge","name":"pdf utils merge","previousOperationId":"ty9lnnfce7fr5u1","timestamp":1704829621565,"id":"ax4lb3plw2l0pco","previousEventId":"h5l8wp39n8h1bc2","operationId":"zb0kebtn84ow2ii"}
{"type":"operationStart","subtype":"render","name":"orders-header","previousOperationId":"zb0kebtn84ow2ii","timestamp":1704829621566,"id":"kh85adpp1vshzbw","previousEventId":"ax4lb3plw2l0pco","operationId":"zbw3jtoux3xyor4"}
{"type":"log","timestamp":1704829621566,"level":"info","message":"Starting rendering (child) request","meta":{"rootId":"daovtyk7k35qi4n","id":"3maqgndww46bifv"},"id":"cof83lzw6i1escr","previousOperationId":"zbw3jtoux3xyor4"}
{"type":"log","timestamp":1704829621566,"level":"info","message":"Rendering template { name: orders-header, recipe: chrome-pdf, engine: handlebars, preview: true }","meta":{"rootId":"daovtyk7k35qi4n","id":"3maqgndww46bifv"},"id":"1t2rea2pfzix415","previousOperationId":"zbw3jtoux3xyor4"}
{"type":"log","timestamp":1704829621571,"level":"debug","message":"Inline data specified.","meta":{"rootId":"daovtyk7k35qi4n","id":"3maqgndww46bifv"},"id":"ht6dr498dbnon9h","previousOperationId":"zbw3jtoux3xyor4"}
{"type":"log","timestamp":1704829621573,"level":"debug","message":"Base url not specified, skipping its injection.","meta":{"rootId":"daovtyk7k35qi4n","id":"3maqgndww46bifv"},"id":"guoncgdhbgl5ssx","previousOperationId":"zbw3jtoux3xyor4"}
{"type":"operationStart","subtype":"engine","name":"handlebars","timestamp":1704829621573,"id":"rvaakafxgo3djfz","previousEventId":"kh85adpp1vshzbw","operationId":"bx7jz0brjiq3lkb","previousOperationId":"zbw3jtoux3xyor4"}
{"type":"log","timestamp":1704829621573,"level":"debug","message":"Rendering engine handlebars","meta":{"rootId":"daovtyk7k35qi4n","id":"3maqgndww46bifv"},"id":"5wl4czdv2436pip","previousOperationId":"bx7jz0brjiq3lkb"}
{"type":"operationEnd","operationId":"bx7jz0brjiq3lkb","timestamp":1704829621651,"id":"3rnc3d6yfm3m9s5","previousEventId":"rvaakafxgo3djfz","previousOperationId":"bx7jz0brjiq3lkb"}
{"type":"operationStart","subtype":"recipe","name":"chrome-pdf","timestamp":1704829621651,"id":"hopa7sonfxnh1ox","previousEventId":"3rnc3d6yfm3m9s5","operationId":"7io2ysx3pfr6z7o","previousOperationId":"bx7jz0brjiq3lkb"}
{"type":"log","timestamp":1704829621651,"level":"debug","message":"Executing recipe chrome-pdf","meta":{"rootId":"daovtyk7k35qi4n","id":"3maqgndww46bifv"},"id":"7fx7q7s7m50vaix","previousOperationId":"7io2ysx3pfr6z7o"}
{"type":"log","timestamp":1704829621653,"level":"debug","message":"Converting with chrome HeadlessChrome/117.0.5938.149 using chrome-pool strategy","meta":{"rootId":"daovtyk7k35qi4n","id":"3maqgndww46bifv"},"id":"c72ivtyrgr5rlpf","previousOperationId":"7io2ysx3pfr6z7o"}
{"type":"log","timestamp":1704829621770,"level":"debug","message":"Page request: GET (document) file:///C:/Users/ratha/AppData/Local/Temp/jsreport/autocleanup/6a192624-3ff3-4504-b2b1-e7b3b35e2e88-chrome-pdf.html","meta":{"rootId":"daovtyk7k35qi4n","id":"3maqgndww46bifv"},"id":"8f6xpyhfmnu1e5t","previousOperationId":"7io2ysx3pfr6z7o"}
{"type":"log","timestamp":1704829621787,"level":"debug","message":"Page request: GET (stylesheet) https://cdnjs.cloudflare.com/ajax/libs/metro/4.1.5/css/metro.min.css","meta":{"rootId":"daovtyk7k35qi4n","id":"3maqgndww46bifv"},"id":"p3f3yel1wf9rffs","previousOperationId":"7io2ysx3pfr6z7o"}
{"type":"log","timestamp":1704829621787,"level":"debug","message":"Page request finished: GET (document) 200 file:///C:/Users/ratha/AppData/Local/Temp/jsreport/autocleanup/6a192624-3ff3-4504-b2b1-e7b3b35e2e88-chrome-pdf.html","meta":{"rootId":"daovtyk7k35qi4n","id":"3maqgndww46bifv"},"id":"wwd2d2xv0vtkfpj","previousOperationId":"7io2ysx3pfr6z7o"}
{"type":"log","timestamp":1704829621804,"level":"debug","message":"Page request finished: GET (stylesheet) 200 https://cdnjs.cloudflare.com/ajax/libs/metro/4.1.5/css/metro.min.css","meta":{"rootId":"daovtyk7k35qi4n","id":"3maqgndww46bifv"},"id":"xpj6qlsn5soyxxc","previousOperationId":"7io2ysx3pfr6z7o"}
{"type":"log","timestamp":1704829621824,"level":"debug","message":"Running chrome with params {\"printBackground\":true,\"marginTop\":\"1.5cm\",\"marginRight\":\"1.5cm\",\"marginLeft\":\"1.cm\",\"timeout\":52213,\"margin\":{\"top\":\"1.5cm\",\"right\":\"1.5cm\",\"left\":\"1.cm\"}}","meta":{"rootId":"daovtyk7k35qi4n","id":"3maqgndww46bifv"},"id":"1buakti5om3vxh9","previousOperationId":"7io2ysx3pfr6z7o"}
{"type":"operationEnd","operationId":"7io2ysx3pfr6z7o","timestamp":1704829621865,"id":"r5m0ieqi1u9ggou","previousEventId":"hopa7sonfxnh1ox","previousOperationId":"7io2ysx3pfr6z7o"}
{"type":"log","timestamp":1704829621865,"level":"debug","message":"Skipping storing report.","meta":{"rootId":"daovtyk7k35qi4n","id":"3maqgndww46bifv"},"id":"73hdx1daoqn43du","previousOperationId":"7io2ysx3pfr6z7o"}
{"type":"log","timestamp":1704829621866,"level":"info","message":"Rendering (child) request finished in 8001 ms","meta":{"rootId":"daovtyk7k35qi4n","id":"3maqgndww46bifv"},"id":"hqhuy4q3ilzjqd2","previousOperationId":"7io2ysx3pfr6z7o"}
{"type":"operationEnd","subtype":"render","operationId":"zbw3jtoux3xyor4","timestamp":1704829621866,"id":"jc8r0nmpawuu2pu","previousEventId":"r5m0ieqi1u9ggou","previousOperationId":"7io2ysx3pfr6z7o"}
{"type":"operationEnd","operationId":"zb0kebtn84ow2ii","timestamp":1704829621903,"id":"y0vwj5jmv2ljaow","previousEventId":"ax4lb3plw2l0pco","previousOperationId":"zb0kebtn84ow2ii"}
{"type":"log","timestamp":1704829621903,"level":"debug","message":"pdf-utils postproces start","meta":{"rootId":"daovtyk7k35qi4n","id":"daovtyk7k35qi4n"},"id":"w4s4wc2wkutxxx8","previousOperationId":"zb0kebtn84ow2ii"}
{"type":"log","timestamp":1704829621924,"level":"debug","message":"pdf-utils postproces end","meta":{"rootId":"daovtyk7k35qi4n","id":"daovtyk7k35qi4n"},"id":"5mvmd8h9gtcyw2r","previousOperationId":"zb0kebtn84ow2ii"}
{"type":"operationEnd","operationId":"ty9lnnfce7fr5u1","timestamp":1704829621924,"id":"oxr5wtlkosq7lga","previousEventId":"y0vwj5jmv2ljaow","previousOperationId":"zb0kebtn84ow2ii"}
{"type":"log","timestamp":1704829621924,"level":"info","message":"pdf-utils pdf processing was finished","meta":{"rootId":"daovtyk7k35qi4n","id":"daovtyk7k35qi4n"},"id":"ptkao76332660k2","previousOperationId":"ty9lnnfce7fr5u1"}
{"type":"log","timestamp":1704829621924,"level":"debug","message":"Skipping storing report.","meta":{"rootId":"daovtyk7k35qi4n","id":"daovtyk7k35qi4n"},"id":"od6ksdzmzzoxfzn","previousOperationId":"ty9lnnfce7fr5u1"}
{"type":"log","timestamp":1704829621924,"level":"info","message":"Rendering request 1 finished in 8059 ms","meta":{"rootId":"daovtyk7k35qi4n","id":"daovtyk7k35qi4n"},"id":"8yiju7gvrkc3we0","previousOperationId":"ty9lnnfce7fr5u1"}
{"type":"operationEnd","subtype":"render","operationId":"vfckxsmpo0dzym1","timestamp":1704829621924,"id":"3mm88utl6ne1rf1","previousEventId":"oxr5wtlkosq7lga","previousOperationId":"ty9lnnfce7fr5u1"}
{"type":"operationEnd","doDiffs":false,"previousEventId":"g83cy0mxhu7n8rl","previousOperationId":"kxnx4twqiaiurrr","operationId":"kxnx4twqiaiurrr","timestamp":1704829621935,"id":"2ucofs8kmvuq34f"}
