{"type":"operationStart","subtype":"profile","data":{"_id":"AmAHRBlFkdZzKdp0","timestamp":"2024-01-09T19:51:07.917Z","state":"queued","mode":"standard","creationDate":"2024-01-09T19:51:07.919Z","modificationDate":"2024-01-09T19:51:07.919Z","shortid":"r2W6PZM","$entitySet":"profiles"},"doDiffs":false,"timestamp":1704829867918,"id":"3o4xe1okpyh6idp","previousOperationId":null,"operationId":"e40kpangdmasps5"}
{"type":"log","level":"info","message":"Render request 2 queued for execution and waiting for available worker","previousOperationId":"e40kpangdmasps5","timestamp":1704829867918,"id":"cskr6xsf0d1y10t"}
{"type":"operationStart","subtype":"render","name":"orders-main","previousOperationId":"e40kpangdmasps5","timestamp":1704829867926,"id":"cqhu50r5gfhxhai","previousEventId":"3o4xe1okpyh6idp","operationId":"iwmvbodt1etqaot"}
{"type":"log","timestamp":1704829867927,"level":"info","message":"Starting rendering request 2","meta":{"rootId":"p23be5t89soi528","id":"p23be5t89soi528"},"id":"oydh5gs02wa9tjh","previousOperationId":"iwmvbodt1etqaot"}
{"type":"log","timestamp":1704829867930,"level":"info","message":"Rendering template { name: orders-main, recipe: chrome-pdf, engine: handlebars, preview: false }","meta":{"rootId":"p23be5t89soi528","id":"p23be5t89soi528"},"id":"sebpbp9s135qd7r","previousOperationId":"iwmvbodt1etqaot"}
{"type":"log","timestamp":1704829867932,"level":"debug","message":"Data item not defined for this template.","meta":{"rootId":"p23be5t89soi528","id":"p23be5t89soi528"},"id":"jva14tz2mtqo98v","previousOperationId":"iwmvbodt1etqaot"}
{"type":"log","timestamp":1704829867941,"level":"debug","message":"Executing script orders-script (beforeRender)","meta":{"rootId":"p23be5t89soi528","id":"p23be5t89soi528"},"id":"uea08s56e4dr44j","previousOperationId":"iwmvbodt1etqaot"}
{"type":"operationStart","subtype":"scriptsBeforeRender","name":"scripts beforeRender","timestamp":1704829868273,"id":"p0d6665rlp1gv1b","previousEventId":"cqhu50r5gfhxhai","operationId":"211h4qqbvrk90eo","previousOperationId":"iwmvbodt1etqaot"}
{"type":"operationStart","subtype":"script","name":"scripts orders-script","previousOperationId":"211h4qqbvrk90eo","timestamp":1704829868273,"id":"ab61dizyedemby8","previousEventId":"p0d6665rlp1gv1b","operationId":"cpf87ahj438cz34"}
{"type":"operationEnd","operationId":"cpf87ahj438cz34","timestamp":1704829869604,"id":"414m5qvio2a8eh6","previousEventId":"cqhu50r5gfhxhai","previousOperationId":"iwmvbodt1etqaot"}
{"type":"operationEnd","operationId":"211h4qqbvrk90eo","timestamp":1704829869604,"id":"y73y1gun48wupz6","previousEventId":"414m5qvio2a8eh6","previousOperationId":"iwmvbodt1etqaot"}
{"type":"log","timestamp":1704829869604,"level":"debug","message":"Base url not specified, skipping its injection.","meta":{"rootId":"p23be5t89soi528","id":"p23be5t89soi528"},"id":"cdti64a3jg69d5c","previousOperationId":"211h4qqbvrk90eo"}
{"type":"operationStart","subtype":"engine","name":"handlebars","timestamp":1704829869606,"id":"uyj1u1u4ysdfzhe","previousEventId":"y73y1gun48wupz6","operationId":"hfltterbmfy2e23","previousOperationId":"211h4qqbvrk90eo"}
{"type":"log","timestamp":1704829869606,"level":"debug","message":"Rendering engine handlebars","meta":{"rootId":"p23be5t89soi528","id":"p23be5t89soi528"},"id":"q0vgtx244ogk0xp","previousOperationId":"hfltterbmfy2e23"}
{"type":"log","timestamp":1704829869903,"level":"debug","message":"(console:log) Pdf utils adding group field, value: \"France\"","meta":{"userLevel":true,"rootId":"p23be5t89soi528","id":"p23be5t89soi528"},"id":"kaeb22mf4x1a6lz","previousOperationId":"hfltterbmfy2e23"}
{"type":"log","timestamp":1704829869903,"level":"debug","message":"(console:log) Pdf utils adding group field, value: \"Germany\"","meta":{"userLevel":true,"rootId":"p23be5t89soi528","id":"p23be5t89soi528"},"id":"jatb7l43jcym0de","previousOperationId":"hfltterbmfy2e23"}
{"type":"operationEnd","operationId":"hfltterbmfy2e23","timestamp":1704829869904,"id":"oyae5o2atrg8gff","previousEventId":"uyj1u1u4ysdfzhe","previousOperationId":"hfltterbmfy2e23"}
{"type":"operationStart","subtype":"recipe","name":"chrome-pdf","timestamp":1704829869905,"id":"72jc4w5f4yhmy68","previousEventId":"oyae5o2atrg8gff","operationId":"1p8qzep6lcjmz75","previousOperationId":"hfltterbmfy2e23"}
{"type":"log","timestamp":1704829869905,"level":"debug","message":"Executing recipe chrome-pdf","meta":{"rootId":"p23be5t89soi528","id":"p23be5t89soi528"},"id":"9cl22t57rln1moi","previousOperationId":"1p8qzep6lcjmz75"}
{"type":"log","timestamp":1704829870583,"level":"debug","message":"Converting with chrome HeadlessChrome/117.0.5938.149 using chrome-pool strategy","meta":{"rootId":"p23be5t89soi528","id":"p23be5t89soi528"},"id":"57vjewdj0gt7lg7","previousOperationId":"1p8qzep6lcjmz75"}
{"type":"log","timestamp":1704829870738,"level":"debug","message":"Page request: GET (document) file:///C:/Users/ratha/AppData/Local/Temp/jsreport/autocleanup/f2a65784-9207-4f8f-9628-637e8f81d9a4-chrome-pdf.html","meta":{"rootId":"p23be5t89soi528","id":"p23be5t89soi528"},"id":"7dxqu303inepl6f","previousOperationId":"1p8qzep6lcjmz75"}
{"type":"log","timestamp":1704829870754,"level":"debug","message":"Page request: GET (stylesheet) https://cdnjs.cloudflare.com/ajax/libs/metro/4.1.5/css/metro.min.css","meta":{"rootId":"p23be5t89soi528","id":"p23be5t89soi528"},"id":"h9iob17a7d9flce","previousOperationId":"1p8qzep6lcjmz75"}
{"type":"log","timestamp":1704829870755,"level":"debug","message":"Page request: GET (script) https://cdnjs.cloudflare.com/ajax/libs/Chart.js/2.7.2/Chart.min.js","meta":{"rootId":"p23be5t89soi528","id":"p23be5t89soi528"},"id":"5utoadgoh8o4iwu","previousOperationId":"1p8qzep6lcjmz75"}
{"type":"log","timestamp":1704829870755,"level":"debug","message":"Page request finished: GET (document) 200 file:///C:/Users/ratha/AppData/Local/Temp/jsreport/autocleanup/f2a65784-9207-4f8f-9628-637e8f81d9a4-chrome-pdf.html","meta":{"rootId":"p23be5t89soi528","id":"p23be5t89soi528"},"id":"tnq1rec5hcnr7uh","previousOperationId":"1p8qzep6lcjmz75"}
{"type":"log","timestamp":1704829871095,"level":"debug","message":"Page request finished: GET (script) 200 https://cdnjs.cloudflare.com/ajax/libs/Chart.js/2.7.2/Chart.min.js","meta":{"rootId":"p23be5t89soi528","id":"p23be5t89soi528"},"id":"4q1keeeyiv5rjsx","previousOperationId":"1p8qzep6lcjmz75"}
{"type":"log","timestamp":1704829871116,"level":"debug","message":"Page request finished: GET (stylesheet) 200 https://cdnjs.cloudflare.com/ajax/libs/metro/4.1.5/css/metro.min.css","meta":{"rootId":"p23be5t89soi528","id":"p23be5t89soi528"},"id":"er9f15drzh6jz1u","previousOperationId":"1p8qzep6lcjmz75"}
{"type":"log","timestamp":1704829871185,"level":"debug","message":"Running chrome with params {\"printBackground\":true,\"marginTop\":\"4cm\",\"marginRight\":\"1.5cm\",\"marginBottom\":\"1.5cm\",\"marginLeft\":\"1.5cm\",\"waitForJS\":false,\"timeout\":57554,\"margin\":{\"top\":\"4cm\",\"right\":\"1.5cm\",\"bottom\":\"1.5cm\",\"left\":\"1.5cm\"}}","meta":{"rootId":"p23be5t89soi528","id":"p23be5t89soi528"},"id":"2rcaokaf8srzrzu","previousOperationId":"1p8qzep6lcjmz75"}
{"type":"operationEnd","operationId":"1p8qzep6lcjmz75","timestamp":1704829871348,"id":"10olz23t9pk9fa2","previousEventId":"72jc4w5f4yhmy68","previousOperationId":"1p8qzep6lcjmz75"}
{"type":"log","timestamp":1704829871348,"level":"info","message":"pdf-utils is starting pdf processing","meta":{"rootId":"p23be5t89soi528","id":"p23be5t89soi528"},"id":"bjd4z1ktwqqn63n","previousOperationId":"1p8qzep6lcjmz75"}
{"type":"operationStart","subtype":"pdfUtils","name":"pdf utils","timestamp":1704829871571,"id":"w8waba6lwwyaa5e","previousEventId":"10olz23t9pk9fa2","operationId":"7v4cbsgj4u2th21","previousOperationId":"1p8qzep6lcjmz75"}
{"type":"log","timestamp":1704829871571,"level":"debug","message":"pdf-utils detected 1 pdf operation(s) to process","meta":{"rootId":"p23be5t89soi528","id":"p23be5t89soi528"},"id":"75jv6zuk61ia2eo","previousOperationId":"7v4cbsgj4u2th21"}
{"type":"log","timestamp":1704829871853,"level":"debug","message":"pdf-utils running pdf operation merge","meta":{"rootId":"p23be5t89soi528","id":"p23be5t89soi528"},"id":"uknyo4utck2xoye","previousOperationId":"7v4cbsgj4u2th21"}
{"type":"operationStart","subtype":"pdfUtilsMerge","name":"pdf utils merge","previousOperationId":"7v4cbsgj4u2th21","timestamp":1704829871853,"id":"wb7p5ubf2fz2909","previousEventId":"w8waba6lwwyaa5e","operationId":"z7zawam86tsfmzn"}
{"type":"operationStart","subtype":"render","name":"orders-header","previousOperationId":"z7zawam86tsfmzn","timestamp":1704829871854,"id":"4s0ycb4aw47p8ii","previousEventId":"wb7p5ubf2fz2909","operationId":"k4yqsdex2o1yabg"}
{"type":"log","timestamp":1704829871855,"level":"info","message":"Starting rendering (child) request","meta":{"rootId":"p23be5t89soi528","id":"17672j15j1b8zoh"},"id":"m1drucnl8ee3p98","previousOperationId":"k4yqsdex2o1yabg"}
{"type":"log","timestamp":1704829871855,"level":"info","message":"Rendering template { name: orders-header, recipe: chrome-pdf, engine: handlebars, preview: false }","meta":{"rootId":"p23be5t89soi528","id":"17672j15j1b8zoh"},"id":"zztfrgtvm2wdxkd","previousOperationId":"k4yqsdex2o1yabg"}
{"type":"log","timestamp":1704829871857,"level":"debug","message":"Inline data specified.","meta":{"rootId":"p23be5t89soi528","id":"17672j15j1b8zoh"},"id":"dxvqw3dlm72b9uj","previousOperationId":"k4yqsdex2o1yabg"}
{"type":"log","timestamp":1704829871859,"level":"debug","message":"Base url not specified, skipping its injection.","meta":{"rootId":"p23be5t89soi528","id":"17672j15j1b8zoh"},"id":"gnsnc37d2mr4bfr","previousOperationId":"k4yqsdex2o1yabg"}
{"type":"operationStart","subtype":"engine","name":"handlebars","timestamp":1704829871859,"id":"6qu0m6s3ihhwddv","previousEventId":"4s0ycb4aw47p8ii","operationId":"3o70njxclz9elvp","previousOperationId":"k4yqsdex2o1yabg"}
{"type":"log","timestamp":1704829871859,"level":"debug","message":"Rendering engine handlebars","meta":{"rootId":"p23be5t89soi528","id":"17672j15j1b8zoh"},"id":"ogxayld6pnalbpa","previousOperationId":"3o70njxclz9elvp"}
{"type":"operationEnd","operationId":"3o70njxclz9elvp","timestamp":1704829871877,"id":"bcv2e79rzximfxc","previousEventId":"6qu0m6s3ihhwddv","previousOperationId":"3o70njxclz9elvp"}
{"type":"operationStart","subtype":"recipe","name":"chrome-pdf","timestamp":1704829871878,"id":"6h3nqkv5m5sv5xz","previousEventId":"bcv2e79rzximfxc","operationId":"98u7vio5f0p9hes","previousOperationId":"3o70njxclz9elvp"}
{"type":"log","timestamp":1704829871878,"level":"debug","message":"Executing recipe chrome-pdf","meta":{"rootId":"p23be5t89soi528","id":"17672j15j1b8zoh"},"id":"n3xqmbm1q9kz3t3","previousOperationId":"98u7vio5f0p9hes"}
{"type":"log","timestamp":1704829871881,"level":"debug","message":"Converting with chrome HeadlessChrome/117.0.5938.149 using chrome-pool strategy","meta":{"rootId":"p23be5t89soi528","id":"17672j15j1b8zoh"},"id":"gxm1xcqh2sgnuuj","previousOperationId":"98u7vio5f0p9hes"}
{"type":"log","timestamp":1704829871991,"level":"debug","message":"Page request: GET (document) file:///C:/Users/ratha/AppData/Local/Temp/jsreport/autocleanup/4d005446-8150-4a31-9488-0ad8293299a5-chrome-pdf.html","meta":{"rootId":"p23be5t89soi528","id":"17672j15j1b8zoh"},"id":"t3ottzeo27s0w9h","previousOperationId":"98u7vio5f0p9hes"}
{"type":"log","timestamp":1704829872005,"level":"debug","message":"Page request: GET (stylesheet) https://cdnjs.cloudflare.com/ajax/libs/metro/4.1.5/css/metro.min.css","meta":{"rootId":"p23be5t89soi528","id":"17672j15j1b8zoh"},"id":"hasyb5774365k1j","previousOperationId":"98u7vio5f0p9hes"}
{"type":"log","timestamp":1704829872005,"level":"debug","message":"Page request finished: GET (document) 200 file:///C:/Users/ratha/AppData/Local/Temp/jsreport/autocleanup/4d005446-8150-4a31-9488-0ad8293299a5-chrome-pdf.html","meta":{"rootId":"p23be5t89soi528","id":"17672j15j1b8zoh"},"id":"lr3a8sdnv6pa9v9","previousOperationId":"98u7vio5f0p9hes"}
{"type":"log","timestamp":1704829872022,"level":"debug","message":"Page request finished: GET (stylesheet) 200 https://cdnjs.cloudflare.com/ajax/libs/metro/4.1.5/css/metro.min.css","meta":{"rootId":"p23be5t89soi528","id":"17672j15j1b8zoh"},"id":"kr4sf90rnqv2j3o","previousOperationId":"98u7vio5f0p9hes"}
{"type":"log","timestamp":1704829872042,"level":"debug","message":"Running chrome with params {\"printBackground\":true,\"marginTop\":\"1.5cm\",\"marginRight\":\"1.5cm\",\"marginLeft\":\"1.cm\",\"timeout\":56037,\"margin\":{\"top\":\"1.5cm\",\"right\":\"1.5cm\",\"left\":\"1.cm\"}}","meta":{"rootId":"p23be5t89soi528","id":"17672j15j1b8zoh"},"id":"jc5j0p0c5iv65pr","previousOperationId":"98u7vio5f0p9hes"}
{"type":"operationEnd","operationId":"98u7vio5f0p9hes","timestamp":1704829872085,"id":"g3qhxgp4tobgvzg","previousEventId":"6h3nqkv5m5sv5xz","previousOperationId":"98u7vio5f0p9hes"}
{"type":"log","timestamp":1704829872086,"level":"debug","message":"Skipping storing report.","meta":{"rootId":"p23be5t89soi528","id":"17672j15j1b8zoh"},"id":"tt18gvxrnsmoysq","previousOperationId":"98u7vio5f0p9hes"}
{"type":"log","timestamp":1704829872086,"level":"info","message":"Rendering (child) request finished in 4170 ms","meta":{"rootId":"p23be5t89soi528","id":"17672j15j1b8zoh"},"id":"umknp1hfb9ygclj","previousOperationId":"98u7vio5f0p9hes"}
{"type":"operationEnd","subtype":"render","operationId":"k4yqsdex2o1yabg","timestamp":1704829872086,"id":"l046vgi5w2bl6jk","previousEventId":"g3qhxgp4tobgvzg","previousOperationId":"98u7vio5f0p9hes"}
{"type":"operationEnd","operationId":"z7zawam86tsfmzn","timestamp":1704829872120,"id":"fyo7mwt5g7imlq1","previousEventId":"wb7p5ubf2fz2909","previousOperationId":"z7zawam86tsfmzn"}
{"type":"log","timestamp":1704829872120,"level":"debug","message":"pdf-utils postproces start","meta":{"rootId":"p23be5t89soi528","id":"p23be5t89soi528"},"id":"x7uvlj10dqpfhq8","previousOperationId":"z7zawam86tsfmzn"}
{"type":"log","timestamp":1704829872146,"level":"debug","message":"pdf-utils postproces end","meta":{"rootId":"p23be5t89soi528","id":"p23be5t89soi528"},"id":"t50ztoepewevk7v","previousOperationId":"z7zawam86tsfmzn"}
{"type":"operationEnd","operationId":"7v4cbsgj4u2th21","timestamp":1704829872146,"id":"azj6lyqmy8jwuzz","previousEventId":"fyo7mwt5g7imlq1","previousOperationId":"z7zawam86tsfmzn"}
{"type":"log","timestamp":1704829872146,"level":"info","message":"pdf-utils pdf processing was finished","meta":{"rootId":"p23be5t89soi528","id":"p23be5t89soi528"},"id":"4kn7qwly04eb53r","previousOperationId":"7v4cbsgj4u2th21"}
{"type":"log","timestamp":1704829872146,"level":"debug","message":"Skipping storing report.","meta":{"rootId":"p23be5t89soi528","id":"p23be5t89soi528"},"id":"271i1qxnaxmi2yu","previousOperationId":"7v4cbsgj4u2th21"}
{"type":"log","timestamp":1704829872146,"level":"info","message":"Rendering request 2 finished in 4230 ms","meta":{"rootId":"p23be5t89soi528","id":"p23be5t89soi528"},"id":"i1nuwnh76zn0er7","previousOperationId":"7v4cbsgj4u2th21"}
{"type":"operationEnd","subtype":"render","operationId":"iwmvbodt1etqaot","timestamp":1704829872146,"id":"z6r1murgx5p50uy","previousEventId":"azj6lyqmy8jwuzz","previousOperationId":"7v4cbsgj4u2th21"}
{"type":"operationEnd","doDiffs":false,"previousEventId":"3o4xe1okpyh6idp","previousOperationId":"e40kpangdmasps5","operationId":"e40kpangdmasps5","timestamp":1704829872152,"id":"iv5vors1bvuhw3h"}
