{"type":"operationStart","subtype":"profile","data":{"_id":"DWNAn3RZBlqlVXvJ","timestamp":"2024-01-10T19:35:21.357Z","state":"queued","mode":"standard","creationDate":"2024-01-10T19:35:21.359Z","modificationDate":"2024-01-10T19:35:21.359Z","shortid":"ksa2maL","$entitySet":"profiles"},"doDiffs":false,"timestamp":1704915321358,"id":"c8l0aqc63bkbyyy","previousOperationId":null,"operationId":"5rsdl9lkmzmfklh"}
{"type":"log","level":"info","message":"Render request 3 queued for execution and waiting for available worker","previousOperationId":"5rsdl9lkmzmfklh","timestamp":1704915321359,"id":"iydatd6h83eg4j6"}
{"type":"operationStart","subtype":"render","name":"orders-main","previousOperationId":"5rsdl9lkmzmfklh","timestamp":1704915321372,"id":"j2mljn7vrvgr863","previousEventId":"c8l0aqc63bkbyyy","operationId":"wwl74l18swxtpvf"}
{"type":"log","timestamp":1704915321372,"level":"info","message":"Starting rendering request 3","meta":{"rootId":"tuy3mzugcheqflc","id":"tuy3mzugcheqflc"},"id":"1q8q372g5y78q13","previousOperationId":"wwl74l18swxtpvf"}
{"type":"log","timestamp":1704915321372,"level":"info","message":"Rendering template { name: orders-main, recipe: chrome-pdf, engine: handlebars, preview: true }","meta":{"rootId":"tuy3mzugcheqflc","id":"tuy3mzugcheqflc"},"id":"wja9wnufj2wgh61","previousOperationId":"wwl74l18swxtpvf"}
{"type":"log","timestamp":1704915321373,"level":"debug","message":"Data item not defined for this template.","meta":{"rootId":"tuy3mzugcheqflc","id":"tuy3mzugcheqflc"},"id":"ne2p4x1eu4cm4kj","previousOperationId":"wwl74l18swxtpvf"}
{"type":"log","timestamp":1704915321380,"level":"debug","message":"Executing script orders-script (beforeRender)","meta":{"rootId":"tuy3mzugcheqflc","id":"tuy3mzugcheqflc"},"id":"1rqvm6tdrj1ys81","previousOperationId":"wwl74l18swxtpvf"}
{"type":"operationStart","subtype":"scriptsBeforeRender","name":"scripts beforeRender","timestamp":1704915321460,"id":"qfj9i5ojn5t2za3","previousEventId":"j2mljn7vrvgr863","operationId":"h2ktqb4jdowms1a","previousOperationId":"wwl74l18swxtpvf"}
{"type":"operationStart","subtype":"script","name":"scripts orders-script","previousOperationId":"h2ktqb4jdowms1a","timestamp":1704915321460,"id":"m9p1jjc35lvnt5l","previousEventId":"qfj9i5ojn5t2za3","operationId":"c7y91j6dd092gsw"}
{"type":"operationEnd","operationId":"c7y91j6dd092gsw","timestamp":1704915323064,"id":"hvle952rd1clvo9","previousEventId":"j2mljn7vrvgr863","previousOperationId":"wwl74l18swxtpvf"}
{"type":"operationEnd","operationId":"h2ktqb4jdowms1a","timestamp":1704915323064,"id":"nxmzqnkp6edhmtx","previousEventId":"hvle952rd1clvo9","previousOperationId":"wwl74l18swxtpvf"}
{"type":"log","timestamp":1704915323064,"level":"debug","message":"Base url not specified, skipping its injection.","meta":{"rootId":"tuy3mzugcheqflc","id":"tuy3mzugcheqflc"},"id":"d98zldi2jpywcbd","previousOperationId":"h2ktqb4jdowms1a"}
{"type":"operationStart","subtype":"engine","name":"handlebars","timestamp":1704915323065,"id":"ajys246jxvxt4tk","previousEventId":"nxmzqnkp6edhmtx","operationId":"ym88axwqaequc1t","previousOperationId":"h2ktqb4jdowms1a"}
{"type":"log","timestamp":1704915323065,"level":"debug","message":"Rendering engine handlebars","meta":{"rootId":"tuy3mzugcheqflc","id":"tuy3mzugcheqflc"},"id":"67m6v4b3uz8ts95","previousOperationId":"ym88axwqaequc1t"}
{"type":"log","timestamp":1704915323091,"level":"debug","message":"(console:log) Pdf utils adding group field, value: \"France\"","meta":{"userLevel":true,"rootId":"tuy3mzugcheqflc","id":"tuy3mzugcheqflc"},"id":"beyz2ozorymxy9t","previousOperationId":"ym88axwqaequc1t"}
{"type":"log","timestamp":1704915323092,"level":"debug","message":"(console:log) Pdf utils adding group field, value: \"Germany\"","meta":{"userLevel":true,"rootId":"tuy3mzugcheqflc","id":"tuy3mzugcheqflc"},"id":"q4e05auh79eoyjs","previousOperationId":"ym88axwqaequc1t"}
{"type":"operationEnd","operationId":"ym88axwqaequc1t","timestamp":1704915323092,"id":"ynqmji2dyldo517","previousEventId":"ajys246jxvxt4tk","previousOperationId":"ym88axwqaequc1t"}
{"type":"operationStart","subtype":"recipe","name":"chrome-pdf","timestamp":1704915323093,"id":"3mcjp2znf0af54r","previousEventId":"ynqmji2dyldo517","operationId":"vdlg2vzs9o8vg9j","previousOperationId":"ym88axwqaequc1t"}
{"type":"log","timestamp":1704915323093,"level":"debug","message":"Executing recipe chrome-pdf","meta":{"rootId":"tuy3mzugcheqflc","id":"tuy3mzugcheqflc"},"id":"v6dxgvkxbgszpfu","previousOperationId":"vdlg2vzs9o8vg9j"}
{"type":"log","timestamp":1704915323096,"level":"debug","message":"Converting with chrome HeadlessChrome/117.0.5938.149 using chrome-pool strategy","meta":{"rootId":"tuy3mzugcheqflc","id":"tuy3mzugcheqflc"},"id":"n08k8teo1exeapi","previousOperationId":"vdlg2vzs9o8vg9j"}
{"type":"log","timestamp":1704915323223,"level":"debug","message":"Page request: GET (document) file:///C:/Users/ratha/AppData/Local/Temp/jsreport/autocleanup/92e5b1a0-d516-4175-ad81-2a30de970232-chrome-pdf.html","meta":{"rootId":"tuy3mzugcheqflc","id":"tuy3mzugcheqflc"},"id":"1p3osnz4eb3o6sd","previousOperationId":"vdlg2vzs9o8vg9j"}
{"type":"log","timestamp":1704915323240,"level":"debug","message":"Page request: GET (stylesheet) https://cdnjs.cloudflare.com/ajax/libs/metro/4.1.5/css/metro.min.css","meta":{"rootId":"tuy3mzugcheqflc","id":"tuy3mzugcheqflc"},"id":"wkl4ofosnl5ioc1","previousOperationId":"vdlg2vzs9o8vg9j"}
{"type":"log","timestamp":1704915323241,"level":"debug","message":"Page request: GET (script) https://cdnjs.cloudflare.com/ajax/libs/Chart.js/2.7.2/Chart.min.js","meta":{"rootId":"tuy3mzugcheqflc","id":"tuy3mzugcheqflc"},"id":"d3dy49g86hg4ly2","previousOperationId":"vdlg2vzs9o8vg9j"}
{"type":"log","timestamp":1704915323241,"level":"debug","message":"Page request finished: GET (document) 200 file:///C:/Users/ratha/AppData/Local/Temp/jsreport/autocleanup/92e5b1a0-d516-4175-ad81-2a30de970232-chrome-pdf.html","meta":{"rootId":"tuy3mzugcheqflc","id":"tuy3mzugcheqflc"},"id":"vo9hmuaxfv1qg2a","previousOperationId":"vdlg2vzs9o8vg9j"}
{"type":"log","timestamp":1704915323475,"level":"debug","message":"Page request finished: GET (stylesheet) 200 https://cdnjs.cloudflare.com/ajax/libs/metro/4.1.5/css/metro.min.css","meta":{"rootId":"tuy3mzugcheqflc","id":"tuy3mzugcheqflc"},"id":"xerik8ystnn6fu9","previousOperationId":"vdlg2vzs9o8vg9j"}
{"type":"log","timestamp":1704915323475,"level":"debug","message":"Page request finished: GET (script) 200 https://cdnjs.cloudflare.com/ajax/libs/Chart.js/2.7.2/Chart.min.js","meta":{"rootId":"tuy3mzugcheqflc","id":"tuy3mzugcheqflc"},"id":"zarvf6axctfqav1","previousOperationId":"vdlg2vzs9o8vg9j"}
{"type":"log","timestamp":1704915323546,"level":"debug","message":"Running chrome with params {\"printBackground\":true,\"marginTop\":\"4cm\",\"marginRight\":\"1.5cm\",\"marginBottom\":\"1.5cm\",\"marginLeft\":\"1.5cm\",\"waitForJS\":false,\"timeout\":58262,\"margin\":{\"top\":\"4cm\",\"right\":\"1.5cm\",\"bottom\":\"1.5cm\",\"left\":\"1.5cm\"}}","meta":{"rootId":"tuy3mzugcheqflc","id":"tuy3mzugcheqflc"},"id":"3i8wrb14zw4i93l","previousOperationId":"vdlg2vzs9o8vg9j"}
{"type":"operationEnd","operationId":"vdlg2vzs9o8vg9j","timestamp":1704915323708,"id":"w4za8an36am9jat","previousEventId":"3mcjp2znf0af54r","previousOperationId":"vdlg2vzs9o8vg9j"}
{"type":"log","timestamp":1704915323708,"level":"info","message":"pdf-utils is starting pdf processing","meta":{"rootId":"tuy3mzugcheqflc","id":"tuy3mzugcheqflc"},"id":"gc5nu8o3huenmqb","previousOperationId":"vdlg2vzs9o8vg9j"}
{"type":"operationStart","subtype":"pdfUtils","name":"pdf utils","timestamp":1704915325187,"id":"3aupwizlxexp9jd","previousEventId":"w4za8an36am9jat","operationId":"yshm92m17q1pcp0","previousOperationId":"vdlg2vzs9o8vg9j"}
{"type":"log","timestamp":1704915325188,"level":"debug","message":"pdf-utils detected 1 pdf operation(s) to process","meta":{"rootId":"tuy3mzugcheqflc","id":"tuy3mzugcheqflc"},"id":"3fkdfttm69vvzvo","previousOperationId":"yshm92m17q1pcp0"}
{"type":"log","timestamp":1704915325472,"level":"debug","message":"pdf-utils running pdf operation merge","meta":{"rootId":"tuy3mzugcheqflc","id":"tuy3mzugcheqflc"},"id":"6aro3u0ngae5xzj","previousOperationId":"yshm92m17q1pcp0"}
{"type":"operationStart","subtype":"pdfUtilsMerge","name":"pdf utils merge","previousOperationId":"yshm92m17q1pcp0","timestamp":1704915325472,"id":"25tbxdnncb31i47","previousEventId":"3aupwizlxexp9jd","operationId":"7ivejxc5qlkbr3u"}
{"type":"operationStart","subtype":"render","name":"orders-header","previousOperationId":"7ivejxc5qlkbr3u","timestamp":1704915325473,"id":"l9e5772wqz6sf59","previousEventId":"25tbxdnncb31i47","operationId":"5jv5fve9d1z8ouo"}
{"type":"log","timestamp":1704915325473,"level":"info","message":"Starting rendering (child) request","meta":{"rootId":"tuy3mzugcheqflc","id":"30iuz515r424ep6"},"id":"iubz39e3fkq391d","previousOperationId":"5jv5fve9d1z8ouo"}
{"type":"log","timestamp":1704915325473,"level":"info","message":"Rendering template { name: orders-header, recipe: chrome-pdf, engine: handlebars, preview: true }","meta":{"rootId":"tuy3mzugcheqflc","id":"30iuz515r424ep6"},"id":"xwkeb4a4ql19n8s","previousOperationId":"5jv5fve9d1z8ouo"}
{"type":"log","timestamp":1704915325479,"level":"debug","message":"Inline data specified.","meta":{"rootId":"tuy3mzugcheqflc","id":"30iuz515r424ep6"},"id":"96acwt4yby777kc","previousOperationId":"5jv5fve9d1z8ouo"}
{"type":"log","timestamp":1704915325481,"level":"debug","message":"Base url not specified, skipping its injection.","meta":{"rootId":"tuy3mzugcheqflc","id":"30iuz515r424ep6"},"id":"9q43e9b9h01ykxf","previousOperationId":"5jv5fve9d1z8ouo"}
{"type":"operationStart","subtype":"engine","name":"handlebars","timestamp":1704915325481,"id":"3487gojl01bdwt1","previousEventId":"l9e5772wqz6sf59","operationId":"7ydubh2jf12mifh","previousOperationId":"5jv5fve9d1z8ouo"}
{"type":"log","timestamp":1704915325481,"level":"debug","message":"Rendering engine handlebars","meta":{"rootId":"tuy3mzugcheqflc","id":"30iuz515r424ep6"},"id":"cfozlvx3qnjb50p","previousOperationId":"7ydubh2jf12mifh"}
{"type":"operationEnd","operationId":"7ydubh2jf12mifh","timestamp":1704915325584,"id":"j0lr1qi68l3yqia","previousEventId":"3487gojl01bdwt1","previousOperationId":"7ydubh2jf12mifh"}
{"type":"operationStart","subtype":"recipe","name":"chrome-pdf","timestamp":1704915325584,"id":"cm34wde32n7os18","previousEventId":"j0lr1qi68l3yqia","operationId":"9hc8crmy9kox9t6","previousOperationId":"7ydubh2jf12mifh"}
{"type":"log","timestamp":1704915325584,"level":"debug","message":"Executing recipe chrome-pdf","meta":{"rootId":"tuy3mzugcheqflc","id":"30iuz515r424ep6"},"id":"6vxp6fncgc4qeqo","previousOperationId":"9hc8crmy9kox9t6"}
{"type":"log","timestamp":1704915325587,"level":"debug","message":"Converting with chrome HeadlessChrome/117.0.5938.149 using chrome-pool strategy","meta":{"rootId":"tuy3mzugcheqflc","id":"30iuz515r424ep6"},"id":"u78pw9m20bkn43q","previousOperationId":"9hc8crmy9kox9t6"}
{"type":"log","timestamp":1704915325685,"level":"debug","message":"Page request: GET (document) file:///C:/Users/ratha/AppData/Local/Temp/jsreport/autocleanup/41171c4e-c12e-4df5-ae03-279225f640fe-chrome-pdf.html","meta":{"rootId":"tuy3mzugcheqflc","id":"30iuz515r424ep6"},"id":"lr8gxtcfib2k9mz","previousOperationId":"9hc8crmy9kox9t6"}
{"type":"log","timestamp":1704915325696,"level":"debug","message":"Page request: GET (stylesheet) https://cdnjs.cloudflare.com/ajax/libs/metro/4.1.5/css/metro.min.css","meta":{"rootId":"tuy3mzugcheqflc","id":"30iuz515r424ep6"},"id":"dfgw6mdttfupbdc","previousOperationId":"9hc8crmy9kox9t6"}
{"type":"log","timestamp":1704915325696,"level":"debug","message":"Page request finished: GET (document) 200 file:///C:/Users/ratha/AppData/Local/Temp/jsreport/autocleanup/41171c4e-c12e-4df5-ae03-279225f640fe-chrome-pdf.html","meta":{"rootId":"tuy3mzugcheqflc","id":"30iuz515r424ep6"},"id":"pq3ex9dsamso71x","previousOperationId":"9hc8crmy9kox9t6"}
{"type":"log","timestamp":1704915325713,"level":"debug","message":"Page request finished: GET (stylesheet) 200 https://cdnjs.cloudflare.com/ajax/libs/metro/4.1.5/css/metro.min.css","meta":{"rootId":"tuy3mzugcheqflc","id":"30iuz515r424ep6"},"id":"uflqytjlyetsv4d","previousOperationId":"9hc8crmy9kox9t6"}
{"type":"log","timestamp":1704915325737,"level":"debug","message":"Running chrome with params {\"printBackground\":true,\"marginTop\":\"1.5cm\",\"marginRight\":\"1.5cm\",\"marginLeft\":\"1.cm\",\"timeout\":55771,\"margin\":{\"top\":\"1.5cm\",\"right\":\"1.5cm\",\"left\":\"1.cm\"}}","meta":{"rootId":"tuy3mzugcheqflc","id":"30iuz515r424ep6"},"id":"svqa0cgu0niue1n","previousOperationId":"9hc8crmy9kox9t6"}
{"type":"operationEnd","operationId":"9hc8crmy9kox9t6","timestamp":1704915325779,"id":"k3o8fqih99ggx8h","previousEventId":"cm34wde32n7os18","previousOperationId":"9hc8crmy9kox9t6"}
{"type":"log","timestamp":1704915325779,"level":"debug","message":"Skipping storing report.","meta":{"rootId":"tuy3mzugcheqflc","id":"30iuz515r424ep6"},"id":"m10hwfoym3g9frt","previousOperationId":"9hc8crmy9kox9t6"}
{"type":"log","timestamp":1704915325779,"level":"info","message":"Rendering (child) request finished in 4422 ms","meta":{"rootId":"tuy3mzugcheqflc","id":"30iuz515r424ep6"},"id":"qefed4h78mdgcyl","previousOperationId":"9hc8crmy9kox9t6"}
{"type":"operationEnd","subtype":"render","operationId":"5jv5fve9d1z8ouo","timestamp":1704915325779,"id":"rnehbz6ppquklhy","previousEventId":"k3o8fqih99ggx8h","previousOperationId":"9hc8crmy9kox9t6"}
{"type":"operationEnd","operationId":"7ivejxc5qlkbr3u","timestamp":1704915325823,"id":"urw6ull33vj8z45","previousEventId":"25tbxdnncb31i47","previousOperationId":"7ivejxc5qlkbr3u"}
{"type":"log","timestamp":1704915325823,"level":"debug","message":"pdf-utils postproces start","meta":{"rootId":"tuy3mzugcheqflc","id":"tuy3mzugcheqflc"},"id":"9uxy7b14mes8md9","previousOperationId":"7ivejxc5qlkbr3u"}
{"type":"log","timestamp":1704915325851,"level":"debug","message":"pdf-utils postproces end","meta":{"rootId":"tuy3mzugcheqflc","id":"tuy3mzugcheqflc"},"id":"j50gsy0m66ch81o","previousOperationId":"7ivejxc5qlkbr3u"}
{"type":"operationEnd","operationId":"yshm92m17q1pcp0","timestamp":1704915325851,"id":"kcpfn956und2ktx","previousEventId":"urw6ull33vj8z45","previousOperationId":"7ivejxc5qlkbr3u"}
{"type":"log","timestamp":1704915325851,"level":"info","message":"pdf-utils pdf processing was finished","meta":{"rootId":"tuy3mzugcheqflc","id":"tuy3mzugcheqflc"},"id":"6anyjyhu6folnbu","previousOperationId":"yshm92m17q1pcp0"}
{"type":"log","timestamp":1704915325851,"level":"debug","message":"Skipping storing report.","meta":{"rootId":"tuy3mzugcheqflc","id":"tuy3mzugcheqflc"},"id":"7bx57ylw6ddpeun","previousOperationId":"yshm92m17q1pcp0"}
{"type":"log","timestamp":1704915325852,"level":"info","message":"Rendering request 3 finished in 4495 ms","meta":{"rootId":"tuy3mzugcheqflc","id":"tuy3mzugcheqflc"},"id":"c6wa5u6cl5jf88q","previousOperationId":"yshm92m17q1pcp0"}
{"type":"operationEnd","subtype":"render","operationId":"wwl74l18swxtpvf","timestamp":1704915325852,"id":"jwy8te90j4if2vz","previousEventId":"kcpfn956und2ktx","previousOperationId":"yshm92m17q1pcp0"}
{"type":"operationEnd","doDiffs":false,"previousEventId":"c8l0aqc63bkbyyy","previousOperationId":"5rsdl9lkmzmfklh","operationId":"5rsdl9lkmzmfklh","timestamp":1704915325863,"id":"d2lap54e5jakusa"}
