{"type":"operationStart","subtype":"profile","data":{"_id":"w67YbJ5GRY9W38NT","timestamp":"2024-01-15T17:41:07.396Z","state":"queued","mode":"standard","creationDate":"2024-01-15T17:41:07.399Z","modificationDate":"2024-01-15T17:41:07.399Z","shortid":"DnznAUm","$entitySet":"profiles"},"doDiffs":false,"timestamp":1705340467398,"id":"taf6w3b58cx0tqd","previousOperationId":null,"operationId":"10tt5uf8pcx0jo5"}
{"type":"log","level":"info","message":"Render request 1 queued for execution and waiting for available worker","previousOperationId":"10tt5uf8pcx0jo5","timestamp":1705340467398,"id":"pqh7u3qdh4u6t1o"}
{"type":"operationStart","subtype":"render","name":"orders-main","previousOperationId":"10tt5uf8pcx0jo5","timestamp":1705340467432,"id":"17eirf1n1s6dhiw","previousEventId":"taf6w3b58cx0tqd","operationId":"g7j0pf6hce7msr5"}
{"type":"log","timestamp":1705340467434,"level":"info","message":"Starting rendering request 1","meta":{"rootId":"vawhardfmuo5axg","id":"vawhardfmuo5axg"},"id":"9pbu2nw6cl4t7x7","previousOperationId":"g7j0pf6hce7msr5"}
{"type":"log","timestamp":1705340467435,"level":"info","message":"Rendering template { name: orders-main, recipe: chrome-pdf, engine: handlebars, preview: true }","meta":{"rootId":"vawhardfmuo5axg","id":"vawhardfmuo5axg"},"id":"3zx0gz3yri1s73z","previousOperationId":"g7j0pf6hce7msr5"}
{"type":"log","timestamp":1705340467438,"level":"debug","message":"Data item not defined for this template.","meta":{"rootId":"vawhardfmuo5axg","id":"vawhardfmuo5axg"},"id":"rxuam9y22b2wqhf","previousOperationId":"g7j0pf6hce7msr5"}
{"type":"log","timestamp":1705340467442,"level":"debug","message":"Executing script orders-script (beforeRender)","meta":{"rootId":"vawhardfmuo5axg","id":"vawhardfmuo5axg"},"id":"rv8lbq3jl5eungy","previousOperationId":"g7j0pf6hce7msr5"}
{"type":"operationStart","subtype":"scriptsBeforeRender","name":"scripts beforeRender","timestamp":1705340468651,"id":"lrz4dinrxkqc39j","previousEventId":"17eirf1n1s6dhiw","operationId":"r9n37rbqrxrf8fh","previousOperationId":"g7j0pf6hce7msr5"}
{"type":"operationStart","subtype":"script","name":"scripts orders-script","previousOperationId":"r9n37rbqrxrf8fh","timestamp":1705340468651,"id":"gkza7fy4kp5882h","previousEventId":"lrz4dinrxkqc39j","operationId":"v3nlrvgqq852c49"}
{"type":"operationEnd","operationId":"v3nlrvgqq852c49","timestamp":1705340470542,"id":"uthff0gze9oxnd6","previousEventId":"17eirf1n1s6dhiw","previousOperationId":"g7j0pf6hce7msr5"}
{"type":"operationEnd","operationId":"r9n37rbqrxrf8fh","timestamp":1705340470543,"id":"xpsb5zxhh41r3ry","previousEventId":"uthff0gze9oxnd6","previousOperationId":"g7j0pf6hce7msr5"}
{"type":"log","timestamp":1705340470543,"level":"debug","message":"Base url not specified, skipping its injection.","meta":{"rootId":"vawhardfmuo5axg","id":"vawhardfmuo5axg"},"id":"saxhcs8rlfz734e","previousOperationId":"r9n37rbqrxrf8fh"}
{"type":"operationStart","subtype":"engine","name":"handlebars","timestamp":1705340470545,"id":"qpjqczupgb7gmsb","previousEventId":"xpsb5zxhh41r3ry","operationId":"cmu4isjoeruft49","previousOperationId":"r9n37rbqrxrf8fh"}
{"type":"log","timestamp":1705340470545,"level":"debug","message":"Rendering engine handlebars","meta":{"rootId":"vawhardfmuo5axg","id":"vawhardfmuo5axg"},"id":"pmfjxqgwwem519x","previousOperationId":"cmu4isjoeruft49"}
{"type":"log","timestamp":1705340471343,"level":"debug","message":"(console:log) Pdf utils adding group field, value: \"France\"","meta":{"userLevel":true,"rootId":"vawhardfmuo5axg","id":"vawhardfmuo5axg"},"id":"l5v7rtekponhunk","previousOperationId":"cmu4isjoeruft49"}
{"type":"log","timestamp":1705340471344,"level":"debug","message":"(console:log) Pdf utils adding group field, value: \"Germany\"","meta":{"userLevel":true,"rootId":"vawhardfmuo5axg","id":"vawhardfmuo5axg"},"id":"td9otc2d3m3yfkw","previousOperationId":"cmu4isjoeruft49"}
{"type":"operationEnd","operationId":"cmu4isjoeruft49","timestamp":1705340471344,"id":"bq9c7wsegkq171b","previousEventId":"qpjqczupgb7gmsb","previousOperationId":"cmu4isjoeruft49"}
{"type":"operationStart","subtype":"recipe","name":"chrome-pdf","timestamp":1705340471346,"id":"6xclibg6ow95qi9","previousEventId":"bq9c7wsegkq171b","operationId":"ssx3f01d8yg536v","previousOperationId":"cmu4isjoeruft49"}
{"type":"log","timestamp":1705340471346,"level":"debug","message":"Executing recipe chrome-pdf","meta":{"rootId":"vawhardfmuo5axg","id":"vawhardfmuo5axg"},"id":"wues37spuo3mew1","previousOperationId":"ssx3f01d8yg536v"}
{"type":"log","timestamp":1705340472861,"level":"debug","message":"Converting with chrome HeadlessChrome/117.0.5938.149 using chrome-pool strategy","meta":{"rootId":"vawhardfmuo5axg","id":"vawhardfmuo5axg"},"id":"12z2e3zho1qqhi4","previousOperationId":"ssx3f01d8yg536v"}
{"type":"log","timestamp":1705340473507,"level":"debug","message":"Page request: GET (document) file:///C:/Users/ratha/AppData/Local/Temp/jsreport/autocleanup/4674abcd-430c-4247-9696-d2d2930e4981-chrome-pdf.html","meta":{"rootId":"vawhardfmuo5axg","id":"vawhardfmuo5axg"},"id":"7ko38lbbpgby8va","previousOperationId":"ssx3f01d8yg536v"}
{"type":"log","timestamp":1705340473517,"level":"debug","message":"Page request: GET (stylesheet) https://cdnjs.cloudflare.com/ajax/libs/metro/4.1.5/css/metro.min.css","meta":{"rootId":"vawhardfmuo5axg","id":"vawhardfmuo5axg"},"id":"5y8wxhfu7nidm3t","previousOperationId":"ssx3f01d8yg536v"}
{"type":"log","timestamp":1705340473518,"level":"debug","message":"Page request: GET (script) https://cdnjs.cloudflare.com/ajax/libs/Chart.js/2.7.2/Chart.min.js","meta":{"rootId":"vawhardfmuo5axg","id":"vawhardfmuo5axg"},"id":"chtm5qjim83lfs2","previousOperationId":"ssx3f01d8yg536v"}
{"type":"log","timestamp":1705340473518,"level":"debug","message":"Page request finished: GET (document) 200 file:///C:/Users/ratha/AppData/Local/Temp/jsreport/autocleanup/4674abcd-430c-4247-9696-d2d2930e4981-chrome-pdf.html","meta":{"rootId":"vawhardfmuo5axg","id":"vawhardfmuo5axg"},"id":"fukxmiy8txe2b73","previousOperationId":"ssx3f01d8yg536v"}
{"type":"log","timestamp":1705340477614,"level":"debug","message":"Page request finished: GET (stylesheet) 200 https://cdnjs.cloudflare.com/ajax/libs/metro/4.1.5/css/metro.min.css","meta":{"rootId":"vawhardfmuo5axg","id":"vawhardfmuo5axg"},"id":"us66dppna6xhcvc","previousOperationId":"ssx3f01d8yg536v"}
{"type":"log","timestamp":1705340477614,"level":"debug","message":"Page request finished: GET (script) 200 https://cdnjs.cloudflare.com/ajax/libs/Chart.js/2.7.2/Chart.min.js","meta":{"rootId":"vawhardfmuo5axg","id":"vawhardfmuo5axg"},"id":"sd9tj3hf5qqocgc","previousOperationId":"ssx3f01d8yg536v"}
{"type":"log","timestamp":1705340477698,"level":"debug","message":"Running chrome with params {\"printBackground\":true,\"marginTop\":\"4cm\",\"marginRight\":\"1.5cm\",\"marginBottom\":\"1.5cm\",\"marginLeft\":\"1.5cm\",\"waitForJS\":false,\"timeout\":55558,\"margin\":{\"top\":\"4cm\",\"right\":\"1.5cm\",\"bottom\":\"1.5cm\",\"left\":\"1.5cm\"}}","meta":{"rootId":"vawhardfmuo5axg","id":"vawhardfmuo5axg"},"id":"1us9ia5vj5arqy6","previousOperationId":"ssx3f01d8yg536v"}
{"type":"operationEnd","operationId":"ssx3f01d8yg536v","timestamp":1705340477853,"id":"69tt1jw6pnddhcd","previousEventId":"6xclibg6ow95qi9","previousOperationId":"ssx3f01d8yg536v"}
{"type":"log","timestamp":1705340477854,"level":"info","message":"pdf-utils is starting pdf processing","meta":{"rootId":"vawhardfmuo5axg","id":"vawhardfmuo5axg"},"id":"k9yiispwghy4za7","previousOperationId":"ssx3f01d8yg536v"}
{"type":"operationStart","subtype":"pdfUtils","name":"pdf utils","timestamp":1705340479157,"id":"6fkbw04qpmi35bf","previousEventId":"69tt1jw6pnddhcd","operationId":"uyshav054rjk278","previousOperationId":"ssx3f01d8yg536v"}
{"type":"log","timestamp":1705340479157,"level":"debug","message":"pdf-utils detected 1 pdf operation(s) to process","meta":{"rootId":"vawhardfmuo5axg","id":"vawhardfmuo5axg"},"id":"ebk22crg2g4l7wl","previousOperationId":"uyshav054rjk278"}
{"type":"log","timestamp":1705340479435,"level":"debug","message":"pdf-utils running pdf operation merge","meta":{"rootId":"vawhardfmuo5axg","id":"vawhardfmuo5axg"},"id":"vscp2qdxfttw04x","previousOperationId":"uyshav054rjk278"}
{"type":"operationStart","subtype":"pdfUtilsMerge","name":"pdf utils merge","previousOperationId":"uyshav054rjk278","timestamp":1705340479435,"id":"bxj00ceryscoxbr","previousEventId":"6fkbw04qpmi35bf","operationId":"yr41kw392kgh4vw"}
{"type":"operationStart","subtype":"render","name":"orders-header","previousOperationId":"yr41kw392kgh4vw","timestamp":1705340479436,"id":"1q4hne4rkig56ms","previousEventId":"bxj00ceryscoxbr","operationId":"l4dpax7xnx4lnrz"}
{"type":"log","timestamp":1705340479436,"level":"info","message":"Starting rendering (child) request","meta":{"rootId":"vawhardfmuo5axg","id":"ovo84sdcly37wtj"},"id":"n1byy3d8pvu10px","previousOperationId":"l4dpax7xnx4lnrz"}
{"type":"log","timestamp":1705340479436,"level":"info","message":"Rendering template { name: orders-header, recipe: chrome-pdf, engine: handlebars, preview: true }","meta":{"rootId":"vawhardfmuo5axg","id":"ovo84sdcly37wtj"},"id":"m9dhwr4xeitntgk","previousOperationId":"l4dpax7xnx4lnrz"}
{"type":"log","timestamp":1705340479442,"level":"debug","message":"Inline data specified.","meta":{"rootId":"vawhardfmuo5axg","id":"ovo84sdcly37wtj"},"id":"yl1pzd4vacubp07","previousOperationId":"l4dpax7xnx4lnrz"}
{"type":"log","timestamp":1705340479445,"level":"debug","message":"Base url not specified, skipping its injection.","meta":{"rootId":"vawhardfmuo5axg","id":"ovo84sdcly37wtj"},"id":"ogzkmlydx7m7b5s","previousOperationId":"l4dpax7xnx4lnrz"}
{"type":"operationStart","subtype":"engine","name":"handlebars","timestamp":1705340479445,"id":"hq3xgns54zi5ytt","previousEventId":"1q4hne4rkig56ms","operationId":"76cli8t6s3spaav","previousOperationId":"l4dpax7xnx4lnrz"}
{"type":"log","timestamp":1705340479445,"level":"debug","message":"Rendering engine handlebars","meta":{"rootId":"vawhardfmuo5axg","id":"ovo84sdcly37wtj"},"id":"lvo7busv6k0m3jv","previousOperationId":"76cli8t6s3spaav"}
{"type":"operationEnd","operationId":"76cli8t6s3spaav","timestamp":1705340479491,"id":"k2bk92ygtjmx340","previousEventId":"hq3xgns54zi5ytt","previousOperationId":"76cli8t6s3spaav"}
{"type":"operationStart","subtype":"recipe","name":"chrome-pdf","timestamp":1705340479491,"id":"z90jgoelti7pjkn","previousEventId":"k2bk92ygtjmx340","operationId":"dh867l8ft92s5g4","previousOperationId":"76cli8t6s3spaav"}
{"type":"log","timestamp":1705340479491,"level":"debug","message":"Executing recipe chrome-pdf","meta":{"rootId":"vawhardfmuo5axg","id":"ovo84sdcly37wtj"},"id":"p2b9y6x7zaq9b8i","previousOperationId":"dh867l8ft92s5g4"}
{"type":"log","timestamp":1705340479494,"level":"debug","message":"Converting with chrome HeadlessChrome/117.0.5938.149 using chrome-pool strategy","meta":{"rootId":"vawhardfmuo5axg","id":"ovo84sdcly37wtj"},"id":"zrdbigdnbx2fpve","previousOperationId":"dh867l8ft92s5g4"}
{"type":"log","timestamp":1705340479626,"level":"debug","message":"Page request: GET (document) file:///C:/Users/ratha/AppData/Local/Temp/jsreport/autocleanup/fb755d61-7d4c-4f4d-a05b-aaeccc1dce08-chrome-pdf.html","meta":{"rootId":"vawhardfmuo5axg","id":"ovo84sdcly37wtj"},"id":"wudbr4dq3sm6g9h","previousOperationId":"dh867l8ft92s5g4"}
{"type":"log","timestamp":1705340479641,"level":"debug","message":"Page request: GET (stylesheet) https://cdnjs.cloudflare.com/ajax/libs/metro/4.1.5/css/metro.min.css","meta":{"rootId":"vawhardfmuo5axg","id":"ovo84sdcly37wtj"},"id":"pzuv41u81ogmiul","previousOperationId":"dh867l8ft92s5g4"}
{"type":"log","timestamp":1705340479642,"level":"debug","message":"Page request finished: GET (document) 200 file:///C:/Users/ratha/AppData/Local/Temp/jsreport/autocleanup/fb755d61-7d4c-4f4d-a05b-aaeccc1dce08-chrome-pdf.html","meta":{"rootId":"vawhardfmuo5axg","id":"ovo84sdcly37wtj"},"id":"7ods98b5w5tn832","previousOperationId":"dh867l8ft92s5g4"}
{"type":"log","timestamp":1705340479659,"level":"debug","message":"Page request finished: GET (stylesheet) 200 https://cdnjs.cloudflare.com/ajax/libs/metro/4.1.5/css/metro.min.css","meta":{"rootId":"vawhardfmuo5axg","id":"ovo84sdcly37wtj"},"id":"x6sq0jk0xdalc2t","previousOperationId":"dh867l8ft92s5g4"}
{"type":"log","timestamp":1705340479680,"level":"debug","message":"Running chrome with params {\"printBackground\":true,\"marginTop\":\"1.5cm\",\"marginRight\":\"1.5cm\",\"marginLeft\":\"1.cm\",\"timeout\":47902,\"margin\":{\"top\":\"1.5cm\",\"right\":\"1.5cm\",\"left\":\"1.cm\"}}","meta":{"rootId":"vawhardfmuo5axg","id":"ovo84sdcly37wtj"},"id":"iogywuo0l6nden0","previousOperationId":"dh867l8ft92s5g4"}
{"type":"operationEnd","operationId":"dh867l8ft92s5g4","timestamp":1705340479722,"id":"phffabwyuj2i1z7","previousEventId":"z90jgoelti7pjkn","previousOperationId":"dh867l8ft92s5g4"}
{"type":"log","timestamp":1705340479722,"level":"debug","message":"Skipping storing report.","meta":{"rootId":"vawhardfmuo5axg","id":"ovo84sdcly37wtj"},"id":"v9q8zi0wn1fb9c8","previousOperationId":"dh867l8ft92s5g4"}
{"type":"log","timestamp":1705340479723,"level":"info","message":"Rendering (child) request finished in 12328 ms","meta":{"rootId":"vawhardfmuo5axg","id":"ovo84sdcly37wtj"},"id":"zfntzq0i7wnh602","previousOperationId":"dh867l8ft92s5g4"}
{"type":"operationEnd","subtype":"render","operationId":"l4dpax7xnx4lnrz","timestamp":1705340479723,"id":"zx433ios2794egr","previousEventId":"phffabwyuj2i1z7","previousOperationId":"dh867l8ft92s5g4"}
{"type":"operationEnd","operationId":"yr41kw392kgh4vw","timestamp":1705340479768,"id":"u2p8fvy4kvhsco3","previousEventId":"bxj00ceryscoxbr","previousOperationId":"yr41kw392kgh4vw"}
{"type":"log","timestamp":1705340479768,"level":"debug","message":"pdf-utils postproces start","meta":{"rootId":"vawhardfmuo5axg","id":"vawhardfmuo5axg"},"id":"jubf1ftuqz5ea6o","previousOperationId":"yr41kw392kgh4vw"}
{"type":"log","timestamp":1705340479790,"level":"debug","message":"pdf-utils postproces end","meta":{"rootId":"vawhardfmuo5axg","id":"vawhardfmuo5axg"},"id":"g569b37rr4wevc8","previousOperationId":"yr41kw392kgh4vw"}
{"type":"operationEnd","operationId":"uyshav054rjk278","timestamp":1705340479790,"id":"lhd70kjpkrvhepy","previousEventId":"u2p8fvy4kvhsco3","previousOperationId":"yr41kw392kgh4vw"}
{"type":"log","timestamp":1705340479790,"level":"info","message":"pdf-utils pdf processing was finished","meta":{"rootId":"vawhardfmuo5axg","id":"vawhardfmuo5axg"},"id":"5suz92y86apn1pv","previousOperationId":"uyshav054rjk278"}
{"type":"log","timestamp":1705340479790,"level":"debug","message":"Skipping storing report.","meta":{"rootId":"vawhardfmuo5axg","id":"vawhardfmuo5axg"},"id":"caocskqsikek0m3","previousOperationId":"uyshav054rjk278"}
{"type":"log","timestamp":1705340479790,"level":"info","message":"Rendering request 1 finished in 12395 ms","meta":{"rootId":"vawhardfmuo5axg","id":"vawhardfmuo5axg"},"id":"gw7a2tfuzlvwic9","previousOperationId":"uyshav054rjk278"}
{"type":"operationEnd","subtype":"render","operationId":"g7j0pf6hce7msr5","timestamp":1705340479790,"id":"nuicauwlgjykgvx","previousEventId":"lhd70kjpkrvhepy","previousOperationId":"uyshav054rjk278"}
{"type":"operationEnd","doDiffs":false,"previousEventId":"taf6w3b58cx0tqd","previousOperationId":"10tt5uf8pcx0jo5","operationId":"10tt5uf8pcx0jo5","timestamp":1705340479803,"id":"9dgjchcvqekt2r0"}
