{"type":"operationStart","subtype":"profile","data":{"_id":"czkpeHK0gG5NCbsp","timestamp":"2024-01-10T19:34:46.112Z","state":"queued","mode":"standard","creationDate":"2024-01-10T19:34:46.115Z","modificationDate":"2024-01-10T19:34:46.115Z","shortid":"E0LvXM0","$entitySet":"profiles"},"doDiffs":false,"timestamp":1704915286113,"id":"dko67f0iig9v5gz","previousOperationId":null,"operationId":"n2ghzl2nk4aewze"}
{"type":"log","level":"info","message":"Render request 2 queued for execution and waiting for available worker","previousOperationId":"n2ghzl2nk4aewze","timestamp":1704915286114,"id":"sso87xkg8wdplnj"}
{"type":"operationStart","subtype":"render","name":"orders-header","previousOperationId":"n2ghzl2nk4aewze","timestamp":1704915286127,"id":"ioktyazz614ypms","previousEventId":"dko67f0iig9v5gz","operationId":"31er5sxocg8tb7f"}
{"type":"log","timestamp":1704915286128,"level":"info","message":"Starting rendering request 2","meta":{"rootId":"nxa1dwt7ar9upbt","id":"nxa1dwt7ar9upbt"},"id":"23igy3ws0hsvwiu","previousOperationId":"31er5sxocg8tb7f"}
{"type":"log","timestamp":1704915286129,"level":"info","message":"Rendering template { name: orders-header, recipe: chrome-pdf, engine: handlebars, preview: true }","meta":{"rootId":"nxa1dwt7ar9upbt","id":"nxa1dwt7ar9upbt"},"id":"an2s3iy2emwiysr","previousOperationId":"31er5sxocg8tb7f"}
{"type":"log","timestamp":1704915286130,"level":"debug","message":"Data item not defined for this template.","meta":{"rootId":"nxa1dwt7ar9upbt","id":"nxa1dwt7ar9upbt"},"id":"rshqmqjz5nqvvv0","previousOperationId":"31er5sxocg8tb7f"}
{"type":"log","timestamp":1704915286133,"level":"debug","message":"Base url not specified, skipping its injection.","meta":{"rootId":"nxa1dwt7ar9upbt","id":"nxa1dwt7ar9upbt"},"id":"k6pq60damchqo50","previousOperationId":"31er5sxocg8tb7f"}
{"type":"operationStart","subtype":"engine","name":"handlebars","timestamp":1704915286134,"id":"b0sm1qg0kxh17eg","previousEventId":"ioktyazz614ypms","operationId":"rw8tk79m6ts2y3k","previousOperationId":"31er5sxocg8tb7f"}
{"type":"log","timestamp":1704915286134,"level":"debug","message":"Rendering engine handlebars","meta":{"rootId":"nxa1dwt7ar9upbt","id":"nxa1dwt7ar9upbt"},"id":"fwn8cn8112pdl0w","previousOperationId":"rw8tk79m6ts2y3k"}
{"type":"operationEnd","operationId":"rw8tk79m6ts2y3k","timestamp":1704915288064,"id":"5arxj1l9dw951if","previousEventId":"b0sm1qg0kxh17eg","previousOperationId":"rw8tk79m6ts2y3k"}
{"type":"operationStart","subtype":"recipe","name":"chrome-pdf","timestamp":1704915288065,"id":"lk727o32xjomhqq","previousEventId":"5arxj1l9dw951if","operationId":"758749ksd5wkx57","previousOperationId":"rw8tk79m6ts2y3k"}
{"type":"log","timestamp":1704915288065,"level":"debug","message":"Executing recipe chrome-pdf","meta":{"rootId":"nxa1dwt7ar9upbt","id":"nxa1dwt7ar9upbt"},"id":"zxskctowhl4u0wu","previousOperationId":"758749ksd5wkx57"}
{"type":"log","timestamp":1704915291281,"level":"debug","message":"Converting with chrome HeadlessChrome/117.0.5938.149 using chrome-pool strategy","meta":{"rootId":"nxa1dwt7ar9upbt","id":"nxa1dwt7ar9upbt"},"id":"fz81jc9zpuabyhc","previousOperationId":"758749ksd5wkx57"}
{"type":"log","timestamp":1704915291691,"level":"debug","message":"Page request: GET (document) file:///C:/Users/ratha/AppData/Local/Temp/jsreport/autocleanup/10cff8be-a72f-4575-aaa5-d6a237131b48-chrome-pdf.html","meta":{"rootId":"nxa1dwt7ar9upbt","id":"nxa1dwt7ar9upbt"},"id":"7vn52glxwc2qepb","previousOperationId":"758749ksd5wkx57"}
{"type":"log","timestamp":1704915291704,"level":"debug","message":"Page request: GET (stylesheet) https://cdnjs.cloudflare.com/ajax/libs/metro/4.1.5/css/metro.min.css","meta":{"rootId":"nxa1dwt7ar9upbt","id":"nxa1dwt7ar9upbt"},"id":"kd9tqvye61vrj7o","previousOperationId":"758749ksd5wkx57"}
{"type":"log","timestamp":1704915291705,"level":"debug","message":"Page request finished: GET (document) 200 file:///C:/Users/ratha/AppData/Local/Temp/jsreport/autocleanup/10cff8be-a72f-4575-aaa5-d6a237131b48-chrome-pdf.html","meta":{"rootId":"nxa1dwt7ar9upbt","id":"nxa1dwt7ar9upbt"},"id":"l7mlnswsoahl2he","previousOperationId":"758749ksd5wkx57"}
{"type":"log","timestamp":1704915294667,"level":"debug","message":"Page request finished: GET (stylesheet) 200 https://cdnjs.cloudflare.com/ajax/libs/metro/4.1.5/css/metro.min.css","meta":{"rootId":"nxa1dwt7ar9upbt","id":"nxa1dwt7ar9upbt"},"id":"m01ro7288wkqfm9","previousOperationId":"758749ksd5wkx57"}
{"type":"log","timestamp":1704915294674,"level":"debug","message":"Running chrome with params {\"printBackground\":true,\"marginTop\":\"1.5cm\",\"marginRight\":\"1.5cm\",\"marginLeft\":\"1.cm\",\"timeout\":55437,\"margin\":{\"top\":\"1.5cm\",\"right\":\"1.5cm\",\"left\":\"1.cm\"}}","meta":{"rootId":"nxa1dwt7ar9upbt","id":"nxa1dwt7ar9upbt"},"id":"qjn7x1q9gwnajaa","previousOperationId":"758749ksd5wkx57"}
{"type":"operationEnd","operationId":"758749ksd5wkx57","timestamp":1704915294694,"id":"dazg8dxlwio4oxx","previousEventId":"lk727o32xjomhqq","previousOperationId":"758749ksd5wkx57"}
{"type":"log","timestamp":1704915294695,"level":"debug","message":"Skipping storing report.","meta":{"rootId":"nxa1dwt7ar9upbt","id":"nxa1dwt7ar9upbt"},"id":"e47d3q2zogsmuk6","previousOperationId":"758749ksd5wkx57"}
{"type":"log","timestamp":1704915294695,"level":"info","message":"Rendering request 2 finished in 8584 ms","meta":{"rootId":"nxa1dwt7ar9upbt","id":"nxa1dwt7ar9upbt"},"id":"qa41dmywby1sb66","previousOperationId":"758749ksd5wkx57"}
{"type":"operationEnd","subtype":"render","operationId":"31er5sxocg8tb7f","timestamp":1704915294695,"id":"qwta7siin6begza","previousEventId":"dazg8dxlwio4oxx","previousOperationId":"758749ksd5wkx57"}
{"type":"operationEnd","doDiffs":false,"previousEventId":"dko67f0iig9v5gz","previousOperationId":"n2ghzl2nk4aewze","operationId":"n2ghzl2nk4aewze","timestamp":1704915294700,"id":"6v07qelftbtl72c"}
